#
# There is insufficient memory for the Java Runtime Environment to continue.
# Native memory allocation (malloc) failed to allocate 3367072 bytes. Error detail: Chunk::new
# Possible reasons:
#   The system is out of physical RAM or swap space
#   This process is running with CompressedOops enabled, and the Java Heap may be blocking the growth of the native heap
# Possible solutions:
#   Reduce memory load on the system
#   Increase physical memory or swap space
#   Check if swap backing store is full
#   Decrease Java heap size (-Xmx/-Xms)
#   Decrease number of Java threads
#   Decrease Java thread stack sizes (-Xss)
#   Set larger code cache with -XX:ReservedCodeCacheSize=
#   JVM is running with Unscaled Compressed Oops mode in which the Java heap is
#     placed in the first 4GB address space. The Java Heap base address is the
#     maximum limit for the native heap growth. Please use -XX:HeapBaseMinAddress
#     to set the Java Heap base and to place the Java Heap above 4GB virtual address.
# This output file may be truncated or incomplete.
#
#  Out of Memory Error (arena.cpp:168), pid=168544, tid=200556
#
# JRE version: OpenJDK Runtime Environment Temurin-21.0.9+10 (21.0.9+10) (build 21.0.9+10-LTS)
# Java VM: OpenJDK 64-Bit Server VM Temurin-21.0.9+10 (21.0.9+10-LTS, mixed mode, sharing, tiered, compressed oops, compressed class ptrs, parallel gc, windows-amd64)
# No core dump will be written. Minidumps are not enabled by default on client versions of Windows
#

---------------  S U M M A R Y ------------

Command Line: --add-modules=ALL-SYSTEM --add-opens=java.base/java.util=ALL-UNNAMED --add-opens=java.base/java.lang=ALL-UNNAMED --add-opens=java.base/sun.nio.fs=ALL-UNNAMED -Declipse.application=org.eclipse.jdt.ls.core.id1 -Dosgi.bundles.defaultStartLevel=4 -Declipse.product=org.eclipse.jdt.ls.core.product -Djava.import.generatesMetadataFilesAtProjectRoot=false -DDetectVMInstallationsJob.disabled=true -Dfile.encoding=utf8 -XX:+UseParallelGC -XX:GCTimeRatio=4 -XX:AdaptiveSizePolicyWeight=90 -Dsun.zip.disableMemoryMapping=true -Xmx2G -Xms100m -Xlog:disable -javaagent:c:\Users\user\.vscode\extensions\redhat.java-1.51.0-win32-x64\lombok\lombok-1.18.39-4050.jar -XX:+HeapDumpOnOutOfMemoryError -XX:HeapDumpPath=c:\Users\user\AppData\Roaming\Code\User\workspaceStorage\0674b5c6fcfe98aa21c3e4592ae7b086\redhat.java -Daether.dependencyCollector.impl=bf c:\Users\user\.vscode\extensions\redhat.java-1.51.0-win32-x64\server\plugins\org.eclipse.equinox.launcher_1.7.100.v20251111-0406.jar -configuration c:\Users\user\AppData\Roaming\Code\User\globalStorage\redhat.java\1.51.0\config_win -data c:\Users\user\AppData\Roaming\Code\User\workspaceStorage\0674b5c6fcfe98aa21c3e4592ae7b086\redhat.java\jdt_ws --pipe=\\.\pipe\lsp-30612088bd6de1b65f99787812b3f5d8-sock

Host: Intel(R) Core(TM) i7-1065G7 CPU @ 1.30GHz, 8 cores, 7G,  Windows 11 , 64 bit Build 22621 (10.0.22621.5415)
Time: Wed Feb  4 09:28:37 2026 elapsed time: 16.784165 seconds (0d 0h 0m 16s)

---------------  T H R E A D  ---------------

Current thread (0x00000203c7008730):  JavaThread "C2 CompilerThread0" daemon [_thread_in_native, id=200556, stack(0x0000009d45000000,0x0000009d45100000) (1024K)]


Current CompileTask:
C2:16784 14211       4       org.eclipse.jdt.internal.compiler.lookup.BinaryTypeBinding::createMethod (1666 bytes)

Stack: [0x0000009d45000000,0x0000009d45100000]
Native frames: (J=compiled Java code, j=interpreted, Vv=VM code, C=native code)
V  [jvm.dll+0x6d6e29]
V  [jvm.dll+0x8b4b76]
V  [jvm.dll+0x8b712e]
V  [jvm.dll+0x8b7813]
V  [jvm.dll+0x283d86]
V  [jvm.dll+0xc66ed]
V  [jvm.dll+0xc6c31]
V  [jvm.dll+0x3be53b]
V  [jvm.dll+0x1e3d59]
V  [jvm.dll+0x24c0f3]
V  [jvm.dll+0x24b580]
V  [jvm.dll+0x1cb13e]
V  [jvm.dll+0x25b29d]
V  [jvm.dll+0x25982a]
V  [jvm.dll+0x3f7ea6]
V  [jvm.dll+0x85e9ad]
V  [jvm.dll+0x6d565d]
C  [ucrtbase.dll+0x29333]
C  [KERNEL32.DLL+0x1259d]
C  [ntdll.dll+0x5af78]


---------------  P R O C E S S  ---------------

Threads class SMR info:
_java_thread_list=0x00000203c9541a10, length=68, elements={
0x00000203e7473880, 0x00000203e986bb60, 0x00000203e986c6a0, 0x00000203c7000480,
0x00000203c7000ed0, 0x00000203c7004860, 0x00000203c70053a0, 0x00000203c7008730,
0x00000203c7009270, 0x00000203c7212c90, 0x00000203c72b6b20, 0x00000203c7428060,
0x00000203c7358760, 0x00000203c7a87630, 0x00000203c7ed4410, 0x00000203c764bfe0,
0x00000203c764ca50, 0x00000203c80e6970, 0x00000203c84a74e0, 0x00000203c7dcef60,
0x00000203c7dd23e0, 0x00000203c7dd1030, 0x00000203c7dd0310, 0x00000203c7dd16c0,
0x00000203c7dd1d50, 0x00000203c7dd09a0, 0x00000203c9be4e00, 0x00000203c9be8910,
0x00000203c9be8fa0, 0x00000203c9be33c0, 0x00000203c9bea350, 0x00000203c9be3a50,
0x00000203c9be7bf0, 0x00000203c9be8280, 0x00000203c9bea9e0, 0x00000203c9be9630,
0x00000203c9be61b0, 0x00000203c9be9cc0, 0x00000203c9be4770, 0x00000203c9be6ed0,
0x00000203c9be7560, 0x00000203c9be40e0, 0x00000203c9be5490, 0x00000203c9be5b20,
0x00000203c9be6840, 0x00000203c7dcfc80, 0x00000203d4417b40, 0x00000203d4419580,
0x00000203d441c370, 0x00000203d441ca00, 0x00000203d441a930, 0x00000203d4419c10,
0x00000203d4415a70, 0x00000203d4416100, 0x00000203d4416e20, 0x00000203d44174b0,
0x00000203d441bce0, 0x00000203d4418860, 0x00000203d44181d0, 0x00000203d4418ef0,
0x00000203cb80afe0, 0x00000203cb80b670, 0x00000203cb809c30, 0x00000203cb808880,
0x00000203cb80a2c0, 0x00000203cb806120, 0x00000203cb806e40, 0x00000203cb808f10
}

Java Threads: ( => current thread )
  0x00000203e7473880 JavaThread "main"                              [_thread_blocked, id=192736, stack(0x0000009d44600000,0x0000009d44700000) (1024K)]
  0x00000203e986bb60 JavaThread "Reference Handler"          daemon [_thread_blocked, id=167480, stack(0x0000009d44a00000,0x0000009d44b00000) (1024K)]
  0x00000203e986c6a0 JavaThread "Finalizer"                  daemon [_thread_blocked, id=178248, stack(0x0000009d44b00000,0x0000009d44c00000) (1024K)]
  0x00000203c7000480 JavaThread "Signal Dispatcher"          daemon [_thread_blocked, id=194076, stack(0x0000009d44c00000,0x0000009d44d00000) (1024K)]
  0x00000203c7000ed0 JavaThread "Attach Listener"            daemon [_thread_blocked, id=200420, stack(0x0000009d44d00000,0x0000009d44e00000) (1024K)]
  0x00000203c7004860 JavaThread "Service Thread"             daemon [_thread_blocked, id=193264, stack(0x0000009d44e00000,0x0000009d44f00000) (1024K)]
  0x00000203c70053a0 JavaThread "Monitor Deflation Thread"   daemon [_thread_blocked, id=10320, stack(0x0000009d44f00000,0x0000009d45000000) (1024K)]
=>0x00000203c7008730 JavaThread "C2 CompilerThread0"         daemon [_thread_in_native, id=200556, stack(0x0000009d45000000,0x0000009d45100000) (1024K)]
  0x00000203c7009270 JavaThread "C1 CompilerThread0"         daemon [_thread_blocked, id=122252, stack(0x0000009d45100000,0x0000009d45200000) (1024K)]
  0x00000203c7212c90 JavaThread "Common-Cleaner"             daemon [_thread_blocked, id=192268, stack(0x0000009d45200000,0x0000009d45300000) (1024K)]
  0x00000203c72b6b20 JavaThread "C2 CompilerThread1"         daemon [_thread_blocked, id=165060, stack(0x0000009d45300000,0x0000009d45400000) (1024K)]
  0x00000203c7428060 JavaThread "Notification Thread"        daemon [_thread_blocked, id=194204, stack(0x0000009d45400000,0x0000009d45500000) (1024K)]
  0x00000203c7358760 JavaThread "C2 CompilerThread2"         daemon [_thread_blocked, id=187548, stack(0x0000009d45500000,0x0000009d45600000) (1024K)]
  0x00000203c7a87630 JavaThread "Active Thread: Equinox Container: 9022156f-4ced-4c1c-a655-00b8d88d8c3c"        [_thread_blocked, id=191640, stack(0x0000009d45c00000,0x0000009d45d00000) (1024K)]
  0x00000203c7ed4410 JavaThread "Refresh Thread: Equinox Container: 9022156f-4ced-4c1c-a655-00b8d88d8c3c" daemon [_thread_blocked, id=192792, stack(0x0000009d45e00000,0x0000009d45f00000) (1024K)]
  0x00000203c764bfe0 JavaThread "Framework Event Dispatcher: Equinox Container: 9022156f-4ced-4c1c-a655-00b8d88d8c3c" daemon [_thread_blocked, id=198792, stack(0x0000009d45f00000,0x0000009d46000000) (1024K)]
  0x00000203c764ca50 JavaThread "Start Level: Equinox Container: 9022156f-4ced-4c1c-a655-00b8d88d8c3c" daemon [_thread_blocked, id=196940, stack(0x0000009d46000000,0x0000009d46100000) (1024K)]
  0x00000203c80e6970 JavaThread "Bundle File Closer"         daemon [_thread_blocked, id=190912, stack(0x0000009d46100000,0x0000009d46200000) (1024K)]
  0x00000203c84a74e0 JavaThread "SCR Component Actor"        daemon [_thread_blocked, id=175092, stack(0x0000009d46200000,0x0000009d46300000) (1024K)]
  0x00000203c7dcef60 JavaThread "Worker-JM"                         [_thread_blocked, id=198716, stack(0x0000009d46300000,0x0000009d46400000) (1024K)]
  0x00000203c7dd23e0 JavaThread "JNA Cleaner"                daemon [_thread_blocked, id=177924, stack(0x0000009d46400000,0x0000009d46500000) (1024K)]
  0x00000203c7dd1030 JavaThread "Worker-0"                          [_thread_blocked, id=198456, stack(0x0000009d46500000,0x0000009d46600000) (1024K)]
  0x00000203c7dd0310 JavaThread "Worker-1"                          [_thread_blocked, id=198248, stack(0x0000009d46600000,0x0000009d46700000) (1024K)]
  0x00000203c7dd16c0 JavaThread "Worker-2: Publish Diagnostics"        [_thread_blocked, id=200116, stack(0x0000009d46700000,0x0000009d46800000) (1024K)]
  0x00000203c7dd1d50 JavaThread "Java indexing"              daemon [_thread_blocked, id=188284, stack(0x0000009d46800000,0x0000009d46900000) (1024K)]
  0x00000203c7dd09a0 JavaThread "Worker-3"                          [_thread_blocked, id=147080, stack(0x0000009d46900000,0x0000009d46a00000) (1024K)]
  0x00000203c9be4e00 JavaThread "Worker-4"                          [_thread_blocked, id=138936, stack(0x0000009d46c00000,0x0000009d46d00000) (1024K)]
  0x00000203c9be8910 JavaThread "Thread-1"                   daemon [_thread_in_native, id=187844, stack(0x0000009d46d00000,0x0000009d46e00000) (1024K)]
  0x00000203c9be8fa0 JavaThread "Thread-2"                   daemon [_thread_in_native, id=191120, stack(0x0000009d46e00000,0x0000009d46f00000) (1024K)]
  0x00000203c9be33c0 JavaThread "Thread-3"                   daemon [_thread_in_native, id=199796, stack(0x0000009d46f00000,0x0000009d47000000) (1024K)]
  0x00000203c9bea350 JavaThread "Thread-4"                   daemon [_thread_in_native, id=200064, stack(0x0000009d47000000,0x0000009d47100000) (1024K)]
  0x00000203c9be3a50 JavaThread "Thread-5"                   daemon [_thread_in_native, id=192520, stack(0x0000009d47100000,0x0000009d47200000) (1024K)]
  0x00000203c9be7bf0 JavaThread "Thread-6"                   daemon [_thread_in_native, id=197176, stack(0x0000009d47200000,0x0000009d47300000) (1024K)]
  0x00000203c9be8280 JavaThread "Thread-7"                   daemon [_thread_in_native, id=201656, stack(0x0000009d47300000,0x0000009d47400000) (1024K)]
  0x00000203c9bea9e0 JavaThread "Thread-8"                   daemon [_thread_in_native, id=178424, stack(0x0000009d47400000,0x0000009d47500000) (1024K)]
  0x00000203c9be9630 JavaThread "Thread-9"                   daemon [_thread_in_native, id=200072, stack(0x0000009d47500000,0x0000009d47600000) (1024K)]
  0x00000203c9be61b0 JavaThread "pool-2-thread-1"                   [_thread_blocked, id=199092, stack(0x0000009d47600000,0x0000009d47700000) (1024K)]
  0x00000203c9be9cc0 JavaThread "WorkspaceEventsHandler"            [_thread_blocked, id=143332, stack(0x0000009d47700000,0x0000009d47800000) (1024K)]
  0x00000203c9be4770 JavaThread "pool-1-thread-1"                   [_thread_blocked, id=199496, stack(0x0000009d47800000,0x0000009d47900000) (1024K)]
  0x00000203c9be6ed0 JavaThread "LocalFile Deleter"          daemon [_thread_blocked, id=193364, stack(0x0000009d47900000,0x0000009d47a00000) (1024K)]
  0x00000203c9be7560 JavaThread "LocalFile Deleter"          daemon [_thread_blocked, id=190152, stack(0x0000009d47a00000,0x0000009d47b00000) (1024K)]
  0x00000203c9be40e0 JavaThread "LocalFile Deleter"          daemon [_thread_blocked, id=196744, stack(0x0000009d47b00000,0x0000009d47c00000) (1024K)]
  0x00000203c9be5490 JavaThread "LocalFile Deleter"          daemon [_thread_blocked, id=178344, stack(0x0000009d47c00000,0x0000009d47d00000) (1024K)]
  0x00000203c9be5b20 JavaThread "LocalFile Deleter"          daemon [_thread_blocked, id=181924, stack(0x0000009d47d00000,0x0000009d47e00000) (1024K)]
  0x00000203c9be6840 JavaThread "LocalFile Deleter"          daemon [_thread_blocked, id=188776, stack(0x0000009d47e00000,0x0000009d47f00000) (1024K)]
  0x00000203c7dcfc80 JavaThread "LocalFile Deleter"          daemon [_thread_blocked, id=160312, stack(0x0000009d47f00000,0x0000009d48000000) (1024K)]
  0x00000203d4417b40 JavaThread "LocalFile Deleter"          daemon [_thread_blocked, id=5552, stack(0x0000009d48000000,0x0000009d48100000) (1024K)]
  0x00000203d4419580 JavaThread "Compiler Source File Reader" daemon [_thread_blocked, id=165228, stack(0x0000009d48100000,0x0000009d48200000) (1024K)]
  0x00000203d441c370 JavaThread "Compiler Source File Reader" daemon [_thread_blocked, id=197400, stack(0x0000009d48200000,0x0000009d48300000) (1024K)]
  0x00000203d441ca00 JavaThread "Compiler Source File Reader" daemon [_thread_blocked, id=196076, stack(0x0000009d48300000,0x0000009d48400000) (1024K)]
  0x00000203d441a930 JavaThread "Compiler Source File Reader" daemon [_thread_blocked, id=183692, stack(0x0000009d48400000,0x0000009d48500000) (1024K)]
  0x00000203d4419c10 JavaThread "Compiler Source File Reader" daemon [_thread_blocked, id=198584, stack(0x0000009d48500000,0x0000009d48600000) (1024K)]
  0x00000203d4415a70 JavaThread "Compiler Source File Reader" daemon [_thread_blocked, id=198968, stack(0x0000009d48600000,0x0000009d48700000) (1024K)]
  0x00000203d4416100 JavaThread "Compiler Processing Task"   daemon [_thread_blocked, id=174712, stack(0x0000009d48700000,0x0000009d48800000) (1024K)]
  0x00000203d4416e20 JavaThread "ForkJoinPool.commonPool-worker-1" daemon [_thread_blocked, id=198616, stack(0x0000009d48800000,0x0000009d48900000) (1024K)]
  0x00000203d44174b0 JavaThread "Compiler Class File Writer" daemon [_thread_blocked, id=200616, stack(0x0000009d48900000,0x0000009d48a00000) (1024K)]
  0x00000203d441bce0 JavaThread "Compiler Class File Writer" daemon [_thread_blocked, id=201708, stack(0x0000009d48a00000,0x0000009d48b00000) (1024K)]
  0x00000203d4418860 JavaThread "Compiler Class File Writer" daemon [_thread_blocked, id=195812, stack(0x0000009d48b00000,0x0000009d48c00000) (1024K)]
  0x00000203d44181d0 JavaThread "Compiler Class File Writer" daemon [_thread_blocked, id=176064, stack(0x0000009d48c00000,0x0000009d48d00000) (1024K)]
  0x00000203d4418ef0 JavaThread "Compiler Class File Writer" daemon [_thread_blocked, id=201040, stack(0x0000009d48d00000,0x0000009d48e00000) (1024K)]
  0x00000203cb80afe0 JavaThread "Compiler Class File Writer" daemon [_thread_blocked, id=199336, stack(0x0000009d48e00000,0x0000009d48f00000) (1024K)]
  0x00000203cb80b670 JavaThread "ForkJoinPool.commonPool-worker-2" daemon [_thread_blocked, id=190412, stack(0x0000009d48f00000,0x0000009d49000000) (1024K)]
  0x00000203cb809c30 JavaThread "ForkJoinPool.commonPool-worker-3" daemon [_thread_blocked, id=198700, stack(0x0000009d49000000,0x0000009d49100000) (1024K)]
  0x00000203cb808880 JavaThread "ForkJoinPool.commonPool-worker-4" daemon [_thread_blocked, id=202700, stack(0x0000009d49100000,0x0000009d49200000) (1024K)]
  0x00000203cb80a2c0 JavaThread "ForkJoinPool.commonPool-worker-5" daemon [_thread_blocked, id=201336, stack(0x0000009d49200000,0x0000009d49300000) (1024K)]
  0x00000203cb806120 JavaThread "ForkJoinPool.commonPool-worker-6" daemon [_thread_blocked, id=190828, stack(0x0000009d49300000,0x0000009d49400000) (1024K)]
  0x00000203cb806e40 JavaThread "ForkJoinPool.commonPool-worker-7" daemon [_thread_blocked, id=189892, stack(0x0000009d49400000,0x0000009d49500000) (1024K)]
  0x00000203cb808f10 JavaThread "Cleaner-0"                  daemon [_thread_blocked, id=93420, stack(0x0000009d49500000,0x0000009d49600000) (1024K)]
Total: 68

Other Threads:
  0x00000203805e4750 VMThread "VM Thread"                           [id=200012, stack(0x0000009d44900000,0x0000009d44a00000) (1024K)]
  0x00000203e9845040 WatcherThread "VM Periodic Task Thread"        [id=198972, stack(0x0000009d44800000,0x0000009d44900000) (1024K)]
  0x00000203e97f3930 WorkerThread "GC Thread#0"                     [id=178848, stack(0x0000009d44700000,0x0000009d44800000) (1024K)]
  0x00000203c7507e00 WorkerThread "GC Thread#1"                     [id=195444, stack(0x0000009d45600000,0x0000009d45700000) (1024K)]
  0x00000203c7adf540 WorkerThread "GC Thread#2"                     [id=195380, stack(0x0000009d45700000,0x0000009d45800000) (1024K)]
  0x00000203c7adf8e0 WorkerThread "GC Thread#3"                     [id=187036, stack(0x0000009d45800000,0x0000009d45900000) (1024K)]
  0x00000203c7ae0080 WorkerThread "GC Thread#4"                     [id=200628, stack(0x0000009d45900000,0x0000009d45a00000) (1024K)]
  0x00000203c7ae0420 WorkerThread "GC Thread#5"                     [id=162544, stack(0x0000009d45a00000,0x0000009d45b00000) (1024K)]
  0x00000203c7967380 WorkerThread "GC Thread#6"                     [id=75056, stack(0x0000009d45b00000,0x0000009d45c00000) (1024K)]
  0x00000203c7eec8c0 WorkerThread "GC Thread#7"                     [id=201632, stack(0x0000009d45d00000,0x0000009d45e00000) (1024K)]
Total: 10

Threads with active compile tasks:
C2 CompilerThread0  16860 14211       4       org.eclipse.jdt.internal.compiler.lookup.BinaryTypeBinding::createMethod (1666 bytes)
C2 CompilerThread1  16861 15019       4       org.eclipse.jdt.internal.core.util.Util::splitOn (134 bytes)
C2 CompilerThread2  16861 15016   !   4       org.eclipse.jdt.internal.compiler.parser.Scanner::getNextToken0 (3068 bytes)
Total: 3

VM state: at safepoint (normal execution)

VM Mutex/Monitor currently owned by a thread:  ([mutex/lock_event])
[0x00007ffec3d1d570] Threads_lock - owner thread: 0x00000203805e4750
[0x00007ffec3d1d670] Heap_lock - owner thread: 0x00000203c7dd16c0
[0x00007ffec3d1daf0] PSOldGenExpand_lock - owner thread: 0x00000203805e4750

Heap address: 0x0000000080000000, size: 2048 MB, Compressed Oops mode: 32-bit

CDS archive(s) mapped at: [0x0000020381000000-0x0000020381ba0000-0x0000020381ba0000), size 12189696, SharedBaseAddress: 0x0000020381000000, ArchiveRelocationMode: 1.
Compressed class space mapped at: 0x0000020382000000-0x00000203c2000000, reserved size: 1073741824
Narrow klass base: 0x0000020381000000, Narrow klass shift: 0, Narrow klass range: 0x100000000

GC Precious Log:
 CardTable entry size: 512
 CPUs: 8 total, 8 available
 Memory: 7901M
 Large Page Support: Disabled
 NUMA Support: Disabled
 Compressed Oops: Enabled (32-bit)
 Alignments: Space 512K, Generation 512K, Heap 2M
 Heap Min Capacity: 100M
 Heap Initial Capacity: 100M
 Heap Max Capacity: 2G
 Pre-touch: Disabled
 Parallel Workers: 8

Heap:
 PSYoungGen      total 20480K, used 332K [0x00000000d5580000, 0x00000000d6d00000, 0x0000000100000000)
  eden space 16896K, 1% used [0x00000000d5580000,0x00000000d55d3150,0x00000000d6600000)
  from space 3584K, 0% used [0x00000000d6600000,0x00000000d6600000,0x00000000d6980000)
  to   space 3584K, 0% used [0x00000000d6980000,0x00000000d6980000,0x00000000d6d00000)
 ParOldGen       total 93184K, used 65787K [0x0000000080000000, 0x0000000085b00000, 0x00000000d5580000)
  object space 93184K, 70% used [0x0000000080000000,0x000000008403ee28,0x0000000085b00000)
 Metaspace       used 71342K, committed 72896K, reserved 1179648K
  class space    used 7284K, committed 7936K, reserved 1048576K

Card table byte_map: [0x00000203e9150000,0x00000203e9560000] _byte_map_base: 0x00000203e8d50000

Marking Bits: (ParMarkBitMap*) 0x00007ffec3d22460
 Begin Bits: [0x00000203fbc60000, 0x00000203fdc60000)
 End Bits:   [0x00000203fdc60000, 0x00000203ffc60000)

Polling page: 0x00000203e8e80000

Metaspace:

Usage:
  Non-class:     62.56 MB used.
      Class:      7.11 MB used.
       Both:     69.67 MB used.

Virtual space:
  Non-class space:      128.00 MB reserved,      63.44 MB ( 50%) committed,  2 nodes.
      Class space:        1.00 GB reserved,       7.75 MB ( <1%) committed,  1 nodes.
             Both:        1.12 GB reserved,      71.19 MB (  6%) committed. 

Chunk freelists:
   Non-Class:  15.69 MB
       Class:  8.26 MB
        Both:  23.96 MB

MaxMetaspaceSize: unlimited
CompressedClassSpaceSize: 1.00 GB
Initial GC threshold: 21.00 MB
Current GC threshold: 118.69 MB
CDS: on
 - commit_granule_bytes: 65536.
 - commit_granule_words: 8192.
 - virtual_space_node_default_size: 8388608.
 - enlarge_chunks_in_place: 1.
 - use_allocation_guard: 0.


Internal statistics:

num_allocs_failed_limit: 9.
num_arena_births: 1330.
num_arena_deaths: 22.
num_vsnodes_births: 3.
num_vsnodes_deaths: 0.
num_space_committed: 1139.
num_space_uncommitted: 0.
num_chunks_returned_to_freelist: 35.
num_chunks_taken_from_freelist: 4796.
num_chunk_merges: 17.
num_chunk_splits: 2931.
num_chunks_enlarged: 1619.
num_inconsistent_stats: 0.

CodeHeap 'non-profiled nmethods': size=120000Kb used=8501Kb max_used=9083Kb free=111498Kb
 bounds [0x00000203f4480000, 0x00000203f4d60000, 0x00000203fb9b0000]
CodeHeap 'profiled nmethods': size=120000Kb used=28681Kb max_used=32322Kb free=91318Kb
 bounds [0x00000203ec9b0000, 0x00000203ee950000, 0x00000203f3ee0000]
CodeHeap 'non-nmethods': size=5760Kb used=1498Kb max_used=1539Kb free=4262Kb
 bounds [0x00000203f3ee0000, 0x00000203f4150000, 0x00000203f4480000]
CodeCache: size=245760Kb, used=38680Kb, max_used=42944Kb, free=207078Kb
 total_blobs=13675, nmethods=12887, adapters=689, full_count=0
Compilation: enabled, stopped_count=0, restarted_count=0

Compilation events (20 events):
Event: 16.712 Thread 0x00000203c7009270 15034       2       lombok.eclipse.handlers.HandleSetter::generateSetterForType (128 bytes)
Event: 16.713 Thread 0x00000203c7009270 nmethod 15034 0x00000203ee935890 code [0x00000203ee935ac0, 0x00000203ee936090]
Event: 16.715 Thread 0x00000203c7009270 15037       3       org.eclipse.jdt.internal.compiler.util.HashtableOfObject::containsKey (51 bytes)
Event: 16.715 Thread 0x00000203c7009270 nmethod 15037 0x00000203ee936510 code [0x00000203ee936700, 0x00000203ee936b00]
Event: 16.715 Thread 0x00000203c7009270 15038       3       org.eclipse.jdt.internal.compiler.ast.ConstructorDeclaration::isCompactConstructor (15 bytes)
Event: 16.715 Thread 0x00000203c7009270 nmethod 15038 0x00000203ee936d10 code [0x00000203ee936ec0, 0x00000203ee937038]
Event: 16.716 Thread 0x00000203c7009270 15035       3       org.eclipse.jdt.internal.compiler.lookup.FieldBinding::<init> (19 bytes)
Event: 16.716 Thread 0x00000203c7009270 nmethod 15035 0x00000203ee937110 code [0x00000203ee9372c0, 0x00000203ee937448]
Event: 16.716 Thread 0x00000203c7009270 15036       3       org.eclipse.jdt.internal.compiler.lookup.ClassScope::checkAndSetModifiersForField (301 bytes)
Event: 16.719 Thread 0x00000203c7009270 nmethod 15036 0x00000203ee937510 code [0x00000203ee937a20, 0x00000203ee93aef8]
Event: 16.719 Thread 0x00000203c7009270 15040       2       org.eclipse.jdt.internal.core.ClasspathEntry::getExternalAnnotationPath (198 bytes)
Event: 16.721 Thread 0x00000203c7009270 nmethod 15040 0x00000203ee93c110 code [0x00000203ee93c420, 0x00000203ee93cd58]
Event: 16.721 Thread 0x00000203c7009270 15041       2       java.lang.Runtime$Version::parse (358 bytes)
Event: 16.721 Thread 0x00000203c72b6b20 nmethod 14176 0x00000203f4d5a510 code [0x00000203f4d5a940, 0x00000203f4d5cf60]
Event: 16.722 Thread 0x00000203c72b6b20 15019       4       org.eclipse.jdt.internal.core.util.Util::splitOn (134 bytes)
Event: 16.724 Thread 0x00000203c7009270 nmethod 15041 0x00000203ee93d390 code [0x00000203ee93d800, 0x00000203ee93f0c8]
Event: 16.724 Thread 0x00000203c7009270 15042       1       org.eclipse.jdt.internal.compiler.ASTVisitor::visit (2 bytes)
Event: 16.724 Thread 0x00000203c7009270 nmethod 15042 0x00000203f4d5ea10 code [0x00000203f4d5eba0, 0x00000203f4d5ec68]
Event: 16.725 Thread 0x00000203c7009270 15043       2       org.eclipse.jdt.internal.compiler.lookup.SourceTypeBinding::setSuperInterfaces (166 bytes)
Event: 16.727 Thread 0x00000203c7009270 nmethod 15043 0x00000203ee93fd90 code [0x00000203ee93ffa0, 0x00000203ee9404e0]

GC Heap History (20 events):
Event: 15.599 GC heap after
{Heap after GC invocations=75 (full 3):
 PSYoungGen      total 22016K, used 2217K [0x00000000d5580000, 0x00000000d6d80000, 0x0000000100000000)
  eden space 19456K, 0% used [0x00000000d5580000,0x00000000d5580000,0x00000000d6880000)
  from space 2560K, 86% used [0x00000000d6b00000,0x00000000d6d2a420,0x00000000d6d80000)
  to   space 2560K, 0% used [0x00000000d6880000,0x00000000d6880000,0x00000000d6b00000)
 ParOldGen       total 95744K, used 95620K [0x0000000080000000, 0x0000000085d80000, 0x00000000d5580000)
  object space 95744K, 99% used [0x0000000080000000,0x0000000085d61318,0x0000000085d80000)
 Metaspace       used 70501K, committed 72064K, reserved 1114112K
  class space    used 7222K, committed 7872K, reserved 1048576K
}
Event: 15.742 GC heap before
{Heap before GC invocations=76 (full 3):
 PSYoungGen      total 22016K, used 21673K [0x00000000d5580000, 0x00000000d6d80000, 0x0000000100000000)
  eden space 19456K, 100% used [0x00000000d5580000,0x00000000d6880000,0x00000000d6880000)
  from space 2560K, 86% used [0x00000000d6b00000,0x00000000d6d2a420,0x00000000d6d80000)
  to   space 2560K, 0% used [0x00000000d6880000,0x00000000d6880000,0x00000000d6b00000)
 ParOldGen       total 95744K, used 95620K [0x0000000080000000, 0x0000000085d80000, 0x00000000d5580000)
  object space 95744K, 99% used [0x0000000080000000,0x0000000085d61318,0x0000000085d80000)
 Metaspace       used 70979K, committed 72512K, reserved 1114112K
  class space    used 7281K, committed 7936K, reserved 1048576K
}
Event: 15.747 GC heap after
{Heap after GC invocations=76 (full 3):
 PSYoungGen      total 21504K, used 1589K [0x00000000d5580000, 0x00000000d6c80000, 0x0000000100000000)
  eden space 19456K, 0% used [0x00000000d5580000,0x00000000d5580000,0x00000000d6880000)
  from space 2048K, 77% used [0x00000000d6880000,0x00000000d6a0d4d0,0x00000000d6a80000)
  to   space 2048K, 0% used [0x00000000d6a80000,0x00000000d6a80000,0x00000000d6c80000)
 ParOldGen       total 97280K, used 96999K [0x0000000080000000, 0x0000000085f00000, 0x00000000d5580000)
  object space 97280K, 99% used [0x0000000080000000,0x0000000085eb9c88,0x0000000085f00000)
 Metaspace       used 70979K, committed 72512K, reserved 1114112K
  class space    used 7281K, committed 7936K, reserved 1048576K
}
Event: 15.928 GC heap before
{Heap before GC invocations=77 (full 3):
 PSYoungGen      total 21504K, used 21045K [0x00000000d5580000, 0x00000000d6c80000, 0x0000000100000000)
  eden space 19456K, 100% used [0x00000000d5580000,0x00000000d6880000,0x00000000d6880000)
  from space 2048K, 77% used [0x00000000d6880000,0x00000000d6a0d4d0,0x00000000d6a80000)
  to   space 2048K, 0% used [0x00000000d6a80000,0x00000000d6a80000,0x00000000d6c80000)
 ParOldGen       total 97280K, used 96999K [0x0000000080000000, 0x0000000085f00000, 0x00000000d5580000)
  object space 97280K, 99% used [0x0000000080000000,0x0000000085eb9c88,0x0000000085f00000)
 Metaspace       used 71055K, committed 72640K, reserved 1179648K
  class space    used 7282K, committed 7936K, reserved 1048576K
}
Event: 15.931 GC heap after
{Heap after GC invocations=77 (full 3):
 PSYoungGen      total 20480K, used 807K [0x00000000d5580000, 0x00000000d6b80000, 0x0000000100000000)
  eden space 19456K, 0% used [0x00000000d5580000,0x00000000d5580000,0x00000000d6880000)
  from space 1024K, 78% used [0x00000000d6a80000,0x00000000d6b49f60,0x00000000d6b80000)
  to   space 1536K, 0% used [0x00000000d6880000,0x00000000d6880000,0x00000000d6a00000)
 ParOldGen       total 98304K, used 98022K [0x0000000080000000, 0x0000000086000000, 0x00000000d5580000)
  object space 98304K, 99% used [0x0000000080000000,0x0000000085fb98a0,0x0000000086000000)
 Metaspace       used 71055K, committed 72640K, reserved 1179648K
  class space    used 7282K, committed 7936K, reserved 1048576K
}
Event: 16.023 GC heap before
{Heap before GC invocations=78 (full 3):
 PSYoungGen      total 20480K, used 20263K [0x00000000d5580000, 0x00000000d6b80000, 0x0000000100000000)
  eden space 19456K, 100% used [0x00000000d5580000,0x00000000d6880000,0x00000000d6880000)
  from space 1024K, 78% used [0x00000000d6a80000,0x00000000d6b49f60,0x00000000d6b80000)
  to   space 1536K, 0% used [0x00000000d6880000,0x00000000d6880000,0x00000000d6a00000)
 ParOldGen       total 98304K, used 98022K [0x0000000080000000, 0x0000000086000000, 0x00000000d5580000)
  object space 98304K, 99% used [0x0000000080000000,0x0000000085fb98a0,0x0000000086000000)
 Metaspace       used 71069K, committed 72640K, reserved 1179648K
  class space    used 7282K, committed 7936K, reserved 1048576K
}
Event: 16.025 GC heap after
{Heap after GC invocations=78 (full 3):
 PSYoungGen      total 20992K, used 404K [0x00000000d5580000, 0x00000000d6b00000, 0x0000000100000000)
  eden space 19456K, 0% used [0x00000000d5580000,0x00000000d5580000,0x00000000d6880000)
  from space 1536K, 26% used [0x00000000d6880000,0x00000000d68e5220,0x00000000d6a00000)
  to   space 1024K, 0% used [0x00000000d6a00000,0x00000000d6a00000,0x00000000d6b00000)
 ParOldGen       total 98816K, used 98521K [0x0000000080000000, 0x0000000086080000, 0x00000000d5580000)
  object space 98816K, 99% used [0x0000000080000000,0x00000000860367a0,0x0000000086080000)
 Metaspace       used 71069K, committed 72640K, reserved 1179648K
  class space    used 7282K, committed 7936K, reserved 1048576K
}
Event: 16.154 GC heap before
{Heap before GC invocations=79 (full 3):
 PSYoungGen      total 20992K, used 19860K [0x00000000d5580000, 0x00000000d6b00000, 0x0000000100000000)
  eden space 19456K, 100% used [0x00000000d5580000,0x00000000d6880000,0x00000000d6880000)
  from space 1536K, 26% used [0x00000000d6880000,0x00000000d68e5220,0x00000000d6a00000)
  to   space 1024K, 0% used [0x00000000d6a00000,0x00000000d6a00000,0x00000000d6b00000)
 ParOldGen       total 98816K, used 98521K [0x0000000080000000, 0x0000000086080000, 0x00000000d5580000)
  object space 98816K, 99% used [0x0000000080000000,0x00000000860367a0,0x0000000086080000)
 Metaspace       used 71135K, committed 72704K, reserved 1179648K
  class space    used 7282K, committed 7936K, reserved 1048576K
}
Event: 16.156 GC heap after
{Heap after GC invocations=79 (full 3):
 PSYoungGen      total 19968K, used 1012K [0x00000000d5580000, 0x00000000d6c80000, 0x0000000100000000)
  eden space 18944K, 0% used [0x00000000d5580000,0x00000000d5580000,0x00000000d6800000)
  from space 1024K, 98% used [0x00000000d6a00000,0x00000000d6afd200,0x00000000d6b00000)
  to   space 2048K, 0% used [0x00000000d6800000,0x00000000d6800000,0x00000000d6a00000)
 ParOldGen       total 99328K, used 99179K [0x0000000080000000, 0x0000000086100000, 0x00000000d5580000)
  object space 99328K, 99% used [0x0000000080000000,0x00000000860dad50,0x0000000086100000)
 Metaspace       used 71135K, committed 72704K, reserved 1179648K
  class space    used 7282K, committed 7936K, reserved 1048576K
}
Event: 16.288 GC heap before
{Heap before GC invocations=80 (full 3):
 PSYoungGen      total 19968K, used 19956K [0x00000000d5580000, 0x00000000d6c80000, 0x0000000100000000)
  eden space 18944K, 100% used [0x00000000d5580000,0x00000000d6800000,0x00000000d6800000)
  from space 1024K, 98% used [0x00000000d6a00000,0x00000000d6afd200,0x00000000d6b00000)
  to   space 2048K, 0% used [0x00000000d6800000,0x00000000d6800000,0x00000000d6a00000)
 ParOldGen       total 99328K, used 99179K [0x0000000080000000, 0x0000000086100000, 0x00000000d5580000)
  object space 99328K, 99% used [0x0000000080000000,0x00000000860dad50,0x0000000086100000)
 Metaspace       used 71215K, committed 72768K, reserved 1179648K
  class space    used 7282K, committed 7936K, reserved 1048576K
}
Event: 16.290 GC heap after
{Heap after GC invocations=80 (full 3):
 PSYoungGen      total 20992K, used 1924K [0x00000000d5580000, 0x00000000d6c00000, 0x0000000100000000)
  eden space 18944K, 0% used [0x00000000d5580000,0x00000000d5580000,0x00000000d6800000)
  from space 2048K, 93% used [0x00000000d6800000,0x00000000d69e1250,0x00000000d6a00000)
  to   space 2048K, 0% used [0x00000000d6a00000,0x00000000d6a00000,0x00000000d6c00000)
 ParOldGen       total 100352K, used 100150K [0x0000000080000000, 0x0000000086200000, 0x00000000d5580000)
  object space 100352K, 99% used [0x0000000080000000,0x00000000861cdb28,0x0000000086200000)
 Metaspace       used 71215K, committed 72768K, reserved 1179648K
  class space    used 7282K, committed 7936K, reserved 1048576K
}
Event: 16.409 GC heap before
{Heap before GC invocations=81 (full 3):
 PSYoungGen      total 20992K, used 20868K [0x00000000d5580000, 0x00000000d6c00000, 0x0000000100000000)
  eden space 18944K, 100% used [0x00000000d5580000,0x00000000d6800000,0x00000000d6800000)
  from space 2048K, 93% used [0x00000000d6800000,0x00000000d69e1250,0x00000000d6a00000)
  to   space 2048K, 0% used [0x00000000d6a00000,0x00000000d6a00000,0x00000000d6c00000)
 ParOldGen       total 100352K, used 100150K [0x0000000080000000, 0x0000000086200000, 0x00000000d5580000)
  object space 100352K, 99% used [0x0000000080000000,0x00000000861cdb28,0x0000000086200000)
 Metaspace       used 71267K, committed 72768K, reserved 1179648K
  class space    used 7283K, committed 7936K, reserved 1048576K
}
Event: 16.413 GC heap after
{Heap after GC invocations=81 (full 3):
 PSYoungGen      total 20992K, used 1716K [0x00000000d5580000, 0x00000000d6c00000, 0x0000000100000000)
  eden space 18944K, 0% used [0x00000000d5580000,0x00000000d5580000,0x00000000d6800000)
  from space 2048K, 83% used [0x00000000d6a00000,0x00000000d6bad240,0x00000000d6c00000)
  to   space 2048K, 0% used [0x00000000d6800000,0x00000000d6800000,0x00000000d6a00000)
 ParOldGen       total 102400K, used 101961K [0x0000000080000000, 0x0000000086400000, 0x00000000d5580000)
  object space 102400K, 99% used [0x0000000080000000,0x0000000086392728,0x0000000086400000)
 Metaspace       used 71267K, committed 72768K, reserved 1179648K
  class space    used 7283K, committed 7936K, reserved 1048576K
}
Event: 16.555 GC heap before
{Heap before GC invocations=82 (full 3):
 PSYoungGen      total 20992K, used 20660K [0x00000000d5580000, 0x00000000d6c00000, 0x0000000100000000)
  eden space 18944K, 100% used [0x00000000d5580000,0x00000000d6800000,0x00000000d6800000)
  from space 2048K, 83% used [0x00000000d6a00000,0x00000000d6bad240,0x00000000d6c00000)
  to   space 2048K, 0% used [0x00000000d6800000,0x00000000d6800000,0x00000000d6a00000)
 ParOldGen       total 102400K, used 101961K [0x0000000080000000, 0x0000000086400000, 0x00000000d5580000)
  object space 102400K, 99% used [0x0000000080000000,0x0000000086392728,0x0000000086400000)
 Metaspace       used 71301K, committed 72832K, reserved 1179648K
  class space    used 7283K, committed 7936K, reserved 1048576K
}
Event: 16.558 GC heap after
{Heap after GC invocations=82 (full 3):
 PSYoungGen      total 19456K, used 346K [0x00000000d5580000, 0x00000000d6a80000, 0x0000000100000000)
  eden space 18944K, 0% used [0x00000000d5580000,0x00000000d5580000,0x00000000d6800000)
  from space 512K, 67% used [0x00000000d6800000,0x00000000d6856900,0x00000000d6880000)
  to   space 1024K, 0% used [0x00000000d6980000,0x00000000d6980000,0x00000000d6a80000)
 ParOldGen       total 103936K, used 103535K [0x0000000080000000, 0x0000000086580000, 0x00000000d5580000)
  object space 103936K, 99% used [0x0000000080000000,0x000000008651bda8,0x0000000086580000)
 Metaspace       used 71301K, committed 72832K, reserved 1179648K
  class space    used 7283K, committed 7936K, reserved 1048576K
}
Event: 16.674 GC heap before
{Heap before GC invocations=83 (full 3):
 PSYoungGen      total 19456K, used 19290K [0x00000000d5580000, 0x00000000d6a80000, 0x0000000100000000)
  eden space 18944K, 100% used [0x00000000d5580000,0x00000000d6800000,0x00000000d6800000)
  from space 512K, 67% used [0x00000000d6800000,0x00000000d6856900,0x00000000d6880000)
  to   space 1024K, 0% used [0x00000000d6980000,0x00000000d6980000,0x00000000d6a80000)
 ParOldGen       total 103936K, used 103535K [0x0000000080000000, 0x0000000086580000, 0x00000000d5580000)
  object space 103936K, 99% used [0x0000000080000000,0x000000008651bda8,0x0000000086580000)
 Metaspace       used 71323K, committed 72832K, reserved 1179648K
  class space    used 7284K, committed 7936K, reserved 1048576K
}
Event: 16.677 GC heap after
{Heap after GC invocations=83 (full 3):
 PSYoungGen      total 17920K, used 1018K [0x00000000d5580000, 0x00000000d6f00000, 0x0000000100000000)
  eden space 16896K, 0% used [0x00000000d5580000,0x00000000d5580000,0x00000000d6600000)
  from space 1024K, 99% used [0x00000000d6980000,0x00000000d6a7e9e0,0x00000000d6a80000)
  to   space 3584K, 0% used [0x00000000d6600000,0x00000000d6600000,0x00000000d6980000)
 ParOldGen       total 105472K, used 105344K [0x0000000080000000, 0x0000000086700000, 0x00000000d5580000)
  object space 105472K, 99% used [0x0000000080000000,0x00000000866e0268,0x0000000086700000)
 Metaspace       used 71323K, committed 72832K, reserved 1179648K
  class space    used 7284K, committed 7936K, reserved 1048576K
}
Event: 16.733 GC heap before
{Heap before GC invocations=84 (full 3):
 PSYoungGen      total 17920K, used 17914K [0x00000000d5580000, 0x00000000d6f00000, 0x0000000100000000)
  eden space 16896K, 100% used [0x00000000d5580000,0x00000000d6600000,0x00000000d6600000)
  from space 1024K, 99% used [0x00000000d6980000,0x00000000d6a7e9e0,0x00000000d6a80000)
  to   space 3584K, 0% used [0x00000000d6600000,0x00000000d6600000,0x00000000d6980000)
 ParOldGen       total 105472K, used 105344K [0x0000000080000000, 0x0000000086700000, 0x00000000d5580000)
  object space 105472K, 99% used [0x0000000080000000,0x00000000866e0268,0x0000000086700000)
 Metaspace       used 71348K, committed 72896K, reserved 1179648K
  class space    used 7286K, committed 7936K, reserved 1048576K
}
Event: 16.735 GC heap after
{Heap after GC invocations=84 (full 3):
 PSYoungGen      total 17920K, used 17914K [0x00000000d5580000, 0x00000000d6f00000, 0x0000000100000000)
  eden space 16896K, 100% used [0x00000000d5580000,0x00000000d6600000,0x00000000d6600000)
  from space 1024K, 99% used [0x00000000d6980000,0x00000000d6a7e9e0,0x00000000d6a80000)
  to   space 3584K, 35% used [0x00000000d6600000,0x00000000d673e980,0x00000000d6980000)
 ParOldGen       total 106496K, used 105986K [0x0000000080000000, 0x0000000086800000, 0x00000000d5580000)
  object space 106496K, 99% used [0x0000000080000000,0x0000000086780a30,0x0000000086800000)
 Metaspace       used 71348K, committed 72896K, reserved 1179648K
  class space    used 7286K, committed 7936K, reserved 1048576K
}
Event: 16.735 GC heap before
{Heap before GC invocations=85 (full 4):
 PSYoungGen      total 17920K, used 17914K [0x00000000d5580000, 0x00000000d6f00000, 0x0000000100000000)
  eden space 16896K, 100% used [0x00000000d5580000,0x00000000d6600000,0x00000000d6600000)
  from space 1024K, 99% used [0x00000000d6980000,0x00000000d6a7e9e0,0x00000000d6a80000)
  to   space 3584K, 35% used [0x00000000d6600000,0x00000000d673e980,0x00000000d6980000)
 ParOldGen       total 106496K, used 105986K [0x0000000080000000, 0x0000000086800000, 0x00000000d5580000)
  object space 106496K, 99% used [0x0000000080000000,0x0000000086780a30,0x0000000086800000)
 Metaspace       used 71348K, committed 72896K, reserved 1179648K
  class space    used 7286K, committed 7936K, reserved 1048576K
}

Dll operation events (10 events):
Event: 0.010 Loaded shared library c:\Users\user\.vscode\extensions\redhat.java-1.51.0-win32-x64\jre\21.0.9-win32-x86_64\bin\java.dll
Event: 0.031 Loaded shared library c:\Users\user\.vscode\extensions\redhat.java-1.51.0-win32-x64\jre\21.0.9-win32-x86_64\bin\zip.dll
Event: 0.087 Loaded shared library C:\Users\user\.vscode\extensions\redhat.java-1.51.0-win32-x64\jre\21.0.9-win32-x86_64\bin\instrument.dll
Event: 0.094 Loaded shared library C:\Users\user\.vscode\extensions\redhat.java-1.51.0-win32-x64\jre\21.0.9-win32-x86_64\bin\net.dll
Event: 0.097 Loaded shared library C:\Users\user\.vscode\extensions\redhat.java-1.51.0-win32-x64\jre\21.0.9-win32-x86_64\bin\nio.dll
Event: 0.102 Loaded shared library C:\Users\user\.vscode\extensions\redhat.java-1.51.0-win32-x64\jre\21.0.9-win32-x86_64\bin\zip.dll
Event: 0.120 Loaded shared library C:\Users\user\.vscode\extensions\redhat.java-1.51.0-win32-x64\jre\21.0.9-win32-x86_64\bin\jimage.dll
Event: 0.221 Loaded shared library c:\Users\user\.vscode\extensions\redhat.java-1.51.0-win32-x64\jre\21.0.9-win32-x86_64\bin\verify.dll
Event: 1.166 Loaded shared library C:\Users\user\AppData\Roaming\Code\User\globalStorage\redhat.java\1.51.0\config_win\org.eclipse.equinox.launcher\org.eclipse.equinox.launcher.win32.win32.x86_64_1.2.1400.v20250801-0854\eclipse_11916.dll
Event: 2.356 Loaded shared library C:\Users\user\AppData\Local\Temp\jna-3599307\jna16365123448568160766.dll

Deoptimization events (20 events):
Event: 16.034 Thread 0x00000203c7dd16c0 DEOPT PACKING pc=0x00000203f4cf8fc4 sp=0x0000009d467fe570
Event: 16.034 Thread 0x00000203c7dd16c0 DEOPT UNPACKING pc=0x00000203f3f36da2 sp=0x0000009d467fe508 mode 2
Event: 16.109 Thread 0x00000203c7dd16c0 DEOPT PACKING pc=0x00000203ee79ce04 sp=0x0000009d467feec0
Event: 16.109 Thread 0x00000203c7dd16c0 DEOPT UNPACKING pc=0x00000203f3f378e2 sp=0x0000009d467fe378 mode 0
Event: 16.270 Thread 0x00000203c7dd16c0 DEOPT PACKING pc=0x00000203ede2ac97 sp=0x0000009d467fe660
Event: 16.270 Thread 0x00000203c7dd16c0 DEOPT UNPACKING pc=0x00000203f3f378e2 sp=0x0000009d467fdaa8 mode 0
Event: 16.334 Thread 0x00000203c7dd16c0 DEOPT PACKING pc=0x00000203edb80735 sp=0x0000009d467fe680
Event: 16.334 Thread 0x00000203c7dd16c0 DEOPT UNPACKING pc=0x00000203f3f378e2 sp=0x0000009d467fdaa8 mode 0
Event: 16.408 Thread 0x00000203c7dd16c0 DEOPT PACKING pc=0x00000203ed928995 sp=0x0000009d467fe340
Event: 16.408 Thread 0x00000203c7dd16c0 DEOPT UNPACKING pc=0x00000203f3f378e2 sp=0x0000009d467fd880 mode 0
Event: 16.444 Thread 0x00000203c7dd16c0 DEOPT PACKING pc=0x00000203ee79ce04 sp=0x0000009d467fed40
Event: 16.444 Thread 0x00000203c7dd16c0 DEOPT UNPACKING pc=0x00000203f3f378e2 sp=0x0000009d467fe1f8 mode 0
Event: 16.595 Thread 0x00000203c7dd16c0 DEOPT PACKING pc=0x00000203edc03e2e sp=0x0000009d467fde90
Event: 16.595 Thread 0x00000203c7dd16c0 DEOPT UNPACKING pc=0x00000203f3f378e2 sp=0x0000009d467fd348 mode 0
Event: 16.630 Thread 0x00000203c7dd16c0 DEOPT PACKING pc=0x00000203ee5a4667 sp=0x0000009d467fd5a0
Event: 16.630 Thread 0x00000203c7dd16c0 DEOPT UNPACKING pc=0x00000203f3f378e2 sp=0x0000009d467fcb10 mode 0
Event: 16.637 Thread 0x00000203c7dd16c0 DEOPT PACKING pc=0x00000203ee79ce04 sp=0x0000009d467fc7f0
Event: 16.637 Thread 0x00000203c7dd16c0 DEOPT UNPACKING pc=0x00000203f3f378e2 sp=0x0000009d467fbca8 mode 0
Event: 16.653 Thread 0x00000203c7dd16c0 DEOPT PACKING pc=0x00000203eddcae66 sp=0x0000009d467fcb80
Event: 16.653 Thread 0x00000203c7dd16c0 DEOPT UNPACKING pc=0x00000203f3f378e2 sp=0x0000009d467fc040 mode 0

Classes loaded (20 events):
Event: 12.522 Loading class java/util/Collections$SynchronizedList done
Event: 12.522 Loading class java/util/Collections$SynchronizedRandomAccessList done
Event: 12.530 Loading class java/util/concurrent/CompletableFuture$Signaller
Event: 12.531 Loading class java/util/concurrent/CompletableFuture$Signaller done
Event: 12.817 Loading class java/nio/charset/CharacterCodingException
Event: 12.817 Loading class java/nio/charset/CharacterCodingException done
Event: 12.817 Loading class java/io/SequenceInputStream
Event: 12.817 Loading class java/io/SequenceInputStream done
Event: 14.095 Loading class java/util/concurrent/CompletableFuture$UniApply
Event: 14.095 Loading class java/util/concurrent/CompletableFuture$UniApply done
Event: 14.096 Loading class java/util/concurrent/CompletableFuture$UniExceptionally
Event: 14.097 Loading class java/util/concurrent/CompletableFuture$UniExceptionally done
Event: 14.226 Loading class java/util/Hashtable$KeySet
Event: 14.226 Loading class java/util/Hashtable$KeySet done
Event: 14.424 Loading class java/lang/invoke/MethodHandleImpl$CountingWrapper$1
Event: 14.424 Loading class java/lang/invoke/MethodHandleImpl$CountingWrapper$1 done
Event: 14.560 Loading class java/lang/UnsupportedClassVersionError
Event: 14.560 Loading class java/lang/UnsupportedClassVersionError done
Event: 15.414 Loading class jdk/internal/ref/CleanerImpl$InnocuousThreadFactory
Event: 15.415 Loading class jdk/internal/ref/CleanerImpl$InnocuousThreadFactory done

Classes unloaded (11 events):
Event: 2.800 Thread 0x00000203805e4750 Unloading class 0x00000203821aac00 'java/lang/invoke/LambdaForm$MH+0x00000203821aac00'
Event: 2.800 Thread 0x00000203805e4750 Unloading class 0x00000203821aa800 'java/lang/invoke/LambdaForm$MH+0x00000203821aa800'
Event: 2.800 Thread 0x00000203805e4750 Unloading class 0x00000203821aa400 'java/lang/invoke/LambdaForm$MH+0x00000203821aa400'
Event: 2.800 Thread 0x00000203805e4750 Unloading class 0x00000203821aa000 'java/lang/invoke/LambdaForm$MH+0x00000203821aa000'
Event: 2.800 Thread 0x00000203805e4750 Unloading class 0x00000203821a9c00 'java/lang/invoke/LambdaForm$BMH+0x00000203821a9c00'
Event: 2.800 Thread 0x00000203805e4750 Unloading class 0x00000203821a9800 'java/lang/invoke/LambdaForm$DMH+0x00000203821a9800'
Event: 2.800 Thread 0x00000203805e4750 Unloading class 0x00000203821a8800 'java/lang/invoke/LambdaForm$DMH+0x00000203821a8800'
Event: 16.759 Thread 0x00000203805e4750 Unloading class 0x00000203826d5000 'java/lang/invoke/LambdaForm$DMH+0x00000203826d5000'
Event: 16.759 Thread 0x00000203805e4750 Unloading class 0x00000203826d4c00 'java/lang/invoke/LambdaForm$DMH+0x00000203826d4c00'
Event: 16.759 Thread 0x00000203805e4750 Unloading class 0x00000203826d4800 'java/lang/invoke/LambdaForm$DMH+0x00000203826d4800'
Event: 16.759 Thread 0x00000203805e4750 Unloading class 0x00000203826d4400 'java/lang/invoke/LambdaForm$DMH+0x00000203826d4400'

Classes redefined (0 events):
No events

Internal exceptions (20 events):
Event: 14.495 Thread 0x00000203c7dd09a0 Exception <a 'java/lang/NoSuchMethodError'{0x00000000d648e1c8}: 'java.lang.Object java.lang.invoke.DirectMethodHandle$Holder.invokeSpecial(java.lang.Object, java.lang.Object, int, long)'> (0x00000000d648e1c8) 
thrown [s\src\hotspot\share\interpreter\linkResolver.cpp, line 773]
Event: 14.525 Thread 0x00000203cb808880 Exception <a 'java/lang/ArrayIndexOutOfBoundsException'{0x00000000d6681440}> (0x00000000d6681440) 
thrown [s\src\hotspot\share\runtime\sharedRuntime.cpp, line 625]
Event: 14.598 Thread 0x00000203cb809c30 Exception <a 'java/lang/NoSuchMethodError'{0x00000000d6955190}: 'int java.lang.invoke.Invokers$Holder.invokeExact_MT(java.lang.Object, java.lang.Object)'> (0x00000000d6955190) 
thrown [s\src\hotspot\share\interpreter\linkResolver.cpp, line 773]
Event: 14.707 Thread 0x00000203d4416e20 Exception <a 'java/lang/IncompatibleClassChangeError'{0x00000000d5afbb40}: Found class java.lang.Object, but interface was expected> (0x00000000d5afbb40) 
thrown [s\src\hotspot\share\interpreter\linkResolver.cpp, line 840]
Event: 14.707 Thread 0x00000203cb80b670 Exception <a 'java/lang/IncompatibleClassChangeError'{0x00000000d5ae6750}: Found class java.lang.Object, but interface was expected> (0x00000000d5ae6750) 
thrown [s\src\hotspot\share\interpreter\linkResolver.cpp, line 840]
Event: 14.707 Thread 0x00000203cb809c30 Exception <a 'java/lang/IncompatibleClassChangeError'{0x00000000d5b16520}: Found class java.lang.Object, but interface was expected> (0x00000000d5b16520) 
thrown [s\src\hotspot\share\interpreter\linkResolver.cpp, line 840]
Event: 14.738 Thread 0x00000203cb806120 Exception <a 'sun/nio/fs/WindowsException'{0x00000000d636f340}> (0x00000000d636f340) 
thrown [s\src\hotspot\share\prims\jni.cpp, line 520]
Event: 14.738 Thread 0x00000203cb806120 Exception <a 'sun/nio/fs/WindowsException'{0x00000000d636fd38}> (0x00000000d636fd38) 
thrown [s\src\hotspot\share\prims\jni.cpp, line 520]
Event: 14.739 Thread 0x00000203cb806120 Exception <a 'sun/nio/fs/WindowsException'{0x00000000d6370d48}> (0x00000000d6370d48) 
thrown [s\src\hotspot\share\prims\jni.cpp, line 520]
Event: 14.739 Thread 0x00000203cb806120 Exception <a 'sun/nio/fs/WindowsException'{0x00000000d6371720}> (0x00000000d6371720) 
thrown [s\src\hotspot\share\prims\jni.cpp, line 520]
Event: 14.740 Thread 0x00000203cb806120 Exception <a 'sun/nio/fs/WindowsException'{0x00000000d63731c0}> (0x00000000d63731c0) 
thrown [s\src\hotspot\share\prims\jni.cpp, line 520]
Event: 14.740 Thread 0x00000203cb806120 Exception <a 'sun/nio/fs/WindowsException'{0x00000000d6373b98}> (0x00000000d6373b98) 
thrown [s\src\hotspot\share\prims\jni.cpp, line 520]
Event: 14.750 Thread 0x00000203cb806120 Exception <a 'sun/nio/fs/WindowsException'{0x00000000d63fb4f8}> (0x00000000d63fb4f8) 
thrown [s\src\hotspot\share\prims\jni.cpp, line 520]
Event: 14.750 Thread 0x00000203cb806120 Exception <a 'sun/nio/fs/WindowsException'{0x00000000d63fbed0}> (0x00000000d63fbed0) 
thrown [s\src\hotspot\share\prims\jni.cpp, line 520]
Event: 14.935 Thread 0x00000203cb80b670 Exception <a 'java/lang/LinkageError'{0x00000000d59cb138}: loader lombok.launch.ShadowClassLoader @4284491a attempted duplicate class definition for lombok.eclipse.agent.PatchDiagnostics. (lombok.eclipse.agent.PatchDiagnostics is in unnamed module of loader lombok.launch.ShadowClassLoader @4284491a, parent loader org.eclipse.osgi.internal.loader.EquinoxClassLoader @3420d938)> (0x00000000d59cb138) 
thrown [s\src\hotspot\share\classfile\systemDictionary.cpp, line 1682]
Event: 14.937 Thread 0x00000203d4416e20 Exception <a 'java/lang/LinkageError'{0x00000000d598ad58}: loader lombok.launch.ShadowClassLoader @4284491a attempted duplicate class definition for lombok.eclipse.agent.PatchDiagnostics. (lombok.eclipse.agent.PatchDiagnostics is in unnamed module of loader lombok.launch.ShadowClassLoader @4284491a, parent loader org.eclipse.osgi.internal.loader.EquinoxClassLoader @3420d938)> (0x00000000d598ad58) 
thrown [s\src\hotspot\share\classfile\systemDictionary.cpp, line 1682]
Event: 14.938 Thread 0x00000203cb80b670 Exception <a 'java/lang/LinkageError'{0x00000000d5a3a8c8}: loader lombok.launch.ShadowClassLoader @4284491a attempted duplicate class definition for lombok.eclipse.EcjAugments. (lombok.eclipse.EcjAugments is in unnamed module of loader lombok.launch.ShadowClassLoader @4284491a, parent loader org.eclipse.osgi.internal.loader.EquinoxClassLoader @3420d938)> (0x00000000d5a3a8c8) 
thrown [s\src\hotspot\share\classfile\systemDictionary.cpp, line 1682]
Event: 14.940 Thread 0x00000203d4416e20 Exception <a 'java/lang/LinkageError'{0x00000000d5a5a680}: loader lombok.launch.ShadowClassLoader @4284491a attempted duplicate class definition for lombok.eclipse.EcjAugments. (lombok.eclipse.EcjAugments is in unnamed module of loader lombok.launch.ShadowClassLoader @4284491a, parent loader org.eclipse.osgi.internal.loader.EquinoxClassLoader @3420d938)> (0x00000000d5a5a680) 
thrown [s\src\hotspot\share\classfile\systemDictionary.cpp, line 1682]
Event: 14.961 Thread 0x00000203d4416e20 Exception <a 'java/lang/LinkageError'{0x00000000d5b30bc0}: loader lombok.launch.ShadowClassLoader @4284491a attempted duplicate class definition for lombok.launch.PatchFixesHider$PatchFixes. (lombok.launch.PatchFixesHider$PatchFixes is in unnamed module of loader lombok.launch.ShadowClassLoader @4284491a, parent loader org.eclipse.osgi.internal.loader.EquinoxClassLoader @3420d938)> (0x00000000d5b30bc0) 
thrown [s\src\hotspot\share\classfile\systemDictionary.cpp, line 1682]
Event: 14.965 Thread 0x00000203cb809c30 Exception <a 'java/lang/LinkageError'{0x00000000d5b1f5e8}: loader lombok.launch.ShadowClassLoader @4284491a attempted duplicate class definition for lombok.launch.PatchFixesHider$PatchFixes. (lombok.launch.PatchFixesHider$PatchFixes is in unnamed module of loader lombok.launch.ShadowClassLoader @4284491a, parent loader org.eclipse.osgi.internal.loader.EquinoxClassLoader @3420d938)> (0x00000000d5b1f5e8) 
thrown [s\src\hotspot\share\classfile\systemDictionary.cpp, line 1682]

ZGC Phase Switch (0 events):
No events

VM Operations (20 events):
Event: 15.484 Executing VM operation: ParallelGCFailedAllocation (Allocation Failure) done
Event: 15.593 Executing VM operation: ParallelGCFailedAllocation (Allocation Failure)
Event: 15.599 Executing VM operation: ParallelGCFailedAllocation (Allocation Failure) done
Event: 15.742 Executing VM operation: ParallelGCFailedAllocation (Allocation Failure)
Event: 15.747 Executing VM operation: ParallelGCFailedAllocation (Allocation Failure) done
Event: 15.928 Executing VM operation: ParallelGCFailedAllocation (Allocation Failure)
Event: 15.931 Executing VM operation: ParallelGCFailedAllocation (Allocation Failure) done
Event: 16.023 Executing VM operation: ParallelGCFailedAllocation (Allocation Failure)
Event: 16.025 Executing VM operation: ParallelGCFailedAllocation (Allocation Failure) done
Event: 16.154 Executing VM operation: ParallelGCFailedAllocation (Allocation Failure)
Event: 16.156 Executing VM operation: ParallelGCFailedAllocation (Allocation Failure) done
Event: 16.287 Executing VM operation: ParallelGCFailedAllocation (Allocation Failure)
Event: 16.290 Executing VM operation: ParallelGCFailedAllocation (Allocation Failure) done
Event: 16.409 Executing VM operation: ParallelGCFailedAllocation (Allocation Failure)
Event: 16.413 Executing VM operation: ParallelGCFailedAllocation (Allocation Failure) done
Event: 16.555 Executing VM operation: ParallelGCFailedAllocation (Allocation Failure)
Event: 16.558 Executing VM operation: ParallelGCFailedAllocation (Allocation Failure) done
Event: 16.674 Executing VM operation: ParallelGCFailedAllocation (Allocation Failure)
Event: 16.677 Executing VM operation: ParallelGCFailedAllocation (Allocation Failure) done
Event: 16.733 Executing VM operation: ParallelGCFailedAllocation (Allocation Failure)

Memory protections (0 events):
No events

Nmethod flushes (20 events):
Event: 9.031 Thread 0x00000203805e4750 flushing  nmethod 0x00000203ed2eee90
Event: 9.031 Thread 0x00000203805e4750 flushing  nmethod 0x00000203ed2f0a90
Event: 9.031 Thread 0x00000203805e4750 flushing  nmethod 0x00000203ed2f8990
Event: 9.031 Thread 0x00000203805e4750 flushing  nmethod 0x00000203ed300510
Event: 9.031 Thread 0x00000203805e4750 flushing  nmethod 0x00000203ed30bc90
Event: 9.031 Thread 0x00000203805e4750 flushing  nmethod 0x00000203ed30dd90
Event: 9.031 Thread 0x00000203805e4750 flushing  nmethod 0x00000203ed311610
Event: 9.031 Thread 0x00000203805e4750 flushing  nmethod 0x00000203ed312410
Event: 9.031 Thread 0x00000203805e4750 flushing  nmethod 0x00000203ed315610
Event: 9.031 Thread 0x00000203805e4750 flushing  nmethod 0x00000203ed317190
Event: 9.031 Thread 0x00000203805e4750 flushing  nmethod 0x00000203ed33c990
Event: 9.031 Thread 0x00000203805e4750 flushing  nmethod 0x00000203ed35b590
Event: 9.031 Thread 0x00000203805e4750 flushing  nmethod 0x00000203ed35bc90
Event: 9.031 Thread 0x00000203805e4750 flushing  nmethod 0x00000203ed35c610
Event: 9.031 Thread 0x00000203805e4750 flushing  nmethod 0x00000203ed35ca90
Event: 9.031 Thread 0x00000203805e4750 flushing  nmethod 0x00000203ed35fc10
Event: 9.031 Thread 0x00000203805e4750 flushing  nmethod 0x00000203ed36bd10
Event: 9.031 Thread 0x00000203805e4750 flushing  nmethod 0x00000203ed372190
Event: 9.031 Thread 0x00000203805e4750 flushing  nmethod 0x00000203ed3aba90
Event: 9.031 Thread 0x00000203805e4750 flushing  nmethod 0x00000203ed3b2090

Events (20 events):
Event: 11.646 Thread 0x00000203cb806e40 Thread exited: 0x00000203cb806e40
Event: 11.646 Thread 0x00000203cb8074d0 Thread exited: 0x00000203cb8074d0
Event: 11.647 Thread 0x00000203cb806120 Thread exited: 0x00000203cb806120
Event: 12.022 Thread 0x00000203c7dd0310 Thread added: 0x00000203cb80b670
Event: 12.022 Thread 0x00000203c7dd0310 Thread added: 0x00000203cb806120
Event: 12.022 Thread 0x00000203c7dd0310 Thread added: 0x00000203cb80a2c0
Event: 12.022 Thread 0x00000203c7dd0310 Thread added: 0x00000203cb8074d0
Event: 12.022 Thread 0x00000203c7dd0310 Thread added: 0x00000203cb80bd00
Event: 12.055 Thread 0x00000203cb80a2c0 Thread exited: 0x00000203cb80a2c0
Event: 12.055 Thread 0x00000203cb80bd00 Thread exited: 0x00000203cb80bd00
Event: 12.055 Thread 0x00000203cb806120 Thread exited: 0x00000203cb806120
Event: 12.055 Thread 0x00000203cb8074d0 Thread exited: 0x00000203cb8074d0
Event: 12.055 Thread 0x00000203cb80b670 Thread exited: 0x00000203cb80b670
Event: 14.102 Thread 0x00000203c9be4770 Thread added: 0x00000203cb80b670
Event: 14.175 Thread 0x00000203c9be4770 Thread added: 0x00000203cb809c30
Event: 14.180 Thread 0x00000203c9be4770 Thread added: 0x00000203cb808880
Event: 14.202 Thread 0x00000203c7dd0310 Thread added: 0x00000203cb80a2c0
Event: 14.203 Thread 0x00000203c7dd0310 Thread added: 0x00000203cb806120
Event: 14.205 Thread 0x00000203cb806120 Thread added: 0x00000203cb806e40
Event: 15.415 Thread 0x00000203cb809c30 Thread added: 0x00000203cb808f10


Dynamic libraries:
0x00007ff6a86f0000 - 0x00007ff6a86fe000 	c:\Users\user\.vscode\extensions\redhat.java-1.51.0-win32-x64\jre\21.0.9-win32-x86_64\bin\java.exe
0x00007fff2e910000 - 0x00007fff2eb28000 	C:\WINDOWS\SYSTEM32\ntdll.dll
0x00007fff2dfd0000 - 0x00007fff2e094000 	C:\WINDOWS\System32\KERNEL32.DLL
0x00007fff2bd30000 - 0x00007fff2c103000 	C:\WINDOWS\System32\KERNELBASE.dll
0x00007fff2bb90000 - 0x00007fff2bca1000 	C:\WINDOWS\System32\ucrtbase.dll
0x00007fff08f20000 - 0x00007fff08f38000 	c:\Users\user\.vscode\extensions\redhat.java-1.51.0-win32-x64\jre\21.0.9-win32-x86_64\bin\jli.dll
0x00007fff015b0000 - 0x00007fff015ce000 	c:\Users\user\.vscode\extensions\redhat.java-1.51.0-win32-x64\jre\21.0.9-win32-x86_64\bin\VCRUNTIME140.dll
0x00007fff2da40000 - 0x00007fff2dbf2000 	C:\WINDOWS\System32\USER32.dll
0x00007fff2c4e0000 - 0x00007fff2c506000 	C:\WINDOWS\System32\win32u.dll
0x00007fff2cfc0000 - 0x00007fff2cfe9000 	C:\WINDOWS\System32\GDI32.dll
0x00007fff2c110000 - 0x00007fff2c22b000 	C:\WINDOWS\System32\gdi32full.dll
0x00007fff2c510000 - 0x00007fff2c5aa000 	C:\WINDOWS\System32\msvcp_win.dll
0x00007fff18890000 - 0x00007fff18b2c000 	C:\WINDOWS\WinSxS\amd64_microsoft.windows.common-controls_6595b64144ccf1df_6.0.22621.6060_none_2712eda17382d24b\COMCTL32.dll
0x00007fff2e0a0000 - 0x00007fff2e147000 	C:\WINDOWS\System32\msvcrt.dll
0x00007fff2c630000 - 0x00007fff2c661000 	C:\WINDOWS\System32\IMM32.DLL
0x000000006d3d0000 - 0x000000006d3dc000 	C:\Program Files (x86)\360\Total Security\safemon\SafeWrapper.dll
0x00007fff2cce0000 - 0x00007fff2cd91000 	C:\WINDOWS\System32\ADVAPI32.dll
0x00007fff2e1b0000 - 0x00007fff2e258000 	C:\WINDOWS\System32\sechost.dll
0x00007fff2ba20000 - 0x00007fff2ba48000 	C:\WINDOWS\System32\bcrypt.dll
0x00007fff2de20000 - 0x00007fff2df38000 	C:\WINDOWS\System32\RPCRT4.dll
0x00007ffefe8b0000 - 0x00007ffefe95c000 	C:\Program Files (x86)\360\Total Security\safemon\libzdtp64.dll
0x00007fff2cff0000 - 0x00007fff2d88c000 	C:\WINDOWS\System32\SHELL32.dll
0x00007fff2c3a0000 - 0x00007fff2c4df000 	C:\WINDOWS\System32\wintypes.dll
0x00007fff2e400000 - 0x00007fff2e791000 	C:\WINDOWS\System32\combase.dll
0x00007fff2cdb0000 - 0x00007fff2ce19000 	C:\WINDOWS\System32\SHLWAPI.dll
0x00007fff2b460000 - 0x00007fff2b46a000 	C:\WINDOWS\SYSTEM32\VERSION.dll
0x00007fff015a0000 - 0x00007fff015ac000 	c:\Users\user\.vscode\extensions\redhat.java-1.51.0-win32-x64\jre\21.0.9-win32-x86_64\bin\vcruntime140_1.dll
0x00007ffeff080000 - 0x00007ffeff10d000 	c:\Users\user\.vscode\extensions\redhat.java-1.51.0-win32-x64\jre\21.0.9-win32-x86_64\bin\msvcp140.dll
0x00007ffec3060000 - 0x00007ffec3e00000 	c:\Users\user\.vscode\extensions\redhat.java-1.51.0-win32-x64\jre\21.0.9-win32-x86_64\bin\server\jvm.dll
0x00007fff2df50000 - 0x00007fff2dfc1000 	C:\WINDOWS\System32\WS2_32.dll
0x00007fff24890000 - 0x00007fff248c4000 	C:\WINDOWS\SYSTEM32\WINMM.dll
0x00007fff2b7f0000 - 0x00007fff2b83d000 	C:\WINDOWS\SYSTEM32\POWRPROF.dll
0x00007fff2b6d0000 - 0x00007fff2b6e3000 	C:\WINDOWS\SYSTEM32\UMPDC.dll
0x00007fff2a990000 - 0x00007fff2a9a8000 	C:\WINDOWS\SYSTEM32\kernel.appcore.dll
0x00007fff01590000 - 0x00007fff0159a000 	c:\Users\user\.vscode\extensions\redhat.java-1.51.0-win32-x64\jre\21.0.9-win32-x86_64\bin\jimage.dll
0x00007fff29210000 - 0x00007fff29443000 	C:\WINDOWS\SYSTEM32\DBGHELP.DLL
0x00007fff2e270000 - 0x00007fff2e348000 	C:\WINDOWS\System32\OLEAUT32.dll
0x00007fff291d0000 - 0x00007fff29202000 	C:\WINDOWS\SYSTEM32\dbgcore.DLL
0x00007fff2bb10000 - 0x00007fff2bb8b000 	C:\WINDOWS\System32\bcryptPrimitives.dll
0x00007fff26cf0000 - 0x00007fff26cff000 	c:\Users\user\.vscode\extensions\redhat.java-1.51.0-win32-x64\jre\21.0.9-win32-x86_64\bin\instrument.dll
0x00007ffefeff0000 - 0x00007ffeff010000 	c:\Users\user\.vscode\extensions\redhat.java-1.51.0-win32-x64\jre\21.0.9-win32-x86_64\bin\java.dll
0x00007fff298b0000 - 0x00007fff2a1ca000 	C:\WINDOWS\SYSTEM32\windows.storage.dll
0x00007fff2ce90000 - 0x00007fff2cf94000 	C:\WINDOWS\System32\SHCORE.dll
0x00007fff2b950000 - 0x00007fff2b975000 	C:\WINDOWS\SYSTEM32\profapi.dll
0x00007fff01560000 - 0x00007fff01578000 	c:\Users\user\.vscode\extensions\redhat.java-1.51.0-win32-x64\jre\21.0.9-win32-x86_64\bin\zip.dll
0x00007fff01550000 - 0x00007fff01560000 	C:\Users\user\.vscode\extensions\redhat.java-1.51.0-win32-x64\jre\21.0.9-win32-x86_64\bin\net.dll
0x00007fff28f80000 - 0x00007fff290ac000 	C:\WINDOWS\SYSTEM32\WINHTTP.dll
0x00007fff2ae70000 - 0x00007fff2aed9000 	C:\WINDOWS\system32\mswsock.dll
0x00007ffeff020000 - 0x00007ffeff036000 	C:\Users\user\.vscode\extensions\redhat.java-1.51.0-win32-x64\jre\21.0.9-win32-x86_64\bin\nio.dll
0x00007fff14740000 - 0x00007fff14750000 	c:\Users\user\.vscode\extensions\redhat.java-1.51.0-win32-x64\jre\21.0.9-win32-x86_64\bin\verify.dll
0x00007fff04790000 - 0x00007fff047d4000 	C:\Users\user\AppData\Roaming\Code\User\globalStorage\redhat.java\1.51.0\config_win\org.eclipse.equinox.launcher\org.eclipse.equinox.launcher.win32.win32.x86_64_1.2.1400.v20250801-0854\eclipse_11916.dll
0x00007fff2d890000 - 0x00007fff2da31000 	C:\WINDOWS\System32\ole32.dll
0x00007fff2b0c0000 - 0x00007fff2b0db000 	C:\WINDOWS\SYSTEM32\CRYPTSP.dll
0x00007fff2a8f0000 - 0x00007fff2a927000 	C:\WINDOWS\system32\rsaenh.dll
0x00007fff2af60000 - 0x00007fff2af88000 	C:\WINDOWS\SYSTEM32\USERENV.dll
0x00007fff2b0e0000 - 0x00007fff2b0ec000 	C:\WINDOWS\SYSTEM32\CRYPTBASE.dll
0x00007fff2a420000 - 0x00007fff2a44d000 	C:\WINDOWS\SYSTEM32\IPHLPAPI.DLL
0x00007fff2df40000 - 0x00007fff2df49000 	C:\WINDOWS\System32\NSI.dll
0x00007fff031b0000 - 0x00007fff031f9000 	C:\Users\user\AppData\Local\Temp\jna-3599307\jna16365123448568160766.dll
0x00007fff2e150000 - 0x00007fff2e158000 	C:\WINDOWS\System32\PSAPI.DLL
0x00007fff244c0000 - 0x00007fff244d9000 	C:\WINDOWS\SYSTEM32\dhcpcsvc6.DLL
0x00007fff244a0000 - 0x00007fff244bf000 	C:\WINDOWS\SYSTEM32\dhcpcsvc.DLL

JVMTI agents:
c:\Users\user\.vscode\extensions\redhat.java-1.51.0-win32-x64\lombok\lombok-1.18.39-4050.jar path:c:\Users\user\.vscode\extensions\redhat.java-1.51.0-win32-x64\jre\21.0.9-win32-x86_64\bin\instrument.dll, loaded, initialized, instrumentlib options:none

dbghelp: loaded successfully - version: 4.0.5 - missing functions: none
symbol engine: initialized successfully - sym options: 0x614 - pdb path: .;c:\Users\user\.vscode\extensions\redhat.java-1.51.0-win32-x64\jre\21.0.9-win32-x86_64\bin;C:\WINDOWS\SYSTEM32;C:\WINDOWS\WinSxS\amd64_microsoft.windows.common-controls_6595b64144ccf1df_6.0.22621.6060_none_2712eda17382d24b;C:\Program Files (x86)\360\Total Security\safemon;c:\Users\user\.vscode\extensions\redhat.java-1.51.0-win32-x64\jre\21.0.9-win32-x86_64\bin\server;C:\Users\user\AppData\Roaming\Code\User\globalStorage\redhat.java\1.51.0\config_win\org.eclipse.equinox.launcher\org.eclipse.equinox.launcher.win32.win32.x86_64_1.2.1400.v20250801-0854;C:\Users\user\AppData\Local\Temp\jna-3599307

VM Arguments:
jvm_args: --add-modules=ALL-SYSTEM --add-opens=java.base/java.util=ALL-UNNAMED --add-opens=java.base/java.lang=ALL-UNNAMED --add-opens=java.base/sun.nio.fs=ALL-UNNAMED -Declipse.application=org.eclipse.jdt.ls.core.id1 -Dosgi.bundles.defaultStartLevel=4 -Declipse.product=org.eclipse.jdt.ls.core.product -Djava.import.generatesMetadataFilesAtProjectRoot=false -DDetectVMInstallationsJob.disabled=true -Dfile.encoding=utf8 -XX:+UseParallelGC -XX:GCTimeRatio=4 -XX:AdaptiveSizePolicyWeight=90 -Dsun.zip.disableMemoryMapping=true -Xmx2G -Xms100m -Xlog:disable -javaagent:c:\Users\user\.vscode\extensions\redhat.java-1.51.0-win32-x64\lombok\lombok-1.18.39-4050.jar -XX:+HeapDumpOnOutOfMemoryError -XX:HeapDumpPath=c:\Users\user\AppData\Roaming\Code\User\workspaceStorage\0674b5c6fcfe98aa21c3e4592ae7b086\redhat.java -Daether.dependencyCollector.impl=bf 
java_command: c:\Users\user\.vscode\extensions\redhat.java-1.51.0-win32-x64\server\plugins\org.eclipse.equinox.launcher_1.7.100.v20251111-0406.jar -configuration c:\Users\user\AppData\Roaming\Code\User\globalStorage\redhat.java\1.51.0\config_win -data c:\Users\user\AppData\Roaming\Code\User\workspaceStorage\0674b5c6fcfe98aa21c3e4592ae7b086\redhat.java\jdt_ws --pipe=\\.\pipe\lsp-30612088bd6de1b65f99787812b3f5d8-sock
java_class_path (initial): c:\Users\user\.vscode\extensions\redhat.java-1.51.0-win32-x64\server\plugins\org.eclipse.equinox.launcher_1.7.100.v20251111-0406.jar
Launcher Type: SUN_STANDARD

[Global flags]
    uintx AdaptiveSizePolicyWeight                 = 90                                        {product} {command line}
     intx CICompilerCount                          = 4                                         {product} {ergonomic}
    uintx GCTimeRatio                              = 4                                         {product} {command line}
     bool HeapDumpOnOutOfMemoryError               = true                                   {manageable} {command line}
    ccstr HeapDumpPath                             = c:\Users\user\AppData\Roaming\Code\User\workspaceStorage\0674b5c6fcfe98aa21c3e4592ae7b086\redhat.java         {manageable} {command line}
   size_t InitialHeapSize                          = 104857600                                 {product} {command line}
   size_t MaxHeapSize                              = 2147483648                                {product} {command line}
   size_t MaxNewSize                               = 715653120                                 {product} {ergonomic}
   size_t MinHeapDeltaBytes                        = 524288                                    {product} {ergonomic}
   size_t MinHeapSize                              = 104857600                                 {product} {command line}
   size_t NewSize                                  = 34603008                                  {product} {ergonomic}
    uintx NonNMethodCodeHeapSize                   = 5839372                                {pd product} {ergonomic}
    uintx NonProfiledCodeHeapSize                  = 122909434                              {pd product} {ergonomic}
   size_t OldSize                                  = 70254592                                  {product} {ergonomic}
    uintx ProfiledCodeHeapSize                     = 122909434                              {pd product} {ergonomic}
    uintx ReservedCodeCacheSize                    = 251658240                              {pd product} {ergonomic}
     bool SegmentedCodeCache                       = true                                      {product} {ergonomic}
   size_t SoftMaxHeapSize                          = 2147483648                             {manageable} {ergonomic}
     bool UseCompressedOops                        = true                           {product lp64_product} {ergonomic}
     bool UseLargePagesIndividualAllocation        = false                                  {pd product} {ergonomic}
     bool UseParallelGC                            = true                                      {product} {command line}

Logging:
Log output configuration:
 #0: stdout all=off uptime,level,tags foldmultilines=false
 #1: stderr all=off uptime,level,tags foldmultilines=false

Release file:
JAVA_VERSION="21.0.9" 
MODULES="java.base java.compiler java.datatransfer java.xml java.prefs java.desktop java.instrument java.logging java.management java.security.sasl java.naming java.rmi java.management.rmi java.net.http java.scripting java.security.jgss java.transaction.xa java.sql java.sql.rowset java.xml.crypto java.se java.smartcardio jdk.accessibility jdk.internal.jvmstat jdk.attach jdk.charsets jdk.internal.opt jdk.zipfs jdk.compiler jdk.crypto.ec jdk.crypto.cryptoki jdk.crypto.mscapi jdk.dynalink jdk.internal.ed jdk.editpad jdk.hotspot.agent jdk.httpserver jdk.internal.le jdk.internal.vm.ci jdk.internal.vm.compiler jdk.internal.vm.compiler.management jdk.jartool jdk.javadoc jdk.jcmd jdk.management jdk.management.agent jdk.jconsole jdk.jdeps jdk.jdwp.agent jdk.jdi jdk.jfr jdk.jshell jdk.jsobject jdk.jstatd jdk.localedata jdk.management.jfr jdk.naming.dns jdk.naming.rmi jdk.net jdk.nio.mapmode jdk.random jdk.sctp jdk.security.auth jdk.security.jgss jdk.unsupported jdk.unsupported.desktop jdk.xml.dom" 

Environment Variables:
PATH=C:\Program Files\Eclipse Adoptium\jdk-17.0.17.10-hotspot\bin;C:\WINDOWS\system32;C:\WINDOWS;C:\WINDOWS\System32\Wbem;C:\WINDOWS\System32\WindowsPowerShell\v1.0\;C:\WINDOWS\System32\OpenSSH\;C:\Program Files\Git\cmd;C:\Program Files\nodejs\;C:\Program Files\MySQL\MySQL Shell 8.0\bin\;C:\Users\user\AppData\Local\Programs\Python\Launcher\;C:\Users\user\AppData\Local\Microsoft\WindowsApps;C:\Users\user\AppData\Local\Programs\Microsoft VS Code\bin;C:\Users\user\AppData\Roaming\npm;C:\Users\user\AppData\Local\Google\Cloud SDK\google-cloud-sdk\bin;C:\Users\user\AppData\Local\Microsoft\WinGet\Packages\Cloudflare.cloudflared_Microsoft.Winget.Source_8wekyb3d8bbwe;
USERNAME=user
OS=Windows_NT
PROCESSOR_IDENTIFIER=Intel64 Family 6 Model 126 Stepping 5, GenuineIntel
TMP=C:\Users\user\AppData\Local\Temp
TEMP=C:\Users\user\AppData\Local\Temp




Periodic native trim disabled

---------------  S Y S T E M  ---------------

OS:
 Windows 11 , 64 bit Build 22621 (10.0.22621.5415)
OS uptime: 4 days 20:41 hours

CPU: total 8 (initial active 8) (4 cores per cpu, 2 threads per core) family 6 model 126 stepping 5 microcode 0x86, cx8, cmov, fxsr, ht, mmx, 3dnowpref, sse, sse2, sse3, ssse3, sse4.1, sse4.2, popcnt, lzcnt, tsc, tscinvbit, avx, avx2, aes, erms, clmul, bmi1, bmi2, adx, avx512f, avx512dq, avx512cd, avx512bw, avx512vl, sha, fma, vzeroupper, avx512_vpopcntdq, avx512_vpclmulqdq, avx512_vaes, avx512_vnni, clflush, clflushopt, avx512_vbmi2, avx512_vbmi, rdtscp, rdpid, fsrm, gfni, avx512_bitalg, f16c, pku, avx512_ifma
Processor Information for the first 8 processors :
  Max Mhz: 1498, Current Mhz: 1298, Mhz Limit: 1288

Memory: 4k page, system-wide physical 7901M (474M free)
TotalPageFile size 32477M (AvailPageFile size 20M)
current process WorkingSet (physical memory assigned to process): 385M, peak: 402M
current process commit charge ("private bytes"): 459M, peak: 1738M

vm_info: OpenJDK 64-Bit Server VM (21.0.9+10-LTS) for windows-amd64 JRE (21.0.9+10-LTS), built on 2025-10-21T00:00:00Z by "admin" with unknown MS VC++:1942

END.
