#
# There is insufficient memory for the Java Runtime Environment to continue.
# Native memory allocation (malloc) failed to allocate 1323536 bytes. Error detail: Chunk::new
# Possible reasons:
#   The system is out of physical RAM or swap space
#   This process is running with CompressedOops enabled, and the Java Heap may be blocking the growth of the native heap
# Possible solutions:
#   Reduce memory load on the system
#   Increase physical memory or swap space
#   Check if swap backing store is full
#   Decrease Java heap size (-Xmx/-Xms)
#   Decrease number of Java threads
#   Decrease Java thread stack sizes (-Xss)
#   Set larger code cache with -XX:ReservedCodeCacheSize=
#   JVM is running with Unscaled Compressed Oops mode in which the Java heap is
#     placed in the first 4GB address space. The Java Heap base address is the
#     maximum limit for the native heap growth. Please use -XX:HeapBaseMinAddress
#     to set the Java Heap base and to place the Java Heap above 4GB virtual address.
# This output file may be truncated or incomplete.
#
#  Out of Memory Error (arena.cpp:168), pid=199916, tid=201848
#
# JRE version: OpenJDK Runtime Environment Temurin-21.0.9+10 (21.0.9+10) (build 21.0.9+10-LTS)
# Java VM: OpenJDK 64-Bit Server VM Temurin-21.0.9+10 (21.0.9+10-LTS, mixed mode, sharing, tiered, compressed oops, compressed class ptrs, parallel gc, windows-amd64)
# No core dump will be written. Minidumps are not enabled by default on client versions of Windows
#

---------------  S U M M A R Y ------------

Command Line: --add-modules=ALL-SYSTEM --add-opens=java.base/java.util=ALL-UNNAMED --add-opens=java.base/java.lang=ALL-UNNAMED --add-opens=java.base/sun.nio.fs=ALL-UNNAMED -Declipse.application=org.eclipse.jdt.ls.core.id1 -Dosgi.bundles.defaultStartLevel=4 -Declipse.product=org.eclipse.jdt.ls.core.product -Djava.import.generatesMetadataFilesAtProjectRoot=false -DDetectVMInstallationsJob.disabled=true -Dfile.encoding=utf8 -XX:+UseParallelGC -XX:GCTimeRatio=4 -XX:AdaptiveSizePolicyWeight=90 -Dsun.zip.disableMemoryMapping=true -Xmx2G -Xms100m -Xlog:disable -javaagent:c:\Users\user\.vscode\extensions\redhat.java-1.51.0-win32-x64\lombok\lombok-1.18.39-4050.jar -XX:+HeapDumpOnOutOfMemoryError -XX:HeapDumpPath=c:\Users\user\AppData\Roaming\Code\User\workspaceStorage\0674b5c6fcfe98aa21c3e4592ae7b086\redhat.java -Daether.dependencyCollector.impl=bf c:\Users\user\.vscode\extensions\redhat.java-1.51.0-win32-x64\server\plugins\org.eclipse.equinox.launcher_1.7.100.v20251111-0406.jar -configuration c:\Users\user\AppData\Roaming\Code\User\globalStorage\redhat.java\1.51.0\config_win -data c:\Users\user\AppData\Roaming\Code\User\workspaceStorage\0674b5c6fcfe98aa21c3e4592ae7b086\redhat.java\jdt_ws --pipe=\\.\pipe\lsp-dfee994742c42236803e1bc82827cb88-sock

Host: Intel(R) Core(TM) i7-1065G7 CPU @ 1.30GHz, 8 cores, 7G,  Windows 11 , 64 bit Build 22621 (10.0.22621.5415)
Time: Wed Feb  4 09:28:57 2026 elapsed time: 19.453219 seconds (0d 0h 0m 19s)

---------------  T H R E A D  ---------------

Current thread (0x0000026090e2cf40):  JavaThread "C2 CompilerThread0" daemon [_thread_in_native, id=201848, stack(0x000000e3a6000000,0x000000e3a6100000) (1024K)]


Current CompileTask:
C2:19453 15130       4       org.eclipse.jdt.internal.compiler.lookup.LookupEnvironment::getResolvedType (80 bytes)

Stack: [0x000000e3a6000000,0x000000e3a6100000]
Native frames: (J=compiled Java code, j=interpreted, Vv=VM code, C=native code)
V  [jvm.dll+0x6d6e29]
V  [jvm.dll+0x8b4b76]
V  [jvm.dll+0x8b712e]
V  [jvm.dll+0x8b7813]
V  [jvm.dll+0x283d86]
V  [jvm.dll+0xc66ed]
V  [jvm.dll+0xc6c31]
V  [jvm.dll+0x3be501]
V  [jvm.dll+0x38ab92]
V  [jvm.dll+0x389fda]
V  [jvm.dll+0x24bfa0]
V  [jvm.dll+0x24b580]
V  [jvm.dll+0x1cb13e]
V  [jvm.dll+0x25b29d]
V  [jvm.dll+0x25982a]
V  [jvm.dll+0x3f7ea6]
V  [jvm.dll+0x85e9ad]
V  [jvm.dll+0x6d565d]
C  [ucrtbase.dll+0x29333]
C  [KERNEL32.DLL+0x1259d]
C  [ntdll.dll+0x5af78]


---------------  P R O C E S S  ---------------

Threads class SMR info:
_java_thread_list=0x00000260f2f5b170, length=69, elements={
0x0000026090da6d60, 0x00000260ea1180b0, 0x00000260ea119480, 0x00000260ea11d240,
0x00000260ea11dfc0, 0x00000260ea11f8b0, 0x00000260ea123610, 0x0000026090e2cf40,
0x0000026090e321a0, 0x00000260ea3226d0, 0x00000260ea37a1e0, 0x00000260ea48c090,
0x00000260ea7a2e70, 0x00000260eac448b0, 0x00000260ea9b8c90, 0x00000260ef041da0,
0x00000260ef196050, 0x00000260ef702970, 0x00000260ef563d70, 0x00000260ef586dc0,
0x00000260efa2b7e0, 0x00000260efb89fc0, 0x00000260efb8c090, 0x00000260efb8d440,
0x00000260efb8c720, 0x00000260efb8a650, 0x00000260efb8ace0, 0x00000260efb8b370,
0x00000260efb8cdb0, 0x00000260efb8ba00, 0x00000260f0fcbfd0, 0x00000260f0fcc660,
0x00000260f0fc9f00, 0x00000260f0fcb940, 0x00000260f0fcd380, 0x00000260f0fca590,
0x00000260f0fcccf0, 0x00000260f0fcb2b0, 0x00000260f0fcda10, 0x00000260f0fce0a0,
0x00000260f0fcac20, 0x00000260f0fc77a0, 0x00000260f0fc9870, 0x00000260f0fcedc0,
0x00000260f0fc84c0, 0x00000260f0fc8b50, 0x00000260f13d0a30, 0x00000260f13ce960,
0x00000260f13cc890, 0x00000260f13cf680, 0x00000260f13d10c0, 0x00000260f13cfd10,
0x00000260f13ccf20, 0x00000260f13d1750, 0x00000260f13d2b00, 0x00000260f13d3190,
0x00000260f13d3820, 0x00000260f13cd5b0, 0x00000260f13ceff0, 0x00000260f13cdc40,
0x00000260f13ce2d0, 0x00000260f0df9ce0, 0x00000260f0df8fc0, 0x00000260f0df8930,
0x00000260f0df5b40, 0x00000260f0df4100, 0x00000260f0df7c10, 0x00000260f0df9650,
0x00000260f0df4790
}

Java Threads: ( => current thread )
  0x0000026090da6d60 JavaThread "main"                              [_thread_blocked, id=184456, stack(0x000000e3a5600000,0x000000e3a5700000) (1024K)]
  0x00000260ea1180b0 JavaThread "Reference Handler"          daemon [_thread_blocked, id=202784, stack(0x000000e3a5a00000,0x000000e3a5b00000) (1024K)]
  0x00000260ea119480 JavaThread "Finalizer"                  daemon [_thread_blocked, id=173628, stack(0x000000e3a5b00000,0x000000e3a5c00000) (1024K)]
  0x00000260ea11d240 JavaThread "Signal Dispatcher"          daemon [_thread_blocked, id=193752, stack(0x000000e3a5c00000,0x000000e3a5d00000) (1024K)]
  0x00000260ea11dfc0 JavaThread "Attach Listener"            daemon [_thread_blocked, id=202636, stack(0x000000e3a5d00000,0x000000e3a5e00000) (1024K)]
  0x00000260ea11f8b0 JavaThread "Service Thread"             daemon [_thread_blocked, id=194232, stack(0x000000e3a5e00000,0x000000e3a5f00000) (1024K)]
  0x00000260ea123610 JavaThread "Monitor Deflation Thread"   daemon [_thread_blocked, id=201904, stack(0x000000e3a5f00000,0x000000e3a6000000) (1024K)]
=>0x0000026090e2cf40 JavaThread "C2 CompilerThread0"         daemon [_thread_in_native, id=201848, stack(0x000000e3a6000000,0x000000e3a6100000) (1024K)]
  0x0000026090e321a0 JavaThread "C1 CompilerThread0"         daemon [_thread_blocked, id=4108, stack(0x000000e3a6100000,0x000000e3a6200000) (1024K)]
  0x00000260ea3226d0 JavaThread "Common-Cleaner"             daemon [_thread_blocked, id=143768, stack(0x000000e3a6200000,0x000000e3a6300000) (1024K)]
  0x00000260ea37a1e0 JavaThread "C2 CompilerThread1"         daemon [_thread_blocked, id=199668, stack(0x000000e3a6300000,0x000000e3a6400000) (1024K)]
  0x00000260ea48c090 JavaThread "Notification Thread"        daemon [_thread_blocked, id=188332, stack(0x000000e3a6400000,0x000000e3a6500000) (1024K)]
  0x00000260ea7a2e70 JavaThread "C2 CompilerThread2"         daemon [_thread_in_native, id=13564, stack(0x000000e3a6500000,0x000000e3a6600000) (1024K)]
  0x00000260eac448b0 JavaThread "Active Thread: Equinox Container: 2626036d-32b9-4ad3-9565-7ca739c63539"        [_thread_blocked, id=162292, stack(0x000000e3a6c00000,0x000000e3a6d00000) (1024K)]
  0x00000260ea9b8c90 JavaThread "Refresh Thread: Equinox Container: 2626036d-32b9-4ad3-9565-7ca739c63539" daemon [_thread_blocked, id=163504, stack(0x000000e3a6e00000,0x000000e3a6f00000) (1024K)]
  0x00000260ef041da0 JavaThread "Framework Event Dispatcher: Equinox Container: 2626036d-32b9-4ad3-9565-7ca739c63539" daemon [_thread_blocked, id=201972, stack(0x000000e3a6f00000,0x000000e3a7000000) (1024K)]
  0x00000260ef196050 JavaThread "Start Level: Equinox Container: 2626036d-32b9-4ad3-9565-7ca739c63539" daemon [_thread_blocked, id=198708, stack(0x000000e3a7000000,0x000000e3a7100000) (1024K)]
  0x00000260ef702970 JavaThread "Bundle File Closer"         daemon [_thread_blocked, id=175928, stack(0x000000e3a7100000,0x000000e3a7200000) (1024K)]
  0x00000260ef563d70 JavaThread "SCR Component Actor"        daemon [_thread_blocked, id=125012, stack(0x000000e3a7200000,0x000000e3a7300000) (1024K)]
  0x00000260ef586dc0 JavaThread "Worker-JM"                         [_thread_blocked, id=187336, stack(0x000000e3a7300000,0x000000e3a7400000) (1024K)]
  0x00000260efa2b7e0 JavaThread "JNA Cleaner"                daemon [_thread_blocked, id=147176, stack(0x000000e3a7400000,0x000000e3a7500000) (1024K)]
  0x00000260efb89fc0 JavaThread "Worker-0: Publish Diagnostics"        [_thread_blocked, id=200852, stack(0x000000e3a7500000,0x000000e3a7600000) (1024K)]
  0x00000260efb8c090 JavaThread "Worker-1"                          [_thread_blocked, id=128220, stack(0x000000e3a7600000,0x000000e3a7700000) (1024K)]
  0x00000260efb8d440 JavaThread "Worker-2"                          [_thread_blocked, id=146920, stack(0x000000e3a7700000,0x000000e3a7800000) (1024K)]
  0x00000260efb8c720 JavaThread "Java indexing"              daemon [_thread_blocked, id=195824, stack(0x000000e3a7800000,0x000000e3a7900000) (1024K)]
  0x00000260efb8a650 JavaThread "Worker-3"                          [_thread_blocked, id=200768, stack(0x000000e3a7900000,0x000000e3a7a00000) (1024K)]
  0x00000260efb8ace0 JavaThread "Worker-4"                          [_thread_blocked, id=173832, stack(0x000000e3a7c00000,0x000000e3a7d00000) (1024K)]
  0x00000260efb8b370 JavaThread "Worker-5"                          [_thread_blocked, id=192396, stack(0x000000e3a7d00000,0x000000e3a7e00000) (1024K)]
  0x00000260efb8cdb0 JavaThread "Thread-1"                   daemon [_thread_in_native, id=191624, stack(0x000000e3a7e00000,0x000000e3a7f00000) (1024K)]
  0x00000260efb8ba00 JavaThread "Thread-2"                   daemon [_thread_in_native, id=199500, stack(0x000000e3a7f00000,0x000000e3a8000000) (1024K)]
  0x00000260f0fcbfd0 JavaThread "Thread-3"                   daemon [_thread_in_native, id=196844, stack(0x000000e3a8000000,0x000000e3a8100000) (1024K)]
  0x00000260f0fcc660 JavaThread "Thread-4"                   daemon [_thread_in_native, id=197136, stack(0x000000e3a8100000,0x000000e3a8200000) (1024K)]
  0x00000260f0fc9f00 JavaThread "Thread-5"                   daemon [_thread_in_native, id=197212, stack(0x000000e3a8200000,0x000000e3a8300000) (1024K)]
  0x00000260f0fcb940 JavaThread "Thread-6"                   daemon [_thread_in_native, id=173608, stack(0x000000e3a8300000,0x000000e3a8400000) (1024K)]
  0x00000260f0fcd380 JavaThread "Thread-7"                   daemon [_thread_in_native, id=196636, stack(0x000000e3a8400000,0x000000e3a8500000) (1024K)]
  0x00000260f0fca590 JavaThread "Thread-8"                   daemon [_thread_in_native, id=196460, stack(0x000000e3a8500000,0x000000e3a8600000) (1024K)]
  0x00000260f0fcccf0 JavaThread "Thread-9"                   daemon [_thread_in_native, id=196924, stack(0x000000e3a8600000,0x000000e3a8700000) (1024K)]
  0x00000260f0fcb2b0 JavaThread "pool-2-thread-1"                   [_thread_blocked, id=49432, stack(0x000000e3a8700000,0x000000e3a8800000) (1024K)]
  0x00000260f0fcda10 JavaThread "WorkspaceEventsHandler"            [_thread_blocked, id=197040, stack(0x000000e3a8800000,0x000000e3a8900000) (1024K)]
  0x00000260f0fce0a0 JavaThread "pool-1-thread-1"                   [_thread_blocked, id=198640, stack(0x000000e3a8900000,0x000000e3a8a00000) (1024K)]
  0x00000260f0fcac20 JavaThread "LocalFile Deleter"          daemon [_thread_blocked, id=187216, stack(0x000000e3a8a00000,0x000000e3a8b00000) (1024K)]
  0x00000260f0fc77a0 JavaThread "LocalFile Deleter"          daemon [_thread_blocked, id=202084, stack(0x000000e3a8b00000,0x000000e3a8c00000) (1024K)]
  0x00000260f0fc9870 JavaThread "LocalFile Deleter"          daemon [_thread_blocked, id=200572, stack(0x000000e3a8c00000,0x000000e3a8d00000) (1024K)]
  0x00000260f0fcedc0 JavaThread "LocalFile Deleter"          daemon [_thread_blocked, id=181980, stack(0x000000e3a8d00000,0x000000e3a8e00000) (1024K)]
  0x00000260f0fc84c0 JavaThread "LocalFile Deleter"          daemon [_thread_blocked, id=197976, stack(0x000000e3a8e00000,0x000000e3a8f00000) (1024K)]
  0x00000260f0fc8b50 JavaThread "LocalFile Deleter"          daemon [_thread_blocked, id=195440, stack(0x000000e3a8f00000,0x000000e3a9000000) (1024K)]
  0x00000260f13d0a30 JavaThread "LocalFile Deleter"          daemon [_thread_blocked, id=180712, stack(0x000000e3a9000000,0x000000e3a9100000) (1024K)]
  0x00000260f13ce960 JavaThread "LocalFile Deleter"          daemon [_thread_blocked, id=197704, stack(0x000000e3a9100000,0x000000e3a9200000) (1024K)]
  0x00000260f13cc890 JavaThread "Compiler Source File Reader" daemon [_thread_blocked, id=189720, stack(0x000000e3a9200000,0x000000e3a9300000) (1024K)]
  0x00000260f13cf680 JavaThread "Compiler Source File Reader" daemon [_thread_blocked, id=188116, stack(0x000000e3a9300000,0x000000e3a9400000) (1024K)]
  0x00000260f13d10c0 JavaThread "Compiler Source File Reader" daemon [_thread_blocked, id=194040, stack(0x000000e3a9400000,0x000000e3a9500000) (1024K)]
  0x00000260f13cfd10 JavaThread "Compiler Source File Reader" daemon [_thread_blocked, id=178204, stack(0x000000e3a9500000,0x000000e3a9600000) (1024K)]
  0x00000260f13ccf20 JavaThread "Compiler Source File Reader" daemon [_thread_blocked, id=202536, stack(0x000000e3a9600000,0x000000e3a9700000) (1024K)]
  0x00000260f13d1750 JavaThread "Compiler Source File Reader" daemon [_thread_blocked, id=200756, stack(0x000000e3a9700000,0x000000e3a9800000) (1024K)]
  0x00000260f13d2b00 JavaThread "Compiler Processing Task"   daemon [_thread_blocked, id=173072, stack(0x000000e3a9800000,0x000000e3a9900000) (1024K)]
  0x00000260f13d3190 JavaThread "Compiler Class File Writer" daemon [_thread_blocked, id=202744, stack(0x000000e3a9900000,0x000000e3a9a00000) (1024K)]
  0x00000260f13d3820 JavaThread "ForkJoinPool.commonPool-worker-1" daemon [_thread_blocked, id=184216, stack(0x000000e3a9a00000,0x000000e3a9b00000) (1024K)]
  0x00000260f13cd5b0 JavaThread "Compiler Class File Writer" daemon [_thread_blocked, id=187688, stack(0x000000e3a9b00000,0x000000e3a9c00000) (1024K)]
  0x00000260f13ceff0 JavaThread "Compiler Class File Writer" daemon [_thread_blocked, id=194372, stack(0x000000e3a9c00000,0x000000e3a9d00000) (1024K)]
  0x00000260f13cdc40 JavaThread "Compiler Class File Writer" daemon [_thread_blocked, id=184084, stack(0x000000e3a9d00000,0x000000e3a9e00000) (1024K)]
  0x00000260f13ce2d0 JavaThread "Compiler Class File Writer" daemon [_thread_blocked, id=203644, stack(0x000000e3a9e00000,0x000000e3a9f00000) (1024K)]
  0x00000260f0df9ce0 JavaThread "Compiler Class File Writer" daemon [_thread_blocked, id=195672, stack(0x000000e3a9f00000,0x000000e3aa000000) (1024K)]
  0x00000260f0df8fc0 JavaThread "ForkJoinPool.commonPool-worker-2" daemon [_thread_blocked, id=197984, stack(0x000000e3aa000000,0x000000e3aa100000) (1024K)]
  0x00000260f0df8930 JavaThread "ForkJoinPool.commonPool-worker-3" daemon [_thread_blocked, id=202464, stack(0x000000e3aa100000,0x000000e3aa200000) (1024K)]
  0x00000260f0df5b40 JavaThread "ForkJoinPool.commonPool-worker-4" daemon [_thread_blocked, id=185784, stack(0x000000e3aa200000,0x000000e3aa300000) (1024K)]
  0x00000260f0df4100 JavaThread "ForkJoinPool.commonPool-worker-5" daemon [_thread_blocked, id=127952, stack(0x000000e3aa300000,0x000000e3aa400000) (1024K)]
  0x00000260f0df7c10 JavaThread "ForkJoinPool.commonPool-worker-6" daemon [_thread_blocked, id=193668, stack(0x000000e3aa400000,0x000000e3aa500000) (1024K)]
  0x00000260f0df9650 JavaThread "ForkJoinPool.commonPool-worker-7" daemon [_thread_blocked, id=202544, stack(0x000000e3aa500000,0x000000e3aa600000) (1024K)]
  0x00000260f0df4790 JavaThread "Cleaner-0"                  daemon [_thread_blocked, id=151528, stack(0x000000e3aa600000,0x000000e3aa700000) (1024K)]
Total: 69

Other Threads:
  0x00000260a7814ec0 VMThread "VM Thread"                           [id=180520, stack(0x000000e3a5900000,0x000000e3a5a00000) (1024K)]
  0x0000026090e13280 WatcherThread "VM Periodic Task Thread"        [id=200192, stack(0x000000e3a5800000,0x000000e3a5900000) (1024K)]
  0x0000026090dc71c0 WorkerThread "GC Thread#0"                     [id=178952, stack(0x000000e3a5700000,0x000000e3a5800000) (1024K)]
  0x00000260ea5ed4c0 WorkerThread "GC Thread#1"                     [id=162244, stack(0x000000e3a6600000,0x000000e3a6700000) (1024K)]
  0x00000260eac0ea00 WorkerThread "GC Thread#2"                     [id=197248, stack(0x000000e3a6700000,0x000000e3a6800000) (1024K)]
  0x00000260eaab41c0 WorkerThread "GC Thread#3"                     [id=171020, stack(0x000000e3a6800000,0x000000e3a6900000) (1024K)]
  0x00000260eaa37b00 WorkerThread "GC Thread#4"                     [id=201816, stack(0x000000e3a6900000,0x000000e3a6a00000) (1024K)]
  0x00000260eaa37ea0 WorkerThread "GC Thread#5"                     [id=203324, stack(0x000000e3a6a00000,0x000000e3a6b00000) (1024K)]
  0x00000260eaa38240 WorkerThread "GC Thread#6"                     [id=106324, stack(0x000000e3a6b00000,0x000000e3a6c00000) (1024K)]
  0x00000260ef183390 WorkerThread "GC Thread#7"                     [id=23456, stack(0x000000e3a6d00000,0x000000e3a6e00000) (1024K)]
Total: 10

Threads with active compile tasks:
C2 CompilerThread0  19543 15130       4       org.eclipse.jdt.internal.compiler.lookup.LookupEnvironment::getResolvedType (80 bytes)
C2 CompilerThread1  19543 15277 % !   4       org.eclipse.jdt.internal.core.NameLookup::seekModule @ 66 (267 bytes)
C2 CompilerThread2  19543 14878       4       org.eclipse.jdt.internal.compiler.lookup.LookupEnvironment::getTypeFromTypeSignature (770 bytes)
Total: 3

VM state: at safepoint (normal execution)

VM Mutex/Monitor currently owned by a thread:  ([mutex/lock_event])
[0x00007ffec3d1d570] Threads_lock - owner thread: 0x00000260a7814ec0
[0x00007ffec3d1d670] Heap_lock - owner thread: 0x00000260efb89fc0

Heap address: 0x0000000080000000, size: 2048 MB, Compressed Oops mode: 32-bit

CDS archive(s) mapped at: [0x00000260a8000000-0x00000260a8ba0000-0x00000260a8ba0000), size 12189696, SharedBaseAddress: 0x00000260a8000000, ArchiveRelocationMode: 1.
Compressed class space mapped at: 0x00000260a9000000-0x00000260e9000000, reserved size: 1073741824
Narrow klass base: 0x00000260a8000000, Narrow klass shift: 0, Narrow klass range: 0x100000000

GC Precious Log:
 CardTable entry size: 512
 CPUs: 8 total, 8 available
 Memory: 7901M
 Large Page Support: Disabled
 NUMA Support: Disabled
 Compressed Oops: Enabled (32-bit)
 Alignments: Space 512K, Generation 512K, Heap 2M
 Heap Min Capacity: 100M
 Heap Initial Capacity: 100M
 Heap Max Capacity: 2G
 Pre-touch: Disabled
 Parallel Workers: 8

Heap:
 PSYoungGen      total 16896K, used 16865K [0x00000000d5580000, 0x00000000d6c80000, 0x0000000100000000)
  eden space 15360K, 100% used [0x00000000d5580000,0x00000000d6480000,0x00000000d6480000)
  from space 1536K, 98% used [0x00000000d6580000,0x00000000d66f8580,0x00000000d6700000)
  to   space 4096K, 26% used [0x00000000d6880000,0x00000000d6994050,0x00000000d6c80000)
 ParOldGen       total 126464K, used 125969K [0x0000000080000000, 0x0000000087b80000, 0x00000000d5580000)
  object space 126464K, 99% used [0x0000000080000000,0x0000000087b04708,0x0000000087b80000)
 Metaspace       used 71633K, committed 73216K, reserved 1179648K
  class space    used 7278K, committed 8064K, reserved 1048576K

Card table byte_map: [0x0000026090720000,0x0000026090b30000] _byte_map_base: 0x0000026090320000

Marking Bits: (ParMarkBitMap*) 0x00007ffec3d22460
 Begin Bits: [0x00000260a3230000, 0x00000260a5230000)
 End Bits:   [0x00000260a5230000, 0x00000260a7230000)

Polling page: 0x000002608eca0000

Metaspace:

Usage:
  Non-class:     62.85 MB used.
      Class:      7.11 MB used.
       Both:     69.95 MB used.

Virtual space:
  Non-class space:      128.00 MB reserved,      63.62 MB ( 50%) committed,  2 nodes.
      Class space:        1.00 GB reserved,       7.88 MB ( <1%) committed,  1 nodes.
             Both:        1.12 GB reserved,      71.50 MB (  6%) committed. 

Chunk freelists:
   Non-Class:  15.64 MB
       Class:  8.11 MB
        Both:  23.74 MB

MaxMetaspaceSize: unlimited
CompressedClassSpaceSize: 1.00 GB
Initial GC threshold: 21.00 MB
Current GC threshold: 97.31 MB
CDS: on
 - commit_granule_bytes: 65536.
 - commit_granule_words: 8192.
 - virtual_space_node_default_size: 8388608.
 - enlarge_chunks_in_place: 1.
 - use_allocation_guard: 0.


Internal statistics:

num_allocs_failed_limit: 9.
num_arena_births: 1336.
num_arena_deaths: 14.
num_vsnodes_births: 3.
num_vsnodes_deaths: 0.
num_space_committed: 1144.
num_space_uncommitted: 0.
num_chunks_returned_to_freelist: 23.
num_chunks_taken_from_freelist: 4852.
num_chunk_merges: 12.
num_chunk_splits: 2931.
num_chunks_enlarged: 1590.
num_inconsistent_stats: 0.

CodeHeap 'non-profiled nmethods': size=120000Kb used=9126Kb max_used=9719Kb free=110873Kb
 bounds [0x000002609ba50000, 0x000002609c3d0000, 0x00000260a2f80000]
CodeHeap 'profiled nmethods': size=120000Kb used=29919Kb max_used=33976Kb free=90080Kb
 bounds [0x0000026093f80000, 0x00000260960b0000, 0x000002609b4b0000]
CodeHeap 'non-nmethods': size=5760Kb used=1481Kb max_used=1659Kb free=4278Kb
 bounds [0x000002609b4b0000, 0x000002609b720000, 0x000002609ba50000]
CodeCache: size=245760Kb, used=40526Kb, max_used=45354Kb, free=205231Kb
 total_blobs=13964, nmethods=13178, adapters=689, full_count=0
Compilation: enabled, stopped_count=0, restarted_count=0

Compilation events (20 events):
Event: 19.395 Thread 0x0000026090e321a0 nmethod 15284 0x000002609609a590 code [0x000002609609a760, 0x000002609609a998]
Event: 19.395 Thread 0x0000026090e321a0 15283       2       org.eclipse.jdt.internal.compiler.parser.Parser::consumeRestoreDiet (11 bytes)
Event: 19.395 Thread 0x0000026090e321a0 nmethod 15283 0x000002609609ab90 code [0x000002609609ad20, 0x000002609609ae30]
Event: 19.395 Thread 0x0000026090e321a0 15285       2       lombok.launch.PatchFixesHider$ValPortal::copyInitializationOfLocalDeclaration (16 bytes)
Event: 19.398 Thread 0x0000026090e321a0 nmethod 15285 0x000002609609af10 code [0x000002609609b300, 0x000002609609c3d0]
Event: 19.399 Thread 0x0000026090e321a0 15286   !   2       lombok.eclipse.agent.PatchValEclipsePortal::copyInitializationOfLocalDeclaration (65 bytes)
Event: 19.403 Thread 0x0000026090e321a0 nmethod 15286 0x000002609609d810 code [0x000002609609dc60, 0x000002609609ee48]
Event: 19.403 Thread 0x0000026090e321a0 15291       2       lombok.eclipse.handlers.HandleConstructor::generateConstructor (19 bytes)
Event: 19.403 Thread 0x0000026090e321a0 nmethod 15291 0x00000260960a0b10 code [0x00000260960a0cc0, 0x00000260960a0e10]
Event: 19.403 Thread 0x0000026090e321a0 15289       2       java.lang.invoke.LambdaForm$MH/0x00000260a96c0800::invoke (42 bytes)
Event: 19.404 Thread 0x0000026090e321a0 nmethod 15289 0x00000260960a0f10 code [0x00000260960a1100, 0x00000260960a14d8]
Event: 19.420 Thread 0x0000026090e321a0 15292       3       lombok.eclipse.handlers.SetGeneratedByVisitor::visit (22 bytes)
Event: 19.420 Thread 0x0000026090e321a0 nmethod 15292 0x00000260960a1790 code [0x00000260960a1960, 0x00000260960a1c30]
Event: 19.430 Thread 0x0000026090e321a0 15293       2       org.eclipse.jdt.internal.compiler.parser.Parser::consumeReferenceType1 (25 bytes)
Event: 19.430 Thread 0x0000026090e321a0 nmethod 15293 0x00000260960a1e10 code [0x00000260960a1fc0, 0x00000260960a2158]
Event: 19.430 Thread 0x0000026090e321a0 15294       2       org.eclipse.jdt.internal.compiler.parser.Scanner::maybeAtReferenceExpression (303 bytes)
Event: 19.430 Thread 0x0000026090e321a0 nmethod 15294 0x00000260960a2290 code [0x00000260960a2480, 0x00000260960a28b8]
Event: 19.431 Thread 0x0000026090e321a0 15295 %     3       org.eclipse.jdt.internal.compiler.parser.Scanner::checkTaskTag @ 127 (937 bytes)
Event: 19.435 Thread 0x0000026090e321a0 nmethod 15295% 0x00000260960a2b90 code [0x00000260960a3040, 0x00000260960a64e8]
Event: 19.435 Thread 0x0000026090e321a0 15296       2       lombok.eclipse.handlers.HandleBuilder::generateBuildMethod (1090 bytes)

GC Heap History (20 events):
Event: 18.467 GC heap before
{Heap before GC invocations=91 (full 3):
 PSYoungGen      total 16896K, used 16874K [0x00000000d5580000, 0x00000000d6a80000, 0x0000000100000000)
  eden space 15360K, 100% used [0x00000000d5580000,0x00000000d6480000,0x00000000d6480000)
  from space 1536K, 98% used [0x00000000d6480000,0x00000000d65fa950,0x00000000d6600000)
  to   space 3072K, 0% used [0x00000000d6780000,0x00000000d6780000,0x00000000d6a80000)
 ParOldGen       total 111104K, used 111016K [0x0000000080000000, 0x0000000086c80000, 0x00000000d5580000)
  object space 111104K, 99% used [0x0000000080000000,0x0000000086c6a0a8,0x0000000086c80000)
 Metaspace       used 71453K, committed 73024K, reserved 1179648K
  class space    used 7275K, committed 8064K, reserved 1048576K
}
Event: 18.471 GC heap after
{Heap after GC invocations=91 (full 3):
 PSYoungGen      total 17408K, used 1764K [0x00000000d5580000, 0x00000000d6980000, 0x0000000100000000)
  eden space 15360K, 0% used [0x00000000d5580000,0x00000000d5580000,0x00000000d6480000)
  from space 2048K, 86% used [0x00000000d6780000,0x00000000d6939210,0x00000000d6980000)
  to   space 2560K, 0% used [0x00000000d6480000,0x00000000d6480000,0x00000000d6700000)
 ParOldGen       total 112640K, used 112471K [0x0000000080000000, 0x0000000086e00000, 0x00000000d5580000)
  object space 112640K, 99% used [0x0000000080000000,0x0000000086dd5cb0,0x0000000086e00000)
 Metaspace       used 71453K, committed 73024K, reserved 1179648K
  class space    used 7275K, committed 8064K, reserved 1048576K
}
Event: 18.581 GC heap before
{Heap before GC invocations=92 (full 3):
 PSYoungGen      total 17408K, used 17124K [0x00000000d5580000, 0x00000000d6980000, 0x0000000100000000)
  eden space 15360K, 100% used [0x00000000d5580000,0x00000000d6480000,0x00000000d6480000)
  from space 2048K, 86% used [0x00000000d6780000,0x00000000d6939210,0x00000000d6980000)
  to   space 2560K, 0% used [0x00000000d6480000,0x00000000d6480000,0x00000000d6700000)
 ParOldGen       total 112640K, used 112471K [0x0000000080000000, 0x0000000086e00000, 0x00000000d5580000)
  object space 112640K, 99% used [0x0000000080000000,0x0000000086dd5cb0,0x0000000086e00000)
 Metaspace       used 71463K, committed 73024K, reserved 1179648K
  class space    used 7275K, committed 8064K, reserved 1048576K
}
Event: 18.584 GC heap after
{Heap after GC invocations=92 (full 3):
 PSYoungGen      total 17408K, used 1812K [0x00000000d5580000, 0x00000000d6880000, 0x0000000100000000)
  eden space 15360K, 0% used [0x00000000d5580000,0x00000000d5580000,0x00000000d6480000)
  from space 2048K, 88% used [0x00000000d6480000,0x00000000d6645300,0x00000000d6680000)
  to   space 2048K, 0% used [0x00000000d6680000,0x00000000d6680000,0x00000000d6880000)
 ParOldGen       total 114176K, used 113982K [0x0000000080000000, 0x0000000086f80000, 0x00000000d5580000)
  object space 114176K, 99% used [0x0000000080000000,0x0000000086f4f898,0x0000000086f80000)
 Metaspace       used 71463K, committed 73024K, reserved 1179648K
  class space    used 7275K, committed 8064K, reserved 1048576K
}
Event: 18.663 GC heap before
{Heap before GC invocations=93 (full 3):
 PSYoungGen      total 17408K, used 17172K [0x00000000d5580000, 0x00000000d6880000, 0x0000000100000000)
  eden space 15360K, 100% used [0x00000000d5580000,0x00000000d6480000,0x00000000d6480000)
  from space 2048K, 88% used [0x00000000d6480000,0x00000000d6645300,0x00000000d6680000)
  to   space 2048K, 0% used [0x00000000d6680000,0x00000000d6680000,0x00000000d6880000)
 ParOldGen       total 114176K, used 113982K [0x0000000080000000, 0x0000000086f80000, 0x00000000d5580000)
  object space 114176K, 99% used [0x0000000080000000,0x0000000086f4f898,0x0000000086f80000)
 Metaspace       used 71482K, committed 73088K, reserved 1179648K
  class space    used 7275K, committed 8064K, reserved 1048576K
}
Event: 18.666 GC heap after
{Heap after GC invocations=93 (full 3):
 PSYoungGen      total 17408K, used 1617K [0x00000000d5580000, 0x00000000d6880000, 0x0000000100000000)
  eden space 15360K, 0% used [0x00000000d5580000,0x00000000d5580000,0x00000000d6480000)
  from space 2048K, 78% used [0x00000000d6680000,0x00000000d6814590,0x00000000d6880000)
  to   space 2048K, 0% used [0x00000000d6480000,0x00000000d6480000,0x00000000d6680000)
 ParOldGen       total 115712K, used 115650K [0x0000000080000000, 0x0000000087100000, 0x00000000d5580000)
  object space 115712K, 99% used [0x0000000080000000,0x00000000870f08d0,0x0000000087100000)
 Metaspace       used 71482K, committed 73088K, reserved 1179648K
  class space    used 7275K, committed 8064K, reserved 1048576K
}
Event: 18.792 GC heap before
{Heap before GC invocations=94 (full 3):
 PSYoungGen      total 17408K, used 16977K [0x00000000d5580000, 0x00000000d6880000, 0x0000000100000000)
  eden space 15360K, 100% used [0x00000000d5580000,0x00000000d6480000,0x00000000d6480000)
  from space 2048K, 78% used [0x00000000d6680000,0x00000000d6814590,0x00000000d6880000)
  to   space 2048K, 0% used [0x00000000d6480000,0x00000000d6480000,0x00000000d6680000)
 ParOldGen       total 115712K, used 115650K [0x0000000080000000, 0x0000000087100000, 0x00000000d5580000)
  object space 115712K, 99% used [0x0000000080000000,0x00000000870f08d0,0x0000000087100000)
 Metaspace       used 71500K, committed 73088K, reserved 1179648K
  class space    used 7276K, committed 8064K, reserved 1048576K
}
Event: 18.795 GC heap after
{Heap after GC invocations=94 (full 3):
 PSYoungGen      total 16384K, used 948K [0x00000000d5580000, 0x00000000d6780000, 0x0000000100000000)
  eden space 15360K, 0% used [0x00000000d5580000,0x00000000d5580000,0x00000000d6480000)
  from space 1024K, 92% used [0x00000000d6480000,0x00000000d656d200,0x00000000d6580000)
  to   space 1536K, 0% used [0x00000000d6600000,0x00000000d6600000,0x00000000d6780000)
 ParOldGen       total 117248K, used 117147K [0x0000000080000000, 0x0000000087280000, 0x00000000d5580000)
  object space 117248K, 99% used [0x0000000080000000,0x0000000087266eb0,0x0000000087280000)
 Metaspace       used 71500K, committed 73088K, reserved 1179648K
  class space    used 7276K, committed 8064K, reserved 1048576K
}
Event: 18.889 GC heap before
{Heap before GC invocations=95 (full 3):
 PSYoungGen      total 16384K, used 16308K [0x00000000d5580000, 0x00000000d6780000, 0x0000000100000000)
  eden space 15360K, 100% used [0x00000000d5580000,0x00000000d6480000,0x00000000d6480000)
  from space 1024K, 92% used [0x00000000d6480000,0x00000000d656d200,0x00000000d6580000)
  to   space 1536K, 0% used [0x00000000d6600000,0x00000000d6600000,0x00000000d6780000)
 ParOldGen       total 117248K, used 117147K [0x0000000080000000, 0x0000000087280000, 0x00000000d5580000)
  object space 117248K, 99% used [0x0000000080000000,0x0000000087266eb0,0x0000000087280000)
 Metaspace       used 71526K, committed 73152K, reserved 1179648K
  class space    used 7278K, committed 8064K, reserved 1048576K
}
Event: 18.893 GC heap after
{Heap after GC invocations=95 (full 3):
 PSYoungGen      total 16896K, used 1076K [0x00000000d5580000, 0x00000000d6780000, 0x0000000100000000)
  eden space 15360K, 0% used [0x00000000d5580000,0x00000000d5580000,0x00000000d6480000)
  from space 1536K, 70% used [0x00000000d6600000,0x00000000d670d220,0x00000000d6780000)
  to   space 1536K, 0% used [0x00000000d6480000,0x00000000d6480000,0x00000000d6600000)
 ParOldGen       total 118272K, used 117912K [0x0000000080000000, 0x0000000087380000, 0x00000000d5580000)
  object space 118272K, 99% used [0x0000000080000000,0x0000000087326100,0x0000000087380000)
 Metaspace       used 71526K, committed 73152K, reserved 1179648K
  class space    used 7278K, committed 8064K, reserved 1048576K
}
Event: 18.956 GC heap before
{Heap before GC invocations=96 (full 3):
 PSYoungGen      total 16896K, used 16436K [0x00000000d5580000, 0x00000000d6780000, 0x0000000100000000)
  eden space 15360K, 100% used [0x00000000d5580000,0x00000000d6480000,0x00000000d6480000)
  from space 1536K, 70% used [0x00000000d6600000,0x00000000d670d220,0x00000000d6780000)
  to   space 1536K, 0% used [0x00000000d6480000,0x00000000d6480000,0x00000000d6600000)
 ParOldGen       total 118272K, used 117912K [0x0000000080000000, 0x0000000087380000, 0x00000000d5580000)
  object space 118272K, 99% used [0x0000000080000000,0x0000000087326100,0x0000000087380000)
 Metaspace       used 71538K, committed 73152K, reserved 1179648K
  class space    used 7278K, committed 8064K, reserved 1048576K
}
Event: 18.962 GC heap after
{Heap after GC invocations=96 (full 3):
 PSYoungGen      total 16896K, used 1529K [0x00000000d5580000, 0x00000000d6a80000, 0x0000000100000000)
  eden space 15360K, 0% used [0x00000000d5580000,0x00000000d5580000,0x00000000d6480000)
  from space 1536K, 99% used [0x00000000d6480000,0x00000000d65fe7d0,0x00000000d6600000)
  to   space 3072K, 0% used [0x00000000d6780000,0x00000000d6780000,0x00000000d6a80000)
 ParOldGen       total 119296K, used 118961K [0x0000000080000000, 0x0000000087480000, 0x00000000d5580000)
  object space 119296K, 99% used [0x0000000080000000,0x000000008742c770,0x0000000087480000)
 Metaspace       used 71538K, committed 73152K, reserved 1179648K
  class space    used 7278K, committed 8064K, reserved 1048576K
}
Event: 19.059 GC heap before
{Heap before GC invocations=97 (full 3):
 PSYoungGen      total 16896K, used 16889K [0x00000000d5580000, 0x00000000d6a80000, 0x0000000100000000)
  eden space 15360K, 100% used [0x00000000d5580000,0x00000000d6480000,0x00000000d6480000)
  from space 1536K, 99% used [0x00000000d6480000,0x00000000d65fe7d0,0x00000000d6600000)
  to   space 3072K, 0% used [0x00000000d6780000,0x00000000d6780000,0x00000000d6a80000)
 ParOldGen       total 119296K, used 118961K [0x0000000080000000, 0x0000000087480000, 0x00000000d5580000)
  object space 119296K, 99% used [0x0000000080000000,0x000000008742c770,0x0000000087480000)
 Metaspace       used 71546K, committed 73152K, reserved 1179648K
  class space    used 7278K, committed 8064K, reserved 1048576K
}
Event: 19.061 GC heap after
{Heap after GC invocations=97 (full 3):
 PSYoungGen      total 16896K, used 1284K [0x00000000d5580000, 0x00000000d6900000, 0x0000000100000000)
  eden space 15360K, 0% used [0x00000000d5580000,0x00000000d5580000,0x00000000d6480000)
  from space 1536K, 83% used [0x00000000d6780000,0x00000000d68c1230,0x00000000d6900000)
  to   space 2048K, 0% used [0x00000000d6500000,0x00000000d6500000,0x00000000d6700000)
 ParOldGen       total 120832K, used 120324K [0x0000000080000000, 0x0000000087600000, 0x00000000d5580000)
  object space 120832K, 99% used [0x0000000080000000,0x00000000875810d0,0x0000000087600000)
 Metaspace       used 71546K, committed 73152K, reserved 1179648K
  class space    used 7278K, committed 8064K, reserved 1048576K
}
Event: 19.169 GC heap before
{Heap before GC invocations=98 (full 3):
 PSYoungGen      total 16896K, used 16644K [0x00000000d5580000, 0x00000000d6900000, 0x0000000100000000)
  eden space 15360K, 100% used [0x00000000d5580000,0x00000000d6480000,0x00000000d6480000)
  from space 1536K, 83% used [0x00000000d6780000,0x00000000d68c1230,0x00000000d6900000)
  to   space 2048K, 0% used [0x00000000d6500000,0x00000000d6500000,0x00000000d6700000)
 ParOldGen       total 120832K, used 120324K [0x0000000080000000, 0x0000000087600000, 0x00000000d5580000)
  object space 120832K, 99% used [0x0000000080000000,0x00000000875810d0,0x0000000087600000)
 Metaspace       used 71591K, committed 73152K, reserved 1179648K
  class space    used 7278K, committed 8064K, reserved 1048576K
}
Event: 19.172 GC heap after
{Heap after GC invocations=98 (full 3):
 PSYoungGen      total 17408K, used 1716K [0x00000000d5580000, 0x00000000d6880000, 0x0000000100000000)
  eden space 15360K, 0% used [0x00000000d5580000,0x00000000d5580000,0x00000000d6480000)
  from space 2048K, 83% used [0x00000000d6500000,0x00000000d66ad310,0x00000000d6700000)
  to   space 1536K, 0% used [0x00000000d6700000,0x00000000d6700000,0x00000000d6880000)
 ParOldGen       total 121856K, used 121426K [0x0000000080000000, 0x0000000087700000, 0x00000000d5580000)
  object space 121856K, 99% used [0x0000000080000000,0x0000000087694b20,0x0000000087700000)
 Metaspace       used 71591K, committed 73152K, reserved 1179648K
  class space    used 7278K, committed 8064K, reserved 1048576K
}
Event: 19.226 GC heap before
{Heap before GC invocations=99 (full 3):
 PSYoungGen      total 17408K, used 17076K [0x00000000d5580000, 0x00000000d6880000, 0x0000000100000000)
  eden space 15360K, 100% used [0x00000000d5580000,0x00000000d6480000,0x00000000d6480000)
  from space 2048K, 83% used [0x00000000d6500000,0x00000000d66ad310,0x00000000d6700000)
  to   space 1536K, 0% used [0x00000000d6700000,0x00000000d6700000,0x00000000d6880000)
 ParOldGen       total 121856K, used 121426K [0x0000000080000000, 0x0000000087700000, 0x00000000d5580000)
  object space 121856K, 99% used [0x0000000080000000,0x0000000087694b20,0x0000000087700000)
 Metaspace       used 71592K, committed 73152K, reserved 1179648K
  class space    used 7278K, committed 8064K, reserved 1048576K
}
Event: 19.229 GC heap after
{Heap after GC invocations=99 (full 3):
 PSYoungGen      total 16896K, used 1056K [0x00000000d5580000, 0x00000000d6880000, 0x0000000100000000)
  eden space 15360K, 0% used [0x00000000d5580000,0x00000000d5580000,0x00000000d6480000)
  from space 1536K, 68% used [0x00000000d6700000,0x00000000d6808040,0x00000000d6880000)
  to   space 1536K, 0% used [0x00000000d6580000,0x00000000d6580000,0x00000000d6700000)
 ParOldGen       total 123392K, used 122986K [0x0000000080000000, 0x0000000087880000, 0x00000000d5580000)
  object space 123392K, 99% used [0x0000000080000000,0x000000008781aa48,0x0000000087880000)
 Metaspace       used 71592K, committed 73152K, reserved 1179648K
  class space    used 7278K, committed 8064K, reserved 1048576K
}
Event: 19.404 GC heap before
{Heap before GC invocations=100 (full 3):
 PSYoungGen      total 16896K, used 16416K [0x00000000d5580000, 0x00000000d6880000, 0x0000000100000000)
  eden space 15360K, 100% used [0x00000000d5580000,0x00000000d6480000,0x00000000d6480000)
  from space 1536K, 68% used [0x00000000d6700000,0x00000000d6808040,0x00000000d6880000)
  to   space 1536K, 0% used [0x00000000d6580000,0x00000000d6580000,0x00000000d6700000)
 ParOldGen       total 123392K, used 122986K [0x0000000080000000, 0x0000000087880000, 0x00000000d5580000)
  object space 123392K, 99% used [0x0000000080000000,0x000000008781aa48,0x0000000087880000)
 Metaspace       used 71628K, committed 73216K, reserved 1179648K
  class space    used 7278K, committed 8064K, reserved 1048576K
}
Event: 19.410 GC heap after
{Heap after GC invocations=100 (full 3):
 PSYoungGen      total 16896K, used 1505K [0x00000000d5580000, 0x00000000d6c80000, 0x0000000100000000)
  eden space 15360K, 0% used [0x00000000d5580000,0x00000000d5580000,0x00000000d6480000)
  from space 1536K, 98% used [0x00000000d6580000,0x00000000d66f8580,0x00000000d6700000)
  to   space 4096K, 0% used [0x00000000d6880000,0x00000000d6880000,0x00000000d6c80000)
 ParOldGen       total 124928K, used 124696K [0x0000000080000000, 0x0000000087a00000, 0x00000000d5580000)
  object space 124928K, 99% used [0x0000000080000000,0x00000000879c6270,0x0000000087a00000)
 Metaspace       used 71628K, committed 73216K, reserved 1179648K
  class space    used 7278K, committed 8064K, reserved 1048576K
}

Dll operation events (10 events):
Event: 0.015 Loaded shared library c:\Users\user\.vscode\extensions\redhat.java-1.51.0-win32-x64\jre\21.0.9-win32-x86_64\bin\java.dll
Event: 0.055 Loaded shared library c:\Users\user\.vscode\extensions\redhat.java-1.51.0-win32-x64\jre\21.0.9-win32-x86_64\bin\zip.dll
Event: 0.147 Loaded shared library C:\Users\user\.vscode\extensions\redhat.java-1.51.0-win32-x64\jre\21.0.9-win32-x86_64\bin\instrument.dll
Event: 0.154 Loaded shared library C:\Users\user\.vscode\extensions\redhat.java-1.51.0-win32-x64\jre\21.0.9-win32-x86_64\bin\net.dll
Event: 0.157 Loaded shared library C:\Users\user\.vscode\extensions\redhat.java-1.51.0-win32-x64\jre\21.0.9-win32-x86_64\bin\nio.dll
Event: 0.163 Loaded shared library C:\Users\user\.vscode\extensions\redhat.java-1.51.0-win32-x64\jre\21.0.9-win32-x86_64\bin\zip.dll
Event: 0.182 Loaded shared library C:\Users\user\.vscode\extensions\redhat.java-1.51.0-win32-x64\jre\21.0.9-win32-x86_64\bin\jimage.dll
Event: 0.262 Loaded shared library c:\Users\user\.vscode\extensions\redhat.java-1.51.0-win32-x64\jre\21.0.9-win32-x86_64\bin\verify.dll
Event: 1.316 Loaded shared library C:\Users\user\AppData\Roaming\Code\User\globalStorage\redhat.java\1.51.0\config_win\org.eclipse.equinox.launcher\org.eclipse.equinox.launcher.win32.win32.x86_64_1.2.1400.v20250801-0854\eclipse_11916.dll
Event: 2.735 Loaded shared library C:\Users\user\AppData\Local\Temp\jna-3599307\jna9919559472873901069.dll

Deoptimization events (20 events):
Event: 18.501 Thread 0x00000260efb89fc0 DEOPT PACKING pc=0x00000260952267b2 sp=0x000000e3a75fe190
Event: 18.501 Thread 0x00000260efb89fc0 DEOPT UNPACKING pc=0x000002609b5078e2 sp=0x000000e3a75fd708 mode 0
Event: 18.579 Thread 0x00000260efb89fc0 DEOPT PACKING pc=0x0000026095d538d6 sp=0x000000e3a75fcfa0
Event: 18.579 Thread 0x00000260efb89fc0 DEOPT UNPACKING pc=0x000002609b5078e2 sp=0x000000e3a75fc430 mode 0
Event: 18.693 Thread 0x00000260efb89fc0 DEOPT PACKING pc=0x00000260952267b2 sp=0x000000e3a75fe190
Event: 18.693 Thread 0x00000260efb89fc0 DEOPT UNPACKING pc=0x000002609b5078e2 sp=0x000000e3a75fd708 mode 0
Event: 18.852 Thread 0x00000260efb89fc0 DEOPT PACKING pc=0x00000260949a0b45 sp=0x000000e3a75fdd60
Event: 18.852 Thread 0x00000260efb89fc0 DEOPT UNPACKING pc=0x000002609b5078e2 sp=0x000000e3a75fd270 mode 0
Event: 18.912 Thread 0x00000260efb89fc0 Uncommon trap: trap_request=0xffffff45 fr.pc=0x000002609c39a63c relative=0x00000000000000dc
Event: 18.912 Thread 0x00000260efb89fc0 Uncommon trap: reason=unstable_if action=reinterpret pc=0x000002609c39a63c method=org.eclipse.jdt.internal.compiler.lookup.LookupEnvironment.convertUnresolvedBinaryToRawType(Lorg/eclipse/jdt/internal/compiler/lookup/TypeBinding;)Lorg/eclipse/jdt/internal/
Event: 18.912 Thread 0x00000260efb89fc0 DEOPT PACKING pc=0x000002609c39a63c sp=0x000000e3a75fe250
Event: 18.912 Thread 0x00000260efb89fc0 DEOPT UNPACKING pc=0x000002609b506da2 sp=0x000000e3a75fe1d0 mode 2
Event: 19.256 Thread 0x00000260efb89fc0 Uncommon trap: trap_request=0xffffff6e fr.pc=0x000002609c3c0fc0 relative=0x00000000000000a0
Event: 19.256 Thread 0x00000260efb89fc0 Uncommon trap: reason=loop_limit_check action=maybe_recompile pc=0x000002609c3c0fc0 method=org.eclipse.jdt.internal.compiler.lookup.BinaryTypeBinding.superInterfaces()[Lorg/eclipse/jdt/internal/compiler/lookup/ReferenceBinding; @ 266 c2
Event: 19.256 Thread 0x00000260efb89fc0 DEOPT PACKING pc=0x000002609c3c0fc0 sp=0x000000e3a75fe2d0
Event: 19.256 Thread 0x00000260efb89fc0 DEOPT UNPACKING pc=0x000002609b506da2 sp=0x000000e3a75fe268 mode 2
Event: 19.314 Thread 0x00000260efb89fc0 Uncommon trap: trap_request=0xffffff6e fr.pc=0x000002609c3b0cd8 relative=0x0000000000003778
Event: 19.314 Thread 0x00000260efb89fc0 Uncommon trap: reason=loop_limit_check action=maybe_recompile pc=0x000002609c3b0cd8 method=org.eclipse.jdt.internal.compiler.lookup.BlockScope.findLocalType([C)Lorg/eclipse/jdt/internal/compiler/lookup/ReferenceBinding; @ 79 c2
Event: 19.314 Thread 0x00000260efb89fc0 DEOPT PACKING pc=0x000002609c3b0cd8 sp=0x000000e3a75fe170
Event: 19.314 Thread 0x00000260efb89fc0 DEOPT UNPACKING pc=0x000002609b506da2 sp=0x000000e3a75fe0f0 mode 2

Classes loaded (20 events):
Event: 13.964 Loading class java/util/Collections$SynchronizedList done
Event: 13.964 Loading class java/util/Collections$SynchronizedRandomAccessList done
Event: 13.975 Loading class java/util/concurrent/CompletableFuture$Signaller
Event: 13.975 Loading class java/util/concurrent/CompletableFuture$Signaller done
Event: 14.229 Loading class java/nio/charset/CharacterCodingException
Event: 14.229 Loading class java/nio/charset/CharacterCodingException done
Event: 14.230 Loading class java/io/SequenceInputStream
Event: 14.230 Loading class java/io/SequenceInputStream done
Event: 15.352 Loading class java/util/concurrent/CompletableFuture$UniApply
Event: 15.352 Loading class java/util/concurrent/CompletableFuture$UniApply done
Event: 15.353 Loading class java/util/concurrent/CompletableFuture$UniExceptionally
Event: 15.353 Loading class java/util/concurrent/CompletableFuture$UniExceptionally done
Event: 15.499 Loading class java/util/Hashtable$KeySet
Event: 15.500 Loading class java/util/Hashtable$KeySet done
Event: 15.792 Loading class java/lang/invoke/MethodHandleImpl$CountingWrapper$1
Event: 15.794 Loading class java/lang/invoke/MethodHandleImpl$CountingWrapper$1 done
Event: 15.827 Loading class java/lang/UnsupportedClassVersionError
Event: 15.828 Loading class java/lang/UnsupportedClassVersionError done
Event: 17.210 Loading class jdk/internal/ref/CleanerImpl$InnocuousThreadFactory
Event: 17.211 Loading class jdk/internal/ref/CleanerImpl$InnocuousThreadFactory done

Classes unloaded (7 events):
Event: 3.302 Thread 0x00000260a7814ec0 Unloading class 0x00000260a91a9c00 'java/lang/invoke/LambdaForm$MH+0x00000260a91a9c00'
Event: 3.302 Thread 0x00000260a7814ec0 Unloading class 0x00000260a91a9800 'java/lang/invoke/LambdaForm$MH+0x00000260a91a9800'
Event: 3.302 Thread 0x00000260a7814ec0 Unloading class 0x00000260a91a9400 'java/lang/invoke/LambdaForm$MH+0x00000260a91a9400'
Event: 3.302 Thread 0x00000260a7814ec0 Unloading class 0x00000260a91a9000 'java/lang/invoke/LambdaForm$MH+0x00000260a91a9000'
Event: 3.302 Thread 0x00000260a7814ec0 Unloading class 0x00000260a91a8c00 'java/lang/invoke/LambdaForm$BMH+0x00000260a91a8c00'
Event: 3.302 Thread 0x00000260a7814ec0 Unloading class 0x00000260a91a8800 'java/lang/invoke/LambdaForm$DMH+0x00000260a91a8800'
Event: 3.302 Thread 0x00000260a7814ec0 Unloading class 0x00000260a91a3800 'java/lang/invoke/LambdaForm$DMH+0x00000260a91a3800'

Classes redefined (0 events):
No events

Internal exceptions (20 events):
Event: 15.547 Thread 0x00000260efb8ace0 Exception <a 'sun/nio/fs/WindowsException'{0x00000000d60d79e0}> (0x00000000d60d79e0) 
thrown [s\src\hotspot\share\prims\jni.cpp, line 520]
Event: 15.547 Thread 0x00000260efb8ace0 Exception <a 'sun/nio/fs/WindowsException'{0x00000000d60d8108}> (0x00000000d60d8108) 
thrown [s\src\hotspot\share\prims\jni.cpp, line 520]
Event: 15.559 Thread 0x00000260f0fce0a0 Exception <a 'java/lang/IncompatibleClassChangeError'{0x00000000d573b138}: Found class java.lang.Object, but interface was expected> (0x00000000d573b138) 
thrown [s\src\hotspot\share\interpreter\linkResolver.cpp, line 840]
Event: 15.574 Thread 0x00000260f0df4100 Implicit null exception at 0x000002609c25bde4 to 0x000002609c25cb68
Event: 15.581 Thread 0x00000260efb8ace0 Exception <a 'sun/nio/fs/WindowsException'{0x00000000d63e59d0}> (0x00000000d63e59d0) 
thrown [s\src\hotspot\share\prims\jni.cpp, line 520]
Event: 15.582 Thread 0x00000260efb8ace0 Exception <a 'sun/nio/fs/WindowsException'{0x00000000d63e60f8}> (0x00000000d63e60f8) 
thrown [s\src\hotspot\share\prims\jni.cpp, line 520]
Event: 15.744 Thread 0x00000260efb8a650 Exception <a 'java/lang/NoSuchMethodError'{0x00000000d5ceafa0}: 'java.lang.Object java.lang.invoke.DirectMethodHandle$Holder.invokeSpecial(java.lang.Object, java.lang.Object, int, long)'> (0x00000000d5ceafa0) 
thrown [s\src\hotspot\share\interpreter\linkResolver.cpp, line 773]
Event: 15.793 Thread 0x00000260f0df5b40 Exception <a 'java/lang/ArrayIndexOutOfBoundsException'{0x00000000d5f20300}: Index 832 out of bounds for length 831> (0x00000000d5f20300) 
thrown [s\src\hotspot\share\interpreter\interpreterRuntime.cpp, line 439]
Event: 15.873 Thread 0x00000260f0df8fc0 Exception <a 'java/lang/NoSuchMethodError'{0x00000000d61365d0}: 'int java.lang.invoke.Invokers$Holder.invokeExact_MT(java.lang.Object, java.lang.Object)'> (0x00000000d61365d0) 
thrown [s\src\hotspot\share\interpreter\linkResolver.cpp, line 773]
Event: 16.000 Thread 0x00000260f0df8930 Exception <a 'java/lang/IncompatibleClassChangeError'{0x00000000d5690590}: Found class java.lang.Object, but interface was expected> (0x00000000d5690590) 
thrown [s\src\hotspot\share\interpreter\linkResolver.cpp, line 840]
Event: 16.353 Thread 0x00000260f0df8fc0 Exception <a 'java/lang/LinkageError'{0x00000000d5e1e018}: loader lombok.launch.ShadowClassLoader @736303ca attempted duplicate class definition for lombok.eclipse.EcjAugments. (lombok.eclipse.EcjAugments is in unnamed module of loader lombok.launch.ShadowClassLoader @736303ca, parent loader org.eclipse.osgi.internal.loader.EquinoxClassLoader @3420d938)> (0x00000000d5e1e018) 
thrown [s\src\hotspot\share\classfile\systemDictionary.cpp, line 1682]
Event: 16.396 Thread 0x00000260f0df7c10 Exception <a 'sun/nio/fs/WindowsException'{0x00000000d616d430}> (0x00000000d616d430) 
thrown [s\src\hotspot\share\prims\jni.cpp, line 520]
Event: 16.396 Thread 0x00000260f0df7c10 Exception <a 'sun/nio/fs/WindowsException'{0x00000000d616de28}> (0x00000000d616de28) 
thrown [s\src\hotspot\share\prims\jni.cpp, line 520]
Event: 16.396 Thread 0x00000260f0df7c10 Exception <a 'sun/nio/fs/WindowsException'{0x00000000d616ee50}> (0x00000000d616ee50) 
thrown [s\src\hotspot\share\prims\jni.cpp, line 520]
Event: 16.397 Thread 0x00000260f0df7c10 Exception <a 'sun/nio/fs/WindowsException'{0x00000000d616f828}> (0x00000000d616f828) 
thrown [s\src\hotspot\share\prims\jni.cpp, line 520]
Event: 16.398 Thread 0x00000260f0df7c10 Exception <a 'sun/nio/fs/WindowsException'{0x00000000d61712c8}> (0x00000000d61712c8) 
thrown [s\src\hotspot\share\prims\jni.cpp, line 520]
Event: 16.398 Thread 0x00000260f0df7c10 Exception <a 'sun/nio/fs/WindowsException'{0x00000000d6171ca0}> (0x00000000d6171ca0) 
thrown [s\src\hotspot\share\prims\jni.cpp, line 520]
Event: 16.406 Thread 0x00000260f0df7c10 Exception <a 'sun/nio/fs/WindowsException'{0x00000000d6264788}> (0x00000000d6264788) 
thrown [s\src\hotspot\share\prims\jni.cpp, line 520]
Event: 16.407 Thread 0x00000260f0df7c10 Exception <a 'sun/nio/fs/WindowsException'{0x00000000d6265160}> (0x00000000d6265160) 
thrown [s\src\hotspot\share\prims\jni.cpp, line 520]
Event: 16.430 Thread 0x00000260f0df8fc0 Exception <a 'java/lang/LinkageError'{0x00000000d567b720}: loader lombok.launch.ShadowClassLoader @736303ca attempted duplicate class definition for lombok.launch.PatchFixesHider$PatchFixes. (lombok.launch.PatchFixesHider$PatchFixes is in unnamed module of loader lombok.launch.ShadowClassLoader @736303ca, parent loader org.eclipse.osgi.internal.loader.EquinoxClassLoader @3420d938)> (0x00000000d567b720) 
thrown [s\src\hotspot\share\classfile\systemDictionary.cpp, line 1682]

ZGC Phase Switch (0 events):
No events

VM Operations (20 events):
Event: 18.466 Executing VM operation: ParallelGCFailedAllocation (Allocation Failure)
Event: 18.471 Executing VM operation: ParallelGCFailedAllocation (Allocation Failure) done
Event: 18.581 Executing VM operation: ParallelGCFailedAllocation (Allocation Failure)
Event: 18.584 Executing VM operation: ParallelGCFailedAllocation (Allocation Failure) done
Event: 18.662 Executing VM operation: ParallelGCFailedAllocation (Allocation Failure)
Event: 18.666 Executing VM operation: ParallelGCFailedAllocation (Allocation Failure) done
Event: 18.792 Executing VM operation: ParallelGCFailedAllocation (Allocation Failure)
Event: 18.795 Executing VM operation: ParallelGCFailedAllocation (Allocation Failure) done
Event: 18.889 Executing VM operation: ParallelGCFailedAllocation (Allocation Failure)
Event: 18.893 Executing VM operation: ParallelGCFailedAllocation (Allocation Failure) done
Event: 18.956 Executing VM operation: ParallelGCFailedAllocation (Allocation Failure)
Event: 18.962 Executing VM operation: ParallelGCFailedAllocation (Allocation Failure) done
Event: 19.059 Executing VM operation: ParallelGCFailedAllocation (Allocation Failure)
Event: 19.061 Executing VM operation: ParallelGCFailedAllocation (Allocation Failure) done
Event: 19.169 Executing VM operation: ParallelGCFailedAllocation (Allocation Failure)
Event: 19.172 Executing VM operation: ParallelGCFailedAllocation (Allocation Failure) done
Event: 19.226 Executing VM operation: ParallelGCFailedAllocation (Allocation Failure)
Event: 19.229 Executing VM operation: ParallelGCFailedAllocation (Allocation Failure) done
Event: 19.404 Executing VM operation: ParallelGCFailedAllocation (Allocation Failure)
Event: 19.410 Executing VM operation: ParallelGCFailedAllocation (Allocation Failure) done

Memory protections (0 events):
No events

Nmethod flushes (20 events):
Event: 10.223 Thread 0x00000260a7814ec0 flushing osr nmethod 0x0000026094881b10
Event: 10.223 Thread 0x00000260a7814ec0 flushing osr nmethod 0x00000260948cfa90
Event: 10.223 Thread 0x00000260a7814ec0 flushing  nmethod 0x00000260948ddc10
Event: 10.223 Thread 0x00000260a7814ec0 flushing  nmethod 0x00000260948eab90
Event: 10.223 Thread 0x00000260a7814ec0 flushing  nmethod 0x00000260948f1410
Event: 10.223 Thread 0x00000260a7814ec0 flushing  nmethod 0x00000260948f9d90
Event: 10.223 Thread 0x00000260a7814ec0 flushing  nmethod 0x00000260948ffd10
Event: 10.223 Thread 0x00000260a7814ec0 flushing  nmethod 0x0000026094901890
Event: 10.223 Thread 0x00000260a7814ec0 flushing  nmethod 0x000002609490ac90
Event: 10.223 Thread 0x00000260a7814ec0 flushing  nmethod 0x000002609490b710
Event: 10.223 Thread 0x00000260a7814ec0 flushing  nmethod 0x000002609490cb10
Event: 10.223 Thread 0x00000260a7814ec0 flushing  nmethod 0x000002609492a590
Event: 10.223 Thread 0x00000260a7814ec0 flushing  nmethod 0x0000026094939610
Event: 10.223 Thread 0x00000260a7814ec0 flushing  nmethod 0x000002609493a390
Event: 10.223 Thread 0x00000260a7814ec0 flushing  nmethod 0x000002609493a810
Event: 10.223 Thread 0x00000260a7814ec0 flushing  nmethod 0x000002609494e790
Event: 10.223 Thread 0x00000260a7814ec0 flushing  nmethod 0x000002609495c790
Event: 10.223 Thread 0x00000260a7814ec0 flushing  nmethod 0x0000026094961990
Event: 10.223 Thread 0x00000260a7814ec0 flushing  nmethod 0x000002609499e910
Event: 10.223 Thread 0x00000260a7814ec0 flushing  nmethod 0x00000260949b6810

Events (20 events):
Event: 13.082 Thread 0x00000260f0df4790 Thread exited: 0x00000260f0df4790
Event: 13.082 Thread 0x00000260f0df61d0 Thread exited: 0x00000260f0df61d0
Event: 13.082 Thread 0x00000260f0df7c10 Thread exited: 0x00000260f0df7c10
Event: 13.461 Thread 0x00000260efb8d440 Thread added: 0x00000260f0df61d0
Event: 13.461 Thread 0x00000260efb8d440 Thread added: 0x00000260f0df4e20
Event: 13.461 Thread 0x00000260efb8d440 Thread added: 0x00000260f0df7580
Event: 13.462 Thread 0x00000260efb8d440 Thread added: 0x00000260f0df54b0
Event: 13.462 Thread 0x00000260efb8d440 Thread added: 0x00000260f0df8930
Event: 13.493 Thread 0x00000260f0df61d0 Thread exited: 0x00000260f0df61d0
Event: 13.493 Thread 0x00000260f0df7580 Thread exited: 0x00000260f0df7580
Event: 13.493 Thread 0x00000260f0df4e20 Thread exited: 0x00000260f0df4e20
Event: 13.493 Thread 0x00000260f0df8930 Thread exited: 0x00000260f0df8930
Event: 13.493 Thread 0x00000260f0df54b0 Thread exited: 0x00000260f0df54b0
Event: 15.361 Thread 0x00000260f0fce0a0 Thread added: 0x00000260f0df8fc0
Event: 15.433 Thread 0x00000260f0fce0a0 Thread added: 0x00000260f0df8930
Event: 15.438 Thread 0x00000260f0fce0a0 Thread added: 0x00000260f0df5b40
Event: 15.467 Thread 0x00000260efb89fc0 Thread added: 0x00000260f0df4100
Event: 15.467 Thread 0x00000260efb89fc0 Thread added: 0x00000260f0df7c10
Event: 15.471 Thread 0x00000260f0df4100 Thread added: 0x00000260f0df9650
Event: 17.211 Thread 0x00000260f0df8930 Thread added: 0x00000260f0df4790


Dynamic libraries:
0x00007ff6a86f0000 - 0x00007ff6a86fe000 	c:\Users\user\.vscode\extensions\redhat.java-1.51.0-win32-x64\jre\21.0.9-win32-x86_64\bin\java.exe
0x00007fff2e910000 - 0x00007fff2eb28000 	C:\WINDOWS\SYSTEM32\ntdll.dll
0x00007fff2dfd0000 - 0x00007fff2e094000 	C:\WINDOWS\System32\KERNEL32.DLL
0x00007fff2bd30000 - 0x00007fff2c103000 	C:\WINDOWS\System32\KERNELBASE.dll
0x00007fff2bb90000 - 0x00007fff2bca1000 	C:\WINDOWS\System32\ucrtbase.dll
0x00007fff015b0000 - 0x00007fff015ce000 	c:\Users\user\.vscode\extensions\redhat.java-1.51.0-win32-x64\jre\21.0.9-win32-x86_64\bin\VCRUNTIME140.dll
0x00007fff08f20000 - 0x00007fff08f38000 	c:\Users\user\.vscode\extensions\redhat.java-1.51.0-win32-x64\jre\21.0.9-win32-x86_64\bin\jli.dll
0x00007fff2da40000 - 0x00007fff2dbf2000 	C:\WINDOWS\System32\USER32.dll
0x00007fff2c4e0000 - 0x00007fff2c506000 	C:\WINDOWS\System32\win32u.dll
0x00007fff2cfc0000 - 0x00007fff2cfe9000 	C:\WINDOWS\System32\GDI32.dll
0x00007fff18890000 - 0x00007fff18b2c000 	C:\WINDOWS\WinSxS\amd64_microsoft.windows.common-controls_6595b64144ccf1df_6.0.22621.6060_none_2712eda17382d24b\COMCTL32.dll
0x00007fff2c110000 - 0x00007fff2c22b000 	C:\WINDOWS\System32\gdi32full.dll
0x00007fff2e0a0000 - 0x00007fff2e147000 	C:\WINDOWS\System32\msvcrt.dll
0x00007fff2c510000 - 0x00007fff2c5aa000 	C:\WINDOWS\System32\msvcp_win.dll
0x00007fff2c630000 - 0x00007fff2c661000 	C:\WINDOWS\System32\IMM32.DLL
0x000000006d3d0000 - 0x000000006d3dc000 	C:\Program Files (x86)\360\Total Security\safemon\SafeWrapper.dll
0x00007fff2cce0000 - 0x00007fff2cd91000 	C:\WINDOWS\System32\ADVAPI32.dll
0x00007fff2e1b0000 - 0x00007fff2e258000 	C:\WINDOWS\System32\sechost.dll
0x00007fff2ba20000 - 0x00007fff2ba48000 	C:\WINDOWS\System32\bcrypt.dll
0x00007fff2de20000 - 0x00007fff2df38000 	C:\WINDOWS\System32\RPCRT4.dll
0x00007ffefe8b0000 - 0x00007ffefe95c000 	C:\Program Files (x86)\360\Total Security\safemon\libzdtp64.dll
0x00007fff2cff0000 - 0x00007fff2d88c000 	C:\WINDOWS\System32\SHELL32.dll
0x00007fff2c3a0000 - 0x00007fff2c4df000 	C:\WINDOWS\System32\wintypes.dll
0x00007fff2e400000 - 0x00007fff2e791000 	C:\WINDOWS\System32\combase.dll
0x00007fff2cdb0000 - 0x00007fff2ce19000 	C:\WINDOWS\System32\SHLWAPI.dll
0x00007fff2b460000 - 0x00007fff2b46a000 	C:\WINDOWS\SYSTEM32\VERSION.dll
0x00007fff015a0000 - 0x00007fff015ac000 	c:\Users\user\.vscode\extensions\redhat.java-1.51.0-win32-x64\jre\21.0.9-win32-x86_64\bin\vcruntime140_1.dll
0x00007ffeff080000 - 0x00007ffeff10d000 	c:\Users\user\.vscode\extensions\redhat.java-1.51.0-win32-x64\jre\21.0.9-win32-x86_64\bin\msvcp140.dll
0x00007ffec3060000 - 0x00007ffec3e00000 	c:\Users\user\.vscode\extensions\redhat.java-1.51.0-win32-x64\jre\21.0.9-win32-x86_64\bin\server\jvm.dll
0x00007fff2df50000 - 0x00007fff2dfc1000 	C:\WINDOWS\System32\WS2_32.dll
0x00007fff2b7f0000 - 0x00007fff2b83d000 	C:\WINDOWS\SYSTEM32\POWRPROF.dll
0x00007fff24890000 - 0x00007fff248c4000 	C:\WINDOWS\SYSTEM32\WINMM.dll
0x00007fff2b6d0000 - 0x00007fff2b6e3000 	C:\WINDOWS\SYSTEM32\UMPDC.dll
0x00007fff2a990000 - 0x00007fff2a9a8000 	C:\WINDOWS\SYSTEM32\kernel.appcore.dll
0x00007fff01590000 - 0x00007fff0159a000 	c:\Users\user\.vscode\extensions\redhat.java-1.51.0-win32-x64\jre\21.0.9-win32-x86_64\bin\jimage.dll
0x00007fff29210000 - 0x00007fff29443000 	C:\WINDOWS\SYSTEM32\DBGHELP.DLL
0x00007fff2e270000 - 0x00007fff2e348000 	C:\WINDOWS\System32\OLEAUT32.dll
0x00007fff291d0000 - 0x00007fff29202000 	C:\WINDOWS\SYSTEM32\dbgcore.DLL
0x00007fff2bb10000 - 0x00007fff2bb8b000 	C:\WINDOWS\System32\bcryptPrimitives.dll
0x00007fff26cf0000 - 0x00007fff26cff000 	c:\Users\user\.vscode\extensions\redhat.java-1.51.0-win32-x64\jre\21.0.9-win32-x86_64\bin\instrument.dll
0x00007ffefeff0000 - 0x00007ffeff010000 	c:\Users\user\.vscode\extensions\redhat.java-1.51.0-win32-x64\jre\21.0.9-win32-x86_64\bin\java.dll
0x00007fff298b0000 - 0x00007fff2a1ca000 	C:\WINDOWS\SYSTEM32\windows.storage.dll
0x00007fff2ce90000 - 0x00007fff2cf94000 	C:\WINDOWS\System32\SHCORE.dll
0x00007fff2b950000 - 0x00007fff2b975000 	C:\WINDOWS\SYSTEM32\profapi.dll
0x00007fff01560000 - 0x00007fff01578000 	c:\Users\user\.vscode\extensions\redhat.java-1.51.0-win32-x64\jre\21.0.9-win32-x86_64\bin\zip.dll
0x00007fff01550000 - 0x00007fff01560000 	C:\Users\user\.vscode\extensions\redhat.java-1.51.0-win32-x64\jre\21.0.9-win32-x86_64\bin\net.dll
0x00007fff28f80000 - 0x00007fff290ac000 	C:\WINDOWS\SYSTEM32\WINHTTP.dll
0x00007fff2ae70000 - 0x00007fff2aed9000 	C:\WINDOWS\system32\mswsock.dll
0x00007ffeff020000 - 0x00007ffeff036000 	C:\Users\user\.vscode\extensions\redhat.java-1.51.0-win32-x64\jre\21.0.9-win32-x86_64\bin\nio.dll
0x00007fff14740000 - 0x00007fff14750000 	c:\Users\user\.vscode\extensions\redhat.java-1.51.0-win32-x64\jre\21.0.9-win32-x86_64\bin\verify.dll
0x00007fff04790000 - 0x00007fff047d4000 	C:\Users\user\AppData\Roaming\Code\User\globalStorage\redhat.java\1.51.0\config_win\org.eclipse.equinox.launcher\org.eclipse.equinox.launcher.win32.win32.x86_64_1.2.1400.v20250801-0854\eclipse_11916.dll
0x00007fff2d890000 - 0x00007fff2da31000 	C:\WINDOWS\System32\ole32.dll
0x00007fff2b0c0000 - 0x00007fff2b0db000 	C:\WINDOWS\SYSTEM32\CRYPTSP.dll
0x00007fff2a8f0000 - 0x00007fff2a927000 	C:\WINDOWS\system32\rsaenh.dll
0x00007fff2af60000 - 0x00007fff2af88000 	C:\WINDOWS\SYSTEM32\USERENV.dll
0x00007fff2b0e0000 - 0x00007fff2b0ec000 	C:\WINDOWS\SYSTEM32\CRYPTBASE.dll
0x00007fff2a420000 - 0x00007fff2a44d000 	C:\WINDOWS\SYSTEM32\IPHLPAPI.DLL
0x00007fff2df40000 - 0x00007fff2df49000 	C:\WINDOWS\System32\NSI.dll
0x00007fff031b0000 - 0x00007fff031f9000 	C:\Users\user\AppData\Local\Temp\jna-3599307\jna9919559472873901069.dll
0x00007fff2e150000 - 0x00007fff2e158000 	C:\WINDOWS\System32\PSAPI.DLL
0x00007fff244c0000 - 0x00007fff244d9000 	C:\WINDOWS\SYSTEM32\dhcpcsvc6.DLL
0x00007fff244a0000 - 0x00007fff244bf000 	C:\WINDOWS\SYSTEM32\dhcpcsvc.DLL

JVMTI agents:
c:\Users\user\.vscode\extensions\redhat.java-1.51.0-win32-x64\lombok\lombok-1.18.39-4050.jar path:c:\Users\user\.vscode\extensions\redhat.java-1.51.0-win32-x64\jre\21.0.9-win32-x86_64\bin\instrument.dll, loaded, initialized, instrumentlib options:none

dbghelp: loaded successfully - version: 4.0.5 - missing functions: none
symbol engine: initialized successfully - sym options: 0x614 - pdb path: .;c:\Users\user\.vscode\extensions\redhat.java-1.51.0-win32-x64\jre\21.0.9-win32-x86_64\bin;C:\WINDOWS\SYSTEM32;C:\WINDOWS\WinSxS\amd64_microsoft.windows.common-controls_6595b64144ccf1df_6.0.22621.6060_none_2712eda17382d24b;C:\Program Files (x86)\360\Total Security\safemon;c:\Users\user\.vscode\extensions\redhat.java-1.51.0-win32-x64\jre\21.0.9-win32-x86_64\bin\server;C:\Users\user\AppData\Roaming\Code\User\globalStorage\redhat.java\1.51.0\config_win\org.eclipse.equinox.launcher\org.eclipse.equinox.launcher.win32.win32.x86_64_1.2.1400.v20250801-0854;C:\Users\user\AppData\Local\Temp\jna-3599307

VM Arguments:
jvm_args: --add-modules=ALL-SYSTEM --add-opens=java.base/java.util=ALL-UNNAMED --add-opens=java.base/java.lang=ALL-UNNAMED --add-opens=java.base/sun.nio.fs=ALL-UNNAMED -Declipse.application=org.eclipse.jdt.ls.core.id1 -Dosgi.bundles.defaultStartLevel=4 -Declipse.product=org.eclipse.jdt.ls.core.product -Djava.import.generatesMetadataFilesAtProjectRoot=false -DDetectVMInstallationsJob.disabled=true -Dfile.encoding=utf8 -XX:+UseParallelGC -XX:GCTimeRatio=4 -XX:AdaptiveSizePolicyWeight=90 -Dsun.zip.disableMemoryMapping=true -Xmx2G -Xms100m -Xlog:disable -javaagent:c:\Users\user\.vscode\extensions\redhat.java-1.51.0-win32-x64\lombok\lombok-1.18.39-4050.jar -XX:+HeapDumpOnOutOfMemoryError -XX:HeapDumpPath=c:\Users\user\AppData\Roaming\Code\User\workspaceStorage\0674b5c6fcfe98aa21c3e4592ae7b086\redhat.java -Daether.dependencyCollector.impl=bf 
java_command: c:\Users\user\.vscode\extensions\redhat.java-1.51.0-win32-x64\server\plugins\org.eclipse.equinox.launcher_1.7.100.v20251111-0406.jar -configuration c:\Users\user\AppData\Roaming\Code\User\globalStorage\redhat.java\1.51.0\config_win -data c:\Users\user\AppData\Roaming\Code\User\workspaceStorage\0674b5c6fcfe98aa21c3e4592ae7b086\redhat.java\jdt_ws --pipe=\\.\pipe\lsp-dfee994742c42236803e1bc82827cb88-sock
java_class_path (initial): c:\Users\user\.vscode\extensions\redhat.java-1.51.0-win32-x64\server\plugins\org.eclipse.equinox.launcher_1.7.100.v20251111-0406.jar
Launcher Type: SUN_STANDARD

[Global flags]
    uintx AdaptiveSizePolicyWeight                 = 90                                        {product} {command line}
     intx CICompilerCount                          = 4                                         {product} {ergonomic}
    uintx GCTimeRatio                              = 4                                         {product} {command line}
     bool HeapDumpOnOutOfMemoryError               = true                                   {manageable} {command line}
    ccstr HeapDumpPath                             = c:\Users\user\AppData\Roaming\Code\User\workspaceStorage\0674b5c6fcfe98aa21c3e4592ae7b086\redhat.java         {manageable} {command line}
   size_t InitialHeapSize                          = 104857600                                 {product} {command line}
   size_t MaxHeapSize                              = 2147483648                                {product} {command line}
   size_t MaxNewSize                               = 715653120                                 {product} {ergonomic}
   size_t MinHeapDeltaBytes                        = 524288                                    {product} {ergonomic}
   size_t MinHeapSize                              = 104857600                                 {product} {command line}
   size_t NewSize                                  = 34603008                                  {product} {ergonomic}
    uintx NonNMethodCodeHeapSize                   = 5839372                                {pd product} {ergonomic}
    uintx NonProfiledCodeHeapSize                  = 122909434                              {pd product} {ergonomic}
   size_t OldSize                                  = 70254592                                  {product} {ergonomic}
    uintx ProfiledCodeHeapSize                     = 122909434                              {pd product} {ergonomic}
    uintx ReservedCodeCacheSize                    = 251658240                              {pd product} {ergonomic}
     bool SegmentedCodeCache                       = true                                      {product} {ergonomic}
   size_t SoftMaxHeapSize                          = 2147483648                             {manageable} {ergonomic}
     bool UseCompressedOops                        = true                           {product lp64_product} {ergonomic}
     bool UseLargePagesIndividualAllocation        = false                                  {pd product} {ergonomic}
     bool UseParallelGC                            = true                                      {product} {command line}

Logging:
Log output configuration:
 #0: stdout all=off uptime,level,tags foldmultilines=false
 #1: stderr all=off uptime,level,tags foldmultilines=false

Release file:
JAVA_VERSION="21.0.9" 
MODULES="java.base java.compiler java.datatransfer java.xml java.prefs java.desktop java.instrument java.logging java.management java.security.sasl java.naming java.rmi java.management.rmi java.net.http java.scripting java.security.jgss java.transaction.xa java.sql java.sql.rowset java.xml.crypto java.se java.smartcardio jdk.accessibility jdk.internal.jvmstat jdk.attach jdk.charsets jdk.internal.opt jdk.zipfs jdk.compiler jdk.crypto.ec jdk.crypto.cryptoki jdk.crypto.mscapi jdk.dynalink jdk.internal.ed jdk.editpad jdk.hotspot.agent jdk.httpserver jdk.internal.le jdk.internal.vm.ci jdk.internal.vm.compiler jdk.internal.vm.compiler.management jdk.jartool jdk.javadoc jdk.jcmd jdk.management jdk.management.agent jdk.jconsole jdk.jdeps jdk.jdwp.agent jdk.jdi jdk.jfr jdk.jshell jdk.jsobject jdk.jstatd jdk.localedata jdk.management.jfr jdk.naming.dns jdk.naming.rmi jdk.net jdk.nio.mapmode jdk.random jdk.sctp jdk.security.auth jdk.security.jgss jdk.unsupported jdk.unsupported.desktop jdk.xml.dom" 

Environment Variables:
PATH=C:\Program Files\Eclipse Adoptium\jdk-17.0.17.10-hotspot\bin;C:\WINDOWS\system32;C:\WINDOWS;C:\WINDOWS\System32\Wbem;C:\WINDOWS\System32\WindowsPowerShell\v1.0\;C:\WINDOWS\System32\OpenSSH\;C:\Program Files\Git\cmd;C:\Program Files\nodejs\;C:\Program Files\MySQL\MySQL Shell 8.0\bin\;C:\Users\user\AppData\Local\Programs\Python\Launcher\;C:\Users\user\AppData\Local\Microsoft\WindowsApps;C:\Users\user\AppData\Local\Programs\Microsoft VS Code\bin;C:\Users\user\AppData\Roaming\npm;C:\Users\user\AppData\Local\Google\Cloud SDK\google-cloud-sdk\bin;C:\Users\user\AppData\Local\Microsoft\WinGet\Packages\Cloudflare.cloudflared_Microsoft.Winget.Source_8wekyb3d8bbwe;
USERNAME=user
OS=Windows_NT
PROCESSOR_IDENTIFIER=Intel64 Family 6 Model 126 Stepping 5, GenuineIntel
TMP=C:\Users\user\AppData\Local\Temp
TEMP=C:\Users\user\AppData\Local\Temp




Periodic native trim disabled

---------------  S Y S T E M  ---------------

OS:
 Windows 11 , 64 bit Build 22621 (10.0.22621.5415)
OS uptime: 4 days 20:41 hours

CPU: total 8 (initial active 8) (4 cores per cpu, 2 threads per core) family 6 model 126 stepping 5 microcode 0x86, cx8, cmov, fxsr, ht, mmx, 3dnowpref, sse, sse2, sse3, ssse3, sse4.1, sse4.2, popcnt, lzcnt, tsc, tscinvbit, avx, avx2, aes, erms, clmul, bmi1, bmi2, adx, avx512f, avx512dq, avx512cd, avx512bw, avx512vl, sha, fma, vzeroupper, avx512_vpopcntdq, avx512_vpclmulqdq, avx512_vaes, avx512_vnni, clflush, clflushopt, avx512_vbmi2, avx512_vbmi, rdtscp, rdpid, fsrm, gfni, avx512_bitalg, f16c, pku, avx512_ifma
Processor Information for the first 8 processors :
  Max Mhz: 1498, Current Mhz: 1298, Mhz Limit: 1288

Memory: 4k page, system-wide physical 7901M (448M free)
TotalPageFile size 32477M (AvailPageFile size 7M)
current process WorkingSet (physical memory assigned to process): 430M, peak: 436M
current process commit charge ("private bytes"): 505M, peak: 1751M

vm_info: OpenJDK 64-Bit Server VM (21.0.9+10-LTS) for windows-amd64 JRE (21.0.9+10-LTS), built on 2025-10-21T00:00:00Z by "admin" with unknown MS VC++:1942

END.
