#
# There is insufficient memory for the Java Runtime Environment to continue.
# Native memory allocation (malloc) failed to allocate 1339936 bytes. Error detail: Chunk::new
# Possible reasons:
#   The system is out of physical RAM or swap space
#   This process is running with CompressedOops enabled, and the Java Heap may be blocking the growth of the native heap
# Possible solutions:
#   Reduce memory load on the system
#   Increase physical memory or swap space
#   Check if swap backing store is full
#   Decrease Java heap size (-Xmx/-Xms)
#   Decrease number of Java threads
#   Decrease Java thread stack sizes (-Xss)
#   Set larger code cache with -XX:ReservedCodeCacheSize=
#   JVM is running with Unscaled Compressed Oops mode in which the Java heap is
#     placed in the first 4GB address space. The Java Heap base address is the
#     maximum limit for the native heap growth. Please use -XX:HeapBaseMinAddress
#     to set the Java Heap base and to place the Java Heap above 4GB virtual address.
# This output file may be truncated or incomplete.
#
#  Out of Memory Error (arena.cpp:168), pid=185840, tid=199040
#
# JRE version: OpenJDK Runtime Environment Temurin-21.0.9+10 (21.0.9+10) (build 21.0.9+10-LTS)
# Java VM: OpenJDK 64-Bit Server VM Temurin-21.0.9+10 (21.0.9+10-LTS, mixed mode, sharing, tiered, compressed oops, compressed class ptrs, parallel gc, windows-amd64)
# No core dump will be written. Minidumps are not enabled by default on client versions of Windows
#

---------------  S U M M A R Y ------------

Command Line: --add-modules=ALL-SYSTEM --add-opens=java.base/java.util=ALL-UNNAMED --add-opens=java.base/java.lang=ALL-UNNAMED --add-opens=java.base/sun.nio.fs=ALL-UNNAMED -Declipse.application=org.eclipse.jdt.ls.core.id1 -Dosgi.bundles.defaultStartLevel=4 -Declipse.product=org.eclipse.jdt.ls.core.product -Djava.import.generatesMetadataFilesAtProjectRoot=false -DDetectVMInstallationsJob.disabled=true -Dfile.encoding=utf8 -XX:+UseParallelGC -XX:GCTimeRatio=4 -XX:AdaptiveSizePolicyWeight=90 -Dsun.zip.disableMemoryMapping=true -Xmx2G -Xms100m -Xlog:disable -javaagent:c:\Users\user\.vscode\extensions\redhat.java-1.51.0-win32-x64\lombok\lombok-1.18.39-4050.jar -XX:+HeapDumpOnOutOfMemoryError -XX:HeapDumpPath=c:\Users\user\AppData\Roaming\Code\User\workspaceStorage\0674b5c6fcfe98aa21c3e4592ae7b086\redhat.java -Daether.dependencyCollector.impl=bf c:\Users\user\.vscode\extensions\redhat.java-1.51.0-win32-x64\server\plugins\org.eclipse.equinox.launcher_1.7.100.v20251111-0406.jar -configuration c:\Users\user\AppData\Roaming\Code\User\globalStorage\redhat.java\1.51.0\config_win -data c:\Users\user\AppData\Roaming\Code\User\workspaceStorage\0674b5c6fcfe98aa21c3e4592ae7b086\redhat.java\jdt_ws --pipe=\\.\pipe\lsp-495a659f58741bc886e9cdb25751eb1e-sock

Host: Intel(R) Core(TM) i7-1065G7 CPU @ 1.30GHz, 8 cores, 7G,  Windows 11 , 64 bit Build 22621 (10.0.22621.5415)
Time: Wed Feb  4 09:28:20 2026 elapsed time: 10.763830 seconds (0d 0h 0m 10s)

---------------  T H R E A D  ---------------

Current thread (0x000001df0ff49c90):  JavaThread "C2 CompilerThread0" daemon [_thread_in_native, id=199040, stack(0x00000041e9000000,0x00000041e9100000) (1024K)]


Current CompileTask:
C2:10764 10575       4       org.eclipse.jdt.internal.compiler.lookup.BinaryTypeBinding::createMethod (1666 bytes)

Stack: [0x00000041e9000000,0x00000041e9100000]
Native frames: (J=compiled Java code, j=interpreted, Vv=VM code, C=native code)
V  [jvm.dll+0x6d6e29]
V  [jvm.dll+0x8b4b76]
V  [jvm.dll+0x8b712e]
V  [jvm.dll+0x8b7813]
V  [jvm.dll+0x283d86]
V  [jvm.dll+0xc66ed]
V  [jvm.dll+0xc6c31]
V  [jvm.dll+0x2facee]
V  [jvm.dll+0x5fde44]
V  [jvm.dll+0x255557]
V  [jvm.dll+0x25591d]
V  [jvm.dll+0x24df40]
V  [jvm.dll+0x24b482]
V  [jvm.dll+0x1cb13e]
V  [jvm.dll+0x25b29d]
V  [jvm.dll+0x25982a]
V  [jvm.dll+0x3f7ea6]
V  [jvm.dll+0x85e9ad]
V  [jvm.dll+0x6d565d]
C  [ucrtbase.dll+0x29333]
C  [KERNEL32.DLL+0x1259d]
C  [ntdll.dll+0x5af78]


---------------  P R O C E S S  ---------------

Threads class SMR info:
_java_thread_list=0x000001df713d4010, length=61, elements={
0x000001df0fec6330, 0x000001df0fe491a0, 0x000001df69106840, 0x000001df6910b540,
0x000001df6910c340, 0x000001df6910fe80, 0x000001df69112c70, 0x000001df0ff49c90,
0x000001df0ff4f670, 0x000001df69110510, 0x000001df691118c0, 0x000001df69110ba0,
0x000001df69111230, 0x000001df69111f50, 0x000001df691125e0, 0x000001df69113300,
0x000001df6e781bb0, 0x000001df6e781520, 0x000001df6e782240, 0x000001df6e77edc0,
0x000001df6e7828d0, 0x000001df6e77f450, 0x000001df692d8260, 0x000001df6ee13c40,
0x000001df6e77fae0, 0x000001df6e782f60, 0x000001df6e77bfd0, 0x000001df6e7835f0,
0x000001df6e780170, 0x000001df6e780e90, 0x000001df6e780800, 0x000001df6e77c660,
0x000001df6e77ccf0, 0x000001df6e77d380, 0x000001df6e77da10, 0x000001df6e77e0a0,
0x000001df6e77e730, 0x000001df710e4df0, 0x000001df710e40d0, 0x000001df710e33b0,
0x000001df710e6830, 0x000001df710e8f90, 0x000001df710e9620, 0x000001df710e2d20,
0x000001df710e7be0, 0x000001df710e2690, 0x000001df710e4760, 0x000001df710e8270,
0x000001df710e5480, 0x000001df710e3a40, 0x000001df710e5b10, 0x000001df710e9cb0,
0x000001df710e61a0, 0x000001df710e7550, 0x000001df710e8900, 0x000001df713bb690,
0x000001df713b95c0, 0x000001df713bc3b0, 0x000001df713bca40, 0x000001df713bb000,
0x000001df713bd0d0
}

Java Threads: ( => current thread )
  0x000001df0fec6330 JavaThread "main"                              [_thread_blocked, id=177680, stack(0x00000041e8600000,0x00000041e8700000) (1024K)]
  0x000001df0fe491a0 JavaThread "Reference Handler"          daemon [_thread_blocked, id=193168, stack(0x00000041e8a00000,0x00000041e8b00000) (1024K)]
  0x000001df69106840 JavaThread "Finalizer"                  daemon [_thread_blocked, id=177300, stack(0x00000041e8b00000,0x00000041e8c00000) (1024K)]
  0x000001df6910b540 JavaThread "Signal Dispatcher"          daemon [_thread_blocked, id=46800, stack(0x00000041e8c00000,0x00000041e8d00000) (1024K)]
  0x000001df6910c340 JavaThread "Attach Listener"            daemon [_thread_blocked, id=149172, stack(0x00000041e8d00000,0x00000041e8e00000) (1024K)]
  0x000001df6910fe80 JavaThread "Service Thread"             daemon [_thread_blocked, id=189504, stack(0x00000041e8e00000,0x00000041e8f00000) (1024K)]
  0x000001df69112c70 JavaThread "Monitor Deflation Thread"   daemon [_thread_blocked, id=187312, stack(0x00000041e8f00000,0x00000041e9000000) (1024K)]
=>0x000001df0ff49c90 JavaThread "C2 CompilerThread0"         daemon [_thread_in_native, id=199040, stack(0x00000041e9000000,0x00000041e9100000) (1024K)]
  0x000001df0ff4f670 JavaThread "C1 CompilerThread0"         daemon [_thread_in_vm, id=192300, stack(0x00000041e9100000,0x00000041e9200000) (1024K)]
  0x000001df69110510 JavaThread "Common-Cleaner"             daemon [_thread_blocked, id=159248, stack(0x00000041e9300000,0x00000041e9400000) (1024K)]
  0x000001df691118c0 JavaThread "Notification Thread"        daemon [_thread_blocked, id=184636, stack(0x00000041e9400000,0x00000041e9500000) (1024K)]
  0x000001df69110ba0 JavaThread "Active Thread: Equinox Container: 90310f06-e6bf-4f77-b347-363b064bda93"        [_thread_blocked, id=67344, stack(0x00000041e9c00000,0x00000041e9d00000) (1024K)]
  0x000001df69111230 JavaThread "Refresh Thread: Equinox Container: 90310f06-e6bf-4f77-b347-363b064bda93" daemon [_thread_blocked, id=185388, stack(0x00000041e9e00000,0x00000041e9f00000) (1024K)]
  0x000001df69111f50 JavaThread "Framework Event Dispatcher: Equinox Container: 90310f06-e6bf-4f77-b347-363b064bda93" daemon [_thread_blocked, id=134024, stack(0x00000041e9f00000,0x00000041ea000000) (1024K)]
  0x000001df691125e0 JavaThread "Start Level: Equinox Container: 90310f06-e6bf-4f77-b347-363b064bda93" daemon [_thread_blocked, id=64544, stack(0x00000041ea000000,0x00000041ea100000) (1024K)]
  0x000001df69113300 JavaThread "Bundle File Closer"         daemon [_thread_blocked, id=191856, stack(0x00000041ea100000,0x00000041ea200000) (1024K)]
  0x000001df6e781bb0 JavaThread "SCR Component Actor"        daemon [_thread_blocked, id=175700, stack(0x00000041ea200000,0x00000041ea300000) (1024K)]
  0x000001df6e781520 JavaThread "Worker-JM"                         [_thread_blocked, id=105616, stack(0x00000041ea300000,0x00000041ea400000) (1024K)]
  0x000001df6e782240 JavaThread "JNA Cleaner"                daemon [_thread_blocked, id=196492, stack(0x00000041ea400000,0x00000041ea500000) (1024K)]
  0x000001df6e77edc0 JavaThread "Worker-0"                          [_thread_blocked, id=167236, stack(0x00000041ea500000,0x00000041ea600000) (1024K)]
  0x000001df6e7828d0 JavaThread "Worker-1"                          [_thread_blocked, id=166152, stack(0x00000041ea600000,0x00000041ea700000) (1024K)]
  0x000001df6e77f450 JavaThread "Worker-2: Building"                [_thread_in_native, id=184784, stack(0x00000041ea700000,0x00000041ea800000) (1024K)]
  0x000001df692d8260 JavaThread "C2 CompilerThread1"         daemon [_thread_in_native, id=169052, stack(0x00000041e9200000,0x00000041e9300000) (1024K)]
  0x000001df6ee13c40 JavaThread "C2 CompilerThread2"         daemon [_thread_in_native, id=197332, stack(0x00000041e9500000,0x00000041e9600000) (1024K)]
  0x000001df6e77fae0 JavaThread "Java indexing"              daemon [_thread_blocked, id=192276, stack(0x00000041ea800000,0x00000041ea900000) (1024K)]
  0x000001df6e782f60 JavaThread "Worker-3"                          [_thread_blocked, id=187872, stack(0x00000041ea900000,0x00000041eaa00000) (1024K)]
  0x000001df6e77bfd0 JavaThread "Worker-4"                          [_thread_blocked, id=197280, stack(0x00000041eac00000,0x00000041ead00000) (1024K)]
  0x000001df6e7835f0 JavaThread "Thread-1"                   daemon [_thread_in_native, id=194952, stack(0x00000041ead00000,0x00000041eae00000) (1024K)]
  0x000001df6e780170 JavaThread "Thread-2"                   daemon [_thread_in_native, id=191820, stack(0x00000041eae00000,0x00000041eaf00000) (1024K)]
  0x000001df6e780e90 JavaThread "Thread-3"                   daemon [_thread_in_native, id=145836, stack(0x00000041eaf00000,0x00000041eb000000) (1024K)]
  0x000001df6e780800 JavaThread "Thread-4"                   daemon [_thread_in_native, id=168836, stack(0x00000041eb000000,0x00000041eb100000) (1024K)]
  0x000001df6e77c660 JavaThread "Thread-5"                   daemon [_thread_in_native, id=192504, stack(0x00000041eb100000,0x00000041eb200000) (1024K)]
  0x000001df6e77ccf0 JavaThread "Thread-6"                   daemon [_thread_in_native, id=190048, stack(0x00000041eb200000,0x00000041eb300000) (1024K)]
  0x000001df6e77d380 JavaThread "Thread-7"                   daemon [_thread_in_native, id=170540, stack(0x00000041eb300000,0x00000041eb400000) (1024K)]
  0x000001df6e77da10 JavaThread "Thread-8"                   daemon [_thread_in_native, id=160508, stack(0x00000041eb400000,0x00000041eb500000) (1024K)]
  0x000001df6e77e0a0 JavaThread "Thread-9"                   daemon [_thread_in_native, id=186220, stack(0x00000041eb500000,0x00000041eb600000) (1024K)]
  0x000001df6e77e730 JavaThread "pool-2-thread-1"                   [_thread_blocked, id=195708, stack(0x00000041eb600000,0x00000041eb700000) (1024K)]
  0x000001df710e4df0 JavaThread "WorkspaceEventsHandler"            [_thread_blocked, id=166372, stack(0x00000041eb700000,0x00000041eb800000) (1024K)]
  0x000001df710e40d0 JavaThread "pool-1-thread-1"                   [_thread_blocked, id=151700, stack(0x00000041eb800000,0x00000041eb900000) (1024K)]
  0x000001df710e33b0 JavaThread "LocalFile Deleter"          daemon [_thread_blocked, id=194968, stack(0x00000041eb900000,0x00000041eba00000) (1024K)]
  0x000001df710e6830 JavaThread "LocalFile Deleter"          daemon [_thread_blocked, id=194844, stack(0x00000041eba00000,0x00000041ebb00000) (1024K)]
  0x000001df710e8f90 JavaThread "LocalFile Deleter"          daemon [_thread_blocked, id=1524, stack(0x00000041ebb00000,0x00000041ebc00000) (1024K)]
  0x000001df710e9620 JavaThread "LocalFile Deleter"          daemon [_thread_blocked, id=186780, stack(0x00000041ebc00000,0x00000041ebd00000) (1024K)]
  0x000001df710e2d20 JavaThread "LocalFile Deleter"          daemon [_thread_blocked, id=199100, stack(0x00000041ebd00000,0x00000041ebe00000) (1024K)]
  0x000001df710e7be0 JavaThread "LocalFile Deleter"          daemon [_thread_blocked, id=201140, stack(0x00000041ebe00000,0x00000041ebf00000) (1024K)]
  0x000001df710e2690 JavaThread "LocalFile Deleter"          daemon [_thread_blocked, id=187064, stack(0x00000041ebf00000,0x00000041ec000000) (1024K)]
  0x000001df710e4760 JavaThread "LocalFile Deleter"          daemon [_thread_blocked, id=176928, stack(0x00000041ec000000,0x00000041ec100000) (1024K)]
  0x000001df710e8270 JavaThread "Compiler Source File Reader" daemon [_thread_blocked, id=201296, stack(0x00000041ec100000,0x00000041ec200000) (1024K)]
  0x000001df710e5480 JavaThread "Compiler Source File Reader" daemon [_thread_blocked, id=197680, stack(0x00000041ec200000,0x00000041ec300000) (1024K)]
  0x000001df710e3a40 JavaThread "Compiler Source File Reader" daemon [_thread_blocked, id=135640, stack(0x00000041ec300000,0x00000041ec400000) (1024K)]
  0x000001df710e5b10 JavaThread "Compiler Source File Reader" daemon [_thread_blocked, id=183396, stack(0x00000041ec400000,0x00000041ec500000) (1024K)]
  0x000001df710e9cb0 JavaThread "Compiler Source File Reader" daemon [_thread_blocked, id=190620, stack(0x00000041ec500000,0x00000041ec600000) (1024K)]
  0x000001df710e61a0 JavaThread "Compiler Source File Reader" daemon [_thread_blocked, id=132696, stack(0x00000041ec600000,0x00000041ec700000) (1024K)]
  0x000001df710e7550 JavaThread "Compiler Processing Task"   daemon [_thread_blocked, id=199124, stack(0x00000041ec700000,0x00000041ec800000) (1024K)]
  0x000001df710e8900 JavaThread "Compiler Class File Writer" daemon [_thread_blocked, id=196200, stack(0x00000041ec800000,0x00000041ec900000) (1024K)]
  0x000001df713bb690 JavaThread "Compiler Class File Writer" daemon [_thread_blocked, id=175736, stack(0x00000041ec900000,0x00000041eca00000) (1024K)]
  0x000001df713b95c0 JavaThread "Compiler Class File Writer" daemon [_thread_blocked, id=200672, stack(0x00000041eca00000,0x00000041ecb00000) (1024K)]
  0x000001df713bc3b0 JavaThread "ForkJoinPool.commonPool-worker-1" daemon [_thread_blocked, id=195788, stack(0x00000041ecb00000,0x00000041ecc00000) (1024K)]
  0x000001df713bca40 JavaThread "Compiler Class File Writer" daemon [_thread_blocked, id=171300, stack(0x00000041ecc00000,0x00000041ecd00000) (1024K)]
  0x000001df713bb000 JavaThread "Compiler Class File Writer" daemon [_thread_blocked, id=191512, stack(0x00000041ecd00000,0x00000041ece00000) (1024K)]
  0x000001df713bd0d0 JavaThread "Compiler Class File Writer" daemon [_thread_blocked, id=150920, stack(0x00000041ece00000,0x00000041ecf00000) (1024K)]
Total: 61

Other Threads:
  0x000001df0fe359a0 VMThread "VM Thread"                           [id=168908, stack(0x00000041e8900000,0x00000041e8a00000) (1024K)]
  0x000001df0ff33410 WatcherThread "VM Periodic Task Thread"        [id=152476, stack(0x00000041e8800000,0x00000041e8900000) (1024K)]
  0x000001df0fee3210 WorkerThread "GC Thread#0"                     [id=165128, stack(0x00000041e8700000,0x00000041e8800000) (1024K)]
  0x000001df6972aea0 WorkerThread "GC Thread#1"                     [id=17236, stack(0x00000041e9600000,0x00000041e9700000) (1024K)]
  0x000001df69cfeb70 WorkerThread "GC Thread#2"                     [id=147468, stack(0x00000041e9700000,0x00000041e9800000) (1024K)]
  0x000001df69901120 WorkerThread "GC Thread#3"                     [id=180348, stack(0x00000041e9800000,0x00000041e9900000) (1024K)]
  0x000001df699014c0 WorkerThread "GC Thread#4"                     [id=174824, stack(0x00000041e9900000,0x00000041e9a00000) (1024K)]
  0x000001df69586a00 WorkerThread "GC Thread#5"                     [id=199864, stack(0x00000041e9a00000,0x00000041e9b00000) (1024K)]
  0x000001df69586da0 WorkerThread "GC Thread#6"                     [id=187324, stack(0x00000041e9b00000,0x00000041e9c00000) (1024K)]
  0x000001df6e41f0c0 WorkerThread "GC Thread#7"                     [id=179372, stack(0x00000041e9d00000,0x00000041e9e00000) (1024K)]
Total: 10

Threads with active compile tasks:
C2 CompilerThread0  10840 10575       4       org.eclipse.jdt.internal.compiler.lookup.BinaryTypeBinding::createMethod (1666 bytes)
C2 CompilerThread1  10840 9709   !   4       lombok.core.FieldAugment$ReflectionFieldAugment::getAndSet (80 bytes)
C2 CompilerThread2  10840 10443       4       lombok.eclipse.handlers.EclipseHandlerUtil::setGeneratedBy (10 bytes)
Total: 3

VM state: not at safepoint (normal execution)

VM Mutex/Monitor currently owned by a thread: None

Heap address: 0x0000000080000000, size: 2048 MB, Compressed Oops mode: 32-bit

CDS archive(s) mapped at: [0x000001df27000000-0x000001df27ba0000-0x000001df27ba0000), size 12189696, SharedBaseAddress: 0x000001df27000000, ArchiveRelocationMode: 1.
Compressed class space mapped at: 0x000001df28000000-0x000001df68000000, reserved size: 1073741824
Narrow klass base: 0x000001df27000000, Narrow klass shift: 0, Narrow klass range: 0x100000000

GC Precious Log:
 CardTable entry size: 512
 CPUs: 8 total, 8 available
 Memory: 7901M
 Large Page Support: Disabled
 NUMA Support: Disabled
 Compressed Oops: Enabled (32-bit)
 Alignments: Space 512K, Generation 512K, Heap 2M
 Heap Min Capacity: 100M
 Heap Initial Capacity: 100M
 Heap Max Capacity: 2G
 Pre-touch: Disabled
 Parallel Workers: 8

Heap:
 PSYoungGen      total 10752K, used 7558K [0x00000000d5580000, 0x00000000d6380000, 0x0000000100000000)
  eden space 8704K, 73% used [0x00000000d5580000,0x00000000d5bb9910,0x00000000d5e00000)
  from space 2048K, 57% used [0x00000000d6000000,0x00000000d6128000,0x00000000d6200000)
  to   space 1536K, 0% used [0x00000000d6200000,0x00000000d6200000,0x00000000d6380000)
 ParOldGen       total 71680K, used 71280K [0x0000000080000000, 0x0000000084600000, 0x00000000d5580000)
  object space 71680K, 99% used [0x0000000080000000,0x000000008459c200,0x0000000084600000)
 Metaspace       used 61034K, committed 62336K, reserved 1114112K
  class space    used 6371K, committed 6912K, reserved 1048576K

Card table byte_map: [0x000001df0f840000,0x000001df0fc50000] _byte_map_base: 0x000001df0f440000

Marking Bits: (ParMarkBitMap*) 0x00007ffec3d22460
 Begin Bits: [0x000001df22350000, 0x000001df24350000)
 End Bits:   [0x000001df24350000, 0x000001df26350000)

Polling page: 0x000001df0f5b0000

Metaspace:

Usage:
  Non-class:     53.38 MB used.
      Class:      6.22 MB used.
       Both:     59.60 MB used.

Virtual space:
  Non-class space:       64.00 MB reserved,      54.12 MB ( 85%) committed,  1 nodes.
      Class space:        1.00 GB reserved,       6.75 MB ( <1%) committed,  1 nodes.
             Both:        1.06 GB reserved,      60.88 MB (  6%) committed. 

Chunk freelists:
   Non-Class:  9.78 MB
       Class:  9.14 MB
        Both:  18.92 MB

MaxMetaspaceSize: unlimited
CompressedClassSpaceSize: 1.00 GB
Initial GC threshold: 21.00 MB
Current GC threshold: 97.31 MB
CDS: on
 - commit_granule_bytes: 65536.
 - commit_granule_words: 8192.
 - virtual_space_node_default_size: 8388608.
 - enlarge_chunks_in_place: 1.
 - use_allocation_guard: 0.


Internal statistics:

num_allocs_failed_limit: 9.
num_arena_births: 1164.
num_arena_deaths: 14.
num_vsnodes_births: 2.
num_vsnodes_deaths: 0.
num_space_committed: 974.
num_space_uncommitted: 0.
num_chunks_returned_to_freelist: 23.
num_chunks_taken_from_freelist: 4042.
num_chunk_merges: 12.
num_chunk_splits: 2466.
num_chunks_enlarged: 1346.
num_inconsistent_stats: 0.

CodeHeap 'non-profiled nmethods': size=120000Kb used=5356Kb max_used=5356Kb free=114643Kb
 bounds [0x000001df1ab70000, 0x000001df1b0b0000, 0x000001df220a0000]
CodeHeap 'profiled nmethods': size=120000Kb used=22996Kb max_used=22996Kb free=97003Kb
 bounds [0x000001df130a0000, 0x000001df14720000, 0x000001df1a5d0000]
CodeHeap 'non-nmethods': size=5760Kb used=1427Kb max_used=1481Kb free=4332Kb
 bounds [0x000001df1a5d0000, 0x000001df1a840000, 0x000001df1ab70000]
CodeCache: size=245760Kb, used=29779Kb, max_used=29833Kb, free=215978Kb
 total_blobs=11084, nmethods=10358, adapters=630, full_count=0
Compilation: enabled, stopped_count=0, restarted_count=0

Compilation events (20 events):
Event: 10.739 Thread 0x000001df0ff4f670 11165       2       java.nio.charset.CharsetDecoder::<init> (10 bytes)
Event: 10.739 Thread 0x000001df0ff4f670 nmethod 11165 0x000001df146ef510 code [0x000001df146ef6c0, 0x000001df146ef7f0]
Event: 10.739 Thread 0x000001df0ff4f670 11166       1       org.eclipse.aether.artifact.DefaultArtifact::getGroupId (5 bytes)
Event: 10.740 Thread 0x000001df0ff4f670 nmethod 11166 0x000001df1b0a4c90 code [0x000001df1b0a4e20, 0x000001df1b0a4ee8]
Event: 10.740 Thread 0x000001df0ff4f670 11167       1       org.eclipse.aether.artifact.DefaultArtifact::getExtension (5 bytes)
Event: 10.740 Thread 0x000001df0ff4f670 nmethod 11167 0x000001df1b0a4f90 code [0x000001df1b0a5120, 0x000001df1b0a51e8]
Event: 10.741 Thread 0x000001df0ff4f670 11168   !   2       java.io.FileInputStream::open (26 bytes)
Event: 10.741 Thread 0x000001df0ff4f670 nmethod 11168 0x000001df146ef890 code [0x000001df146efa60, 0x000001df146efc20]
Event: 10.743 Thread 0x000001df0ff4f670 11169       2       java.io.BufferedReader::fill (170 bytes)
Event: 10.744 Thread 0x000001df0ff4f670 nmethod 11169 0x000001df146efd90 code [0x000001df146eff60, 0x000001df146f03c8]
Event: 10.744 Thread 0x000001df0ff4f670 11170       2       org.codehaus.plexus.util.xml.pull.MXParser::skipS (17 bytes)
Event: 10.744 Thread 0x000001df0ff4f670 nmethod 11170 0x000001df146f0590 code [0x000001df146f0740, 0x000001df146f0918]
Event: 10.745 Thread 0x000001df0ff4f670 11171       2       org.apache.maven.model.interpolation.StringVisitorModelInterpolator$ModelVisitor::visit (55 bytes)
Event: 10.746 Thread 0x000001df0ff4f670 nmethod 11171 0x000001df146f0a10 code [0x000001df146f0c00, 0x000001df146f0ef8]
Event: 10.746 Thread 0x000001df0ff4f670 11173       3       org.apache.maven.model.Dependency::getManagementKey (94 bytes)
Event: 10.747 Thread 0x000001df0ff4f670 nmethod 11173 0x000001df146f1110 code [0x000001df146f1400, 0x000001df146f1fd8]
Event: 10.747 Thread 0x000001df0ff4f670 11172       1       org.apache.maven.model.ModelBase::getDependencyManagement (5 bytes)
Event: 10.747 Thread 0x000001df0ff4f670 nmethod 11172 0x000001df1b0a5290 code [0x000001df1b0a5420, 0x000001df1b0a54e8]
Event: 10.758 Thread 0x000001df0ff4f670 11174   !   2       org.apache.maven.model.Contributor::clone (126 bytes)
Event: 10.760 Thread 0x000001df0ff4f670 nmethod 11174 0x000001df146f2490 code [0x000001df146f2700, 0x000001df146f2e38]

GC Heap History (20 events):
Event: 9.619 GC heap before
{Heap before GC invocations=65 (full 3):
 PSYoungGen      total 12800K, used 12784K [0x00000000d5580000, 0x00000000d6480000, 0x0000000100000000)
  eden space 11264K, 100% used [0x00000000d5580000,0x00000000d6080000,0x00000000d6080000)
  from space 1536K, 98% used [0x00000000d6080000,0x00000000d61fc048,0x00000000d6200000)
  to   space 2048K, 0% used [0x00000000d6280000,0x00000000d6280000,0x00000000d6480000)
 ParOldGen       total 68608K, used 59767K [0x0000000080000000, 0x0000000084300000, 0x00000000d5580000)
  object space 68608K, 87% used [0x0000000080000000,0x0000000083a5df20,0x0000000084300000)
 Metaspace       used 59106K, committed 60352K, reserved 1114112K
  class space    used 6234K, committed 6784K, reserved 1048576K
}
Event: 9.624 GC heap after
{Heap after GC invocations=65 (full 3):
 PSYoungGen      total 10752K, used 2032K [0x00000000d5580000, 0x00000000d6980000, 0x0000000100000000)
  eden space 8704K, 0% used [0x00000000d5580000,0x00000000d5580000,0x00000000d5e00000)
  from space 2048K, 99% used [0x00000000d6280000,0x00000000d647c010,0x00000000d6480000)
  to   space 4608K, 0% used [0x00000000d5e00000,0x00000000d5e00000,0x00000000d6280000)
 ParOldGen       total 68608K, used 61497K [0x0000000080000000, 0x0000000084300000, 0x00000000d5580000)
  object space 68608K, 89% used [0x0000000080000000,0x0000000083c0e460,0x0000000084300000)
 Metaspace       used 59106K, committed 60352K, reserved 1114112K
  class space    used 6234K, committed 6784K, reserved 1048576K
}
Event: 9.717 GC heap before
{Heap before GC invocations=66 (full 3):
 PSYoungGen      total 10752K, used 10736K [0x00000000d5580000, 0x00000000d6980000, 0x0000000100000000)
  eden space 8704K, 100% used [0x00000000d5580000,0x00000000d5e00000,0x00000000d5e00000)
  from space 2048K, 99% used [0x00000000d6280000,0x00000000d647c010,0x00000000d6480000)
  to   space 4608K, 0% used [0x00000000d5e00000,0x00000000d5e00000,0x00000000d6280000)
 ParOldGen       total 68608K, used 61497K [0x0000000080000000, 0x0000000084300000, 0x00000000d5580000)
  object space 68608K, 89% used [0x0000000080000000,0x0000000083c0e460,0x0000000084300000)
 Metaspace       used 59295K, committed 60544K, reserved 1114112K
  class space    used 6234K, committed 6784K, reserved 1048576K
}
Event: 9.721 GC heap after
{Heap after GC invocations=66 (full 3):
 PSYoungGen      total 10240K, used 1040K [0x00000000d5580000, 0x00000000d6300000, 0x0000000100000000)
  eden space 8704K, 0% used [0x00000000d5580000,0x00000000d5580000,0x00000000d5e00000)
  from space 1536K, 67% used [0x00000000d5e00000,0x00000000d5f04010,0x00000000d5f80000)
  to   space 2048K, 0% used [0x00000000d6100000,0x00000000d6100000,0x00000000d6300000)
 ParOldGen       total 68608K, used 63533K [0x0000000080000000, 0x0000000084300000, 0x00000000d5580000)
  object space 68608K, 92% used [0x0000000080000000,0x0000000083e0b7d8,0x0000000084300000)
 Metaspace       used 59295K, committed 60544K, reserved 1114112K
  class space    used 6234K, committed 6784K, reserved 1048576K
}
Event: 9.759 GC heap before
{Heap before GC invocations=67 (full 3):
 PSYoungGen      total 10240K, used 9744K [0x00000000d5580000, 0x00000000d6300000, 0x0000000100000000)
  eden space 8704K, 100% used [0x00000000d5580000,0x00000000d5e00000,0x00000000d5e00000)
  from space 1536K, 67% used [0x00000000d5e00000,0x00000000d5f04010,0x00000000d5f80000)
  to   space 2048K, 0% used [0x00000000d6100000,0x00000000d6100000,0x00000000d6300000)
 ParOldGen       total 68608K, used 63533K [0x0000000080000000, 0x0000000084300000, 0x00000000d5580000)
  object space 68608K, 92% used [0x0000000080000000,0x0000000083e0b7d8,0x0000000084300000)
 Metaspace       used 59348K, committed 60608K, reserved 1114112K
  class space    used 6237K, committed 6784K, reserved 1048576K
}
Event: 9.761 GC heap after
{Heap after GC invocations=67 (full 3):
 PSYoungGen      total 9728K, used 864K [0x00000000d5580000, 0x00000000d6200000, 0x0000000100000000)
  eden space 8704K, 0% used [0x00000000d5580000,0x00000000d5580000,0x00000000d5e00000)
  from space 1024K, 84% used [0x00000000d6100000,0x00000000d61d8020,0x00000000d6200000)
  to   space 1536K, 0% used [0x00000000d5f00000,0x00000000d5f00000,0x00000000d6080000)
 ParOldGen       total 68608K, used 64438K [0x0000000080000000, 0x0000000084300000, 0x00000000d5580000)
  object space 68608K, 93% used [0x0000000080000000,0x0000000083eedac8,0x0000000084300000)
 Metaspace       used 59348K, committed 60608K, reserved 1114112K
  class space    used 6237K, committed 6784K, reserved 1048576K
}
Event: 9.811 GC heap before
{Heap before GC invocations=68 (full 3):
 PSYoungGen      total 9728K, used 9565K [0x00000000d5580000, 0x00000000d6200000, 0x0000000100000000)
  eden space 8704K, 99% used [0x00000000d5580000,0x00000000d5dff540,0x00000000d5e00000)
  from space 1024K, 84% used [0x00000000d6100000,0x00000000d61d8020,0x00000000d6200000)
  to   space 1536K, 0% used [0x00000000d5f00000,0x00000000d5f00000,0x00000000d6080000)
 ParOldGen       total 68608K, used 64438K [0x0000000080000000, 0x0000000084300000, 0x00000000d5580000)
  object space 68608K, 93% used [0x0000000080000000,0x0000000083eedac8,0x0000000084300000)
 Metaspace       used 59383K, committed 60672K, reserved 1114112K
  class space    used 6237K, committed 6784K, reserved 1048576K
}
Event: 9.813 GC heap after
{Heap after GC invocations=68 (full 3):
 PSYoungGen      total 10240K, used 912K [0x00000000d5580000, 0x00000000d6180000, 0x0000000100000000)
  eden space 8704K, 0% used [0x00000000d5580000,0x00000000d5580000,0x00000000d5e00000)
  from space 1536K, 59% used [0x00000000d5f00000,0x00000000d5fe4010,0x00000000d6080000)
  to   space 1024K, 0% used [0x00000000d6080000,0x00000000d6080000,0x00000000d6180000)
 ParOldGen       total 68608K, used 65190K [0x0000000080000000, 0x0000000084300000, 0x00000000d5580000)
  object space 68608K, 95% used [0x0000000080000000,0x0000000083fa9b28,0x0000000084300000)
 Metaspace       used 59383K, committed 60672K, reserved 1114112K
  class space    used 6237K, committed 6784K, reserved 1048576K
}
Event: 9.879 GC heap before
{Heap before GC invocations=69 (full 3):
 PSYoungGen      total 10240K, used 9616K [0x00000000d5580000, 0x00000000d6180000, 0x0000000100000000)
  eden space 8704K, 100% used [0x00000000d5580000,0x00000000d5e00000,0x00000000d5e00000)
  from space 1536K, 59% used [0x00000000d5f00000,0x00000000d5fe4010,0x00000000d6080000)
  to   space 1024K, 0% used [0x00000000d6080000,0x00000000d6080000,0x00000000d6180000)
 ParOldGen       total 68608K, used 65190K [0x0000000080000000, 0x0000000084300000, 0x00000000d5580000)
  object space 68608K, 95% used [0x0000000080000000,0x0000000083fa9b28,0x0000000084300000)
 Metaspace       used 59514K, committed 60800K, reserved 1114112K
  class space    used 6238K, committed 6784K, reserved 1048576K
}
Event: 9.881 GC heap after
{Heap after GC invocations=69 (full 3):
 PSYoungGen      total 9728K, used 1024K [0x00000000d5580000, 0x00000000d6200000, 0x0000000100000000)
  eden space 8704K, 0% used [0x00000000d5580000,0x00000000d5580000,0x00000000d5e00000)
  from space 1024K, 100% used [0x00000000d6080000,0x00000000d6180000,0x00000000d6180000)
  to   space 2048K, 0% used [0x00000000d5e00000,0x00000000d5e00000,0x00000000d6000000)
 ParOldGen       total 68608K, used 66038K [0x0000000080000000, 0x0000000084300000, 0x00000000d5580000)
  object space 68608K, 96% used [0x0000000080000000,0x000000008407dba8,0x0000000084300000)
 Metaspace       used 59514K, committed 60800K, reserved 1114112K
  class space    used 6238K, committed 6784K, reserved 1048576K
}
Event: 9.990 GC heap before
{Heap before GC invocations=70 (full 3):
 PSYoungGen      total 9728K, used 9680K [0x00000000d5580000, 0x00000000d6200000, 0x0000000100000000)
  eden space 8704K, 99% used [0x00000000d5580000,0x00000000d5df4140,0x00000000d5e00000)
  from space 1024K, 100% used [0x00000000d6080000,0x00000000d6180000,0x00000000d6180000)
  to   space 2048K, 0% used [0x00000000d5e00000,0x00000000d5e00000,0x00000000d6000000)
 ParOldGen       total 68608K, used 66038K [0x0000000080000000, 0x0000000084300000, 0x00000000d5580000)
  object space 68608K, 96% used [0x0000000080000000,0x000000008407dba8,0x0000000084300000)
 Metaspace       used 59726K, committed 60992K, reserved 1114112K
  class space    used 6251K, committed 6784K, reserved 1048576K
}
Event: 9.993 GC heap after
{Heap after GC invocations=70 (full 3):
 PSYoungGen      total 10752K, used 2032K [0x00000000d5580000, 0x00000000d6900000, 0x0000000100000000)
  eden space 8704K, 0% used [0x00000000d5580000,0x00000000d5580000,0x00000000d5e00000)
  from space 2048K, 99% used [0x00000000d5e00000,0x00000000d5ffc220,0x00000000d6000000)
  to   space 5632K, 0% used [0x00000000d6380000,0x00000000d6380000,0x00000000d6900000)
 ParOldGen       total 69120K, used 68729K [0x0000000080000000, 0x0000000084380000, 0x00000000d5580000)
  object space 69120K, 99% used [0x0000000080000000,0x000000008431e648,0x0000000084380000)
 Metaspace       used 59726K, committed 60992K, reserved 1114112K
  class space    used 6251K, committed 6784K, reserved 1048576K
}
Event: 10.086 GC heap before
{Heap before GC invocations=71 (full 3):
 PSYoungGen      total 10752K, used 10736K [0x00000000d5580000, 0x00000000d6900000, 0x0000000100000000)
  eden space 8704K, 100% used [0x00000000d5580000,0x00000000d5e00000,0x00000000d5e00000)
  from space 2048K, 99% used [0x00000000d5e00000,0x00000000d5ffc220,0x00000000d6000000)
  to   space 5632K, 0% used [0x00000000d6380000,0x00000000d6380000,0x00000000d6900000)
 ParOldGen       total 69120K, used 68729K [0x0000000080000000, 0x0000000084380000, 0x00000000d5580000)
  object space 69120K, 99% used [0x0000000080000000,0x000000008431e648,0x0000000084380000)
 Metaspace       used 59826K, committed 61056K, reserved 1114112K
  class space    used 6259K, committed 6784K, reserved 1048576K
}
Event: 10.088 GC heap after
{Heap after GC invocations=71 (full 3):
 PSYoungGen      total 9728K, used 813K [0x00000000d5580000, 0x00000000d6480000, 0x0000000100000000)
  eden space 8704K, 0% used [0x00000000d5580000,0x00000000d5580000,0x00000000d5e00000)
  from space 1024K, 79% used [0x00000000d6380000,0x00000000d644b610,0x00000000d6480000)
  to   space 2560K, 0% used [0x00000000d5f80000,0x00000000d5f80000,0x00000000d6200000)
 ParOldGen       total 69632K, used 69192K [0x0000000080000000, 0x0000000084400000, 0x00000000d5580000)
  object space 69632K, 99% used [0x0000000080000000,0x00000000843921c0,0x0000000084400000)
 Metaspace       used 59826K, committed 61056K, reserved 1114112K
  class space    used 6259K, committed 6784K, reserved 1048576K
}
Event: 10.169 GC heap before
{Heap before GC invocations=72 (full 3):
 PSYoungGen      total 9728K, used 9517K [0x00000000d5580000, 0x00000000d6480000, 0x0000000100000000)
  eden space 8704K, 100% used [0x00000000d5580000,0x00000000d5e00000,0x00000000d5e00000)
  from space 1024K, 79% used [0x00000000d6380000,0x00000000d644b610,0x00000000d6480000)
  to   space 2560K, 0% used [0x00000000d5f80000,0x00000000d5f80000,0x00000000d6200000)
 ParOldGen       total 69632K, used 69192K [0x0000000080000000, 0x0000000084400000, 0x00000000d5580000)
  object space 69632K, 99% used [0x0000000080000000,0x00000000843921c0,0x0000000084400000)
 Metaspace       used 59890K, committed 61184K, reserved 1114112K
  class space    used 6274K, committed 6848K, reserved 1048576K
}
Event: 10.170 GC heap after
{Heap after GC invocations=72 (full 3):
 PSYoungGen      total 11264K, used 384K [0x00000000d5580000, 0x00000000d6400000, 0x0000000100000000)
  eden space 8704K, 0% used [0x00000000d5580000,0x00000000d5580000,0x00000000d5e00000)
  from space 2560K, 15% used [0x00000000d5f80000,0x00000000d5fe0000,0x00000000d6200000)
  to   space 1024K, 0% used [0x00000000d6300000,0x00000000d6300000,0x00000000d6400000)
 ParOldGen       total 70144K, used 69728K [0x0000000080000000, 0x0000000084480000, 0x00000000d5580000)
  object space 70144K, 99% used [0x0000000080000000,0x00000000844181c0,0x0000000084480000)
 Metaspace       used 59890K, committed 61184K, reserved 1114112K
  class space    used 6274K, committed 6848K, reserved 1048576K
}
Event: 10.414 GC heap before
{Heap before GC invocations=73 (full 3):
 PSYoungGen      total 11264K, used 9088K [0x00000000d5580000, 0x00000000d6400000, 0x0000000100000000)
  eden space 8704K, 100% used [0x00000000d5580000,0x00000000d5e00000,0x00000000d5e00000)
  from space 2560K, 15% used [0x00000000d5f80000,0x00000000d5fe0000,0x00000000d6200000)
  to   space 1024K, 0% used [0x00000000d6300000,0x00000000d6300000,0x00000000d6400000)
 ParOldGen       total 70144K, used 69728K [0x0000000080000000, 0x0000000084480000, 0x00000000d5580000)
  object space 70144K, 99% used [0x0000000080000000,0x00000000844181c0,0x0000000084480000)
 Metaspace       used 60560K, committed 61888K, reserved 1114112K
  class space    used 6341K, committed 6912K, reserved 1048576K
}
Event: 10.417 GC heap after
{Heap after GC invocations=73 (full 3):
 PSYoungGen      total 9728K, used 1024K [0x00000000d5580000, 0x00000000d6400000, 0x0000000100000000)
  eden space 8704K, 0% used [0x00000000d5580000,0x00000000d5580000,0x00000000d5e00000)
  from space 1024K, 100% used [0x00000000d6300000,0x00000000d6400000,0x00000000d6400000)
  to   space 2048K, 0% used [0x00000000d6000000,0x00000000d6000000,0x00000000d6200000)
 ParOldGen       total 70656K, used 70248K [0x0000000080000000, 0x0000000084500000, 0x00000000d5580000)
  object space 70656K, 99% used [0x0000000080000000,0x000000008449a1c0,0x0000000084500000)
 Metaspace       used 60560K, committed 61888K, reserved 1114112K
  class space    used 6341K, committed 6912K, reserved 1048576K
}
Event: 10.687 GC heap before
{Heap before GC invocations=74 (full 3):
 PSYoungGen      total 9728K, used 9728K [0x00000000d5580000, 0x00000000d6400000, 0x0000000100000000)
  eden space 8704K, 100% used [0x00000000d5580000,0x00000000d5e00000,0x00000000d5e00000)
  from space 1024K, 100% used [0x00000000d6300000,0x00000000d6400000,0x00000000d6400000)
  to   space 2048K, 0% used [0x00000000d6000000,0x00000000d6000000,0x00000000d6200000)
 ParOldGen       total 70656K, used 70248K [0x0000000080000000, 0x0000000084500000, 0x00000000d5580000)
  object space 70656K, 99% used [0x0000000080000000,0x000000008449a1c0,0x0000000084500000)
 Metaspace       used 60963K, committed 62272K, reserved 1114112K
  class space    used 6371K, committed 6912K, reserved 1048576K
}
Event: 10.690 GC heap after
{Heap after GC invocations=74 (full 3):
 PSYoungGen      total 10752K, used 1184K [0x00000000d5580000, 0x00000000d6380000, 0x0000000100000000)
  eden space 8704K, 0% used [0x00000000d5580000,0x00000000d5580000,0x00000000d5e00000)
  from space 2048K, 57% used [0x00000000d6000000,0x00000000d6128000,0x00000000d6200000)
  to   space 1536K, 0% used [0x00000000d6200000,0x00000000d6200000,0x00000000d6380000)
 ParOldGen       total 71680K, used 71280K [0x0000000080000000, 0x0000000084600000, 0x00000000d5580000)
  object space 71680K, 99% used [0x0000000080000000,0x000000008459c200,0x0000000084600000)
 Metaspace       used 60963K, committed 62272K, reserved 1114112K
  class space    used 6371K, committed 6912K, reserved 1048576K
}

Dll operation events (10 events):
Event: 0.030 Loaded shared library c:\Users\user\.vscode\extensions\redhat.java-1.51.0-win32-x64\jre\21.0.9-win32-x86_64\bin\java.dll
Event: 0.084 Loaded shared library c:\Users\user\.vscode\extensions\redhat.java-1.51.0-win32-x64\jre\21.0.9-win32-x86_64\bin\zip.dll
Event: 0.170 Loaded shared library C:\Users\user\.vscode\extensions\redhat.java-1.51.0-win32-x64\jre\21.0.9-win32-x86_64\bin\instrument.dll
Event: 0.174 Loaded shared library C:\Users\user\.vscode\extensions\redhat.java-1.51.0-win32-x64\jre\21.0.9-win32-x86_64\bin\net.dll
Event: 0.178 Loaded shared library C:\Users\user\.vscode\extensions\redhat.java-1.51.0-win32-x64\jre\21.0.9-win32-x86_64\bin\nio.dll
Event: 0.181 Loaded shared library C:\Users\user\.vscode\extensions\redhat.java-1.51.0-win32-x64\jre\21.0.9-win32-x86_64\bin\zip.dll
Event: 0.204 Loaded shared library C:\Users\user\.vscode\extensions\redhat.java-1.51.0-win32-x64\jre\21.0.9-win32-x86_64\bin\jimage.dll
Event: 0.308 Loaded shared library c:\Users\user\.vscode\extensions\redhat.java-1.51.0-win32-x64\jre\21.0.9-win32-x86_64\bin\verify.dll
Event: 1.236 Loaded shared library C:\Users\user\AppData\Roaming\Code\User\globalStorage\redhat.java\1.51.0\config_win\org.eclipse.equinox.launcher\org.eclipse.equinox.launcher.win32.win32.x86_64_1.2.1400.v20250801-0854\eclipse_11916.dll
Event: 2.474 Loaded shared library C:\Users\user\AppData\Local\Temp\jna-3599307\jna9130762004699521046.dll

Deoptimization events (20 events):
Event: 10.556 Thread 0x000001df6e77f450 DEOPT PACKING pc=0x000001df1ae82b08 sp=0x00000041ea7fdbf0
Event: 10.556 Thread 0x000001df6e77f450 DEOPT UNPACKING pc=0x000001df1a626da2 sp=0x00000041ea7fdb88 mode 2
Event: 10.582 Thread 0x000001df6e77f450 Uncommon trap: trap_request=0xffffff45 fr.pc=0x000001df1b0961a8 relative=0x0000000000000d28
Event: 10.582 Thread 0x000001df6e77f450 Uncommon trap: reason=unstable_if action=reinterpret pc=0x000001df1b0961a8 method=org.codehaus.plexus.util.xml.pull.MXParser.nextImpl()I @ 884 c2
Event: 10.582 Thread 0x000001df6e77f450 DEOPT PACKING pc=0x000001df1b0961a8 sp=0x00000041ea7fd650
Event: 10.582 Thread 0x000001df6e77f450 DEOPT UNPACKING pc=0x000001df1a626da2 sp=0x00000041ea7fd5c8 mode 2
Event: 10.610 Thread 0x000001df6e77f450 Uncommon trap: trap_request=0xffffff45 fr.pc=0x000001df1ad2d67c relative=0x00000000000001dc
Event: 10.610 Thread 0x000001df6e77f450 Uncommon trap: reason=unstable_if action=reinterpret pc=0x000001df1ad2d67c method=java.lang.String.indexOf(Ljava/lang/String;)I @ 10 c2
Event: 10.610 Thread 0x000001df6e77f450 DEOPT PACKING pc=0x000001df1ad2d67c sp=0x00000041ea7fd9c0
Event: 10.610 Thread 0x000001df6e77f450 DEOPT UNPACKING pc=0x000001df1a626da2 sp=0x00000041ea7fd950 mode 2
Event: 10.617 Thread 0x000001df6e77f450 Uncommon trap: trap_request=0xffffff45 fr.pc=0x000001df1aea28cc relative=0x00000000000000ac
Event: 10.617 Thread 0x000001df6e77f450 Uncommon trap: reason=unstable_if action=reinterpret pc=0x000001df1aea28cc method=java.lang.CharacterDataLatin1.digit(II)I @ 12 c2
Event: 10.617 Thread 0x000001df6e77f450 DEOPT PACKING pc=0x000001df1aea28cc sp=0x00000041ea7fd6e0
Event: 10.617 Thread 0x000001df6e77f450 DEOPT UNPACKING pc=0x000001df1a626da2 sp=0x00000041ea7fd658 mode 2
Event: 10.634 Thread 0x000001df6e77f450 DEOPT PACKING pc=0x000001df131cdc54 sp=0x00000041ea7fd5d0
Event: 10.634 Thread 0x000001df6e77f450 DEOPT UNPACKING pc=0x000001df1a6278e2 sp=0x00000041ea7fca88 mode 0
Event: 10.697 Thread 0x000001df6e77f450 Uncommon trap: trap_request=0xffffff45 fr.pc=0x000001df1ae52124 relative=0x0000000000000344
Event: 10.697 Thread 0x000001df6e77f450 Uncommon trap: reason=unstable_if action=reinterpret pc=0x000001df1ae52124 method=java.lang.ThreadLocal$ThreadLocalMap.set(Ljava/lang/ThreadLocal;Ljava/lang/Object;)V @ 116 c2
Event: 10.697 Thread 0x000001df6e77f450 DEOPT PACKING pc=0x000001df1ae52124 sp=0x00000041ea7fd850
Event: 10.697 Thread 0x000001df6e77f450 DEOPT UNPACKING pc=0x000001df1a626da2 sp=0x00000041ea7fd7d8 mode 2

Classes loaded (20 events):
Event: 7.952 Loading class java/lang/StringLatin1$LinesSpliterator
Event: 7.952 Loading class java/lang/StringLatin1$LinesSpliterator done
Event: 7.971 Loading class java/util/stream/ReduceOps$4
Event: 7.971 Loading class java/util/stream/ReduceOps$4 done
Event: 7.972 Loading class java/util/stream/ReduceOps$4ReducingSink
Event: 7.972 Loading class java/util/stream/ReduceOps$4ReducingSink done
Event: 7.973 Loading class java/nio/file/Files$2
Event: 7.974 Loading class java/nio/file/Files$2 done
Event: 8.843 Loading class jdk/internal/module/IllegalAccessLogger
Event: 8.843 Loading class jdk/internal/module/IllegalAccessLogger done
Event: 8.856 Loading class java/util/concurrent/ArrayBlockingQueue
Event: 8.857 Loading class java/util/concurrent/ArrayBlockingQueue done
Event: 8.958 Loading class java/util/Hashtable$ValueCollection
Event: 8.958 Loading class java/util/Hashtable$ValueCollection done
Event: 8.962 Loading class java/util/concurrent/ConcurrentHashMap$KeySpliterator
Event: 8.962 Loading class java/util/concurrent/ConcurrentHashMap$KeySpliterator done
Event: 8.970 Loading class sun/nio/ch/ChannelOutputStream
Event: 8.971 Loading class sun/nio/ch/ChannelOutputStream done
Event: 10.028 Loading class jdk/internal/module/IllegalAccessLogger
Event: 10.028 Loading class jdk/internal/module/IllegalAccessLogger done

Classes unloaded (7 events):
Event: 2.880 Thread 0x000001df0fe359a0 Unloading class 0x000001df281aac00 'java/lang/invoke/LambdaForm$MH+0x000001df281aac00'
Event: 2.880 Thread 0x000001df0fe359a0 Unloading class 0x000001df281aa800 'java/lang/invoke/LambdaForm$MH+0x000001df281aa800'
Event: 2.880 Thread 0x000001df0fe359a0 Unloading class 0x000001df281aa400 'java/lang/invoke/LambdaForm$MH+0x000001df281aa400'
Event: 2.880 Thread 0x000001df0fe359a0 Unloading class 0x000001df281aa000 'java/lang/invoke/LambdaForm$MH+0x000001df281aa000'
Event: 2.880 Thread 0x000001df0fe359a0 Unloading class 0x000001df281a9c00 'java/lang/invoke/LambdaForm$BMH+0x000001df281a9c00'
Event: 2.880 Thread 0x000001df0fe359a0 Unloading class 0x000001df281a9800 'java/lang/invoke/LambdaForm$DMH+0x000001df281a9800'
Event: 2.880 Thread 0x000001df0fe359a0 Unloading class 0x000001df281a8800 'java/lang/invoke/LambdaForm$DMH+0x000001df281a8800'

Classes redefined (0 events):
No events

Internal exceptions (20 events):
Event: 7.833 Thread 0x000001df6e77edc0 Exception <a 'java/io/FileNotFoundException'{0x00000000d61f2188}> (0x00000000d61f2188) 
thrown [s\src\hotspot\share\prims\jni.cpp, line 520]
Event: 7.833 Thread 0x000001df6e77edc0 Exception <a 'java/io/FileNotFoundException'{0x00000000d6242200}> (0x00000000d6242200) 
thrown [s\src\hotspot\share\prims\jni.cpp, line 520]
Event: 7.833 Thread 0x000001df6e77edc0 Exception <a 'java/io/FileNotFoundException'{0x00000000d6243418}> (0x00000000d6243418) 
thrown [s\src\hotspot\share\prims\jni.cpp, line 520]
Event: 7.953 Thread 0x000001df6e77f450 Exception <a 'java/lang/NoSuchMethodError'{0x00000000d5a65c90}: 'java.lang.Object java.lang.invoke.DirectMethodHandle$Holder.invokeStatic(java.lang.Object, int, java.lang.Object)'> (0x00000000d5a65c90) 
thrown [s\src\hotspot\share\interpreter\linkResolver.cpp, line 773]
Event: 7.976 Thread 0x000001df6e77f450 Exception <a 'java/lang/NoSuchMethodError'{0x00000000d5ceb420}: 'int java.lang.invoke.DirectMethodHandle$Holder.invokeSpecialIFC(java.lang.Object, java.lang.Object, java.lang.Object)'> (0x00000000d5ceb420) 
thrown [s\src\hotspot\share\interpreter\linkResolver.cpp, line 773]
Event: 8.921 Thread 0x000001df710e7550 Exception <a 'java/lang/NoSuchMethodError'{0x00000000d5eed598}: 'void java.lang.invoke.DirectMethodHandle$Holder.invokeStatic(java.lang.Object, int, java.lang.Object)'> (0x00000000d5eed598) 
thrown [s\src\hotspot\share\interpreter\linkResolver.cpp, line 773]
Event: 8.966 Thread 0x000001df6e77f450 Exception <a 'java/lang/NoSuchMethodError'{0x00000000d5b6af10}: 'java.lang.Object java.lang.invoke.DirectMethodHandle$Holder.newInvokeSpecial(java.lang.Object, java.lang.Object, int, int, java.lang.Object)'> (0x00000000d5b6af10) 
thrown [s\src\hotspot\share\interpreter\linkResolver.cpp, line 773]
Event: 9.001 Thread 0x000001df710e7550 Implicit null exception at 0x000001df1af789a5 to 0x000001df1af78d14
Event: 9.006 Thread 0x000001df710e7550 Implicit null exception at 0x000001df1af57067 to 0x000001df1af57798
Event: 9.024 Thread 0x000001df710e7550 Exception <a 'java/lang/NoSuchMethodError'{0x00000000d5eb4fd8}: 'java.lang.Object java.lang.invoke.DirectMethodHandle$Holder.invokeStatic(java.lang.Object, java.lang.Object, int, java.lang.Object, java.lang.Object)'> (0x00000000d5eb4fd8) 
thrown [s\src\hotspot\share\interpreter\linkResolver.cpp, line 773]
Event: 9.041 Thread 0x000001df710e7550 Exception <a 'java/lang/NoSuchMethodError'{0x00000000d61090c0}: 'java.lang.Object java.lang.invoke.DirectMethodHandle$Holder.newInvokeSpecial(java.lang.Object, java.lang.Object, java.lang.Object, java.lang.Object, int)'> (0x00000000d61090c0) 
thrown [s\src\hotspot\share\interpreter\linkResolver.cpp, line 773]
Event: 9.041 Thread 0x000001df710e7550 Exception <a 'java/lang/NoSuchMethodError'{0x00000000d610d168}: 'java.lang.Object java.lang.invoke.DirectMethodHandle$Holder.invokeSpecial(java.lang.Object, java.lang.Object, java.lang.Object, java.lang.Object, java.lang.Object, int)'> (0x00000000d610d168) 
thrown [s\src\hotspot\share\interpreter\linkResolver.cpp, line 773]
Event: 9.042 Thread 0x000001df710e7550 Exception <a 'java/lang/NoSuchMethodError'{0x00000000d6110be8}: 'java.lang.Object java.lang.invoke.Invokers$Holder.linkToTargetMethod(java.lang.Object, java.lang.Object, java.lang.Object, int, java.lang.Object)'> (0x00000000d6110be8) 
thrown [s\src\hotspot\share\interpreter\linkResolver.cpp, line 773]
Event: 9.955 Thread 0x000001df6e77f450 Exception <a 'sun/nio/fs/WindowsException'{0x00000000d5a6cb40}> (0x00000000d5a6cb40) 
thrown [s\src\hotspot\share\prims\jni.cpp, line 520]
Event: 9.956 Thread 0x000001df710e33b0 Exception <a 'sun/nio/fs/WindowsException'{0x00000000d5a6e2d0}> (0x00000000d5a6e2d0) 
thrown [s\src\hotspot\share\prims\jni.cpp, line 520]
Event: 9.957 Thread 0x000001df710e6830 Exception <a 'sun/nio/fs/WindowsException'{0x00000000d5a728a8}> (0x00000000d5a728a8) 
thrown [s\src\hotspot\share\prims\jni.cpp, line 520]
Event: 10.041 Thread 0x000001df6e77f450 Exception <a 'sun/nio/fs/WindowsException'{0x00000000d58b3608}> (0x00000000d58b3608) 
thrown [s\src\hotspot\share\prims\jni.cpp, line 520]
Event: 10.041 Thread 0x000001df6e77f450 Exception <a 'sun/nio/fs/WindowsException'{0x00000000d58b3d30}> (0x00000000d58b3d30) 
thrown [s\src\hotspot\share\prims\jni.cpp, line 520]
Event: 10.448 Thread 0x000001df6e77f450 Exception <a 'java/lang/NoSuchMethodError'{0x00000000d56aae48}: 'void java.lang.invoke.DirectMethodHandle$Holder.invokeStatic(java.lang.Object, java.lang.Object, java.lang.Object, int)'> (0x00000000d56aae48) 
thrown [s\src\hotspot\share\interpreter\linkResolver.cpp, line 773]
Event: 10.466 Thread 0x000001df6e77f450 Exception <a 'java/lang/NoSuchMethodError'{0x00000000d56facc0}: 'void java.lang.invoke.DirectMethodHandle$Holder.invokeVirtual(java.lang.Object, java.lang.Object, int)'> (0x00000000d56facc0) 
thrown [s\src\hotspot\share\interpreter\linkResolver.cpp, line 773]

ZGC Phase Switch (0 events):
No events

VM Operations (20 events):
Event: 9.716 Executing VM operation: ParallelGCFailedAllocation (Allocation Failure)
Event: 9.721 Executing VM operation: ParallelGCFailedAllocation (Allocation Failure) done
Event: 9.758 Executing VM operation: ParallelGCFailedAllocation (Allocation Failure)
Event: 9.761 Executing VM operation: ParallelGCFailedAllocation (Allocation Failure) done
Event: 9.811 Executing VM operation: ParallelGCFailedAllocation (Allocation Failure)
Event: 9.813 Executing VM operation: ParallelGCFailedAllocation (Allocation Failure) done
Event: 9.878 Executing VM operation: ParallelGCFailedAllocation (Allocation Failure)
Event: 9.881 Executing VM operation: ParallelGCFailedAllocation (Allocation Failure) done
Event: 9.990 Executing VM operation: ParallelGCFailedAllocation (Allocation Failure)
Event: 9.993 Executing VM operation: ParallelGCFailedAllocation (Allocation Failure) done
Event: 10.086 Executing VM operation: ParallelGCFailedAllocation (Allocation Failure)
Event: 10.088 Executing VM operation: ParallelGCFailedAllocation (Allocation Failure) done
Event: 10.169 Executing VM operation: ParallelGCFailedAllocation (Allocation Failure)
Event: 10.170 Executing VM operation: ParallelGCFailedAllocation (Allocation Failure) done
Event: 10.227 Executing VM operation: HandshakeAllThreads (Deoptimize)
Event: 10.227 Executing VM operation: HandshakeAllThreads (Deoptimize) done
Event: 10.414 Executing VM operation: ParallelGCFailedAllocation (Allocation Failure)
Event: 10.417 Executing VM operation: ParallelGCFailedAllocation (Allocation Failure) done
Event: 10.686 Executing VM operation: ParallelGCFailedAllocation (Allocation Failure)
Event: 10.691 Executing VM operation: ParallelGCFailedAllocation (Allocation Failure) done

Memory protections (0 events):
No events

Nmethod flushes (20 events):
Event: 9.256 Thread 0x000001df0fe359a0 flushing osr nmethod 0x000001df139e5490
Event: 9.256 Thread 0x000001df0fe359a0 flushing  nmethod 0x000001df139eec10
Event: 9.256 Thread 0x000001df0fe359a0 flushing  nmethod 0x000001df139f1210
Event: 9.256 Thread 0x000001df0fe359a0 flushing  nmethod 0x000001df139f3b10
Event: 9.256 Thread 0x000001df0fe359a0 flushing  nmethod 0x000001df139fd410
Event: 9.256 Thread 0x000001df0fe359a0 flushing  nmethod 0x000001df13a05190
Event: 9.256 Thread 0x000001df0fe359a0 flushing  nmethod 0x000001df13a0f510
Event: 9.256 Thread 0x000001df0fe359a0 flushing  nmethod 0x000001df13a1d390
Event: 9.256 Thread 0x000001df0fe359a0 flushing  nmethod 0x000001df13a1d710
Event: 9.256 Thread 0x000001df0fe359a0 flushing  nmethod 0x000001df13a1f490
Event: 9.256 Thread 0x000001df0fe359a0 flushing  nmethod 0x000001df13a2e290
Event: 9.256 Thread 0x000001df0fe359a0 flushing  nmethod 0x000001df13a44210
Event: 9.256 Thread 0x000001df0fe359a0 flushing  nmethod 0x000001df13a50f10
Event: 9.256 Thread 0x000001df0fe359a0 flushing  nmethod 0x000001df13a51610
Event: 9.256 Thread 0x000001df0fe359a0 flushing  nmethod 0x000001df13a54e90
Event: 9.256 Thread 0x000001df0fe359a0 flushing  nmethod 0x000001df13a55610
Event: 9.256 Thread 0x000001df0fe359a0 flushing  nmethod 0x000001df13a55c10
Event: 9.256 Thread 0x000001df0fe359a0 flushing  nmethod 0x000001df13a6b890
Event: 9.256 Thread 0x000001df0fe359a0 flushing  nmethod 0x000001df13a77010
Event: 9.256 Thread 0x000001df0fe359a0 flushing  nmethod 0x000001df13a8fc10

Events (20 events):
Event: 6.442 Thread 0x000001df710e33b0 Thread added: 0x000001df710e8f90
Event: 6.443 Thread 0x000001df710e8f90 Thread added: 0x000001df710e9620
Event: 6.443 Thread 0x000001df710e6830 Thread added: 0x000001df710e2d20
Event: 6.444 Thread 0x000001df710e9620 Thread added: 0x000001df710e7be0
Event: 6.444 Thread 0x000001df710e2d20 Thread added: 0x000001df710e2690
Event: 6.445 Thread 0x000001df710e7be0 Thread added: 0x000001df710e4760
Event: 6.514 Thread 0x000001df6e77f450 Thread added: 0x000001df710e8270
Event: 6.514 Thread 0x000001df6e77f450 Thread added: 0x000001df710e5480
Event: 6.514 Thread 0x000001df6e77f450 Thread added: 0x000001df710e3a40
Event: 6.514 Thread 0x000001df710e8270 Thread added: 0x000001df710e5b10
Event: 6.514 Thread 0x000001df710e5480 Thread added: 0x000001df710e9cb0
Event: 6.515 Thread 0x000001df710e5b10 Thread added: 0x000001df710e61a0
Event: 8.858 Thread 0x000001df6e77f450 Thread added: 0x000001df710e7550
Event: 8.967 Thread 0x000001df6e77f450 Thread added: 0x000001df710e8900
Event: 8.996 Thread 0x000001df6e77f450 Thread added: 0x000001df713bb690
Event: 8.997 Thread 0x000001df6e77f450 Thread added: 0x000001df713b95c0
Event: 9.043 Thread 0x000001df6e77fae0 Thread added: 0x000001df713bc3b0
Event: 9.123 Thread 0x000001df6e77f450 Thread added: 0x000001df713bca40
Event: 9.131 Thread 0x000001df6e77f450 Thread added: 0x000001df713bb000
Event: 9.131 Thread 0x000001df6e77f450 Thread added: 0x000001df713bd0d0


Dynamic libraries:
0x00007ff6a86f0000 - 0x00007ff6a86fe000 	c:\Users\user\.vscode\extensions\redhat.java-1.51.0-win32-x64\jre\21.0.9-win32-x86_64\bin\java.exe
0x00007fff2e910000 - 0x00007fff2eb28000 	C:\WINDOWS\SYSTEM32\ntdll.dll
0x00007fff2dfd0000 - 0x00007fff2e094000 	C:\WINDOWS\System32\KERNEL32.DLL
0x00007fff2bd30000 - 0x00007fff2c103000 	C:\WINDOWS\System32\KERNELBASE.dll
0x00007fff2bb90000 - 0x00007fff2bca1000 	C:\WINDOWS\System32\ucrtbase.dll
0x00007fff08f20000 - 0x00007fff08f38000 	c:\Users\user\.vscode\extensions\redhat.java-1.51.0-win32-x64\jre\21.0.9-win32-x86_64\bin\jli.dll
0x00007fff015b0000 - 0x00007fff015ce000 	c:\Users\user\.vscode\extensions\redhat.java-1.51.0-win32-x64\jre\21.0.9-win32-x86_64\bin\VCRUNTIME140.dll
0x00007fff2da40000 - 0x00007fff2dbf2000 	C:\WINDOWS\System32\USER32.dll
0x00007fff2c4e0000 - 0x00007fff2c506000 	C:\WINDOWS\System32\win32u.dll
0x00007fff2cfc0000 - 0x00007fff2cfe9000 	C:\WINDOWS\System32\GDI32.dll
0x00007fff2c110000 - 0x00007fff2c22b000 	C:\WINDOWS\System32\gdi32full.dll
0x00007fff2c510000 - 0x00007fff2c5aa000 	C:\WINDOWS\System32\msvcp_win.dll
0x00007fff18890000 - 0x00007fff18b2c000 	C:\WINDOWS\WinSxS\amd64_microsoft.windows.common-controls_6595b64144ccf1df_6.0.22621.6060_none_2712eda17382d24b\COMCTL32.dll
0x00007fff2e0a0000 - 0x00007fff2e147000 	C:\WINDOWS\System32\msvcrt.dll
0x00007fff2c630000 - 0x00007fff2c661000 	C:\WINDOWS\System32\IMM32.DLL
0x000000006d3d0000 - 0x000000006d3dc000 	C:\Program Files (x86)\360\Total Security\safemon\SafeWrapper.dll
0x00007fff2cce0000 - 0x00007fff2cd91000 	C:\WINDOWS\System32\ADVAPI32.dll
0x00007fff2e1b0000 - 0x00007fff2e258000 	C:\WINDOWS\System32\sechost.dll
0x00007fff2ba20000 - 0x00007fff2ba48000 	C:\WINDOWS\System32\bcrypt.dll
0x00007fff2de20000 - 0x00007fff2df38000 	C:\WINDOWS\System32\RPCRT4.dll
0x00007ffefe8b0000 - 0x00007ffefe95c000 	C:\Program Files (x86)\360\Total Security\safemon\libzdtp64.dll
0x00007fff2cff0000 - 0x00007fff2d88c000 	C:\WINDOWS\System32\SHELL32.dll
0x00007fff2c3a0000 - 0x00007fff2c4df000 	C:\WINDOWS\System32\wintypes.dll
0x00007fff2e400000 - 0x00007fff2e791000 	C:\WINDOWS\System32\combase.dll
0x00007fff2cdb0000 - 0x00007fff2ce19000 	C:\WINDOWS\System32\SHLWAPI.dll
0x00007fff2b460000 - 0x00007fff2b46a000 	C:\WINDOWS\SYSTEM32\VERSION.dll
0x00007fff015a0000 - 0x00007fff015ac000 	c:\Users\user\.vscode\extensions\redhat.java-1.51.0-win32-x64\jre\21.0.9-win32-x86_64\bin\vcruntime140_1.dll
0x00007ffeff080000 - 0x00007ffeff10d000 	c:\Users\user\.vscode\extensions\redhat.java-1.51.0-win32-x64\jre\21.0.9-win32-x86_64\bin\msvcp140.dll
0x00007ffec3060000 - 0x00007ffec3e00000 	c:\Users\user\.vscode\extensions\redhat.java-1.51.0-win32-x64\jre\21.0.9-win32-x86_64\bin\server\jvm.dll
0x00007fff2df50000 - 0x00007fff2dfc1000 	C:\WINDOWS\System32\WS2_32.dll
0x00007fff24890000 - 0x00007fff248c4000 	C:\WINDOWS\SYSTEM32\WINMM.dll
0x00007fff2b7f0000 - 0x00007fff2b83d000 	C:\WINDOWS\SYSTEM32\POWRPROF.dll
0x00007fff2b6d0000 - 0x00007fff2b6e3000 	C:\WINDOWS\SYSTEM32\UMPDC.dll
0x00007fff2a990000 - 0x00007fff2a9a8000 	C:\WINDOWS\SYSTEM32\kernel.appcore.dll
0x00007fff01590000 - 0x00007fff0159a000 	c:\Users\user\.vscode\extensions\redhat.java-1.51.0-win32-x64\jre\21.0.9-win32-x86_64\bin\jimage.dll
0x00007fff29210000 - 0x00007fff29443000 	C:\WINDOWS\SYSTEM32\DBGHELP.DLL
0x00007fff2e270000 - 0x00007fff2e348000 	C:\WINDOWS\System32\OLEAUT32.dll
0x00007fff291d0000 - 0x00007fff29202000 	C:\WINDOWS\SYSTEM32\dbgcore.DLL
0x00007fff2bb10000 - 0x00007fff2bb8b000 	C:\WINDOWS\System32\bcryptPrimitives.dll
0x00007fff26cf0000 - 0x00007fff26cff000 	c:\Users\user\.vscode\extensions\redhat.java-1.51.0-win32-x64\jre\21.0.9-win32-x86_64\bin\instrument.dll
0x00007ffefeff0000 - 0x00007ffeff010000 	c:\Users\user\.vscode\extensions\redhat.java-1.51.0-win32-x64\jre\21.0.9-win32-x86_64\bin\java.dll
0x00007fff298b0000 - 0x00007fff2a1ca000 	C:\WINDOWS\SYSTEM32\windows.storage.dll
0x00007fff2ce90000 - 0x00007fff2cf94000 	C:\WINDOWS\System32\SHCORE.dll
0x00007fff2b950000 - 0x00007fff2b975000 	C:\WINDOWS\SYSTEM32\profapi.dll
0x00007fff01560000 - 0x00007fff01578000 	c:\Users\user\.vscode\extensions\redhat.java-1.51.0-win32-x64\jre\21.0.9-win32-x86_64\bin\zip.dll
0x00007fff01550000 - 0x00007fff01560000 	C:\Users\user\.vscode\extensions\redhat.java-1.51.0-win32-x64\jre\21.0.9-win32-x86_64\bin\net.dll
0x00007fff28f80000 - 0x00007fff290ac000 	C:\WINDOWS\SYSTEM32\WINHTTP.dll
0x00007fff2ae70000 - 0x00007fff2aed9000 	C:\WINDOWS\system32\mswsock.dll
0x00007ffeff020000 - 0x00007ffeff036000 	C:\Users\user\.vscode\extensions\redhat.java-1.51.0-win32-x64\jre\21.0.9-win32-x86_64\bin\nio.dll
0x00007fff14740000 - 0x00007fff14750000 	c:\Users\user\.vscode\extensions\redhat.java-1.51.0-win32-x64\jre\21.0.9-win32-x86_64\bin\verify.dll
0x00007fff04790000 - 0x00007fff047d4000 	C:\Users\user\AppData\Roaming\Code\User\globalStorage\redhat.java\1.51.0\config_win\org.eclipse.equinox.launcher\org.eclipse.equinox.launcher.win32.win32.x86_64_1.2.1400.v20250801-0854\eclipse_11916.dll
0x00007fff2d890000 - 0x00007fff2da31000 	C:\WINDOWS\System32\ole32.dll
0x00007fff2b0c0000 - 0x00007fff2b0db000 	C:\WINDOWS\SYSTEM32\CRYPTSP.dll
0x00007fff2a8f0000 - 0x00007fff2a927000 	C:\WINDOWS\system32\rsaenh.dll
0x00007fff2af60000 - 0x00007fff2af88000 	C:\WINDOWS\SYSTEM32\USERENV.dll
0x00007fff2b0e0000 - 0x00007fff2b0ec000 	C:\WINDOWS\SYSTEM32\CRYPTBASE.dll
0x00007fff2a420000 - 0x00007fff2a44d000 	C:\WINDOWS\SYSTEM32\IPHLPAPI.DLL
0x00007fff2df40000 - 0x00007fff2df49000 	C:\WINDOWS\System32\NSI.dll
0x00007fff031b0000 - 0x00007fff031f9000 	C:\Users\user\AppData\Local\Temp\jna-3599307\jna9130762004699521046.dll
0x00007fff2e150000 - 0x00007fff2e158000 	C:\WINDOWS\System32\PSAPI.DLL
0x00007fff244c0000 - 0x00007fff244d9000 	C:\WINDOWS\SYSTEM32\dhcpcsvc6.DLL
0x00007fff244a0000 - 0x00007fff244bf000 	C:\WINDOWS\SYSTEM32\dhcpcsvc.DLL

JVMTI agents:
c:\Users\user\.vscode\extensions\redhat.java-1.51.0-win32-x64\lombok\lombok-1.18.39-4050.jar path:c:\Users\user\.vscode\extensions\redhat.java-1.51.0-win32-x64\jre\21.0.9-win32-x86_64\bin\instrument.dll, loaded, initialized, instrumentlib options:none

dbghelp: loaded successfully - version: 4.0.5 - missing functions: none
symbol engine: initialized successfully - sym options: 0x614 - pdb path: .;c:\Users\user\.vscode\extensions\redhat.java-1.51.0-win32-x64\jre\21.0.9-win32-x86_64\bin;C:\WINDOWS\SYSTEM32;C:\WINDOWS\WinSxS\amd64_microsoft.windows.common-controls_6595b64144ccf1df_6.0.22621.6060_none_2712eda17382d24b;C:\Program Files (x86)\360\Total Security\safemon;c:\Users\user\.vscode\extensions\redhat.java-1.51.0-win32-x64\jre\21.0.9-win32-x86_64\bin\server;C:\Users\user\AppData\Roaming\Code\User\globalStorage\redhat.java\1.51.0\config_win\org.eclipse.equinox.launcher\org.eclipse.equinox.launcher.win32.win32.x86_64_1.2.1400.v20250801-0854;C:\Users\user\AppData\Local\Temp\jna-3599307

VM Arguments:
jvm_args: --add-modules=ALL-SYSTEM --add-opens=java.base/java.util=ALL-UNNAMED --add-opens=java.base/java.lang=ALL-UNNAMED --add-opens=java.base/sun.nio.fs=ALL-UNNAMED -Declipse.application=org.eclipse.jdt.ls.core.id1 -Dosgi.bundles.defaultStartLevel=4 -Declipse.product=org.eclipse.jdt.ls.core.product -Djava.import.generatesMetadataFilesAtProjectRoot=false -DDetectVMInstallationsJob.disabled=true -Dfile.encoding=utf8 -XX:+UseParallelGC -XX:GCTimeRatio=4 -XX:AdaptiveSizePolicyWeight=90 -Dsun.zip.disableMemoryMapping=true -Xmx2G -Xms100m -Xlog:disable -javaagent:c:\Users\user\.vscode\extensions\redhat.java-1.51.0-win32-x64\lombok\lombok-1.18.39-4050.jar -XX:+HeapDumpOnOutOfMemoryError -XX:HeapDumpPath=c:\Users\user\AppData\Roaming\Code\User\workspaceStorage\0674b5c6fcfe98aa21c3e4592ae7b086\redhat.java -Daether.dependencyCollector.impl=bf 
java_command: c:\Users\user\.vscode\extensions\redhat.java-1.51.0-win32-x64\server\plugins\org.eclipse.equinox.launcher_1.7.100.v20251111-0406.jar -configuration c:\Users\user\AppData\Roaming\Code\User\globalStorage\redhat.java\1.51.0\config_win -data c:\Users\user\AppData\Roaming\Code\User\workspaceStorage\0674b5c6fcfe98aa21c3e4592ae7b086\redhat.java\jdt_ws --pipe=\\.\pipe\lsp-495a659f58741bc886e9cdb25751eb1e-sock
java_class_path (initial): c:\Users\user\.vscode\extensions\redhat.java-1.51.0-win32-x64\server\plugins\org.eclipse.equinox.launcher_1.7.100.v20251111-0406.jar
Launcher Type: SUN_STANDARD

[Global flags]
    uintx AdaptiveSizePolicyWeight                 = 90                                        {product} {command line}
     intx CICompilerCount                          = 4                                         {product} {ergonomic}
    uintx GCTimeRatio                              = 4                                         {product} {command line}
     bool HeapDumpOnOutOfMemoryError               = true                                   {manageable} {command line}
    ccstr HeapDumpPath                             = c:\Users\user\AppData\Roaming\Code\User\workspaceStorage\0674b5c6fcfe98aa21c3e4592ae7b086\redhat.java         {manageable} {command line}
   size_t InitialHeapSize                          = 104857600                                 {product} {command line}
   size_t MaxHeapSize                              = 2147483648                                {product} {command line}
   size_t MaxNewSize                               = 715653120                                 {product} {ergonomic}
   size_t MinHeapDeltaBytes                        = 524288                                    {product} {ergonomic}
   size_t MinHeapSize                              = 104857600                                 {product} {command line}
   size_t NewSize                                  = 34603008                                  {product} {ergonomic}
    uintx NonNMethodCodeHeapSize                   = 5839372                                {pd product} {ergonomic}
    uintx NonProfiledCodeHeapSize                  = 122909434                              {pd product} {ergonomic}
   size_t OldSize                                  = 70254592                                  {product} {ergonomic}
    uintx ProfiledCodeHeapSize                     = 122909434                              {pd product} {ergonomic}
    uintx ReservedCodeCacheSize                    = 251658240                              {pd product} {ergonomic}
     bool SegmentedCodeCache                       = true                                      {product} {ergonomic}
   size_t SoftMaxHeapSize                          = 2147483648                             {manageable} {ergonomic}
     bool UseCompressedOops                        = true                           {product lp64_product} {ergonomic}
     bool UseLargePagesIndividualAllocation        = false                                  {pd product} {ergonomic}
     bool UseParallelGC                            = true                                      {product} {command line}

Logging:
Log output configuration:
 #0: stdout all=off uptime,level,tags foldmultilines=false
 #1: stderr all=off uptime,level,tags foldmultilines=false

Release file:
JAVA_VERSION="21.0.9" 
MODULES="java.base java.compiler java.datatransfer java.xml java.prefs java.desktop java.instrument java.logging java.management java.security.sasl java.naming java.rmi java.management.rmi java.net.http java.scripting java.security.jgss java.transaction.xa java.sql java.sql.rowset java.xml.crypto java.se java.smartcardio jdk.accessibility jdk.internal.jvmstat jdk.attach jdk.charsets jdk.internal.opt jdk.zipfs jdk.compiler jdk.crypto.ec jdk.crypto.cryptoki jdk.crypto.mscapi jdk.dynalink jdk.internal.ed jdk.editpad jdk.hotspot.agent jdk.httpserver jdk.internal.le jdk.internal.vm.ci jdk.internal.vm.compiler jdk.internal.vm.compiler.management jdk.jartool jdk.javadoc jdk.jcmd jdk.management jdk.management.agent jdk.jconsole jdk.jdeps jdk.jdwp.agent jdk.jdi jdk.jfr jdk.jshell jdk.jsobject jdk.jstatd jdk.localedata jdk.management.jfr jdk.naming.dns jdk.naming.rmi jdk.net jdk.nio.mapmode jdk.random jdk.sctp jdk.security.auth jdk.security.jgss jdk.unsupported jdk.unsupported.desktop jdk.xml.dom" 

Environment Variables:
PATH=C:\Program Files\Eclipse Adoptium\jdk-17.0.17.10-hotspot\bin;C:\WINDOWS\system32;C:\WINDOWS;C:\WINDOWS\System32\Wbem;C:\WINDOWS\System32\WindowsPowerShell\v1.0\;C:\WINDOWS\System32\OpenSSH\;C:\Program Files\Git\cmd;C:\Program Files\nodejs\;C:\Program Files\MySQL\MySQL Shell 8.0\bin\;C:\Users\user\AppData\Local\Programs\Python\Launcher\;C:\Users\user\AppData\Local\Microsoft\WindowsApps;C:\Users\user\AppData\Local\Programs\Microsoft VS Code\bin;C:\Users\user\AppData\Roaming\npm;C:\Users\user\AppData\Local\Google\Cloud SDK\google-cloud-sdk\bin;C:\Users\user\AppData\Local\Microsoft\WinGet\Packages\Cloudflare.cloudflared_Microsoft.Winget.Source_8wekyb3d8bbwe;
USERNAME=user
OS=Windows_NT
PROCESSOR_IDENTIFIER=Intel64 Family 6 Model 126 Stepping 5, GenuineIntel
TMP=C:\Users\user\AppData\Local\Temp
TEMP=C:\Users\user\AppData\Local\Temp




Periodic native trim disabled

---------------  S Y S T E M  ---------------

OS:
 Windows 11 , 64 bit Build 22621 (10.0.22621.5415)
OS uptime: 4 days 20:41 hours

CPU: total 8 (initial active 8) (4 cores per cpu, 2 threads per core) family 6 model 126 stepping 5 microcode 0x86, cx8, cmov, fxsr, ht, mmx, 3dnowpref, sse, sse2, sse3, ssse3, sse4.1, sse4.2, popcnt, lzcnt, tsc, tscinvbit, avx, avx2, aes, erms, clmul, bmi1, bmi2, adx, avx512f, avx512dq, avx512cd, avx512bw, avx512vl, sha, fma, vzeroupper, avx512_vpopcntdq, avx512_vpclmulqdq, avx512_vaes, avx512_vnni, clflush, clflushopt, avx512_vbmi2, avx512_vbmi, rdtscp, rdpid, fsrm, gfni, avx512_bitalg, f16c, pku, avx512_ifma
Processor Information for the first 8 processors :
  Max Mhz: 1498, Current Mhz: 1298, Mhz Limit: 1288

Memory: 4k page, system-wide physical 7901M (448M free)
TotalPageFile size 32477M (AvailPageFile size 0M)
current process WorkingSet (physical memory assigned to process): 411M, peak: 411M
current process commit charge ("private bytes"): 486M, peak: 486M

vm_info: OpenJDK 64-Bit Server VM (21.0.9+10-LTS) for windows-amd64 JRE (21.0.9+10-LTS), built on 2025-10-21T00:00:00Z by "admin" with unknown MS VC++:1942

END.
