#
# There is insufficient memory for the Java Runtime Environment to continue.
# Native memory allocation (malloc) failed to allocate 1080816 bytes. Error detail: Chunk::new
# Possible reasons:
#   The system is out of physical RAM or swap space
#   This process is running with CompressedOops enabled, and the Java Heap may be blocking the growth of the native heap
# Possible solutions:
#   Reduce memory load on the system
#   Increase physical memory or swap space
#   Check if swap backing store is full
#   Decrease Java heap size (-Xmx/-Xms)
#   Decrease number of Java threads
#   Decrease Java thread stack sizes (-Xss)
#   Set larger code cache with -XX:ReservedCodeCacheSize=
#   JVM is running with Unscaled Compressed Oops mode in which the Java heap is
#     placed in the first 4GB address space. The Java Heap base address is the
#     maximum limit for the native heap growth. Please use -XX:HeapBaseMinAddress
#     to set the Java Heap base and to place the Java Heap above 4GB virtual address.
# This output file may be truncated or incomplete.
#
#  Out of Memory Error (arena.cpp:168), pid=88336, tid=153060
#
# JRE version: OpenJDK Runtime Environment Temurin-21.0.9+10 (21.0.9+10) (build 21.0.9+10-LTS)
# Java VM: OpenJDK 64-Bit Server VM Temurin-21.0.9+10 (21.0.9+10-LTS, mixed mode, sharing, tiered, compressed oops, compressed class ptrs, parallel gc, windows-amd64)
# No core dump will be written. Minidumps are not enabled by default on client versions of Windows
#

---------------  S U M M A R Y ------------

Command Line: --add-modules=ALL-SYSTEM --add-opens=java.base/java.util=ALL-UNNAMED --add-opens=java.base/java.lang=ALL-UNNAMED --add-opens=java.base/sun.nio.fs=ALL-UNNAMED -Declipse.application=org.eclipse.jdt.ls.core.id1 -Dosgi.bundles.defaultStartLevel=4 -Declipse.product=org.eclipse.jdt.ls.core.product -Djava.import.generatesMetadataFilesAtProjectRoot=false -DDetectVMInstallationsJob.disabled=true -Dfile.encoding=utf8 -XX:+UseParallelGC -XX:GCTimeRatio=4 -XX:AdaptiveSizePolicyWeight=90 -Dsun.zip.disableMemoryMapping=true -Xmx2G -Xms100m -Xlog:disable -javaagent:c:\Users\user\.vscode\extensions\redhat.java-1.52.0-win32-x64\lombok\lombok-1.18.39-4050.jar -XX:+HeapDumpOnOutOfMemoryError -XX:HeapDumpPath=c:\Users\user\AppData\Roaming\Code\User\workspaceStorage\0674b5c6fcfe98aa21c3e4592ae7b086\redhat.java -Daether.dependencyCollector.impl=bf c:\Users\user\.vscode\extensions\redhat.java-1.52.0-win32-x64\server\plugins\org.eclipse.equinox.launcher_1.7.100.v20251111-0406.jar -configuration c:\Users\user\AppData\Roaming\Code\User\globalStorage\redhat.java\1.52.0\config_win -data c:\Users\user\AppData\Roaming\Code\User\workspaceStorage\0674b5c6fcfe98aa21c3e4592ae7b086\redhat.java\jdt_ws --pipe=\\.\pipe\lsp-22a866e4e1eea5f10676d1ccdce5720d-sock

Host: Intel(R) Core(TM) i7-1065G7 CPU @ 1.30GHz, 8 cores, 7G,  Windows 11 , 64 bit Build 22621 (10.0.22621.5415)
Time: Wed Feb  4 19:33:19 2026 elapsed time: 14.011671 seconds (0d 0h 0m 14s)

---------------  T H R E A D  ---------------

Current thread (0x000001c594e23670):  JavaThread "C2 CompilerThread0" daemon [_thread_in_native, id=153060, stack(0x0000001aade00000,0x0000001aadf00000) (1024K)]


Current CompileTask:
C2:14011 6900       4       jdk.internal.org.objectweb.asm.SymbolTable::addConstantMemberReference (147 bytes)

Stack: [0x0000001aade00000,0x0000001aadf00000]
Native frames: (J=compiled Java code, j=interpreted, Vv=VM code, C=native code)
V  [jvm.dll+0x6d6e29]
V  [jvm.dll+0x8b4b76]
V  [jvm.dll+0x8b712e]
V  [jvm.dll+0x8b7813]
V  [jvm.dll+0x283d86]
V  [jvm.dll+0xc66ed]
V  [jvm.dll+0xc6c31]
V  [jvm.dll+0x3be501]
V  [jvm.dll+0x1e3d59]
V  [jvm.dll+0x24c0f3]
V  [jvm.dll+0x24b580]
V  [jvm.dll+0x1cb13e]
V  [jvm.dll+0x25b29d]
V  [jvm.dll+0x25982a]
V  [jvm.dll+0x3f7ea6]
V  [jvm.dll+0x85e9ad]
V  [jvm.dll+0x6d565d]
C  [ucrtbase.dll+0x29333]
C  [KERNEL32.DLL+0x1259d]
C  [ntdll.dll+0x5af78]


---------------  P R O C E S S  ---------------

Threads class SMR info:
_java_thread_list=0x000001c5f64fa600, length=46, elements={
0x000001c592b14f90, 0x000001c5f20062b0, 0x000001c5f2007850, 0x000001c5f200aae0,
0x000001c5f200c1b0, 0x000001c5f2013180, 0x000001c594e21fa0, 0x000001c594e23670,
0x000001c594e27700, 0x000001c5f21e46d0, 0x000001c5f2347ed0, 0x000001c5f2d619c0,
0x000001c5f2a17fe0, 0x000001c5f2a409d0, 0x000001c5f2a41030, 0x000001c5f34e4010,
0x000001c5f2df0300, 0x000001c5f323d3f0, 0x000001c5f2d8ff40, 0x000001c5f2916e80,
0x000001c5f2917510, 0x000001c5f29188c0, 0x000001c5f29167f0, 0x000001c5f2917ba0,
0x000001c5f2918230, 0x000001c5f2915440, 0x000001c5f2915ad0, 0x000001c5f2916160,
0x000001c5f50cdd20, 0x000001c5f50ce3b0, 0x000001c5f50cd000, 0x000001c5f50cea40,
0x000001c5f50cb5c0, 0x000001c5f50d0b10, 0x000001c5f50cf0d0, 0x000001c5f50cf760,
0x000001c5f50caf30, 0x000001c5f50cbc50, 0x000001c5f50cfdf0, 0x000001c5f50cc2e0,
0x000001c5f50cd690, 0x000001c5f50d0480, 0x000001c5f50d11a0, 0x000001c5f50cc970,
0x000001c5f2664760, 0x000001c5f2662c20
}

Java Threads: ( => current thread )
  0x000001c592b14f90 JavaThread "main"                              [_thread_blocked, id=141592, stack(0x0000001aad400000,0x0000001aad500000) (1024K)]
  0x000001c5f20062b0 JavaThread "Reference Handler"          daemon [_thread_blocked, id=89752, stack(0x0000001aad800000,0x0000001aad900000) (1024K)]
  0x000001c5f2007850 JavaThread "Finalizer"                  daemon [_thread_blocked, id=132704, stack(0x0000001aad900000,0x0000001aada00000) (1024K)]
  0x000001c5f200aae0 JavaThread "Signal Dispatcher"          daemon [_thread_blocked, id=153412, stack(0x0000001aada00000,0x0000001aadb00000) (1024K)]
  0x000001c5f200c1b0 JavaThread "Attach Listener"            daemon [_thread_blocked, id=155140, stack(0x0000001aadb00000,0x0000001aadc00000) (1024K)]
  0x000001c5f2013180 JavaThread "Service Thread"             daemon [_thread_blocked, id=158404, stack(0x0000001aadc00000,0x0000001aadd00000) (1024K)]
  0x000001c594e21fa0 JavaThread "Monitor Deflation Thread"   daemon [_thread_blocked, id=119056, stack(0x0000001aadd00000,0x0000001aade00000) (1024K)]
=>0x000001c594e23670 JavaThread "C2 CompilerThread0"         daemon [_thread_in_native, id=153060, stack(0x0000001aade00000,0x0000001aadf00000) (1024K)]
  0x000001c594e27700 JavaThread "C1 CompilerThread0"         daemon [_thread_blocked, id=143792, stack(0x0000001aadf00000,0x0000001aae000000) (1024K)]
  0x000001c5f21e46d0 JavaThread "Common-Cleaner"             daemon [_thread_blocked, id=134464, stack(0x0000001aae100000,0x0000001aae200000) (1024K)]
  0x000001c5f2347ed0 JavaThread "Notification Thread"        daemon [_thread_blocked, id=155380, stack(0x0000001aae000000,0x0000001aae100000) (1024K)]
  0x000001c5f2d619c0 JavaThread "Active Thread: Equinox Container: ad6db3aa-7836-4201-b553-8f53a6d430a4"        [_thread_blocked, id=212220, stack(0x0000001aae900000,0x0000001aaea00000) (1024K)]
  0x000001c5f2a17fe0 JavaThread "Refresh Thread: Equinox Container: ad6db3aa-7836-4201-b553-8f53a6d430a4" daemon [_thread_blocked, id=127628, stack(0x0000001aaeb00000,0x0000001aaec00000) (1024K)]
  0x000001c5f2a409d0 JavaThread "Framework Event Dispatcher: Equinox Container: ad6db3aa-7836-4201-b553-8f53a6d430a4" daemon [_thread_blocked, id=148828, stack(0x0000001aaec00000,0x0000001aaed00000) (1024K)]
  0x000001c5f2a41030 JavaThread "Start Level: Equinox Container: ad6db3aa-7836-4201-b553-8f53a6d430a4" daemon [_thread_blocked, id=145540, stack(0x0000001aaed00000,0x0000001aaee00000) (1024K)]
  0x000001c5f34e4010 JavaThread "Bundle File Closer"         daemon [_thread_blocked, id=29636, stack(0x0000001aaef00000,0x0000001aaf000000) (1024K)]
  0x000001c5f2df0300 JavaThread "SCR Component Actor"        daemon [_thread_blocked, id=137680, stack(0x0000001aaee00000,0x0000001aaef00000) (1024K)]
  0x000001c5f323d3f0 JavaThread "Worker-JM"                         [_thread_blocked, id=123428, stack(0x0000001aaf000000,0x0000001aaf100000) (1024K)]
  0x000001c5f2d8ff40 JavaThread "JNA Cleaner"                daemon [_thread_blocked, id=68820, stack(0x0000001aae200000,0x0000001aae300000) (1024K)]
  0x000001c5f2916e80 JavaThread "Worker-0: Initialize workspace"        [_thread_in_Java, id=145688, stack(0x0000001aaf100000,0x0000001aaf200000) (1024K)]
  0x000001c5f2917510 JavaThread "Worker-1"                          [_thread_blocked, id=151472, stack(0x0000001aaf200000,0x0000001aaf300000) (1024K)]
  0x000001c5f29188c0 JavaThread "Java indexing"              daemon [_thread_blocked, id=138648, stack(0x0000001aaf500000,0x0000001aaf600000) (1024K)]
  0x000001c5f29167f0 JavaThread "Worker-2"                          [_thread_blocked, id=147336, stack(0x0000001aaf800000,0x0000001aaf900000) (1024K)]
  0x000001c5f2917ba0 JavaThread "Worker-3: Initialize Workspace"        [_thread_blocked, id=153404, stack(0x0000001aaf900000,0x0000001aafa00000) (1024K)]
  0x000001c5f2918230 JavaThread "Worker-4"                          [_thread_blocked, id=152752, stack(0x0000001aafa00000,0x0000001aafb00000) (1024K)]
  0x000001c5f2915440 JavaThread "Thread-1"                   daemon [_thread_in_native, id=135780, stack(0x0000001aafb00000,0x0000001aafc00000) (1024K)]
  0x000001c5f2915ad0 JavaThread "Thread-2"                   daemon [_thread_in_native, id=110116, stack(0x0000001aafc00000,0x0000001aafd00000) (1024K)]
  0x000001c5f2916160 JavaThread "Thread-3"                   daemon [_thread_in_native, id=157556, stack(0x0000001aafd00000,0x0000001aafe00000) (1024K)]
  0x000001c5f50cdd20 JavaThread "Thread-4"                   daemon [_thread_in_native, id=131696, stack(0x0000001aafe00000,0x0000001aaff00000) (1024K)]
  0x000001c5f50ce3b0 JavaThread "Thread-5"                   daemon [_thread_in_native, id=135768, stack(0x0000001aaff00000,0x0000001ab0000000) (1024K)]
  0x000001c5f50cd000 JavaThread "Thread-6"                   daemon [_thread_in_native, id=133328, stack(0x0000001ab0000000,0x0000001ab0100000) (1024K)]
  0x000001c5f50cea40 JavaThread "Thread-7"                   daemon [_thread_in_native, id=140456, stack(0x0000001ab0100000,0x0000001ab0200000) (1024K)]
  0x000001c5f50cb5c0 JavaThread "Thread-8"                   daemon [_thread_in_native, id=161980, stack(0x0000001ab0200000,0x0000001ab0300000) (1024K)]
  0x000001c5f50d0b10 JavaThread "Thread-9"                   daemon [_thread_in_native, id=135024, stack(0x0000001ab0300000,0x0000001ab0400000) (1024K)]
  0x000001c5f50cf0d0 JavaThread "pool-2-thread-1"                   [_thread_blocked, id=63288, stack(0x0000001ab0400000,0x0000001ab0500000) (1024K)]
  0x000001c5f50cf760 JavaThread "WorkspaceEventsHandler"            [_thread_blocked, id=130504, stack(0x0000001ab0500000,0x0000001ab0600000) (1024K)]
  0x000001c5f50caf30 JavaThread "pool-1-thread-1"                   [_thread_blocked, id=137716, stack(0x0000001ab0600000,0x0000001ab0700000) (1024K)]
  0x000001c5f50cbc50 JavaThread "ForkJoinPool.commonPool-worker-1" daemon [_thread_blocked, id=76464, stack(0x0000001ab0700000,0x0000001ab0800000) (1024K)]
  0x000001c5f50cfdf0 JavaThread "ForkJoinPool.commonPool-worker-2" daemon [_thread_blocked, id=109024, stack(0x0000001ab0800000,0x0000001ab0900000) (1024K)]
  0x000001c5f50cc2e0 JavaThread "ForkJoinPool.commonPool-worker-3" daemon [_thread_blocked, id=169712, stack(0x0000001ab0900000,0x0000001ab0a00000) (1024K)]
  0x000001c5f50cd690 JavaThread "ForkJoinPool.commonPool-worker-4" daemon [_thread_blocked, id=123980, stack(0x0000001ab0a00000,0x0000001ab0b00000) (1024K)]
  0x000001c5f50d0480 JavaThread "ForkJoinPool.commonPool-worker-5" daemon [_thread_blocked, id=73596, stack(0x0000001ab0b00000,0x0000001ab0c00000) (1024K)]
  0x000001c5f50d11a0 JavaThread "ForkJoinPool.commonPool-worker-6" daemon [_thread_blocked, id=131168, stack(0x0000001ab0c00000,0x0000001ab0d00000) (1024K)]
  0x000001c5f50cc970 JavaThread "ForkJoinPool.commonPool-worker-7" daemon [_thread_blocked, id=135296, stack(0x0000001ab0d00000,0x0000001ab0e00000) (1024K)]
  0x000001c5f2664760 JavaThread "C2 CompilerThread1"         daemon [_thread_in_native, id=155120, stack(0x0000001aaf300000,0x0000001aaf400000) (1024K)]
  0x000001c5f2662c20 JavaThread "C2 CompilerThread2"         daemon [_thread_in_native, id=152136, stack(0x0000001aaf400000,0x0000001aaf500000) (1024K)]
Total: 46

Other Threads:
  0x000001c594d15770 VMThread "VM Thread"                           [id=20608, stack(0x0000001aad700000,0x0000001aad800000) (1024K)]
  0x000001c594e126f0 WatcherThread "VM Periodic Task Thread"        [id=155216, stack(0x0000001aad600000,0x0000001aad700000) (1024K)]
  0x000001c594dc62e0 WorkerThread "GC Thread#0"                     [id=179652, stack(0x0000001aad500000,0x0000001aad600000) (1024K)]
  0x000001c5f2b742c0 WorkerThread "GC Thread#1"                     [id=70116, stack(0x0000001aae300000,0x0000001aae400000) (1024K)]
  0x000001c5f28c31a0 WorkerThread "GC Thread#2"                     [id=146848, stack(0x0000001aae400000,0x0000001aae500000) (1024K)]
  0x000001c5f2bd25b0 WorkerThread "GC Thread#3"                     [id=128688, stack(0x0000001aae500000,0x0000001aae600000) (1024K)]
  0x000001c5f2bd2950 WorkerThread "GC Thread#4"                     [id=136036, stack(0x0000001aae600000,0x0000001aae700000) (1024K)]
  0x000001c5f2bd2cf0 WorkerThread "GC Thread#5"                     [id=144108, stack(0x0000001aae700000,0x0000001aae800000) (1024K)]
  0x000001c5f2b6dc70 WorkerThread "GC Thread#6"                     [id=173592, stack(0x0000001aae800000,0x0000001aae900000) (1024K)]
  0x000001c5f2c73e80 WorkerThread "GC Thread#7"                     [id=135912, stack(0x0000001aaea00000,0x0000001aaeb00000) (1024K)]
Total: 10

Threads with active compile tasks:
C2 CompilerThread0  14111 6900       4       jdk.internal.org.objectweb.asm.SymbolTable::addConstantMemberReference (147 bytes)
C2 CompilerThread1  14111 7215       4       org.eclipse.jdt.internal.core.util.Util::splitOn (134 bytes)
C2 CompilerThread2  14112 7216       4       jdk.internal.jrtfs.JrtFileSystem::checkNode (40 bytes)
Total: 3

VM state: not at safepoint (normal execution)

VM Mutex/Monitor currently owned by a thread: None

Heap address: 0x0000000080000000, size: 2048 MB, Compressed Oops mode: 32-bit

CDS archive(s) mapped at: [0x000001c5ac000000-0x000001c5acba0000-0x000001c5acba0000), size 12189696, SharedBaseAddress: 0x000001c5ac000000, ArchiveRelocationMode: 1.
Compressed class space mapped at: 0x000001c5ad000000-0x000001c5ed000000, reserved size: 1073741824
Narrow klass base: 0x000001c5ac000000, Narrow klass shift: 0, Narrow klass range: 0x100000000

GC Precious Log:
 CardTable entry size: 512
 CPUs: 8 total, 8 available
 Memory: 7901M
 Large Page Support: Disabled
 NUMA Support: Disabled
 Compressed Oops: Enabled (32-bit)
 Alignments: Space 512K, Generation 512K, Heap 2M
 Heap Min Capacity: 100M
 Heap Initial Capacity: 100M
 Heap Max Capacity: 2G
 Pre-touch: Disabled
 Parallel Workers: 8

Heap:
 PSYoungGen      total 18432K, used 10116K [0x00000000d5580000, 0x00000000d6980000, 0x0000000100000000)
  eden space 15872K, 53% used [0x00000000d5580000,0x00000000d5dd6b70,0x00000000d6500000)
  from space 2560K, 65% used [0x00000000d6500000,0x00000000d66a0050,0x00000000d6780000)
  to   space 2048K, 0% used [0x00000000d6780000,0x00000000d6780000,0x00000000d6980000)
 ParOldGen       total 68608K, used 37069K [0x0000000080000000, 0x0000000084300000, 0x00000000d5580000)
  object space 68608K, 54% used [0x0000000080000000,0x0000000082433760,0x0000000084300000)
 Metaspace       used 49047K, committed 50432K, reserved 1114112K
  class space    used 5325K, committed 5952K, reserved 1048576K

Card table byte_map: [0x000001c594720000,0x000001c594b30000] _byte_map_base: 0x000001c594320000

Marking Bits: (ParMarkBitMap*) 0x00007ffe5a332460
 Begin Bits: [0x000001c5a7230000, 0x000001c5a9230000)
 End Bits:   [0x000001c5a9230000, 0x000001c5ab230000)

Polling page: 0x000001c592c20000

Metaspace:

Usage:
  Non-class:     42.70 MB used.
      Class:      5.20 MB used.
       Both:     47.90 MB used.

Virtual space:
  Non-class space:       64.00 MB reserved,      43.44 MB ( 68%) committed,  1 nodes.
      Class space:        1.00 GB reserved,       5.81 MB ( <1%) committed,  1 nodes.
             Both:        1.06 GB reserved,      49.25 MB (  5%) committed. 

Chunk freelists:
   Non-Class:  4.06 MB
       Class:  10.03 MB
        Both:  14.09 MB

MaxMetaspaceSize: unlimited
CompressedClassSpaceSize: 1.00 GB
Initial GC threshold: 21.00 MB
Current GC threshold: 58.38 MB
CDS: on
 - commit_granule_bytes: 65536.
 - commit_granule_words: 8192.
 - virtual_space_node_default_size: 8388608.
 - enlarge_chunks_in_place: 1.
 - use_allocation_guard: 0.


Internal statistics:

num_allocs_failed_limit: 6.
num_arena_births: 1010.
num_arena_deaths: 14.
num_vsnodes_births: 2.
num_vsnodes_deaths: 0.
num_space_committed: 788.
num_space_uncommitted: 0.
num_chunks_returned_to_freelist: 20.
num_chunks_taken_from_freelist: 3287.
num_chunk_merges: 10.
num_chunk_splits: 2003.
num_chunks_enlarged: 1122.
num_inconsistent_stats: 0.

CodeHeap 'non-profiled nmethods': size=120000Kb used=3424Kb max_used=3424Kb free=116575Kb
 bounds [0x000001c59fa50000, 0x000001c59fdb0000, 0x000001c5a6f80000]
CodeHeap 'profiled nmethods': size=120000Kb used=14183Kb max_used=14183Kb free=105816Kb
 bounds [0x000001c597f80000, 0x000001c598d60000, 0x000001c59f4b0000]
CodeHeap 'non-nmethods': size=5760Kb used=1385Kb max_used=1436Kb free=4374Kb
 bounds [0x000001c59f4b0000, 0x000001c59f720000, 0x000001c59fa50000]
CodeCache: size=245760Kb, used=18992Kb, max_used=19043Kb, free=226765Kb
 total_blobs=7312, nmethods=6636, adapters=582, full_count=0
Compilation: enabled, stopped_count=0, restarted_count=0

Compilation events (20 events):
Event: 13.996 Thread 0x000001c594e27700 7135       3       java.util.stream.StreamSpliterators$WrappingSpliterator$$Lambda/0x000001c5ad028b98::<init> (10 bytes)
Event: 13.996 Thread 0x000001c594e27700 nmethod 7135 0x000001c598d28e10 code [0x000001c598d28fc0, 0x000001c598d29148]
Event: 13.996 Thread 0x000001c594e27700 7137       3       org.eclipse.jdt.internal.compiler.util.JrtFileSystem$1::visitFile (44 bytes)
Event: 13.996 Thread 0x000001c5f2662c20 nmethod 7144 0x000001c59fda0090 code [0x000001c59fda0220, 0x000001c59fda02d0]
Event: 13.996 Thread 0x000001c594e27700 nmethod 7137 0x000001c598d29210 code [0x000001c598d29420, 0x000001c598d29a00]
Event: 13.996 Thread 0x000001c594e27700 7138       3       jdk.internal.jrtfs.JrtPath::relativize (6 bytes)
Event: 13.996 Thread 0x000001c5f2662c20 7145       4       java.util.stream.Sink::begin (1 bytes)
Event: 13.996 Thread 0x000001c594e27700 nmethod 7138 0x000001c598d29c10 code [0x000001c598d29dc0, 0x000001c598d29ef8]
Event: 13.996 Thread 0x000001c594e27700 7139       3       jdk.internal.jrtfs.JrtPath::relativize (375 bytes)
Event: 13.996 Thread 0x000001c5f2662c20 nmethod 7145 0x000001c59fda0390 code [0x000001c59fda0520, 0x000001c59fda05a8]
Event: 13.998 Thread 0x000001c5f2662c20 7146       4       java.util.Spliterators$1Adapter::accept (11 bytes)
Event: 13.998 Thread 0x000001c5f2662c20 nmethod 7146 0x000001c59fda0690 code [0x000001c59fda0820, 0x000001c59fda08c8]
Event: 14.002 Thread 0x000001c594e27700 nmethod 7139 0x000001c598d29f90 code [0x000001c598d2a640, 0x000001c598d2e088]
Event: 14.002 Thread 0x000001c594e27700 7147       3       jdk.internal.jrtfs.JrtPath::initOffsets (146 bytes)
Event: 14.002 Thread 0x000001c5f2664760 7159       4       jdk.internal.jimage.ImageReader$Node::resolveLink (2 bytes)
Event: 14.003 Thread 0x000001c5f2664760 nmethod 7159 0x000001c59fda0990 code [0x000001c59fda0b20, 0x000001c59fda0ba8]
Event: 14.003 Thread 0x000001c5f2664760 7160       4       java.util.stream.ReferencePipeline$3$1::accept (23 bytes)
Event: 14.003 Thread 0x000001c5f2662c20 7161       4       java.util.stream.AbstractPipeline::sourceSpliterator (265 bytes)
Event: 14.004 Thread 0x000001c594e27700 nmethod 7147 0x000001c598d2f990 code [0x000001c598d2fc40, 0x000001c598d30bd8]
Event: 14.004 Thread 0x000001c594e27700 7140       3       jdk.internal.jrtfs.JrtPath::equals (30 bytes)

GC Heap History (20 events):
Event: 9.463 GC heap before
{Heap before GC invocations=15 (full 2):
 PSYoungGen      total 25088K, used 416K [0x00000000d5580000, 0x00000000d7100000, 0x0000000100000000)
  eden space 22016K, 0% used [0x00000000d5580000,0x00000000d5580000,0x00000000d6b00000)
  from space 3072K, 13% used [0x00000000d6c80000,0x00000000d6ce8000,0x00000000d6f80000)
  to   space 1536K, 0% used [0x00000000d6f80000,0x00000000d6f80000,0x00000000d7100000)
 ParOldGen       total 68608K, used 20766K [0x0000000080000000, 0x0000000084300000, 0x00000000d5580000)
  object space 68608K, 30% used [0x0000000080000000,0x0000000081447b68,0x0000000084300000)
 Metaspace       used 34667K, committed 35840K, reserved 1114112K
  class space    used 3561K, committed 4032K, reserved 1048576K
}
Event: 9.512 GC heap after
{Heap after GC invocations=15 (full 2):
 PSYoungGen      total 25088K, used 0K [0x00000000d5580000, 0x00000000d7100000, 0x0000000100000000)
  eden space 22016K, 0% used [0x00000000d5580000,0x00000000d5580000,0x00000000d6b00000)
  from space 3072K, 0% used [0x00000000d6c80000,0x00000000d6c80000,0x00000000d6f80000)
  to   space 1536K, 0% used [0x00000000d6f80000,0x00000000d6f80000,0x00000000d7100000)
 ParOldGen       total 68608K, used 20156K [0x0000000080000000, 0x0000000084300000, 0x00000000d5580000)
  object space 68608K, 29% used [0x0000000080000000,0x00000000813af100,0x0000000084300000)
 Metaspace       used 34667K, committed 35840K, reserved 1114112K
  class space    used 3561K, committed 4032K, reserved 1048576K
}
Event: 9.850 GC heap before
{Heap before GC invocations=16 (full 2):
 PSYoungGen      total 25088K, used 22016K [0x00000000d5580000, 0x00000000d7100000, 0x0000000100000000)
  eden space 22016K, 100% used [0x00000000d5580000,0x00000000d6b00000,0x00000000d6b00000)
  from space 3072K, 0% used [0x00000000d6c80000,0x00000000d6c80000,0x00000000d6f80000)
  to   space 1536K, 0% used [0x00000000d6f80000,0x00000000d6f80000,0x00000000d7100000)
 ParOldGen       total 68608K, used 20156K [0x0000000080000000, 0x0000000084300000, 0x00000000d5580000)
  object space 68608K, 29% used [0x0000000080000000,0x00000000813af100,0x0000000084300000)
 Metaspace       used 36807K, committed 38016K, reserved 1114112K
  class space    used 3872K, committed 4416K, reserved 1048576K
}
Event: 9.853 GC heap after
{Heap after GC invocations=16 (full 2):
 PSYoungGen      total 23552K, used 1272K [0x00000000d5580000, 0x00000000d7100000, 0x0000000100000000)
  eden space 22016K, 0% used [0x00000000d5580000,0x00000000d5580000,0x00000000d6b00000)
  from space 1536K, 82% used [0x00000000d6f80000,0x00000000d70be1f0,0x00000000d7100000)
  to   space 1536K, 0% used [0x00000000d6e00000,0x00000000d6e00000,0x00000000d6f80000)
 ParOldGen       total 68608K, used 20164K [0x0000000080000000, 0x0000000084300000, 0x00000000d5580000)
  object space 68608K, 29% used [0x0000000080000000,0x00000000813b1100,0x0000000084300000)
 Metaspace       used 36807K, committed 38016K, reserved 1114112K
  class space    used 3872K, committed 4416K, reserved 1048576K
}
Event: 10.129 GC heap before
{Heap before GC invocations=17 (full 2):
 PSYoungGen      total 23552K, used 23288K [0x00000000d5580000, 0x00000000d7100000, 0x0000000100000000)
  eden space 22016K, 100% used [0x00000000d5580000,0x00000000d6b00000,0x00000000d6b00000)
  from space 1536K, 82% used [0x00000000d6f80000,0x00000000d70be1f0,0x00000000d7100000)
  to   space 1536K, 0% used [0x00000000d6e00000,0x00000000d6e00000,0x00000000d6f80000)
 ParOldGen       total 68608K, used 20164K [0x0000000080000000, 0x0000000084300000, 0x00000000d5580000)
  object space 68608K, 29% used [0x0000000080000000,0x00000000813b1100,0x0000000084300000)
 Metaspace       used 38606K, committed 39872K, reserved 1114112K
  class space    used 4076K, committed 4672K, reserved 1048576K
}
Event: 10.132 GC heap after
{Heap after GC invocations=17 (full 2):
 PSYoungGen      total 23552K, used 1511K [0x00000000d5580000, 0x00000000d7100000, 0x0000000100000000)
  eden space 22016K, 0% used [0x00000000d5580000,0x00000000d5580000,0x00000000d6b00000)
  from space 1536K, 98% used [0x00000000d6e00000,0x00000000d6f79ea0,0x00000000d6f80000)
  to   space 1536K, 0% used [0x00000000d6f80000,0x00000000d6f80000,0x00000000d7100000)
 ParOldGen       total 68608K, used 21097K [0x0000000080000000, 0x0000000084300000, 0x00000000d5580000)
  object space 68608K, 30% used [0x0000000080000000,0x000000008149a668,0x0000000084300000)
 Metaspace       used 38606K, committed 39872K, reserved 1114112K
  class space    used 4076K, committed 4672K, reserved 1048576K
}
Event: 10.350 GC heap before
{Heap before GC invocations=18 (full 2):
 PSYoungGen      total 23552K, used 23527K [0x00000000d5580000, 0x00000000d7100000, 0x0000000100000000)
  eden space 22016K, 100% used [0x00000000d5580000,0x00000000d6b00000,0x00000000d6b00000)
  from space 1536K, 98% used [0x00000000d6e00000,0x00000000d6f79ea0,0x00000000d6f80000)
  to   space 1536K, 0% used [0x00000000d6f80000,0x00000000d6f80000,0x00000000d7100000)
 ParOldGen       total 68608K, used 21097K [0x0000000080000000, 0x0000000084300000, 0x00000000d5580000)
  object space 68608K, 30% used [0x0000000080000000,0x000000008149a668,0x0000000084300000)
 Metaspace       used 39190K, committed 40448K, reserved 1114112K
  class space    used 4149K, committed 4736K, reserved 1048576K
}
Event: 10.358 GC heap after
{Heap after GC invocations=18 (full 2):
 PSYoungGen      total 17408K, used 1528K [0x00000000d5580000, 0x00000000d8000000, 0x0000000100000000)
  eden space 15872K, 0% used [0x00000000d5580000,0x00000000d5580000,0x00000000d6500000)
  from space 1536K, 99% used [0x00000000d6f80000,0x00000000d70fe1a8,0x00000000d7100000)
  to   space 10752K, 0% used [0x00000000d6500000,0x00000000d6500000,0x00000000d6f80000)
 ParOldGen       total 68608K, used 28662K [0x0000000080000000, 0x0000000084300000, 0x00000000d5580000)
  object space 68608K, 41% used [0x0000000080000000,0x0000000081bfd9a0,0x0000000084300000)
 Metaspace       used 39190K, committed 40448K, reserved 1114112K
  class space    used 4149K, committed 4736K, reserved 1048576K
}
Event: 10.726 GC heap before
{Heap before GC invocations=19 (full 2):
 PSYoungGen      total 17408K, used 17400K [0x00000000d5580000, 0x00000000d8000000, 0x0000000100000000)
  eden space 15872K, 100% used [0x00000000d5580000,0x00000000d6500000,0x00000000d6500000)
  from space 1536K, 99% used [0x00000000d6f80000,0x00000000d70fe1a8,0x00000000d7100000)
  to   space 10752K, 0% used [0x00000000d6500000,0x00000000d6500000,0x00000000d6f80000)
 ParOldGen       total 68608K, used 28662K [0x0000000080000000, 0x0000000084300000, 0x00000000d5580000)
  object space 68608K, 41% used [0x0000000080000000,0x0000000081bfd9a0,0x0000000084300000)
 Metaspace       used 40341K, committed 41536K, reserved 1114112K
  class space    used 4306K, committed 4864K, reserved 1048576K
}
Event: 10.732 GC heap after
{Heap after GC invocations=19 (full 2):
 PSYoungGen      total 18944K, used 2961K [0x00000000d5580000, 0x00000000d7000000, 0x0000000100000000)
  eden space 15872K, 0% used [0x00000000d5580000,0x00000000d5580000,0x00000000d6500000)
  from space 3072K, 96% used [0x00000000d6500000,0x00000000d67e47c8,0x00000000d6800000)
  to   space 5632K, 0% used [0x00000000d6a80000,0x00000000d6a80000,0x00000000d7000000)
 ParOldGen       total 68608K, used 30142K [0x0000000080000000, 0x0000000084300000, 0x00000000d5580000)
  object space 68608K, 43% used [0x0000000080000000,0x0000000081d6f850,0x0000000084300000)
 Metaspace       used 40341K, committed 41536K, reserved 1114112K
  class space    used 4306K, committed 4864K, reserved 1048576K
}
Event: 11.056 GC heap before
{Heap before GC invocations=20 (full 2):
 PSYoungGen      total 18944K, used 18833K [0x00000000d5580000, 0x00000000d7000000, 0x0000000100000000)
  eden space 15872K, 100% used [0x00000000d5580000,0x00000000d6500000,0x00000000d6500000)
  from space 3072K, 96% used [0x00000000d6500000,0x00000000d67e47c8,0x00000000d6800000)
  to   space 5632K, 0% used [0x00000000d6a80000,0x00000000d6a80000,0x00000000d7000000)
 ParOldGen       total 68608K, used 30142K [0x0000000080000000, 0x0000000084300000, 0x00000000d5580000)
  object space 68608K, 43% used [0x0000000080000000,0x0000000081d6f850,0x0000000084300000)
 Metaspace       used 42142K, committed 43392K, reserved 1114112K
  class space    used 4528K, committed 5120K, reserved 1048576K
}
Event: 11.061 GC heap after
{Heap after GC invocations=20 (full 2):
 PSYoungGen      total 16896K, used 704K [0x00000000d5580000, 0x00000000d6b80000, 0x0000000100000000)
  eden space 15872K, 0% used [0x00000000d5580000,0x00000000d5580000,0x00000000d6500000)
  from space 1024K, 68% used [0x00000000d6a80000,0x00000000d6b30000,0x00000000d6b80000)
  to   space 2048K, 0% used [0x00000000d6780000,0x00000000d6780000,0x00000000d6980000)
 ParOldGen       total 68608K, used 32977K [0x0000000080000000, 0x0000000084300000, 0x00000000d5580000)
  object space 68608K, 48% used [0x0000000080000000,0x0000000082034500,0x0000000084300000)
 Metaspace       used 42142K, committed 43392K, reserved 1114112K
  class space    used 4528K, committed 5120K, reserved 1048576K
}
Event: 11.498 GC heap before
{Heap before GC invocations=21 (full 2):
 PSYoungGen      total 16896K, used 16576K [0x00000000d5580000, 0x00000000d6b80000, 0x0000000100000000)
  eden space 15872K, 100% used [0x00000000d5580000,0x00000000d6500000,0x00000000d6500000)
  from space 1024K, 68% used [0x00000000d6a80000,0x00000000d6b30000,0x00000000d6b80000)
  to   space 2048K, 0% used [0x00000000d6780000,0x00000000d6780000,0x00000000d6980000)
 ParOldGen       total 68608K, used 32977K [0x0000000080000000, 0x0000000084300000, 0x00000000d5580000)
  object space 68608K, 48% used [0x0000000080000000,0x0000000082034500,0x0000000084300000)
 Metaspace       used 43967K, committed 45248K, reserved 1114112K
  class space    used 4775K, committed 5376K, reserved 1048576K
}
Event: 11.500 GC heap after
{Heap after GC invocations=21 (full 2):
 PSYoungGen      total 17920K, used 1152K [0x00000000d5580000, 0x00000000d6b00000, 0x0000000100000000)
  eden space 15872K, 0% used [0x00000000d5580000,0x00000000d5580000,0x00000000d6500000)
  from space 2048K, 56% used [0x00000000d6780000,0x00000000d68a0000,0x00000000d6980000)
  to   space 1536K, 0% used [0x00000000d6980000,0x00000000d6980000,0x00000000d6b00000)
 ParOldGen       total 68608K, used 33528K [0x0000000080000000, 0x0000000084300000, 0x00000000d5580000)
  object space 68608K, 48% used [0x0000000080000000,0x00000000820be200,0x0000000084300000)
 Metaspace       used 43967K, committed 45248K, reserved 1114112K
  class space    used 4775K, committed 5376K, reserved 1048576K
}
Event: 12.027 GC heap before
{Heap before GC invocations=22 (full 2):
 PSYoungGen      total 17920K, used 17024K [0x00000000d5580000, 0x00000000d6b00000, 0x0000000100000000)
  eden space 15872K, 100% used [0x00000000d5580000,0x00000000d6500000,0x00000000d6500000)
  from space 2048K, 56% used [0x00000000d6780000,0x00000000d68a0000,0x00000000d6980000)
  to   space 1536K, 0% used [0x00000000d6980000,0x00000000d6980000,0x00000000d6b00000)
 ParOldGen       total 68608K, used 33528K [0x0000000080000000, 0x0000000084300000, 0x00000000d5580000)
  object space 68608K, 48% used [0x0000000080000000,0x00000000820be200,0x0000000084300000)
 Metaspace       used 45550K, committed 46848K, reserved 1114112K
  class space    used 4973K, committed 5568K, reserved 1048576K
}
Event: 12.030 GC heap after
{Heap after GC invocations=22 (full 2):
 PSYoungGen      total 16896K, used 960K [0x00000000d5580000, 0x00000000d6a80000, 0x0000000100000000)
  eden space 15872K, 0% used [0x00000000d5580000,0x00000000d5580000,0x00000000d6500000)
  from space 1024K, 93% used [0x00000000d6980000,0x00000000d6a70000,0x00000000d6a80000)
  to   space 1536K, 0% used [0x00000000d6780000,0x00000000d6780000,0x00000000d6900000)
 ParOldGen       total 68608K, used 34532K [0x0000000080000000, 0x0000000084300000, 0x00000000d5580000)
  object space 68608K, 50% used [0x0000000080000000,0x00000000821b9210,0x0000000084300000)
 Metaspace       used 45550K, committed 46848K, reserved 1114112K
  class space    used 4973K, committed 5568K, reserved 1048576K
}
Event: 12.535 GC heap before
{Heap before GC invocations=23 (full 2):
 PSYoungGen      total 16896K, used 16831K [0x00000000d5580000, 0x00000000d6a80000, 0x0000000100000000)
  eden space 15872K, 99% used [0x00000000d5580000,0x00000000d64fffd8,0x00000000d6500000)
  from space 1024K, 93% used [0x00000000d6980000,0x00000000d6a70000,0x00000000d6a80000)
  to   space 1536K, 0% used [0x00000000d6780000,0x00000000d6780000,0x00000000d6900000)
 ParOldGen       total 68608K, used 34532K [0x0000000080000000, 0x0000000084300000, 0x00000000d5580000)
  object space 68608K, 50% used [0x0000000080000000,0x00000000821b9210,0x0000000084300000)
 Metaspace       used 46768K, committed 48064K, reserved 1114112K
  class space    used 5108K, committed 5696K, reserved 1048576K
}
Event: 12.537 GC heap after
{Heap after GC invocations=23 (full 2):
 PSYoungGen      total 17408K, used 811K [0x00000000d5580000, 0x00000000d6a00000, 0x0000000100000000)
  eden space 15872K, 0% used [0x00000000d5580000,0x00000000d5580000,0x00000000d6500000)
  from space 1536K, 52% used [0x00000000d6780000,0x00000000d684aea8,0x00000000d6900000)
  to   space 1024K, 0% used [0x00000000d6900000,0x00000000d6900000,0x00000000d6a00000)
 ParOldGen       total 68608K, used 35338K [0x0000000080000000, 0x0000000084300000, 0x00000000d5580000)
  object space 68608K, 51% used [0x0000000080000000,0x00000000822828c0,0x0000000084300000)
 Metaspace       used 46768K, committed 48064K, reserved 1114112K
  class space    used 5108K, committed 5696K, reserved 1048576K
}
Event: 13.727 GC heap before
{Heap before GC invocations=24 (full 2):
 PSYoungGen      total 17408K, used 16683K [0x00000000d5580000, 0x00000000d6a00000, 0x0000000100000000)
  eden space 15872K, 100% used [0x00000000d5580000,0x00000000d6500000,0x00000000d6500000)
  from space 1536K, 52% used [0x00000000d6780000,0x00000000d684aea8,0x00000000d6900000)
  to   space 1024K, 0% used [0x00000000d6900000,0x00000000d6900000,0x00000000d6a00000)
 ParOldGen       total 68608K, used 35338K [0x0000000080000000, 0x0000000084300000, 0x00000000d5580000)
  object space 68608K, 51% used [0x0000000080000000,0x00000000822828c0,0x0000000084300000)
 Metaspace       used 47577K, committed 48896K, reserved 1114112K
  class space    used 5192K, committed 5760K, reserved 1048576K
}
Event: 13.729 GC heap after
{Heap after GC invocations=24 (full 2):
 PSYoungGen      total 16896K, used 1017K [0x00000000d5580000, 0x00000000d6a00000, 0x0000000100000000)
  eden space 15872K, 0% used [0x00000000d5580000,0x00000000d5580000,0x00000000d6500000)
  from space 1024K, 99% used [0x00000000d6900000,0x00000000d69fe5a8,0x00000000d6a00000)
  to   space 2560K, 0% used [0x00000000d6500000,0x00000000d6500000,0x00000000d6780000)
 ParOldGen       total 68608K, used 36395K [0x0000000080000000, 0x0000000084300000, 0x00000000d5580000)
  object space 68608K, 53% used [0x0000000080000000,0x000000008238aea0,0x0000000084300000)
 Metaspace       used 47577K, committed 48896K, reserved 1114112K
  class space    used 5192K, committed 5760K, reserved 1048576K
}

Dll operation events (10 events):
Event: 0.028 Loaded shared library c:\Users\user\.vscode\extensions\redhat.java-1.52.0-win32-x64\jre\21.0.9-win32-x86_64\bin\java.dll
Event: 0.074 Loaded shared library c:\Users\user\.vscode\extensions\redhat.java-1.52.0-win32-x64\jre\21.0.9-win32-x86_64\bin\zip.dll
Event: 0.233 Loaded shared library C:\Users\user\.vscode\extensions\redhat.java-1.52.0-win32-x64\jre\21.0.9-win32-x86_64\bin\instrument.dll
Event: 0.249 Loaded shared library C:\Users\user\.vscode\extensions\redhat.java-1.52.0-win32-x64\jre\21.0.9-win32-x86_64\bin\net.dll
Event: 0.258 Loaded shared library C:\Users\user\.vscode\extensions\redhat.java-1.52.0-win32-x64\jre\21.0.9-win32-x86_64\bin\nio.dll
Event: 0.284 Loaded shared library C:\Users\user\.vscode\extensions\redhat.java-1.52.0-win32-x64\jre\21.0.9-win32-x86_64\bin\zip.dll
Event: 0.330 Loaded shared library C:\Users\user\.vscode\extensions\redhat.java-1.52.0-win32-x64\jre\21.0.9-win32-x86_64\bin\jimage.dll
Event: 0.638 Loaded shared library c:\Users\user\.vscode\extensions\redhat.java-1.52.0-win32-x64\jre\21.0.9-win32-x86_64\bin\verify.dll
Event: 3.774 Loaded shared library C:\Users\user\AppData\Roaming\Code\User\globalStorage\redhat.java\1.52.0\config_win\org.eclipse.equinox.launcher\org.eclipse.equinox.launcher.win32.win32.x86_64_1.2.1500.v20260121-1430\eclipse_11919.dll
Event: 6.687 Loaded shared library C:\Users\user\AppData\Local\Temp\jna-3599307\jna12270744740581571441.dll

Deoptimization events (20 events):
Event: 13.748 Thread 0x000001c5f50cbc50 DEOPT PACKING pc=0x000001c59fa9264c sp=0x0000001ab07fea60
Event: 13.748 Thread 0x000001c5f50cbc50 DEOPT UNPACKING pc=0x000001c59f506da2 sp=0x0000001ab07fe9d8 mode 2
Event: 13.800 Thread 0x000001c5f2916e80 DEOPT PACKING pc=0x000001c5983bf846 sp=0x0000001aaf1fd650
Event: 13.800 Thread 0x000001c5f2916e80 DEOPT UNPACKING pc=0x000001c59f5078e2 sp=0x0000001aaf1fcbd0 mode 0
Event: 13.861 Thread 0x000001c5f50cbc50 Uncommon trap: trap_request=0xffffff45 fr.pc=0x000001c59fbda61c relative=0x0000000000000c3c
Event: 13.861 Thread 0x000001c5f50d11a0 Uncommon trap: trap_request=0xffffff45 fr.pc=0x000001c59fbda61c relative=0x0000000000000c3c
Event: 13.861 Thread 0x000001c5f50cbc50 Uncommon trap: reason=unstable_if action=reinterpret pc=0x000001c59fbda61c method=java.util.concurrent.ConcurrentHashMap.addCount(JI)V @ 171 c2
Event: 13.861 Thread 0x000001c5f50d11a0 Uncommon trap: reason=unstable_if action=reinterpret pc=0x000001c59fbda61c method=java.util.concurrent.ConcurrentHashMap.addCount(JI)V @ 171 c2
Event: 13.862 Thread 0x000001c5f50cbc50 DEOPT PACKING pc=0x000001c59fbda61c sp=0x0000001ab07fd8b0
Event: 13.862 Thread 0x000001c5f50cbc50 DEOPT UNPACKING pc=0x000001c59f506da2 sp=0x0000001ab07fd770 mode 2
Event: 13.862 Thread 0x000001c5f50d11a0 DEOPT PACKING pc=0x000001c59fbda61c sp=0x0000001ab0cfdb50
Event: 13.862 Thread 0x000001c5f50d11a0 DEOPT UNPACKING pc=0x000001c59f506da2 sp=0x0000001ab0cfda10 mode 2
Event: 13.874 Thread 0x000001c5f50cfdf0 Uncommon trap: trap_request=0xffffff45 fr.pc=0x000001c59fb5425c relative=0x000000000000017c
Event: 13.874 Thread 0x000001c5f50cfdf0 Uncommon trap: reason=unstable_if action=reinterpret pc=0x000001c59fb5425c method=java.util.concurrent.locks.ReentrantReadWriteLock$Sync.tryReleaseShared(I)Z @ 129 c2
Event: 13.874 Thread 0x000001c5f50cfdf0 DEOPT PACKING pc=0x000001c59fb5425c sp=0x0000001ab08f9fb0
Event: 13.874 Thread 0x000001c5f50cfdf0 DEOPT UNPACKING pc=0x000001c59f506da2 sp=0x0000001ab08f9f28 mode 2
Event: 13.874 Thread 0x000001c5f50cfdf0 Uncommon trap: trap_request=0xffffff45 fr.pc=0x000001c59fc98bec relative=0x000000000000674c
Event: 13.874 Thread 0x000001c5f50cfdf0 Uncommon trap: reason=unstable_if action=reinterpret pc=0x000001c59fc98bec method=java.util.concurrent.locks.ReentrantReadWriteLock$Sync.tryAcquireShared(I)I @ 81 c2
Event: 13.874 Thread 0x000001c5f50cfdf0 DEOPT PACKING pc=0x000001c59fc98bec sp=0x0000001ab08fa080
Event: 13.874 Thread 0x000001c5f50cfdf0 DEOPT UNPACKING pc=0x000001c59f506da2 sp=0x0000001ab08f9d30 mode 2

Classes loaded (20 events):
Event: 13.822 Loading class sun/nio/ch/FileChannelImpl$Unmapper done
Event: 13.822 Loading class sun/nio/ch/FileChannelImpl$DefaultUnmapper done
Event: 13.822 Loading class sun/nio/ch/Util$4
Event: 13.822 Loading class sun/nio/ch/Util$4 done
Event: 13.832 Loading class java/nio/file/ClosedDirectoryStreamException
Event: 13.832 Loading class java/nio/file/ClosedDirectoryStreamException done
Event: 13.833 Loading class jdk/internal/jrtfs/JrtFileSystem
Event: 13.833 Loading class jdk/internal/jrtfs/JrtFileSystem done
Event: 13.833 Loading class jdk/internal/jrtfs/JrtPath
Event: 13.834 Loading class jdk/internal/jrtfs/JrtPath done
Event: 13.834 Loading class jdk/internal/jimage/ImageReader$Node
Event: 13.835 Loading class jdk/internal/jimage/ImageReader$Node done
Event: 13.848 Loading class java/util/concurrent/CompletableFuture$UniApply
Event: 13.848 Loading class java/util/concurrent/CompletableFuture$UniApply done
Event: 13.849 Loading class java/util/concurrent/CompletableFuture$UniExceptionally
Event: 13.849 Loading class java/util/concurrent/CompletableFuture$UniExceptionally done
Event: 13.869 Loading class java/nio/ByteBufferAsIntBufferL
Event: 13.870 Loading class java/nio/ByteBufferAsIntBufferL done
Event: 13.880 Loading class jdk/internal/jimage/ImageReader$Directory
Event: 13.880 Loading class jdk/internal/jimage/ImageReader$Directory done

Classes unloaded (7 events):
Event: 7.819 Thread 0x000001c594d15770 Unloading class 0x000001c5ad1ac800 'java/lang/invoke/LambdaForm$MH+0x000001c5ad1ac800'
Event: 7.819 Thread 0x000001c594d15770 Unloading class 0x000001c5ad1ac400 'java/lang/invoke/LambdaForm$MH+0x000001c5ad1ac400'
Event: 7.819 Thread 0x000001c594d15770 Unloading class 0x000001c5ad1ac000 'java/lang/invoke/LambdaForm$MH+0x000001c5ad1ac000'
Event: 7.819 Thread 0x000001c594d15770 Unloading class 0x000001c5ad1abc00 'java/lang/invoke/LambdaForm$MH+0x000001c5ad1abc00'
Event: 7.819 Thread 0x000001c594d15770 Unloading class 0x000001c5ad1ab800 'java/lang/invoke/LambdaForm$BMH+0x000001c5ad1ab800'
Event: 7.819 Thread 0x000001c594d15770 Unloading class 0x000001c5ad1ab400 'java/lang/invoke/LambdaForm$DMH+0x000001c5ad1ab400'
Event: 7.819 Thread 0x000001c594d15770 Unloading class 0x000001c5ad1aa400 'java/lang/invoke/LambdaForm$DMH+0x000001c5ad1aa400'

Classes redefined (0 events):
No events

Internal exceptions (20 events):
Event: 12.468 Thread 0x000001c5f2917ba0 Exception <a 'sun/nio/fs/WindowsException'{0x00000000d5e07328}> (0x00000000d5e07328) 
thrown [s\src\hotspot\share\prims\jni.cpp, line 520]
Event: 12.469 Thread 0x000001c5f2917ba0 Exception <a 'sun/nio/fs/WindowsException'{0x00000000d5e0af08}> (0x00000000d5e0af08) 
thrown [s\src\hotspot\share\prims\jni.cpp, line 520]
Event: 12.469 Thread 0x000001c5f2917ba0 Exception <a 'sun/nio/fs/WindowsException'{0x00000000d5e0b7c0}> (0x00000000d5e0b7c0) 
thrown [s\src\hotspot\share\prims\jni.cpp, line 520]
Event: 12.469 Thread 0x000001c5f2917ba0 Exception <a 'sun/nio/fs/WindowsException'{0x00000000d5e0be20}> (0x00000000d5e0be20) 
thrown [s\src\hotspot\share\prims\jni.cpp, line 520]
Event: 12.470 Thread 0x000001c5f2917ba0 Exception <a 'sun/nio/fs/WindowsException'{0x00000000d5e0c4a0}> (0x00000000d5e0c4a0) 
thrown [s\src\hotspot\share\prims\jni.cpp, line 520]
Event: 12.802 Thread 0x000001c5f50caf30 Exception <a 'sun/nio/fs/WindowsException'{0x00000000d6124048}> (0x00000000d6124048) 
thrown [s\src\hotspot\share\prims\jni.cpp, line 520]
Event: 12.802 Thread 0x000001c5f50caf30 Exception <a 'sun/nio/fs/WindowsException'{0x00000000d6124770}> (0x00000000d6124770) 
thrown [s\src\hotspot\share\prims\jni.cpp, line 520]
Event: 12.803 Thread 0x000001c5f50caf30 Exception <a 'sun/nio/fs/WindowsException'{0x00000000d6127ad0}> (0x00000000d6127ad0) 
thrown [s\src\hotspot\share\prims\jni.cpp, line 520]
Event: 12.804 Thread 0x000001c5f50caf30 Exception <a 'sun/nio/fs/WindowsException'{0x00000000d61281f8}> (0x00000000d61281f8) 
thrown [s\src\hotspot\share\prims\jni.cpp, line 520]
Event: 13.748 Thread 0x000001c5f50cbc50 Implicit null exception at 0x000001c59fa91962 to 0x000001c59fa92638
Event: 13.751 Thread 0x000001c5f2916e80 Exception <a 'java/io/FileNotFoundException'{0x00000000d58fb4c8}> (0x00000000d58fb4c8) 
thrown [s\src\hotspot\share\prims\jni.cpp, line 520]
Event: 13.751 Thread 0x000001c5f2916e80 Exception <a 'java/io/FileNotFoundException'{0x00000000d58fc878}> (0x00000000d58fc878) 
thrown [s\src\hotspot\share\prims\jni.cpp, line 520]
Event: 13.751 Thread 0x000001c5f2916e80 Exception <a 'java/io/FileNotFoundException'{0x00000000d58fd830}> (0x00000000d58fd830) 
thrown [s\src\hotspot\share\prims\jni.cpp, line 520]
Event: 13.778 Thread 0x000001c5f2916e80 Exception <a 'sun/nio/fs/WindowsException'{0x00000000d5a332f8}> (0x00000000d5a332f8) 
thrown [s\src\hotspot\share\prims\jni.cpp, line 520]
Event: 13.778 Thread 0x000001c5f2916e80 Exception <a 'sun/nio/fs/WindowsException'{0x00000000d5a33a20}> (0x00000000d5a33a20) 
thrown [s\src\hotspot\share\prims\jni.cpp, line 520]
Event: 13.780 Thread 0x000001c5f2916e80 Exception <a 'sun/nio/fs/WindowsException'{0x00000000d5a34a10}> (0x00000000d5a34a10) 
thrown [s\src\hotspot\share\prims\jni.cpp, line 520]
Event: 13.780 Thread 0x000001c5f2916e80 Exception <a 'sun/nio/fs/WindowsException'{0x00000000d5a35138}> (0x00000000d5a35138) 
thrown [s\src\hotspot\share\prims\jni.cpp, line 520]
Event: 13.824 Thread 0x000001c5f2916e80 Exception <a 'java/lang/NoSuchMethodError'{0x00000000d5c2c460}: 'java.lang.Object java.lang.invoke.DelegatingMethodHandle$Holder.reinvoke_L(java.lang.Object, int, long, java.lang.Object, java.lang.Object, int, java.lang.Object)'> (0x00000000d5c2c460) 
thrown [s\src\hotspot\share\interpreter\linkResolver.cpp, line 773]
Event: 13.844 Thread 0x000001c5f50caf30 Exception <a 'java/lang/IncompatibleClassChangeError'{0x00000000d5cb2f38}: Found class java.lang.Object, but interface was expected> (0x00000000d5cb2f38) 
thrown [s\src\hotspot\share\interpreter\linkResolver.cpp, line 840]
Event: 13.963 Thread 0x000001c5f50cfdf0 Exception <a 'java/lang/NoSuchMethodError'{0x00000000d622e990}: 'java.lang.Object java.lang.invoke.DirectMethodHandle$Holder.invokeStaticInit(java.lang.Object, java.lang.Object, java.lang.Object)'> (0x00000000d622e990) 
thrown [s\src\hotspot\share\interpreter\linkResolver.cpp, line 773]

ZGC Phase Switch (0 events):
No events

VM Operations (20 events):
Event: 12.027 Executing VM operation: ParallelGCFailedAllocation (Allocation Failure)
Event: 12.031 Executing VM operation: ParallelGCFailedAllocation (Allocation Failure) done
Event: 12.535 Executing VM operation: ParallelGCFailedAllocation (Allocation Failure)
Event: 12.537 Executing VM operation: ParallelGCFailedAllocation (Allocation Failure) done
Event: 12.756 Executing VM operation: HandshakeAllThreads (Deoptimize)
Event: 12.756 Executing VM operation: HandshakeAllThreads (Deoptimize) done
Event: 12.844 Executing VM operation: HandshakeAllThreads (Deoptimize)
Event: 12.844 Executing VM operation: HandshakeAllThreads (Deoptimize) done
Event: 12.846 Executing VM operation: HandshakeAllThreads (Deoptimize)
Event: 12.846 Executing VM operation: HandshakeAllThreads (Deoptimize) done
Event: 13.726 Executing VM operation: ParallelGCFailedAllocation (Allocation Failure)
Event: 13.729 Executing VM operation: ParallelGCFailedAllocation (Allocation Failure) done
Event: 13.806 Executing VM operation: HandshakeAllThreads (Deoptimize)
Event: 13.806 Executing VM operation: HandshakeAllThreads (Deoptimize) done
Event: 13.873 Executing VM operation: HandshakeAllThreads (Deoptimize)
Event: 13.873 Executing VM operation: HandshakeAllThreads (Deoptimize) done
Event: 13.879 Executing VM operation: HandshakeAllThreads (Deoptimize)
Event: 13.879 Executing VM operation: HandshakeAllThreads (Deoptimize) done
Event: 13.950 Executing VM operation: HandshakeAllThreads (Deoptimize)
Event: 13.950 Executing VM operation: HandshakeAllThreads (Deoptimize) done

Memory protections (0 events):
No events

Nmethod flushes (20 events):
Event: 9.489 Thread 0x000001c594d15770 flushing  nmethod 0x000001c5985a2a90
Event: 9.489 Thread 0x000001c594d15770 flushing  nmethod 0x000001c5985d7590
Event: 9.489 Thread 0x000001c594d15770 flushing  nmethod 0x000001c5985d8a10
Event: 9.489 Thread 0x000001c594d15770 flushing  nmethod 0x000001c5985d9310
Event: 9.489 Thread 0x000001c594d15770 flushing  nmethod 0x000001c5985da510
Event: 9.489 Thread 0x000001c594d15770 flushing  nmethod 0x000001c5985dad10
Event: 9.489 Thread 0x000001c594d15770 flushing  nmethod 0x000001c5985db490
Event: 9.489 Thread 0x000001c594d15770 flushing  nmethod 0x000001c5985dbe10
Event: 9.489 Thread 0x000001c594d15770 flushing  nmethod 0x000001c5985dc310
Event: 9.489 Thread 0x000001c594d15770 flushing  nmethod 0x000001c5985dd790
Event: 9.489 Thread 0x000001c594d15770 flushing  nmethod 0x000001c5985de010
Event: 9.489 Thread 0x000001c594d15770 flushing  nmethod 0x000001c5985e0110
Event: 9.489 Thread 0x000001c594d15770 flushing  nmethod 0x000001c5985e1d10
Event: 9.489 Thread 0x000001c594d15770 flushing  nmethod 0x000001c598618a90
Event: 9.489 Thread 0x000001c594d15770 flushing  nmethod 0x000001c59861f210
Event: 9.489 Thread 0x000001c594d15770 flushing  nmethod 0x000001c598626290
Event: 9.489 Thread 0x000001c594d15770 flushing  nmethod 0x000001c59862e590
Event: 9.489 Thread 0x000001c594d15770 flushing  nmethod 0x000001c59869cf10
Event: 9.489 Thread 0x000001c594d15770 flushing  nmethod 0x000001c5986e7b10
Event: 9.489 Thread 0x000001c594d15770 flushing  nmethod 0x000001c598706490

Events (20 events):
Event: 9.280 Thread 0x000001c592b14f90 Thread added: 0x000001c5f50cdd20
Event: 9.280 Thread 0x000001c592b14f90 Thread added: 0x000001c5f50ce3b0
Event: 9.281 Thread 0x000001c592b14f90 Thread added: 0x000001c5f50cd000
Event: 9.281 Thread 0x000001c592b14f90 Thread added: 0x000001c5f50cea40
Event: 9.281 Thread 0x000001c592b14f90 Thread added: 0x000001c5f50cb5c0
Event: 9.282 Thread 0x000001c592b14f90 Thread added: 0x000001c5f50d0b10
Event: 9.513 Thread 0x000001c592b14f90 Thread added: 0x000001c5f50cf0d0
Event: 9.938 Thread 0x000001c592b14f90 Thread added: 0x000001c5f50cf760
Event: 9.939 Thread 0x000001c592b14f90 Thread added: 0x000001c5f50caf30
Event: 10.265 Thread 0x000001c5f2917510 Thread added: 0x000001c5f50cbc50
Event: 10.266 Thread 0x000001c5f2917510 Thread added: 0x000001c5f50cfdf0
Event: 10.272 Thread 0x000001c5f50cbc50 Thread added: 0x000001c5f50cc2e0
Event: 10.279 Thread 0x000001c5f50cfdf0 Thread added: 0x000001c5f50cd690
Event: 10.294 Thread 0x000001c5f50cc2e0 Thread added: 0x000001c5f50d0480
Event: 10.316 Thread 0x000001c5f50cd690 Thread added: 0x000001c5f50d11a0
Event: 10.321 Thread 0x000001c5f50d0480 Thread added: 0x000001c5f50cc970
Event: 13.659 Thread 0x000001c5f2662c20 Thread exited: 0x000001c5f2662c20
Event: 13.659 Thread 0x000001c5f2664e30 Thread exited: 0x000001c5f2664e30
Event: 13.820 Thread 0x000001c594e27700 Thread added: 0x000001c5f2664760
Event: 13.902 Thread 0x000001c594e27700 Thread added: 0x000001c5f2662c20


Dynamic libraries:
0x00007ff725530000 - 0x00007ff72553e000 	c:\Users\user\.vscode\extensions\redhat.java-1.52.0-win32-x64\jre\21.0.9-win32-x86_64\bin\java.exe
0x00007fff2e910000 - 0x00007fff2eb28000 	C:\WINDOWS\SYSTEM32\ntdll.dll
0x00007fff2dfd0000 - 0x00007fff2e094000 	C:\WINDOWS\System32\KERNEL32.DLL
0x00007fff2bd30000 - 0x00007fff2c103000 	C:\WINDOWS\System32\KERNELBASE.dll
0x00007fff2bb90000 - 0x00007fff2bca1000 	C:\WINDOWS\System32\ucrtbase.dll
0x00007fff0eac0000 - 0x00007fff0eade000 	c:\Users\user\.vscode\extensions\redhat.java-1.52.0-win32-x64\jre\21.0.9-win32-x86_64\bin\VCRUNTIME140.dll
0x00007fff0f8a0000 - 0x00007fff0f8b8000 	c:\Users\user\.vscode\extensions\redhat.java-1.52.0-win32-x64\jre\21.0.9-win32-x86_64\bin\jli.dll
0x00007fff2da40000 - 0x00007fff2dbf2000 	C:\WINDOWS\System32\USER32.dll
0x00007fff2c4e0000 - 0x00007fff2c506000 	C:\WINDOWS\System32\win32u.dll
0x00007fff2cfc0000 - 0x00007fff2cfe9000 	C:\WINDOWS\System32\GDI32.dll
0x00007fff2c110000 - 0x00007fff2c22b000 	C:\WINDOWS\System32\gdi32full.dll
0x00007fff2c510000 - 0x00007fff2c5aa000 	C:\WINDOWS\System32\msvcp_win.dll
0x00007fff18890000 - 0x00007fff18b2c000 	C:\WINDOWS\WinSxS\amd64_microsoft.windows.common-controls_6595b64144ccf1df_6.0.22621.6060_none_2712eda17382d24b\COMCTL32.dll
0x00007fff2e0a0000 - 0x00007fff2e147000 	C:\WINDOWS\System32\msvcrt.dll
0x00007fff2c630000 - 0x00007fff2c661000 	C:\WINDOWS\System32\IMM32.DLL
0x000000006d3d0000 - 0x000000006d3dc000 	C:\Program Files (x86)\360\Total Security\safemon\SafeWrapper.dll
0x00007fff2cce0000 - 0x00007fff2cd91000 	C:\WINDOWS\System32\ADVAPI32.dll
0x00007fff2e1b0000 - 0x00007fff2e258000 	C:\WINDOWS\System32\sechost.dll
0x00007fff2ba20000 - 0x00007fff2ba48000 	C:\WINDOWS\System32\bcrypt.dll
0x00007fff2de20000 - 0x00007fff2df38000 	C:\WINDOWS\System32\RPCRT4.dll
0x00007ffefe8b0000 - 0x00007ffefe95c000 	C:\Program Files (x86)\360\Total Security\safemon\libzdtp64.dll
0x00007fff2cff0000 - 0x00007fff2d88c000 	C:\WINDOWS\System32\SHELL32.dll
0x00007fff2c3a0000 - 0x00007fff2c4df000 	C:\WINDOWS\System32\wintypes.dll
0x00007fff2e400000 - 0x00007fff2e791000 	C:\WINDOWS\System32\combase.dll
0x00007fff2cdb0000 - 0x00007fff2ce19000 	C:\WINDOWS\System32\SHLWAPI.dll
0x00007fff2b460000 - 0x00007fff2b46a000 	C:\WINDOWS\SYSTEM32\VERSION.dll
0x00007fff26cf0000 - 0x00007fff26cfc000 	c:\Users\user\.vscode\extensions\redhat.java-1.52.0-win32-x64\jre\21.0.9-win32-x86_64\bin\vcruntime140_1.dll
0x00007ffeec8d0000 - 0x00007ffeec95d000 	c:\Users\user\.vscode\extensions\redhat.java-1.52.0-win32-x64\jre\21.0.9-win32-x86_64\bin\msvcp140.dll
0x00007ffe59670000 - 0x00007ffe5a410000 	c:\Users\user\.vscode\extensions\redhat.java-1.52.0-win32-x64\jre\21.0.9-win32-x86_64\bin\server\jvm.dll
0x00007fff2df50000 - 0x00007fff2dfc1000 	C:\WINDOWS\System32\WS2_32.dll
0x00007fff2b7f0000 - 0x00007fff2b83d000 	C:\WINDOWS\SYSTEM32\POWRPROF.dll
0x00007fff24890000 - 0x00007fff248c4000 	C:\WINDOWS\SYSTEM32\WINMM.dll
0x00007fff2b6d0000 - 0x00007fff2b6e3000 	C:\WINDOWS\SYSTEM32\UMPDC.dll
0x00007fff2a990000 - 0x00007fff2a9a8000 	C:\WINDOWS\SYSTEM32\kernel.appcore.dll
0x00007fff175c0000 - 0x00007fff175ca000 	c:\Users\user\.vscode\extensions\redhat.java-1.52.0-win32-x64\jre\21.0.9-win32-x86_64\bin\jimage.dll
0x00007fff29210000 - 0x00007fff29443000 	C:\WINDOWS\SYSTEM32\DBGHELP.DLL
0x00007fff2e270000 - 0x00007fff2e348000 	C:\WINDOWS\System32\OLEAUT32.dll
0x00007fff291d0000 - 0x00007fff29202000 	C:\WINDOWS\SYSTEM32\dbgcore.DLL
0x00007fff2bb10000 - 0x00007fff2bb8b000 	C:\WINDOWS\System32\bcryptPrimitives.dll
0x00007fff17550000 - 0x00007fff1755f000 	c:\Users\user\.vscode\extensions\redhat.java-1.52.0-win32-x64\jre\21.0.9-win32-x86_64\bin\instrument.dll
0x00007fff0e9f0000 - 0x00007fff0ea10000 	c:\Users\user\.vscode\extensions\redhat.java-1.52.0-win32-x64\jre\21.0.9-win32-x86_64\bin\java.dll
0x00007fff298b0000 - 0x00007fff2a1ca000 	C:\WINDOWS\SYSTEM32\windows.storage.dll
0x00007fff2ce90000 - 0x00007fff2cf94000 	C:\WINDOWS\System32\SHCORE.dll
0x00007fff2b950000 - 0x00007fff2b975000 	C:\WINDOWS\SYSTEM32\profapi.dll
0x00007fff0e680000 - 0x00007fff0e698000 	c:\Users\user\.vscode\extensions\redhat.java-1.52.0-win32-x64\jre\21.0.9-win32-x86_64\bin\zip.dll
0x00007fff15cf0000 - 0x00007fff15d00000 	C:\Users\user\.vscode\extensions\redhat.java-1.52.0-win32-x64\jre\21.0.9-win32-x86_64\bin\net.dll
0x00007fff28f80000 - 0x00007fff290ac000 	C:\WINDOWS\SYSTEM32\WINHTTP.dll
0x00007fff2ae70000 - 0x00007fff2aed9000 	C:\WINDOWS\system32\mswsock.dll
0x00007fff0e660000 - 0x00007fff0e676000 	C:\Users\user\.vscode\extensions\redhat.java-1.52.0-win32-x64\jre\21.0.9-win32-x86_64\bin\nio.dll
0x00007fff15c90000 - 0x00007fff15ca0000 	c:\Users\user\.vscode\extensions\redhat.java-1.52.0-win32-x64\jre\21.0.9-win32-x86_64\bin\verify.dll
0x00007ffefeff0000 - 0x00007ffeff035000 	C:\Users\user\AppData\Roaming\Code\User\globalStorage\redhat.java\1.52.0\config_win\org.eclipse.equinox.launcher\org.eclipse.equinox.launcher.win32.win32.x86_64_1.2.1500.v20260121-1430\eclipse_11919.dll
0x00007fff2d890000 - 0x00007fff2da31000 	C:\WINDOWS\System32\ole32.dll
0x00007fff2b0c0000 - 0x00007fff2b0db000 	C:\WINDOWS\SYSTEM32\CRYPTSP.dll
0x00007fff2a8f0000 - 0x00007fff2a927000 	C:\WINDOWS\system32\rsaenh.dll
0x00007fff2af60000 - 0x00007fff2af88000 	C:\WINDOWS\SYSTEM32\USERENV.dll
0x00007fff2b0e0000 - 0x00007fff2b0ec000 	C:\WINDOWS\SYSTEM32\CRYPTBASE.dll
0x00007fff2a420000 - 0x00007fff2a44d000 	C:\WINDOWS\SYSTEM32\IPHLPAPI.DLL
0x00007fff2df40000 - 0x00007fff2df49000 	C:\WINDOWS\System32\NSI.dll
0x00007ffefc4e0000 - 0x00007ffefc529000 	C:\Users\user\AppData\Local\Temp\jna-3599307\jna12270744740581571441.dll
0x00007fff2e150000 - 0x00007fff2e158000 	C:\WINDOWS\System32\PSAPI.DLL
0x00007fff244c0000 - 0x00007fff244d9000 	C:\WINDOWS\SYSTEM32\dhcpcsvc6.DLL
0x00007fff244a0000 - 0x00007fff244bf000 	C:\WINDOWS\SYSTEM32\dhcpcsvc.DLL

JVMTI agents:
c:\Users\user\.vscode\extensions\redhat.java-1.52.0-win32-x64\lombok\lombok-1.18.39-4050.jar path:c:\Users\user\.vscode\extensions\redhat.java-1.52.0-win32-x64\jre\21.0.9-win32-x86_64\bin\instrument.dll, loaded, initialized, instrumentlib options:none

dbghelp: loaded successfully - version: 4.0.5 - missing functions: none
symbol engine: initialized successfully - sym options: 0x614 - pdb path: .;c:\Users\user\.vscode\extensions\redhat.java-1.52.0-win32-x64\jre\21.0.9-win32-x86_64\bin;C:\WINDOWS\SYSTEM32;C:\WINDOWS\WinSxS\amd64_microsoft.windows.common-controls_6595b64144ccf1df_6.0.22621.6060_none_2712eda17382d24b;C:\Program Files (x86)\360\Total Security\safemon;c:\Users\user\.vscode\extensions\redhat.java-1.52.0-win32-x64\jre\21.0.9-win32-x86_64\bin\server;C:\Users\user\AppData\Roaming\Code\User\globalStorage\redhat.java\1.52.0\config_win\org.eclipse.equinox.launcher\org.eclipse.equinox.launcher.win32.win32.x86_64_1.2.1500.v20260121-1430;C:\Users\user\AppData\Local\Temp\jna-3599307

VM Arguments:
jvm_args: --add-modules=ALL-SYSTEM --add-opens=java.base/java.util=ALL-UNNAMED --add-opens=java.base/java.lang=ALL-UNNAMED --add-opens=java.base/sun.nio.fs=ALL-UNNAMED -Declipse.application=org.eclipse.jdt.ls.core.id1 -Dosgi.bundles.defaultStartLevel=4 -Declipse.product=org.eclipse.jdt.ls.core.product -Djava.import.generatesMetadataFilesAtProjectRoot=false -DDetectVMInstallationsJob.disabled=true -Dfile.encoding=utf8 -XX:+UseParallelGC -XX:GCTimeRatio=4 -XX:AdaptiveSizePolicyWeight=90 -Dsun.zip.disableMemoryMapping=true -Xmx2G -Xms100m -Xlog:disable -javaagent:c:\Users\user\.vscode\extensions\redhat.java-1.52.0-win32-x64\lombok\lombok-1.18.39-4050.jar -XX:+HeapDumpOnOutOfMemoryError -XX:HeapDumpPath=c:\Users\user\AppData\Roaming\Code\User\workspaceStorage\0674b5c6fcfe98aa21c3e4592ae7b086\redhat.java -Daether.dependencyCollector.impl=bf 
java_command: c:\Users\user\.vscode\extensions\redhat.java-1.52.0-win32-x64\server\plugins\org.eclipse.equinox.launcher_1.7.100.v20251111-0406.jar -configuration c:\Users\user\AppData\Roaming\Code\User\globalStorage\redhat.java\1.52.0\config_win -data c:\Users\user\AppData\Roaming\Code\User\workspaceStorage\0674b5c6fcfe98aa21c3e4592ae7b086\redhat.java\jdt_ws --pipe=\\.\pipe\lsp-22a866e4e1eea5f10676d1ccdce5720d-sock
java_class_path (initial): c:\Users\user\.vscode\extensions\redhat.java-1.52.0-win32-x64\server\plugins\org.eclipse.equinox.launcher_1.7.100.v20251111-0406.jar
Launcher Type: SUN_STANDARD

[Global flags]
    uintx AdaptiveSizePolicyWeight                 = 90                                        {product} {command line}
     intx CICompilerCount                          = 4                                         {product} {ergonomic}
    uintx GCTimeRatio                              = 4                                         {product} {command line}
     bool HeapDumpOnOutOfMemoryError               = true                                   {manageable} {command line}
    ccstr HeapDumpPath                             = c:\Users\user\AppData\Roaming\Code\User\workspaceStorage\0674b5c6fcfe98aa21c3e4592ae7b086\redhat.java         {manageable} {command line}
   size_t InitialHeapSize                          = 104857600                                 {product} {command line}
   size_t MaxHeapSize                              = 2147483648                                {product} {command line}
   size_t MaxNewSize                               = 715653120                                 {product} {ergonomic}
   size_t MinHeapDeltaBytes                        = 524288                                    {product} {ergonomic}
   size_t MinHeapSize                              = 104857600                                 {product} {command line}
   size_t NewSize                                  = 34603008                                  {product} {ergonomic}
    uintx NonNMethodCodeHeapSize                   = 5839372                                {pd product} {ergonomic}
    uintx NonProfiledCodeHeapSize                  = 122909434                              {pd product} {ergonomic}
   size_t OldSize                                  = 70254592                                  {product} {ergonomic}
    uintx ProfiledCodeHeapSize                     = 122909434                              {pd product} {ergonomic}
    uintx ReservedCodeCacheSize                    = 251658240                              {pd product} {ergonomic}
     bool SegmentedCodeCache                       = true                                      {product} {ergonomic}
   size_t SoftMaxHeapSize                          = 2147483648                             {manageable} {ergonomic}
     bool UseCompressedOops                        = true                           {product lp64_product} {ergonomic}
     bool UseLargePagesIndividualAllocation        = false                                  {pd product} {ergonomic}
     bool UseParallelGC                            = true                                      {product} {command line}

Logging:
Log output configuration:
 #0: stdout all=off uptime,level,tags foldmultilines=false
 #1: stderr all=off uptime,level,tags foldmultilines=false

Release file:
JAVA_VERSION="21.0.9" 
MODULES="java.base java.compiler java.datatransfer java.xml java.prefs java.desktop java.instrument java.logging java.management java.security.sasl java.naming java.rmi java.management.rmi java.net.http java.scripting java.security.jgss java.transaction.xa java.sql java.sql.rowset java.xml.crypto java.se java.smartcardio jdk.accessibility jdk.internal.jvmstat jdk.attach jdk.charsets jdk.internal.opt jdk.zipfs jdk.compiler jdk.crypto.ec jdk.crypto.cryptoki jdk.crypto.mscapi jdk.dynalink jdk.internal.ed jdk.editpad jdk.hotspot.agent jdk.httpserver jdk.internal.le jdk.internal.vm.ci jdk.internal.vm.compiler jdk.internal.vm.compiler.management jdk.jartool jdk.javadoc jdk.jcmd jdk.management jdk.management.agent jdk.jconsole jdk.jdeps jdk.jdwp.agent jdk.jdi jdk.jfr jdk.jshell jdk.jsobject jdk.jstatd jdk.localedata jdk.management.jfr jdk.naming.dns jdk.naming.rmi jdk.net jdk.nio.mapmode jdk.random jdk.sctp jdk.security.auth jdk.security.jgss jdk.unsupported jdk.unsupported.desktop jdk.xml.dom" 

Environment Variables:
PATH=C:\Program Files\Eclipse Adoptium\jdk-17.0.17.10-hotspot\bin;C:\WINDOWS\system32;C:\WINDOWS;C:\WINDOWS\System32\Wbem;C:\WINDOWS\System32\WindowsPowerShell\v1.0\;C:\WINDOWS\System32\OpenSSH\;C:\Program Files\Git\cmd;C:\Program Files\nodejs\;C:\Program Files\MySQL\MySQL Shell 8.0\bin\;C:\Users\user\AppData\Local\Programs\Python\Launcher\;C:\Users\user\AppData\Local\Microsoft\WindowsApps;C:\Users\user\AppData\Local\Programs\Microsoft VS Code\bin;C:\Users\user\AppData\Roaming\npm;C:\Users\user\AppData\Local\Google\Cloud SDK\google-cloud-sdk\bin;C:\Users\user\AppData\Local\Microsoft\WinGet\Packages\Cloudflare.cloudflared_Microsoft.Winget.Source_8wekyb3d8bbwe;
USERNAME=user
OS=Windows_NT
PROCESSOR_IDENTIFIER=Intel64 Family 6 Model 126 Stepping 5, GenuineIntel
TMP=C:\Users\user\AppData\Local\Temp
TEMP=C:\Users\user\AppData\Local\Temp




Periodic native trim disabled

---------------  S Y S T E M  ---------------

OS:
 Windows 11 , 64 bit Build 22621 (10.0.22621.5415)
OS uptime: 5 days 6:46 hours

CPU: total 8 (initial active 8) (4 cores per cpu, 2 threads per core) family 6 model 126 stepping 5 microcode 0x86, cx8, cmov, fxsr, ht, mmx, 3dnowpref, sse, sse2, sse3, ssse3, sse4.1, sse4.2, popcnt, lzcnt, tsc, tscinvbit, avx, avx2, aes, erms, clmul, bmi1, bmi2, adx, avx512f, avx512dq, avx512cd, avx512bw, avx512vl, sha, fma, vzeroupper, avx512_vpopcntdq, avx512_vpclmulqdq, avx512_vaes, avx512_vnni, clflush, clflushopt, avx512_vbmi2, avx512_vbmi, rdtscp, rdpid, fsrm, gfni, avx512_bitalg, f16c, pku, avx512_ifma
Processor Information for the first 8 processors :
  Max Mhz: 1498, Current Mhz: 1298, Mhz Limit: 1288

Memory: 4k page, system-wide physical 7901M (684M free)
TotalPageFile size 32477M (AvailPageFile size 3M)
current process WorkingSet (physical memory assigned to process): 240M, peak: 240M
current process commit charge ("private bytes"): 345M, peak: 364M

vm_info: OpenJDK 64-Bit Server VM (21.0.9+10-LTS) for windows-amd64 JRE (21.0.9+10-LTS), built on 2025-10-21T00:00:00Z by "admin" with unknown MS VC++:1942

END.
