#
# There is insufficient memory for the Java Runtime Environment to continue.
# Native memory allocation (malloc) failed to allocate 1186736 bytes. Error detail: Chunk::new
# Possible reasons:
#   The system is out of physical RAM or swap space
#   This process is running with CompressedOops enabled, and the Java Heap may be blocking the growth of the native heap
# Possible solutions:
#   Reduce memory load on the system
#   Increase physical memory or swap space
#   Check if swap backing store is full
#   Decrease Java heap size (-Xmx/-Xms)
#   Decrease number of Java threads
#   Decrease Java thread stack sizes (-Xss)
#   Set larger code cache with -XX:ReservedCodeCacheSize=
#   JVM is running with Unscaled Compressed Oops mode in which the Java heap is
#     placed in the first 4GB address space. The Java Heap base address is the
#     maximum limit for the native heap growth. Please use -XX:HeapBaseMinAddress
#     to set the Java Heap base and to place the Java Heap above 4GB virtual address.
# This output file may be truncated or incomplete.
#
#  Out of Memory Error (arena.cpp:191), pid=148152, tid=165360
#
# JRE version: OpenJDK Runtime Environment Temurin-17.0.17+10 (17.0.17+10) (build 17.0.17+10)
# Java VM: OpenJDK 64-Bit Server VM Temurin-17.0.17+10 (17.0.17+10, mixed mode, sharing, tiered, compressed oops, compressed class ptrs, g1 gc, windows-amd64)
# No core dump will be written. Minidumps are not enabled by default on client versions of Windows
#

---------------  S U M M A R Y ------------

Command Line: --enable-native-access=ALL-UNNAMED -Dclassworlds.conf=C:\Users\user\.m2\wrapper\dists\apache-maven-3.9.12\59fe215c0ad6947fea90184bf7add084544567b927287592651fda3782e0e798\bin\m2.conf -Dmaven.home=C:\Users\user\.m2\wrapper\dists\apache-maven-3.9.12\59fe215c0ad6947fea90184bf7add084544567b927287592651fda3782e0e798 -Dlibrary.jansi.path=C:\Users\user\.m2\wrapper\dists\apache-maven-3.9.12\59fe215c0ad6947fea90184bf7add084544567b927287592651fda3782e0e798\lib\jansi-native -Dmaven.multiModuleProjectDirectory=C:\Users\user\Documents\workspace\erp org.codehaus.plexus.classworlds.launcher.Launcher -U -e spring-boot:run

Host: Intel(R) Core(TM) i7-1065G7 CPU @ 1.30GHz, 8 cores, 7G,  Windows 11 , 64 bit Build 22621 (10.0.22621.5415)
Time: Wed Feb  4 19:36:18 2026  Windows 11 , 64 bit Build 22621 (10.0.22621.5415) elapsed time: 4.328806 seconds (0d 0h 0m 4s)

---------------  T H R E A D  ---------------

Current thread (0x0000025d1f063840):  JavaThread "C2 CompilerThread2" daemon [_thread_in_native, id=165360, stack(0x000000611a800000,0x000000611a900000)]


Current CompileTask:
C2:4329 3605       4       java.net.URLStreamHandler::parseURL (1201 bytes)

Stack: [0x000000611a800000,0x000000611a900000]
Native frames: (J=compiled Java code, j=interpreted, Vv=VM code, C=native code)
V  [jvm.dll+0x683fb9]
V  [jvm.dll+0x83a1b5]
V  [jvm.dll+0x83bc2e]
V  [jvm.dll+0x83c2b3]
V  [jvm.dll+0x248eff]
V  [jvm.dll+0xad496]
V  [jvm.dll+0xadb3c]
V  [jvm.dll+0x3689ef]
V  [jvm.dll+0x332fa5]
V  [jvm.dll+0x33240a]
V  [jvm.dll+0x219db9]
V  [jvm.dll+0x219200]
V  [jvm.dll+0x1a4920]
V  [jvm.dll+0x22989a]
V  [jvm.dll+0x227a4b]
V  [jvm.dll+0x7effb8]
V  [jvm.dll+0x7ea44c]
V  [jvm.dll+0x682e87]
C  [ucrtbase.dll+0x29333]
C  [KERNEL32.DLL+0x1259d]
C  [ntdll.dll+0x5af78]


---------------  P R O C E S S  ---------------

Threads class SMR info:
_java_thread_list=0x0000025d1f02fc70, length=19, elements={
0x0000025cba4759a0, 0x0000025cd858c520, 0x0000025cd858ee00, 0x0000025cd85a0780,
0x0000025cd85a1050, 0x0000025cd85a3930, 0x0000025cd85a8210, 0x0000025cd85a92d0,
0x0000025cd85adca0, 0x0000025cd85b3f70, 0x0000025cd87f5bb0, 0x0000025cd87ff940,
0x0000025d1e9ef210, 0x0000025d1f1b7860, 0x0000025d1f1b7d40, 0x0000025d1efcb700,
0x0000025d1efcbbe0, 0x0000025d1f066040, 0x0000025d1f063840
}

Java Threads: ( => current thread )
  0x0000025cba4759a0 JavaThread "main" [_thread_blocked, id=174692, stack(0x0000006118800000,0x0000006118900000)]
  0x0000025cd858c520 JavaThread "Reference Handler" daemon [_thread_blocked, id=153428, stack(0x0000006118f00000,0x0000006119000000)]
  0x0000025cd858ee00 JavaThread "Finalizer" daemon [_thread_blocked, id=179160, stack(0x0000006119000000,0x0000006119100000)]
  0x0000025cd85a0780 JavaThread "Signal Dispatcher" daemon [_thread_blocked, id=153944, stack(0x0000006119100000,0x0000006119200000)]
  0x0000025cd85a1050 JavaThread "Attach Listener" daemon [_thread_blocked, id=165548, stack(0x0000006119200000,0x0000006119300000)]
  0x0000025cd85a3930 JavaThread "Service Thread" daemon [_thread_blocked, id=162260, stack(0x0000006119300000,0x0000006119400000)]
  0x0000025cd85a8210 JavaThread "Monitor Deflation Thread" daemon [_thread_blocked, id=182516, stack(0x0000006119400000,0x0000006119500000)]
  0x0000025cd85a92d0 JavaThread "C2 CompilerThread0" daemon [_thread_blocked, id=181588, stack(0x0000006119500000,0x0000006119600000)]
  0x0000025cd85adca0 JavaThread "C1 CompilerThread0" daemon [_thread_blocked, id=115352, stack(0x0000006119600000,0x0000006119700000)]
  0x0000025cd85b3f70 JavaThread "Sweeper thread" daemon [_thread_blocked, id=134892, stack(0x0000006119700000,0x0000006119800000)]
  0x0000025cd87f5bb0 JavaThread "Notification Thread" daemon [_thread_blocked, id=182900, stack(0x0000006119800000,0x0000006119900000)]
  0x0000025cd87ff940 JavaThread "Common-Cleaner" daemon [_thread_blocked, id=152768, stack(0x0000006119a00000,0x0000006119b00000)]
  0x0000025d1e9ef210 JavaThread "Thread-1" daemon [_thread_blocked, id=118760, stack(0x0000006119c00000,0x0000006119d00000)]
  0x0000025d1f1b7860 JavaThread "DefaultMetadataResolver-0-0" daemon [_thread_blocked, id=171968, stack(0x000000611a400000,0x000000611a500000)]
  0x0000025d1f1b7d40 JavaThread "DefaultMetadataResolver-0-1" daemon [_thread_blocked, id=68456, stack(0x000000611a500000,0x000000611a600000)]
  0x0000025d1efcb700 JavaThread "DefaultMetadataResolver-0-2" daemon [_thread_blocked, id=170148, stack(0x000000611a600000,0x000000611a700000)]
  0x0000025d1efcbbe0 JavaThread "DefaultMetadataResolver-0-3" daemon [_thread_in_native, id=153880, stack(0x000000611a700000,0x000000611a800000)]
  0x0000025d1f066040 JavaThread "C2 CompilerThread1" daemon [_thread_in_native, id=175692, stack(0x0000006119b00000,0x0000006119c00000)]
=>0x0000025d1f063840 JavaThread "C2 CompilerThread2" daemon [_thread_in_native, id=165360, stack(0x000000611a800000,0x000000611a900000)]

Other Threads:
  0x0000025cd8587630 VMThread "VM Thread" [stack: 0x0000006118e00000,0x0000006118f00000] [id=170120]
  0x0000025cd87f6cc0 WatcherThread [stack: 0x0000006119900000,0x0000006119a00000] [id=174332]
  0x0000025cba4cd700 GCTaskThread "GC Thread#0" [stack: 0x0000006118900000,0x0000006118a00000] [id=180336]
  0x0000025d1e30c560 GCTaskThread "GC Thread#1" [stack: 0x0000006119d00000,0x0000006119e00000] [id=184968]
  0x0000025d1e938ee0 GCTaskThread "GC Thread#2" [stack: 0x0000006119e00000,0x0000006119f00000] [id=127168]
  0x0000025d1e6bcea0 GCTaskThread "GC Thread#3" [stack: 0x0000006119f00000,0x000000611a000000] [id=169820]
  0x0000025d1e6bd160 GCTaskThread "GC Thread#4" [stack: 0x000000611a000000,0x000000611a100000] [id=141972]
  0x0000025d1e9968d0 GCTaskThread "GC Thread#5" [stack: 0x000000611a100000,0x000000611a200000] [id=122752]
  0x0000025d1e83a9b0 GCTaskThread "GC Thread#6" [stack: 0x000000611a200000,0x000000611a300000] [id=190120]
  0x0000025d1ed65ba0 GCTaskThread "GC Thread#7" [stack: 0x000000611a300000,0x000000611a400000] [id=140308]
  0x0000025cba4dec70 ConcurrentGCThread "G1 Main Marker" [stack: 0x0000006118a00000,0x0000006118b00000] [id=174288]
  0x0000025cba4df5a0 ConcurrentGCThread "G1 Conc#0" [stack: 0x0000006118b00000,0x0000006118c00000] [id=83888]
  0x0000025cd842b0c0 ConcurrentGCThread "G1 Refine#0" [stack: 0x0000006118c00000,0x0000006118d00000] [id=184940]
  0x0000025cd842b7a0 ConcurrentGCThread "G1 Service" [stack: 0x0000006118d00000,0x0000006118e00000] [id=174028]

Threads with active compile tasks:
C2 CompilerThread1  4425 3606   !   4       jdk.internal.loader.BuiltinClassLoader::loadClassOrNull (143 bytes)
C2 CompilerThread2  4425 3605       4       java.net.URLStreamHandler::parseURL (1201 bytes)

VM state: not at safepoint (normal execution)

VM Mutex/Monitor currently owned by a thread: None

Heap address: 0x0000000084800000, size: 1976 MB, Compressed Oops mode: 32-bit

CDS archive(s) mapped at: [0x0000025cd9000000-0x0000025cd9bb0000-0x0000025cd9bb0000), size 12255232, SharedBaseAddress: 0x0000025cd9000000, ArchiveRelocationMode: 1.
Compressed class space mapped at: 0x0000025cda000000-0x0000025d1a000000, reserved size: 1073741824
Narrow klass base: 0x0000025cd9000000, Narrow klass shift: 0, Narrow klass range: 0x100000000

GC Precious Log:
 CPUs: 8 total, 8 available
 Memory: 7901M
 Large Page Support: Disabled
 NUMA Support: Disabled
 Compressed Oops: Enabled (32-bit)
 Heap Region Size: 1M
 Heap Min Capacity: 8M
 Heap Initial Capacity: 124M
 Heap Max Capacity: 1976M
 Pre-touch: Disabled
 Parallel Workers: 8
 Concurrent Workers: 2
 Concurrent Refinement Workers: 8
 Periodic GC: Disabled

Heap:
 garbage-first heap   total 126976K, used 71853K [0x0000000084800000, 0x0000000100000000)
  region size 1024K, 68 young (69632K), 2 survivors (2048K)
 Metaspace       used 20085K, committed 20288K, reserved 1114112K
  class space    used 2418K, committed 2496K, reserved 1048576K

Heap Regions: E=young(eden), S=young(survivor), O=old, HS=humongous(starts), HC=humongous(continues), CS=collection set, F=free, OA=open archive, CA=closed archive, TAMS=top-at-mark-start (previous, next)
|   0|0x0000000084800000, 0x0000000084900000, 0x0000000084900000|100%| O|  |TAMS 0x0000000084800000, 0x0000000084800000| Untracked 
|   1|0x0000000084900000, 0x0000000084a00000, 0x0000000084a00000|100%| O|  |TAMS 0x0000000084900000, 0x0000000084900000| Untracked 
|   2|0x0000000084a00000, 0x0000000084b00000, 0x0000000084b00000|100%| O|  |TAMS 0x0000000084a00000, 0x0000000084a00000| Untracked 
|   3|0x0000000084b00000, 0x0000000084ba6800, 0x0000000084c00000| 65%| O|  |TAMS 0x0000000084b00000, 0x0000000084b00000| Untracked 
|   4|0x0000000084c00000, 0x0000000084c00000, 0x0000000084d00000|  0%| F|  |TAMS 0x0000000084c00000, 0x0000000084c00000| Untracked 
|   5|0x0000000084d00000, 0x0000000084d00000, 0x0000000084e00000|  0%| F|  |TAMS 0x0000000084d00000, 0x0000000084d00000| Untracked 
|   6|0x0000000084e00000, 0x0000000084e00000, 0x0000000084f00000|  0%| F|  |TAMS 0x0000000084e00000, 0x0000000084e00000| Untracked 
|   7|0x0000000084f00000, 0x0000000084f00000, 0x0000000085000000|  0%| F|  |TAMS 0x0000000084f00000, 0x0000000084f00000| Untracked 
|   8|0x0000000085000000, 0x0000000085000000, 0x0000000085100000|  0%| F|  |TAMS 0x0000000085000000, 0x0000000085000000| Untracked 
|   9|0x0000000085100000, 0x0000000085100000, 0x0000000085200000|  0%| F|  |TAMS 0x0000000085100000, 0x0000000085100000| Untracked 
|  10|0x0000000085200000, 0x0000000085200000, 0x0000000085300000|  0%| F|  |TAMS 0x0000000085200000, 0x0000000085200000| Untracked 
|  11|0x0000000085300000, 0x0000000085300000, 0x0000000085400000|  0%| F|  |TAMS 0x0000000085300000, 0x0000000085300000| Untracked 
|  12|0x0000000085400000, 0x0000000085400000, 0x0000000085500000|  0%| F|  |TAMS 0x0000000085400000, 0x0000000085400000| Untracked 
|  13|0x0000000085500000, 0x0000000085500000, 0x0000000085600000|  0%| F|  |TAMS 0x0000000085500000, 0x0000000085500000| Untracked 
|  14|0x0000000085600000, 0x0000000085600000, 0x0000000085700000|  0%| F|  |TAMS 0x0000000085600000, 0x0000000085600000| Untracked 
|  15|0x0000000085700000, 0x0000000085700000, 0x0000000085800000|  0%| F|  |TAMS 0x0000000085700000, 0x0000000085700000| Untracked 
|  16|0x0000000085800000, 0x0000000085800000, 0x0000000085900000|  0%| F|  |TAMS 0x0000000085800000, 0x0000000085800000| Untracked 
|  17|0x0000000085900000, 0x0000000085900000, 0x0000000085a00000|  0%| F|  |TAMS 0x0000000085900000, 0x0000000085900000| Untracked 
|  18|0x0000000085a00000, 0x0000000085a00000, 0x0000000085b00000|  0%| F|  |TAMS 0x0000000085a00000, 0x0000000085a00000| Untracked 
|  19|0x0000000085b00000, 0x0000000085b00000, 0x0000000085c00000|  0%| F|  |TAMS 0x0000000085b00000, 0x0000000085b00000| Untracked 
|  20|0x0000000085c00000, 0x0000000085c00000, 0x0000000085d00000|  0%| F|  |TAMS 0x0000000085c00000, 0x0000000085c00000| Untracked 
|  21|0x0000000085d00000, 0x0000000085d00000, 0x0000000085e00000|  0%| F|  |TAMS 0x0000000085d00000, 0x0000000085d00000| Untracked 
|  22|0x0000000085e00000, 0x0000000085e00000, 0x0000000085f00000|  0%| F|  |TAMS 0x0000000085e00000, 0x0000000085e00000| Untracked 
|  23|0x0000000085f00000, 0x0000000085f00000, 0x0000000086000000|  0%| F|  |TAMS 0x0000000085f00000, 0x0000000085f00000| Untracked 
|  24|0x0000000086000000, 0x0000000086000000, 0x0000000086100000|  0%| F|  |TAMS 0x0000000086000000, 0x0000000086000000| Untracked 
|  25|0x0000000086100000, 0x0000000086100000, 0x0000000086200000|  0%| F|  |TAMS 0x0000000086100000, 0x0000000086100000| Untracked 
|  26|0x0000000086200000, 0x0000000086200000, 0x0000000086300000|  0%| F|  |TAMS 0x0000000086200000, 0x0000000086200000| Untracked 
|  27|0x0000000086300000, 0x0000000086300000, 0x0000000086400000|  0%| F|  |TAMS 0x0000000086300000, 0x0000000086300000| Untracked 
|  28|0x0000000086400000, 0x0000000086400000, 0x0000000086500000|  0%| F|  |TAMS 0x0000000086400000, 0x0000000086400000| Untracked 
|  29|0x0000000086500000, 0x0000000086500000, 0x0000000086600000|  0%| F|  |TAMS 0x0000000086500000, 0x0000000086500000| Untracked 
|  30|0x0000000086600000, 0x0000000086600000, 0x0000000086700000|  0%| F|  |TAMS 0x0000000086600000, 0x0000000086600000| Untracked 
|  31|0x0000000086700000, 0x0000000086700000, 0x0000000086800000|  0%| F|  |TAMS 0x0000000086700000, 0x0000000086700000| Untracked 
|  32|0x0000000086800000, 0x0000000086800000, 0x0000000086900000|  0%| F|  |TAMS 0x0000000086800000, 0x0000000086800000| Untracked 
|  33|0x0000000086900000, 0x0000000086900000, 0x0000000086a00000|  0%| F|  |TAMS 0x0000000086900000, 0x0000000086900000| Untracked 
|  34|0x0000000086a00000, 0x0000000086a00000, 0x0000000086b00000|  0%| F|  |TAMS 0x0000000086a00000, 0x0000000086a00000| Untracked 
|  35|0x0000000086b00000, 0x0000000086b00000, 0x0000000086c00000|  0%| F|  |TAMS 0x0000000086b00000, 0x0000000086b00000| Untracked 
|  36|0x0000000086c00000, 0x0000000086c00000, 0x0000000086d00000|  0%| F|  |TAMS 0x0000000086c00000, 0x0000000086c00000| Untracked 
|  37|0x0000000086d00000, 0x0000000086d00000, 0x0000000086e00000|  0%| F|  |TAMS 0x0000000086d00000, 0x0000000086d00000| Untracked 
|  38|0x0000000086e00000, 0x0000000086e00000, 0x0000000086f00000|  0%| F|  |TAMS 0x0000000086e00000, 0x0000000086e00000| Untracked 
|  39|0x0000000086f00000, 0x0000000086f00000, 0x0000000087000000|  0%| F|  |TAMS 0x0000000086f00000, 0x0000000086f00000| Untracked 
|  40|0x0000000087000000, 0x0000000087000000, 0x0000000087100000|  0%| F|  |TAMS 0x0000000087000000, 0x0000000087000000| Untracked 
|  41|0x0000000087100000, 0x0000000087100000, 0x0000000087200000|  0%| F|  |TAMS 0x0000000087100000, 0x0000000087100000| Untracked 
|  42|0x0000000087200000, 0x0000000087200000, 0x0000000087300000|  0%| F|  |TAMS 0x0000000087200000, 0x0000000087200000| Untracked 
|  43|0x0000000087300000, 0x0000000087300000, 0x0000000087400000|  0%| F|  |TAMS 0x0000000087300000, 0x0000000087300000| Untracked 
|  44|0x0000000087400000, 0x0000000087400000, 0x0000000087500000|  0%| F|  |TAMS 0x0000000087400000, 0x0000000087400000| Untracked 
|  45|0x0000000087500000, 0x0000000087500000, 0x0000000087600000|  0%| F|  |TAMS 0x0000000087500000, 0x0000000087500000| Untracked 
|  46|0x0000000087600000, 0x0000000087600000, 0x0000000087700000|  0%| F|  |TAMS 0x0000000087600000, 0x0000000087600000| Untracked 
|  47|0x0000000087700000, 0x0000000087700000, 0x0000000087800000|  0%| F|  |TAMS 0x0000000087700000, 0x0000000087700000| Untracked 
|  48|0x0000000087800000, 0x0000000087800000, 0x0000000087900000|  0%| F|  |TAMS 0x0000000087800000, 0x0000000087800000| Untracked 
|  49|0x0000000087900000, 0x0000000087900000, 0x0000000087a00000|  0%| F|  |TAMS 0x0000000087900000, 0x0000000087900000| Untracked 
|  50|0x0000000087a00000, 0x0000000087a00000, 0x0000000087b00000|  0%| F|  |TAMS 0x0000000087a00000, 0x0000000087a00000| Untracked 
|  51|0x0000000087b00000, 0x0000000087b00000, 0x0000000087c00000|  0%| F|  |TAMS 0x0000000087b00000, 0x0000000087b00000| Untracked 
|  52|0x0000000087c00000, 0x0000000087c00000, 0x0000000087d00000|  0%| F|  |TAMS 0x0000000087c00000, 0x0000000087c00000| Untracked 
|  53|0x0000000087d00000, 0x0000000087d00000, 0x0000000087e00000|  0%| F|  |TAMS 0x0000000087d00000, 0x0000000087d00000| Untracked 
|  54|0x0000000087e00000, 0x0000000087e00000, 0x0000000087f00000|  0%| F|  |TAMS 0x0000000087e00000, 0x0000000087e00000| Untracked 
|  55|0x0000000087f00000, 0x0000000087f00000, 0x0000000088000000|  0%| F|  |TAMS 0x0000000087f00000, 0x0000000087f00000| Untracked 
|  56|0x0000000088000000, 0x0000000088100000, 0x0000000088100000|100%| E|  |TAMS 0x0000000088000000, 0x0000000088000000| Complete 
|  57|0x0000000088100000, 0x0000000088200000, 0x0000000088200000|100%| E|CS|TAMS 0x0000000088100000, 0x0000000088100000| Complete 
|  58|0x0000000088200000, 0x0000000088300000, 0x0000000088300000|100%| E|CS|TAMS 0x0000000088200000, 0x0000000088200000| Complete 
|  59|0x0000000088300000, 0x0000000088400000, 0x0000000088400000|100%| E|CS|TAMS 0x0000000088300000, 0x0000000088300000| Complete 
|  60|0x0000000088400000, 0x0000000088500000, 0x0000000088500000|100%| E|CS|TAMS 0x0000000088400000, 0x0000000088400000| Complete 
|  61|0x0000000088500000, 0x0000000088600000, 0x0000000088600000|100%| E|CS|TAMS 0x0000000088500000, 0x0000000088500000| Complete 
|  62|0x0000000088600000, 0x0000000088700000, 0x0000000088700000|100%| E|CS|TAMS 0x0000000088600000, 0x0000000088600000| Complete 
|  63|0x0000000088700000, 0x0000000088800000, 0x0000000088800000|100%| E|CS|TAMS 0x0000000088700000, 0x0000000088700000| Complete 
|  64|0x0000000088800000, 0x0000000088900000, 0x0000000088900000|100%| E|CS|TAMS 0x0000000088800000, 0x0000000088800000| Complete 
|  65|0x0000000088900000, 0x0000000088a00000, 0x0000000088a00000|100%| E|CS|TAMS 0x0000000088900000, 0x0000000088900000| Complete 
|  66|0x0000000088a00000, 0x0000000088b00000, 0x0000000088b00000|100%| E|CS|TAMS 0x0000000088a00000, 0x0000000088a00000| Complete 
|  67|0x0000000088b00000, 0x0000000088c00000, 0x0000000088c00000|100%| E|CS|TAMS 0x0000000088b00000, 0x0000000088b00000| Complete 
|  68|0x0000000088c00000, 0x0000000088d00000, 0x0000000088d00000|100%| E|CS|TAMS 0x0000000088c00000, 0x0000000088c00000| Complete 
|  69|0x0000000088d00000, 0x0000000088e00000, 0x0000000088e00000|100%| E|CS|TAMS 0x0000000088d00000, 0x0000000088d00000| Complete 
|  70|0x0000000088e00000, 0x0000000088f00000, 0x0000000088f00000|100%| E|CS|TAMS 0x0000000088e00000, 0x0000000088e00000| Complete 
|  71|0x0000000088f00000, 0x0000000089000000, 0x0000000089000000|100%| E|CS|TAMS 0x0000000088f00000, 0x0000000088f00000| Complete 
|  72|0x0000000089000000, 0x0000000089100000, 0x0000000089100000|100%| E|CS|TAMS 0x0000000089000000, 0x0000000089000000| Complete 
|  73|0x0000000089100000, 0x0000000089200000, 0x0000000089200000|100%| E|CS|TAMS 0x0000000089100000, 0x0000000089100000| Complete 
|  74|0x0000000089200000, 0x0000000089300000, 0x0000000089300000|100%| E|CS|TAMS 0x0000000089200000, 0x0000000089200000| Complete 
|  75|0x0000000089300000, 0x0000000089400000, 0x0000000089400000|100%| E|CS|TAMS 0x0000000089300000, 0x0000000089300000| Complete 
|  76|0x0000000089400000, 0x0000000089500000, 0x0000000089500000|100%| E|CS|TAMS 0x0000000089400000, 0x0000000089400000| Complete 
|  77|0x0000000089500000, 0x0000000089600000, 0x0000000089600000|100%| E|CS|TAMS 0x0000000089500000, 0x0000000089500000| Complete 
|  78|0x0000000089600000, 0x0000000089700000, 0x0000000089700000|100%| E|CS|TAMS 0x0000000089600000, 0x0000000089600000| Complete 
|  79|0x0000000089700000, 0x0000000089800000, 0x0000000089800000|100%| E|CS|TAMS 0x0000000089700000, 0x0000000089700000| Complete 
|  80|0x0000000089800000, 0x0000000089900000, 0x0000000089900000|100%| E|CS|TAMS 0x0000000089800000, 0x0000000089800000| Complete 
|  81|0x0000000089900000, 0x0000000089a00000, 0x0000000089a00000|100%| E|CS|TAMS 0x0000000089900000, 0x0000000089900000| Complete 
|  82|0x0000000089a00000, 0x0000000089b00000, 0x0000000089b00000|100%| E|CS|TAMS 0x0000000089a00000, 0x0000000089a00000| Complete 
|  83|0x0000000089b00000, 0x0000000089c00000, 0x0000000089c00000|100%| E|CS|TAMS 0x0000000089b00000, 0x0000000089b00000| Complete 
|  84|0x0000000089c00000, 0x0000000089d00000, 0x0000000089d00000|100%| E|CS|TAMS 0x0000000089c00000, 0x0000000089c00000| Complete 
|  85|0x0000000089d00000, 0x0000000089e00000, 0x0000000089e00000|100%| E|CS|TAMS 0x0000000089d00000, 0x0000000089d00000| Complete 
|  86|0x0000000089e00000, 0x0000000089f00000, 0x0000000089f00000|100%| E|CS|TAMS 0x0000000089e00000, 0x0000000089e00000| Complete 
|  87|0x0000000089f00000, 0x000000008a000000, 0x000000008a000000|100%| E|CS|TAMS 0x0000000089f00000, 0x0000000089f00000| Complete 
|  88|0x000000008a000000, 0x000000008a100000, 0x000000008a100000|100%| E|CS|TAMS 0x000000008a000000, 0x000000008a000000| Complete 
|  89|0x000000008a100000, 0x000000008a200000, 0x000000008a200000|100%| E|CS|TAMS 0x000000008a100000, 0x000000008a100000| Complete 
|  90|0x000000008a200000, 0x000000008a284c50, 0x000000008a300000| 51%| S|CS|TAMS 0x000000008a200000, 0x000000008a200000| Complete 
|  91|0x000000008a300000, 0x000000008a400000, 0x000000008a400000|100%| S|CS|TAMS 0x000000008a300000, 0x000000008a300000| Complete 
|  92|0x000000008a400000, 0x000000008a500000, 0x000000008a500000|100%| E|CS|TAMS 0x000000008a400000, 0x000000008a400000| Complete 
|  93|0x000000008a500000, 0x000000008a600000, 0x000000008a600000|100%| E|CS|TAMS 0x000000008a500000, 0x000000008a500000| Complete 
|  94|0x000000008a600000, 0x000000008a700000, 0x000000008a700000|100%| E|CS|TAMS 0x000000008a600000, 0x000000008a600000| Complete 
|  95|0x000000008a700000, 0x000000008a800000, 0x000000008a800000|100%| E|CS|TAMS 0x000000008a700000, 0x000000008a700000| Complete 
|  96|0x000000008a800000, 0x000000008a900000, 0x000000008a900000|100%| E|CS|TAMS 0x000000008a800000, 0x000000008a800000| Complete 
|  97|0x000000008a900000, 0x000000008aa00000, 0x000000008aa00000|100%| E|CS|TAMS 0x000000008a900000, 0x000000008a900000| Complete 
|  98|0x000000008aa00000, 0x000000008ab00000, 0x000000008ab00000|100%| E|CS|TAMS 0x000000008aa00000, 0x000000008aa00000| Complete 
|  99|0x000000008ab00000, 0x000000008ac00000, 0x000000008ac00000|100%| E|CS|TAMS 0x000000008ab00000, 0x000000008ab00000| Complete 
| 100|0x000000008ac00000, 0x000000008ad00000, 0x000000008ad00000|100%| E|CS|TAMS 0x000000008ac00000, 0x000000008ac00000| Complete 
| 101|0x000000008ad00000, 0x000000008ae00000, 0x000000008ae00000|100%| E|CS|TAMS 0x000000008ad00000, 0x000000008ad00000| Complete 
| 102|0x000000008ae00000, 0x000000008af00000, 0x000000008af00000|100%| E|CS|TAMS 0x000000008ae00000, 0x000000008ae00000| Complete 
| 103|0x000000008af00000, 0x000000008b000000, 0x000000008b000000|100%| E|CS|TAMS 0x000000008af00000, 0x000000008af00000| Complete 
| 104|0x000000008b000000, 0x000000008b100000, 0x000000008b100000|100%| E|CS|TAMS 0x000000008b000000, 0x000000008b000000| Complete 
| 105|0x000000008b100000, 0x000000008b200000, 0x000000008b200000|100%| E|CS|TAMS 0x000000008b100000, 0x000000008b100000| Complete 
| 106|0x000000008b200000, 0x000000008b300000, 0x000000008b300000|100%| E|CS|TAMS 0x000000008b200000, 0x000000008b200000| Complete 
| 107|0x000000008b300000, 0x000000008b400000, 0x000000008b400000|100%| E|CS|TAMS 0x000000008b300000, 0x000000008b300000| Complete 
| 108|0x000000008b400000, 0x000000008b500000, 0x000000008b500000|100%| E|CS|TAMS 0x000000008b400000, 0x000000008b400000| Complete 
| 109|0x000000008b500000, 0x000000008b600000, 0x000000008b600000|100%| E|CS|TAMS 0x000000008b500000, 0x000000008b500000| Complete 
| 110|0x000000008b600000, 0x000000008b700000, 0x000000008b700000|100%| E|CS|TAMS 0x000000008b600000, 0x000000008b600000| Complete 
| 111|0x000000008b700000, 0x000000008b800000, 0x000000008b800000|100%| E|CS|TAMS 0x000000008b700000, 0x000000008b700000| Complete 
| 112|0x000000008b800000, 0x000000008b900000, 0x000000008b900000|100%| E|CS|TAMS 0x000000008b800000, 0x000000008b800000| Complete 
| 113|0x000000008b900000, 0x000000008ba00000, 0x000000008ba00000|100%| E|CS|TAMS 0x000000008b900000, 0x000000008b900000| Complete 
| 114|0x000000008ba00000, 0x000000008bb00000, 0x000000008bb00000|100%| E|CS|TAMS 0x000000008ba00000, 0x000000008ba00000| Complete 
| 115|0x000000008bb00000, 0x000000008bc00000, 0x000000008bc00000|100%| E|CS|TAMS 0x000000008bb00000, 0x000000008bb00000| Complete 
| 116|0x000000008bc00000, 0x000000008bd00000, 0x000000008bd00000|100%| E|CS|TAMS 0x000000008bc00000, 0x000000008bc00000| Complete 
| 117|0x000000008bd00000, 0x000000008be00000, 0x000000008be00000|100%| E|CS|TAMS 0x000000008bd00000, 0x000000008bd00000| Complete 
| 118|0x000000008be00000, 0x000000008bf00000, 0x000000008bf00000|100%| E|CS|TAMS 0x000000008be00000, 0x000000008be00000| Complete 
| 119|0x000000008bf00000, 0x000000008c000000, 0x000000008c000000|100%| E|CS|TAMS 0x000000008bf00000, 0x000000008bf00000| Complete 
| 120|0x000000008c000000, 0x000000008c100000, 0x000000008c100000|100%| E|CS|TAMS 0x000000008c000000, 0x000000008c000000| Complete 
| 121|0x000000008c100000, 0x000000008c200000, 0x000000008c200000|100%| E|CS|TAMS 0x000000008c100000, 0x000000008c100000| Complete 
| 122|0x000000008c200000, 0x000000008c300000, 0x000000008c300000|100%| E|CS|TAMS 0x000000008c200000, 0x000000008c200000| Complete 
| 123|0x000000008c300000, 0x000000008c400000, 0x000000008c400000|100%| E|CS|TAMS 0x000000008c300000, 0x000000008c300000| Complete 

Card table byte_map: [0x0000025cd16d0000,0x0000025cd1ab0000] _byte_map_base: 0x0000025cd12ac000

Marking Bits (Prev, Next): (CMBitMap*) 0x0000025cba4cdc30, (CMBitMap*) 0x0000025cba4cdc70
 Prev Bits: [0x0000025cd1e90000, 0x0000025cd3d70000)
 Next Bits: [0x0000025cd3d70000, 0x0000025cd5c50000)

Polling page: 0x0000025cb8380000

Metaspace:

Usage:
  Non-class:     17.25 MB used.
      Class:      2.36 MB used.
       Both:     19.61 MB used.

Virtual space:
  Non-class space:       64.00 MB reserved,      17.38 MB ( 27%) committed,  1 nodes.
      Class space:        1.00 GB reserved,       2.44 MB ( <1%) committed,  1 nodes.
             Both:        1.06 GB reserved,      19.81 MB (  2%) committed. 

Chunk freelists:
   Non-Class:  14.41 MB
       Class:  13.50 MB
        Both:  27.91 MB

MaxMetaspaceSize: unlimited
CompressedClassSpaceSize: 1.00 GB
Initial GC threshold: 21.00 MB
Current GC threshold: 21.00 MB
CDS: on
MetaspaceReclaimPolicy: balanced
 - commit_granule_bytes: 65536.
 - commit_granule_words: 8192.
 - virtual_space_node_default_size: 8388608.
 - enlarge_chunks_in_place: 1.
 - new_chunks_are_fully_committed: 0.
 - uncommit_free_chunks: 1.
 - use_allocation_guard: 0.
 - handle_deallocations: 1.


Internal statistics:

num_allocs_failed_limit: 0.
num_arena_births: 118.
num_arena_deaths: 0.
num_vsnodes_births: 2.
num_vsnodes_deaths: 0.
num_space_committed: 317.
num_space_uncommitted: 0.
num_chunks_returned_to_freelist: 0.
num_chunks_taken_from_freelist: 732.
num_chunk_merges: 0.
num_chunk_splits: 487.
num_chunks_enlarged: 379.
num_inconsistent_stats: 0.

CodeHeap 'non-profiled nmethods': size=120000Kb used=1627Kb max_used=1627Kb free=118372Kb
 bounds [0x0000025cc9a90000, 0x0000025cc9d00000, 0x0000025cd0fc0000]
CodeHeap 'profiled nmethods': size=120000Kb used=7354Kb max_used=7354Kb free=112645Kb
 bounds [0x0000025cc1fc0000, 0x0000025cc26f0000, 0x0000025cc94f0000]
CodeHeap 'non-nmethods': size=5760Kb used=1221Kb max_used=1241Kb free=4538Kb
 bounds [0x0000025cc94f0000, 0x0000025cc9760000, 0x0000025cc9a90000]
 total_blobs=4129 nmethods=3617 adapters=424
 compilation: enabled
              stopped_count=0, restarted_count=0
 full_count=0

Compilation events (20 events):
Event: 4.035 Thread 0x0000025cd85adca0 nmethod 3597 0x0000025cc26de710 code [0x0000025cc26de8c0, 0x0000025cc26dea88]
Event: 4.035 Thread 0x0000025cd85adca0 3598       3       java.nio.StringCharBuffer::get (19 bytes)
Event: 4.035 Thread 0x0000025cd85a92d0 nmethod 3599 0x0000025cc9c20510 code [0x0000025cc9c206a0, 0x0000025cc9c20778]
Event: 4.035 Thread 0x0000025cd85adca0 nmethod 3598 0x0000025cc26deb90 code [0x0000025cc26ded60, 0x0000025cc26df078]
Event: 4.035 Thread 0x0000025cd85a92d0 3600       4       java.nio.Buffer::<init> (105 bytes)
Event: 4.040 Thread 0x0000025cd85a92d0 nmethod 3600 0x0000025cc9c20890 code [0x0000025cc9c20a40, 0x0000025cc9c20d78]
Event: 4.069 Thread 0x0000025d1f063840 3601       4       java.lang.String::startsWith (138 bytes)
Event: 4.073 Thread 0x0000025d1f066040 3602       4       java.nio.CharBuffer::position (6 bytes)
Event: 4.083 Thread 0x0000025d1f066040 nmethod 3602 0x0000025cc9c21010 code [0x0000025cc9c211a0, 0x0000025cc9c21278]
Event: 4.092 Thread 0x0000025d1f063840 nmethod 3601 0x0000025cc9c21390 code [0x0000025cc9c21520, 0x0000025cc9c218b8]
Event: 4.101 Thread 0x0000025d1f066040 3603   !   4       java.util.zip.ZipFile$ZipFileInputStream::close (59 bytes)
Event: 4.101 Thread 0x0000025cd85a92d0 3604       4       java.util.Collections$SetFromMap::remove (19 bytes)
Event: 4.126 Thread 0x0000025d1f063840 3605       4       java.net.URLStreamHandler::parseURL (1201 bytes)
Event: 4.128 Thread 0x0000025cd85a92d0 nmethod 3604 0x0000025cc9c21b10 code [0x0000025cc9c21d00, 0x0000025cc9c22ca8]
Event: 4.132 Thread 0x0000025d1f066040 nmethod 3603 0x0000025cc9c23390 code [0x0000025cc9c23580, 0x0000025cc9c24768]
Event: 4.155 Thread 0x0000025d1f066040 3606   !   4       jdk.internal.loader.BuiltinClassLoader::loadClassOrNull (143 bytes)
Event: 4.165 Thread 0x0000025cd85a92d0 3607       4       jdk.internal.loader.BuiltinClassLoader::findLoadedModule (33 bytes)
Event: 4.208 Thread 0x0000025cd85a92d0 nmethod 3607 0x0000025cc9c25090 code [0x0000025cc9c25260, 0x0000025cc9c26178]
Event: 4.301 Thread 0x0000025cd85adca0 3610       3       java.lang.invoke.MethodHandleNatives::refKindHasReceiver (33 bytes)
Event: 4.302 Thread 0x0000025cd85adca0 nmethod 3610 0x0000025cc26df210 code [0x0000025cc26df3a0, 0x0000025cc26df4f8]

GC Heap History (4 events):
Event: 0.756 GC heap before
{Heap before GC invocations=0 (full 0):
 garbage-first heap   total 126976K, used 22528K [0x0000000084800000, 0x0000000100000000)
  region size 1024K, 23 young (23552K), 0 survivors (0K)
 Metaspace       used 5419K, committed 5632K, reserved 1114112K
  class space    used 650K, committed 768K, reserved 1048576K
}
Event: 0.763 GC heap after
{Heap after GC invocations=1 (full 0):
 garbage-first heap   total 126976K, used 3716K [0x0000000084800000, 0x0000000100000000)
  region size 1024K, 3 young (3072K), 3 survivors (3072K)
 Metaspace       used 5419K, committed 5632K, reserved 1114112K
  class space    used 650K, committed 768K, reserved 1048576K
}
Event: 1.367 GC heap before
{Heap before GC invocations=1 (full 0):
 garbage-first heap   total 126976K, used 33412K [0x0000000084800000, 0x0000000100000000)
  region size 1024K, 32 young (32768K), 3 survivors (3072K)
 Metaspace       used 8779K, committed 8960K, reserved 1114112K
  class space    used 1064K, committed 1152K, reserved 1048576K
}
Event: 1.374 GC heap after
{Heap after GC invocations=2 (full 0):
 garbage-first heap   total 126976K, used 5293K [0x0000000084800000, 0x0000000100000000)
  region size 1024K, 2 young (2048K), 2 survivors (2048K)
 Metaspace       used 8779K, committed 8960K, reserved 1114112K
  class space    used 1064K, committed 1152K, reserved 1048576K
}

Dll operation events (8 events):
Event: 0.015 Loaded shared library C:\Program Files\Eclipse Adoptium\jdk-17.0.17.10-hotspot\bin\java.dll
Event: 0.039 Loaded shared library C:\Program Files\Eclipse Adoptium\jdk-17.0.17.10-hotspot\bin\jsvml.dll
Event: 0.081 Loaded shared library C:\Program Files\Eclipse Adoptium\jdk-17.0.17.10-hotspot\bin\net.dll
Event: 0.084 Loaded shared library C:\Program Files\Eclipse Adoptium\jdk-17.0.17.10-hotspot\bin\nio.dll
Event: 0.090 Loaded shared library C:\Program Files\Eclipse Adoptium\jdk-17.0.17.10-hotspot\bin\zip.dll
Event: 0.238 Loaded shared library C:\Users\user\.m2\wrapper\dists\apache-maven-3.9.12\59fe215c0ad6947fea90184bf7add084544567b927287592651fda3782e0e798\lib\jansi-native\Windows\x86_64\jansi.dll
Event: 0.238 Loaded shared library C:\Program Files\Eclipse Adoptium\jdk-17.0.17.10-hotspot\bin\jimage.dll
Event: 0.258 Loaded shared library C:\Program Files\Eclipse Adoptium\jdk-17.0.17.10-hotspot\bin\verify.dll

Deoptimization events (20 events):
Event: 3.711 Thread 0x0000025d1f1b7d40 DEOPT PACKING pc=0x0000025cc9c1313c sp=0x000000611a5fe650
Event: 3.711 Thread 0x0000025d1f1b7d40 DEOPT UNPACKING pc=0x0000025cc954a1a3 sp=0x000000611a5fe5b0 mode 2
Event: 3.713 Thread 0x0000025d1f1b7d40 DEOPT PACKING pc=0x0000025cc2513b5c sp=0x000000611a5fe0f0
Event: 3.713 Thread 0x0000025d1f1b7d40 DEOPT UNPACKING pc=0x0000025cc954ace3 sp=0x000000611a5fd648 mode 0
Event: 3.715 Thread 0x0000025d1f1b7d40 DEOPT PACKING pc=0x0000025cc2513b5c sp=0x000000611a5fe0f0
Event: 3.715 Thread 0x0000025d1f1b7d40 DEOPT UNPACKING pc=0x0000025cc954ace3 sp=0x000000611a5fd648 mode 0
Event: 3.717 Thread 0x0000025d1f1b7d40 DEOPT PACKING pc=0x0000025cc2513b5c sp=0x000000611a5fe0f0
Event: 3.718 Thread 0x0000025d1f1b7d40 DEOPT UNPACKING pc=0x0000025cc954ace3 sp=0x000000611a5fd648 mode 0
Event: 3.726 Thread 0x0000025d1f1b7d40 Uncommon trap: trap_request=0xffffff45 fr.pc=0x0000025cc9bf62b8 relative=0x0000000000000818
Event: 3.726 Thread 0x0000025d1f1b7d40 Uncommon trap: reason=unstable_if action=reinterpret pc=0x0000025cc9bf62b8 method=java.util.concurrent.ConcurrentHashMap.putVal(Ljava/lang/Object;Ljava/lang/Object;Z)Ljava/lang/Object; @ 245 c2
Event: 3.726 Thread 0x0000025d1f1b7d40 DEOPT PACKING pc=0x0000025cc9bf62b8 sp=0x000000611a5fe5d0
Event: 3.726 Thread 0x0000025d1f1b7d40 DEOPT UNPACKING pc=0x0000025cc954a1a3 sp=0x000000611a5fe548 mode 2
Event: 3.726 Thread 0x0000025d1f1b7d40 Uncommon trap: trap_request=0xffffff45 fr.pc=0x0000025cc9a9b9dc relative=0x00000000000001bc
Event: 3.726 Thread 0x0000025d1f1b7d40 Uncommon trap: reason=unstable_if action=reinterpret pc=0x0000025cc9a9b9dc method=java.lang.String.hashCode()I @ 20 c2
Event: 3.726 Thread 0x0000025d1f1b7d40 DEOPT PACKING pc=0x0000025cc9a9b9dc sp=0x000000611a5fe540
Event: 3.726 Thread 0x0000025d1f1b7d40 DEOPT UNPACKING pc=0x0000025cc954a1a3 sp=0x000000611a5fe4d8 mode 2
Event: 3.734 Thread 0x0000025d1f1b7d40 Uncommon trap: trap_request=0xffffff45 fr.pc=0x0000025cc9b1ae0c relative=0x00000000000012ac
Event: 3.734 Thread 0x0000025d1f1b7d40 Uncommon trap: reason=unstable_if action=reinterpret pc=0x0000025cc9b1ae0c method=java.util.concurrent.ConcurrentHashMap.transfer([Ljava/util/concurrent/ConcurrentHashMap$Node;[Ljava/util/concurrent/ConcurrentHashMap$Node;)V @ 352 c2
Event: 3.734 Thread 0x0000025d1f1b7d40 DEOPT PACKING pc=0x0000025cc9b1ae0c sp=0x000000611a5fe440
Event: 3.734 Thread 0x0000025d1f1b7d40 DEOPT UNPACKING pc=0x0000025cc954a1a3 sp=0x000000611a5fe3c8 mode 2

Classes loaded (20 events):
Event: 4.229 Loading class java/net/InetAddress$NameServiceAddresses
Event: 4.229 Loading class java/net/InetAddress$Addresses
Event: 4.230 Loading class java/net/InetAddress$Addresses done
Event: 4.230 Loading class java/net/InetAddress$NameServiceAddresses done
Event: 4.299 Loading class sun/net/InetAddressCachePolicy
Event: 4.299 Loading class sun/net/InetAddressCachePolicy done
Event: 4.299 Loading class sun/net/InetAddressCachePolicy$1
Event: 4.299 Loading class sun/net/InetAddressCachePolicy$1 done
Event: 4.299 Loading class sun/net/InetAddressCachePolicy$2
Event: 4.299 Loading class sun/net/InetAddressCachePolicy$2 done
Event: 4.299 Loading class java/net/InetAddress$CachedAddresses
Event: 4.299 Loading class java/net/InetAddress$CachedAddresses done
Event: 4.300 Loading class java/util/concurrent/atomic/Striped64$1
Event: 4.300 Loading class java/util/concurrent/atomic/Striped64$1 done
Event: 4.301 Loading class javax/net/DefaultSocketFactory
Event: 4.301 Loading class javax/net/DefaultSocketFactory done
Event: 4.301 Loading class java/net/SocketImpl
Event: 4.301 Loading class java/net/SocketOptions
Event: 4.302 Loading class java/net/SocketOptions done
Event: 4.302 Loading class java/net/SocketImpl done

Classes unloaded (0 events):
No events

Classes redefined (0 events):
No events

Internal exceptions (20 events):
Event: 1.608 Thread 0x0000025cba4759a0 Exception <a 'java/lang/NoSuchMethodError'{0x000000008baeaad0}: 'java.lang.Object java.lang.invoke.Invokers$Holder.invokeExact_MT(java.lang.Object, int, java.lang.Object)'> (0x000000008baeaad0) 
thrown [s\src\hotspot\share\interpreter\linkResolver.cpp, line 759]
Event: 1.628 Thread 0x0000025cba4759a0 Exception <a 'java/lang/NoSuchMethodError'{0x000000008b97a5a8}: 'int java.lang.invoke.DirectMethodHandle$Holder.invokeSpecial(java.lang.Object, java.lang.Object, java.lang.Object, java.lang.Object)'> (0x000000008b97a5a8) 
thrown [s\src\hotspot\share\interpreter\linkResolver.cpp, line 759]
Event: 2.042 Thread 0x0000025cba4759a0 Exception <a 'java/lang/NoClassDefFoundError'{0x000000008b013d68}: com/google/inject/servlet/ServletModuleTargetVisitor> (0x000000008b013d68) 
thrown [s\src\hotspot\share\classfile\systemDictionary.cpp, line 245]
Event: 2.161 Thread 0x0000025cba4759a0 Exception <a 'java/lang/NoSuchMethodError'{0x000000008ae49ac8}: 'java.lang.Object java.lang.invoke.DirectMethodHandle$Holder.invokeStaticInit(java.lang.Object, int, int, int, int)'> (0x000000008ae49ac8) 
thrown [s\src\hotspot\share\interpreter\linkResolver.cpp, line 759]
Event: 2.270 Thread 0x0000025cba4759a0 Implicit null exception at 0x0000025cc9abcd72 to 0x0000025cc9abd3b0
Event: 2.270 Thread 0x0000025cba4759a0 Implicit null exception at 0x0000025cc9abc0f2 to 0x0000025cc9abc748
Event: 2.327 Thread 0x0000025cba4759a0 Exception <a 'java/lang/NoSuchMethodError'{0x000000008a976db8}: 'void java.lang.invoke.DirectMethodHandle$Holder.invokeSpecial(java.lang.Object, java.lang.Object, java.lang.Object, java.lang.Object, java.lang.Object)'> (0x000000008a976db8) 
thrown [s\src\hotspot\share\interpreter\linkResolver.cpp, line 759]
Event: 2.330 Thread 0x0000025cba4759a0 Exception <a 'java/lang/NoSuchMethodError'{0x000000008a990198}: 'void java.lang.invoke.DirectMethodHandle$Holder.invokeSpecial(java.lang.Object, java.lang.Object, java.lang.Object, java.lang.Object, java.lang.Object, java.lang.Object)'> (0x000000008a990198) 
thrown [s\src\hotspot\share\interpreter\linkResolver.cpp, line 759]
Event: 2.349 Thread 0x0000025cba4759a0 Exception <a 'java/lang/NoSuchMethodError'{0x000000008a88f138}: 'java.lang.Object java.lang.invoke.DirectMethodHandle$Holder.invokeVirtual(java.lang.Object, java.lang.Object, java.lang.Object)'> (0x000000008a88f138) 
thrown [s\src\hotspot\share\interpreter\linkResolver.cpp, line 759]
Event: 2.855 Thread 0x0000025cba4759a0 Exception <a 'java/lang/NoSuchMethodError'{0x00000000891a5088}: 'void java.lang.invoke.DirectMethodHandle$Holder.invokeInterface(java.lang.Object, java.lang.Object)'> (0x00000000891a5088) 
thrown [s\src\hotspot\share\interpreter\linkResolver.cpp, line 759]
Event: 2.927 Thread 0x0000025d1efcb700 Implicit null exception at 0x0000025cc9bb652f to 0x0000025cc9bb6624
Event: 2.927 Thread 0x0000025d1f1b7d40 Implicit null exception at 0x0000025cc9bb652f to 0x0000025cc9bb6624
Event: 3.001 Thread 0x0000025d1f1b7d40 Exception <a 'sun/nio/fs/WindowsException'{0x0000000088ee8098}> (0x0000000088ee8098) 
thrown [s\src\hotspot\share\prims\jni.cpp, line 516]
Event: 3.023 Thread 0x0000025d1f1b7d40 Exception <a 'java/lang/NoSuchMethodError'{0x0000000088d082c8}: 'int java.lang.invoke.DirectMethodHandle$Holder.invokeStaticInit(java.lang.Object, java.lang.Object, java.lang.Object, java.lang.Object)'> (0x0000000088d082c8) 
thrown [s\src\hotspot\share\interpreter\linkResolver.cpp, line 759]
Event: 3.025 Thread 0x0000025d1f1b7d40 Exception <a 'java/lang/IncompatibleClassChangeError'{0x0000000088d11498}: Found class java.lang.Object, but interface was expected> (0x0000000088d11498) 
thrown [s\src\hotspot\share\interpreter\linkResolver.cpp, line 826]
Event: 3.629 Thread 0x0000025d1f1b7d40 Exception <a 'java/lang/NoSuchMethodError'{0x00000000887a40d0}: 'java.lang.Object java.lang.invoke.DirectMethodHandle$Holder.invokeStaticInit(java.lang.Object, java.lang.Object, int, int, int, int)'> (0x00000000887a40d0) 
thrown [s\src\hotspot\share\interpreter\linkResolver.cpp, line 759]
Event: 3.966 Thread 0x0000025d1efcbbe0 Exception <a 'sun/nio/fs/WindowsException'{0x0000000088fdb198}> (0x0000000088fdb198) 
thrown [s\src\hotspot\share\prims\jni.cpp, line 516]
Event: 3.966 Thread 0x0000025d1efcb700 Exception <a 'sun/nio/fs/WindowsException'{0x0000000088252088}> (0x0000000088252088) 
thrown [s\src\hotspot\share\prims\jni.cpp, line 516]
Event: 3.966 Thread 0x0000025d1f1b7860 Exception <a 'sun/nio/fs/WindowsException'{0x000000008839d8e8}> (0x000000008839d8e8) 
thrown [s\src\hotspot\share\prims\jni.cpp, line 516]
Event: 3.967 Thread 0x0000025d1f1b7d40 Exception <a 'sun/nio/fs/WindowsException'{0x000000008847f918}> (0x000000008847f918) 
thrown [s\src\hotspot\share\prims\jni.cpp, line 516]

VM Operations (20 events):
Event: 2.938 Executing VM operation: HandshakeAllThreads
Event: 2.938 Executing VM operation: HandshakeAllThreads done
Event: 2.947 Executing VM operation: HandshakeAllThreads
Event: 2.947 Executing VM operation: HandshakeAllThreads done
Event: 3.007 Executing VM operation: HandshakeAllThreads
Event: 3.007 Executing VM operation: HandshakeAllThreads done
Event: 3.099 Executing VM operation: HandshakeAllThreads
Event: 3.099 Executing VM operation: HandshakeAllThreads done
Event: 3.384 Executing VM operation: HandshakeAllThreads
Event: 3.384 Executing VM operation: HandshakeAllThreads done
Event: 3.987 Executing VM operation: HandshakeAllThreads
Event: 3.987 Executing VM operation: HandshakeAllThreads done
Event: 3.987 Executing VM operation: Cleanup
Event: 3.987 Executing VM operation: Cleanup done
Event: 3.988 Executing VM operation: HandshakeAllThreads
Event: 3.988 Executing VM operation: HandshakeAllThreads done
Event: 3.994 Executing VM operation: HandshakeAllThreads
Event: 3.994 Executing VM operation: HandshakeAllThreads done
Event: 4.071 Executing VM operation: HandshakeAllThreads
Event: 4.077 Executing VM operation: HandshakeAllThreads done

Memory protections (0 events):
No events

Nmethod flushes (0 events):
No events

Events (20 events):
Event: 0.058 Thread 0x0000025cba4759a0 Thread added: 0x0000025cd85a3930
Event: 0.058 Thread 0x0000025cba4759a0 Thread added: 0x0000025cd85a8210
Event: 0.058 Thread 0x0000025cba4759a0 Thread added: 0x0000025cd85a92d0
Event: 0.058 Thread 0x0000025cba4759a0 Thread added: 0x0000025cd85adca0
Event: 0.059 Thread 0x0000025cba4759a0 Thread added: 0x0000025cd85b3f70
Event: 0.075 Thread 0x0000025cba4759a0 Thread added: 0x0000025cd87f5bb0
Event: 0.077 Thread 0x0000025cba4759a0 Thread added: 0x0000025cd87ff940
Event: 0.234 Thread 0x0000025cba4759a0 Thread added: 0x0000025d1e075110
Event: 0.245 Thread 0x0000025d1e075110 Thread exited: 0x0000025d1e075110
Event: 0.329 Thread 0x0000025cd85adca0 Thread added: 0x0000025d1e0ad3a0
Event: 0.742 Thread 0x0000025d1e0ad3a0 Thread added: 0x0000025d1e7d9ab0
Event: 2.027 Thread 0x0000025d1e7d9ab0 Thread exited: 0x0000025d1e7d9ab0
Event: 2.196 Thread 0x0000025cba4759a0 Thread added: 0x0000025d1e9ef210
Event: 2.861 Thread 0x0000025cba4759a0 Thread added: 0x0000025d1f1b7860
Event: 2.861 Thread 0x0000025cba4759a0 Thread added: 0x0000025d1f1b7d40
Event: 2.861 Thread 0x0000025cba4759a0 Thread added: 0x0000025d1efcb700
Event: 2.862 Thread 0x0000025cba4759a0 Thread added: 0x0000025d1efcbbe0
Event: 3.582 Thread 0x0000025d1e0ad3a0 Thread exited: 0x0000025d1e0ad3a0
Event: 3.686 Thread 0x0000025cd85a92d0 Thread added: 0x0000025d1f066040
Event: 3.748 Thread 0x0000025cd85a92d0 Thread added: 0x0000025d1f063840


Dynamic libraries:
0x00007ff7a5840000 - 0x00007ff7a584e000 	C:\Program Files\Eclipse Adoptium\jdk-17.0.17.10-hotspot\bin\java.exe
0x00007fff2e910000 - 0x00007fff2eb28000 	C:\WINDOWS\SYSTEM32\ntdll.dll
0x00007fff2dfd0000 - 0x00007fff2e094000 	C:\WINDOWS\System32\KERNEL32.DLL
0x00007fff2bd30000 - 0x00007fff2c103000 	C:\WINDOWS\System32\KERNELBASE.dll
0x00007fff2bb90000 - 0x00007fff2bca1000 	C:\WINDOWS\System32\ucrtbase.dll
0x00007fff03510000 - 0x00007fff0352e000 	C:\Program Files\Eclipse Adoptium\jdk-17.0.17.10-hotspot\bin\VCRUNTIME140.dll
0x00007fff03530000 - 0x00007fff03548000 	C:\Program Files\Eclipse Adoptium\jdk-17.0.17.10-hotspot\bin\jli.dll
0x00007fff2da40000 - 0x00007fff2dbf2000 	C:\WINDOWS\System32\USER32.dll
0x00007fff2c4e0000 - 0x00007fff2c506000 	C:\WINDOWS\System32\win32u.dll
0x00007fff2cfc0000 - 0x00007fff2cfe9000 	C:\WINDOWS\System32\GDI32.dll
0x00007fff2c110000 - 0x00007fff2c22b000 	C:\WINDOWS\System32\gdi32full.dll
0x00007fff2c510000 - 0x00007fff2c5aa000 	C:\WINDOWS\System32\msvcp_win.dll
0x00007fff18890000 - 0x00007fff18b2c000 	C:\WINDOWS\WinSxS\amd64_microsoft.windows.common-controls_6595b64144ccf1df_6.0.22621.6060_none_2712eda17382d24b\COMCTL32.dll
0x00007fff2e0a0000 - 0x00007fff2e147000 	C:\WINDOWS\System32\msvcrt.dll
0x00007fff2c630000 - 0x00007fff2c661000 	C:\WINDOWS\System32\IMM32.DLL
0x000000006d3d0000 - 0x000000006d3dc000 	C:\Program Files (x86)\360\Total Security\safemon\SafeWrapper.dll
0x00007fff2cce0000 - 0x00007fff2cd91000 	C:\WINDOWS\System32\ADVAPI32.dll
0x00007fff2e1b0000 - 0x00007fff2e258000 	C:\WINDOWS\System32\sechost.dll
0x00007fff2ba20000 - 0x00007fff2ba48000 	C:\WINDOWS\System32\bcrypt.dll
0x00007fff2de20000 - 0x00007fff2df38000 	C:\WINDOWS\System32\RPCRT4.dll
0x00007ffefe8b0000 - 0x00007ffefe95c000 	C:\Program Files (x86)\360\Total Security\safemon\libzdtp64.dll
0x00007fff2cff0000 - 0x00007fff2d88c000 	C:\WINDOWS\System32\SHELL32.dll
0x00007fff2c3a0000 - 0x00007fff2c4df000 	C:\WINDOWS\System32\wintypes.dll
0x00007fff2e400000 - 0x00007fff2e791000 	C:\WINDOWS\System32\combase.dll
0x00007fff2cdb0000 - 0x00007fff2ce19000 	C:\WINDOWS\System32\SHLWAPI.dll
0x00007fff2b460000 - 0x00007fff2b46a000 	C:\WINDOWS\SYSTEM32\VERSION.dll
0x00007fff152f0000 - 0x00007fff152fc000 	C:\Program Files\Eclipse Adoptium\jdk-17.0.17.10-hotspot\bin\vcruntime140_1.dll
0x00007ffeec840000 - 0x00007ffeec8cd000 	C:\Program Files\Eclipse Adoptium\jdk-17.0.17.10-hotspot\bin\msvcp140.dll
0x00007ffe6c2d0000 - 0x00007ffe6cf3b000 	C:\Program Files\Eclipse Adoptium\jdk-17.0.17.10-hotspot\bin\server\jvm.dll
0x00007fff2df50000 - 0x00007fff2dfc1000 	C:\WINDOWS\System32\WS2_32.dll
0x00007fff2b7f0000 - 0x00007fff2b83d000 	C:\WINDOWS\SYSTEM32\POWRPROF.dll
0x00007fff24890000 - 0x00007fff248c4000 	C:\WINDOWS\SYSTEM32\WINMM.dll
0x00007fff2b6d0000 - 0x00007fff2b6e3000 	C:\WINDOWS\SYSTEM32\UMPDC.dll
0x00007fff2a990000 - 0x00007fff2a9a8000 	C:\WINDOWS\SYSTEM32\kernel.appcore.dll
0x00007fff152b0000 - 0x00007fff152ba000 	C:\Program Files\Eclipse Adoptium\jdk-17.0.17.10-hotspot\bin\jimage.dll
0x00007fff29210000 - 0x00007fff29443000 	C:\WINDOWS\SYSTEM32\DBGHELP.DLL
0x00007fff2e270000 - 0x00007fff2e348000 	C:\WINDOWS\System32\OLEAUT32.dll
0x00007fff291d0000 - 0x00007fff29202000 	C:\WINDOWS\SYSTEM32\dbgcore.DLL
0x00007fff2bb10000 - 0x00007fff2bb8b000 	C:\WINDOWS\System32\bcryptPrimitives.dll
0x00007fff02f00000 - 0x00007fff02f25000 	C:\Program Files\Eclipse Adoptium\jdk-17.0.17.10-hotspot\bin\java.dll
0x00007ffed29d0000 - 0x00007ffed2aa7000 	C:\Program Files\Eclipse Adoptium\jdk-17.0.17.10-hotspot\bin\jsvml.dll
0x00007fff298b0000 - 0x00007fff2a1ca000 	C:\WINDOWS\SYSTEM32\windows.storage.dll
0x00007fff2ce90000 - 0x00007fff2cf94000 	C:\WINDOWS\System32\SHCORE.dll
0x00007fff2b950000 - 0x00007fff2b975000 	C:\WINDOWS\SYSTEM32\profapi.dll
0x00007fff016d0000 - 0x00007fff016ea000 	C:\Program Files\Eclipse Adoptium\jdk-17.0.17.10-hotspot\bin\net.dll
0x00007fff28f80000 - 0x00007fff290ac000 	C:\WINDOWS\SYSTEM32\WINHTTP.dll
0x00007fff2ae70000 - 0x00007fff2aed9000 	C:\WINDOWS\system32\mswsock.dll
0x00007ffeff0f0000 - 0x00007ffeff106000 	C:\Program Files\Eclipse Adoptium\jdk-17.0.17.10-hotspot\bin\nio.dll
0x00007ffeff0d0000 - 0x00007ffeff0e8000 	C:\Program Files\Eclipse Adoptium\jdk-17.0.17.10-hotspot\bin\zip.dll
0x00007ffeff0a0000 - 0x00007ffeff0c4000 	C:\Users\user\.m2\wrapper\dists\apache-maven-3.9.12\59fe215c0ad6947fea90184bf7add084544567b927287592651fda3782e0e798\lib\jansi-native\Windows\x86_64\jansi.dll
0x00007fff0ed10000 - 0x00007fff0ed20000 	C:\Program Files\Eclipse Adoptium\jdk-17.0.17.10-hotspot\bin\verify.dll
0x00007fff2b0c0000 - 0x00007fff2b0db000 	C:\WINDOWS\SYSTEM32\CRYPTSP.dll
0x00007fff2a8f0000 - 0x00007fff2a927000 	C:\WINDOWS\system32\rsaenh.dll
0x00007fff2af60000 - 0x00007fff2af88000 	C:\WINDOWS\SYSTEM32\USERENV.dll
0x00007fff2b0e0000 - 0x00007fff2b0ec000 	C:\WINDOWS\SYSTEM32\CRYPTBASE.dll
0x00007fff2a420000 - 0x00007fff2a44d000 	C:\WINDOWS\SYSTEM32\IPHLPAPI.DLL
0x00007fff2df40000 - 0x00007fff2df49000 	C:\WINDOWS\System32\NSI.dll
0x00007fff244c0000 - 0x00007fff244d9000 	C:\WINDOWS\SYSTEM32\dhcpcsvc6.DLL
0x00007fff244a0000 - 0x00007fff244bf000 	C:\WINDOWS\SYSTEM32\dhcpcsvc.DLL
0x00007fff2a450000 - 0x00007fff2a548000 	C:\WINDOWS\SYSTEM32\DNSAPI.dll
0x00007fff238e0000 - 0x00007fff238ea000 	C:\Windows\System32\rasadhlp.dll
0x00007fff23490000 - 0x00007fff23514000 	C:\WINDOWS\System32\fwpuclnt.dll
0x00007fff0ae50000 - 0x00007fff0ae59000 	C:\Program Files\Eclipse Adoptium\jdk-17.0.17.10-hotspot\bin\extnet.dll
0x00007fff0acc0000 - 0x00007fff0acce000 	C:\Program Files\Eclipse Adoptium\jdk-17.0.17.10-hotspot\bin\sunmscapi.dll
0x00007fff2c230000 - 0x00007fff2c398000 	C:\WINDOWS\System32\CRYPT32.dll
0x00007fff2b280000 - 0x00007fff2b2ae000 	C:\WINDOWS\SYSTEM32\ncrypt.dll
0x00007fff2b240000 - 0x00007fff2b277000 	C:\WINDOWS\SYSTEM32\NTASN1.dll

dbghelp: loaded successfully - version: 4.0.5 - missing functions: none
symbol engine: initialized successfully - sym options: 0x614 - pdb path: .;C:\Program Files\Eclipse Adoptium\jdk-17.0.17.10-hotspot\bin;C:\WINDOWS\SYSTEM32;C:\WINDOWS\WinSxS\amd64_microsoft.windows.common-controls_6595b64144ccf1df_6.0.22621.6060_none_2712eda17382d24b;C:\Program Files (x86)\360\Total Security\safemon;C:\Program Files\Eclipse Adoptium\jdk-17.0.17.10-hotspot\bin\server;C:\Users\user\.m2\wrapper\dists\apache-maven-3.9.12\59fe215c0ad6947fea90184bf7add084544567b927287592651fda3782e0e798\lib\jansi-native\Windows\x86_64

VM Arguments:
jvm_args: --enable-native-access=ALL-UNNAMED -Dclassworlds.conf=C:\Users\user\.m2\wrapper\dists\apache-maven-3.9.12\59fe215c0ad6947fea90184bf7add084544567b927287592651fda3782e0e798\bin\m2.conf -Dmaven.home=C:\Users\user\.m2\wrapper\dists\apache-maven-3.9.12\59fe215c0ad6947fea90184bf7add084544567b927287592651fda3782e0e798 -Dlibrary.jansi.path=C:\Users\user\.m2\wrapper\dists\apache-maven-3.9.12\59fe215c0ad6947fea90184bf7add084544567b927287592651fda3782e0e798\lib\jansi-native -Dmaven.multiModuleProjectDirectory=C:\Users\user\Documents\workspace\erp 
java_command: org.codehaus.plexus.classworlds.launcher.Launcher -U -e spring-boot:run
java_class_path (initial): C:\Users\user\.m2\wrapper\dists\apache-maven-3.9.12\59fe215c0ad6947fea90184bf7add084544567b927287592651fda3782e0e798\boot\plexus-classworlds-2.9.0.jar
Launcher Type: SUN_STANDARD

[Global flags]
     intx CICompilerCount                          = 4                                         {product} {ergonomic}
     uint ConcGCThreads                            = 2                                         {product} {ergonomic}
     uint G1ConcRefinementThreads                  = 8                                         {product} {ergonomic}
   size_t G1HeapRegionSize                         = 1048576                                   {product} {ergonomic}
    uintx GCDrainStackTargetSize                   = 64                                        {product} {ergonomic}
   size_t InitialHeapSize                          = 130023424                                 {product} {ergonomic}
   size_t MarkStackSize                            = 4194304                                   {product} {ergonomic}
   size_t MaxHeapSize                              = 2071986176                                {product} {ergonomic}
   size_t MaxNewSize                               = 1242562560                                {product} {ergonomic}
   size_t MinHeapDeltaBytes                        = 1048576                                   {product} {ergonomic}
   size_t MinHeapSize                              = 8388608                                   {product} {ergonomic}
    uintx NonNMethodCodeHeapSize                   = 5839372                                {pd product} {ergonomic}
    uintx NonProfiledCodeHeapSize                  = 122909434                              {pd product} {ergonomic}
    uintx ProfiledCodeHeapSize                     = 122909434                              {pd product} {ergonomic}
    uintx ReservedCodeCacheSize                    = 251658240                              {pd product} {ergonomic}
     bool SegmentedCodeCache                       = true                                      {product} {ergonomic}
   size_t SoftMaxHeapSize                          = 2071986176                             {manageable} {ergonomic}
     bool UseCompressedClassPointers               = true                           {product lp64_product} {ergonomic}
     bool UseCompressedOops                        = true                           {product lp64_product} {ergonomic}
     bool UseG1GC                                  = true                                      {product} {ergonomic}
     bool UseLargePagesIndividualAllocation        = false                                  {pd product} {ergonomic}

Logging:
Log output configuration:
 #0: stdout all=warning uptime,level,tags
 #1: stderr all=off uptime,level,tags

Environment Variables:
PATH=C:\Program Files\Eclipse Adoptium\jdk-17.0.17.10-hotspot\bin;C:\WINDOWS\system32;C:\WINDOWS;C:\WINDOWS\System32\Wbem;C:\WINDOWS\System32\WindowsPowerShell\v1.0\;C:\WINDOWS\System32\OpenSSH\;C:\Program Files\Git\cmd;C:\Program Files\nodejs\;C:\Program Files\MySQL\MySQL Shell 8.0\bin\;C:\Users\user\AppData\Local\Programs\Python\Launcher\;C:\Users\user\AppData\Local\Microsoft\WindowsApps;C:\Users\user\AppData\Local\Programs\Microsoft VS Code\bin;C:\Users\user\AppData\Roaming\npm;C:\Users\user\AppData\Local\Google\Cloud SDK\google-cloud-sdk\bin;C:\Users\user\AppData\Local\Microsoft\WinGet\Packages\Cloudflare.cloudflared_Microsoft.Winget.Source_8wekyb3d8bbwe;c:\Users\user\.vscode\extensions\vscjava.vscode-java-debug-0.58.5\bundled\scripts\noConfigScripts
USERNAME=user
LANG=en_US.UTF-8
OS=Windows_NT
PROCESSOR_IDENTIFIER=Intel64 Family 6 Model 126 Stepping 5, GenuineIntel
TMP=C:\Users\user\AppData\Local\Temp
TEMP=C:\Users\user\AppData\Local\Temp



Periodic native trim disabled


---------------  S Y S T E M  ---------------

OS:
 Windows 11 , 64 bit Build 22621 (10.0.22621.5415)
OS uptime: 5 days 6:49 hours

CPU: total 8 (initial active 8) (4 cores per cpu, 2 threads per core) family 6 model 126 stepping 5 microcode 0x86, cx8, cmov, fxsr, ht, mmx, 3dnowpref, sse, sse2, sse3, ssse3, sse4.1, sse4.2, popcnt, lzcnt, tsc, tscinvbit, avx, avx2, aes, erms, clmul, bmi1, bmi2, adx, avx512f, avx512dq, avx512cd, avx512bw, avx512vl, sha, fma, vzeroupper, avx512_vpopcntdq, avx512_vpclmulqdq, avx512_vaes, avx512_vnni, clflush, clflushopt, avx512_vbmi2, avx512_vbmi
Processor Information for all 8 processors :
  Max Mhz: 1498, Current Mhz: 1298, Mhz Limit: 1288

Memory: 4k page, system-wide physical 7901M (700M free)
TotalPageFile size 32477M (AvailPageFile size 21M)
current process WorkingSet (physical memory assigned to process): 165M, peak: 165M
current process commit charge ("private bytes"): 260M, peak: 260M

vm_info: OpenJDK 64-Bit Server VM (17.0.17+10) for windows-amd64 JRE (17.0.17+10), built on Oct 21 2025 23:25:32 by "admin" with unknown MS VC++:1942

END.
