#
# There is insufficient memory for the Java Runtime Environment to continue.
# Native memory allocation (malloc) failed to allocate 1048576 bytes. Error detail: AllocateHeap
# Possible reasons:
#   The system is out of physical RAM or swap space
#   This process is running with CompressedOops enabled, and the Java Heap may be blocking the growth of the native heap
# Possible solutions:
#   Reduce memory load on the system
#   Increase physical memory or swap space
#   Check if swap backing store is full
#   Decrease Java heap size (-Xmx/-Xms)
#   Decrease number of Java threads
#   Decrease Java thread stack sizes (-Xss)
#   Set larger code cache with -XX:ReservedCodeCacheSize=
#   JVM is running with Unscaled Compressed Oops mode in which the Java heap is
#     placed in the first 4GB address space. The Java Heap base address is the
#     maximum limit for the native heap growth. Please use -XX:HeapBaseMinAddress
#     to set the Java Heap base and to place the Java Heap above 4GB virtual address.
# This output file may be truncated or incomplete.
#
#  Out of Memory Error (allocation.cpp:44), pid=119876, tid=116088
#
# JRE version: OpenJDK Runtime Environment Temurin-21.0.9+10 (21.0.9+10) (build 21.0.9+10-LTS)
# Java VM: OpenJDK 64-Bit Server VM Temurin-21.0.9+10 (21.0.9+10-LTS, mixed mode, sharing, tiered, compressed oops, compressed class ptrs, parallel gc, windows-amd64)
# No core dump will be written. Minidumps are not enabled by default on client versions of Windows
#

---------------  S U M M A R Y ------------

Command Line: --add-modules=ALL-SYSTEM --add-opens=java.base/java.util=ALL-UNNAMED --add-opens=java.base/java.lang=ALL-UNNAMED --add-opens=java.base/sun.nio.fs=ALL-UNNAMED -Declipse.application=org.eclipse.jdt.ls.core.id1 -Dosgi.bundles.defaultStartLevel=4 -Declipse.product=org.eclipse.jdt.ls.core.product -Djava.import.generatesMetadataFilesAtProjectRoot=false -DDetectVMInstallationsJob.disabled=true -Dfile.encoding=utf8 -XX:+UseParallelGC -XX:GCTimeRatio=4 -XX:AdaptiveSizePolicyWeight=90 -Dsun.zip.disableMemoryMapping=true -Xmx2G -Xms100m -Xlog:disable -javaagent:c:\Users\user\.vscode\extensions\redhat.java-1.51.0-win32-x64\lombok\lombok-1.18.39-4050.jar -XX:+HeapDumpOnOutOfMemoryError -XX:HeapDumpPath=c:\Users\user\AppData\Roaming\Code\User\workspaceStorage\0674b5c6fcfe98aa21c3e4592ae7b086\redhat.java -Daether.dependencyCollector.impl=bf c:\Users\user\.vscode\extensions\redhat.java-1.51.0-win32-x64\server\plugins\org.eclipse.equinox.launcher_1.7.100.v20251111-0406.jar -configuration c:\Users\user\AppData\Roaming\Code\User\globalStorage\redhat.java\1.51.0\config_win -data c:\Users\user\AppData\Roaming\Code\User\workspaceStorage\0674b5c6fcfe98aa21c3e4592ae7b086\redhat.java\jdt_ws --pipe=\\.\pipe\lsp-4fbed3c728e83c4462f5fbe4de6cdd62-sock

Host: Intel(R) Core(TM) i7-1065G7 CPU @ 1.30GHz, 8 cores, 7G,  Windows 11 , 64 bit Build 22621 (10.0.22621.5415)
Time: Wed Feb  4 09:28:09 2026 elapsed time: 3367.463057 seconds (0d 0h 56m 7s)

---------------  T H R E A D  ---------------

Current thread (0x0000026061584cf0):  JavaThread "Attach Listener" daemon [_thread_in_vm, id=116088, stack(0x000000c2a9d00000,0x000000c2a9e00000) (1024K)]

Stack: [0x000000c2a9d00000,0x000000c2a9e00000]
Native frames: (J=compiled Java code, j=interpreted, Vv=VM code, C=native code)
V  [jvm.dll+0x6d6e29]
V  [jvm.dll+0x8b4b76]
V  [jvm.dll+0x8b712e]
V  [jvm.dll+0x8b7813]
V  [jvm.dll+0x283d86]
V  [jvm.dll+0xc1277]
V  [jvm.dll+0x6d76d9]
V  [jvm.dll+0x133466]
V  [jvm.dll+0x3f7ea6]
V  [jvm.dll+0x85e9ad]
V  [jvm.dll+0x6d565d]
C  [ucrtbase.dll+0x29333]
C  [KERNEL32.DLL+0x1259d]
C  [ntdll.dll+0x5af78]


---------------  P R O C E S S  ---------------

Threads class SMR info:
_java_thread_list=0x0000026068f325d0, length=35, elements={
0x00000260470a16b0, 0x00000260492e9dc0, 0x00000260492ea810, 0x0000026061581ce0,
0x0000026061584cf0, 0x0000026061585940, 0x000002606158beb0, 0x0000026061591750,
0x00000260615948d0, 0x00000260617597a0, 0x00000260618b2cf0, 0x00000260619382c0,
0x00000260664ed7b0, 0x00000260665924f0, 0x0000026066592b50, 0x0000026066946030,
0x0000026066b1a8c0, 0x0000026066d34d70, 0x0000026066b7f6b0, 0x00000260669c3da0,
0x00000260669c4430, 0x00000260696f8880, 0x00000260696f8f10, 0x00000260696f95a0,
0x00000260696fb670, 0x00000260696f9c30, 0x00000260696fa950, 0x00000260696fafe0,
0x00000260696fbd00, 0x00000260696fa2c0, 0x00000260719a1dd0, 0x00000260719a58e0,
0x00000260719a3810, 0x0000026066729ba0, 0x000002607351ddf0
}

Java Threads: ( => current thread )
  0x00000260470a16b0 JavaThread "main"                              [_thread_blocked, id=116432, stack(0x000000c2a9600000,0x000000c2a9700000) (1024K)]
  0x00000260492e9dc0 JavaThread "Reference Handler"          daemon [_thread_blocked, id=102276, stack(0x000000c2a9a00000,0x000000c2a9b00000) (1024K)]
  0x00000260492ea810 JavaThread "Finalizer"                  daemon [_thread_blocked, id=38700, stack(0x000000c2a9b00000,0x000000c2a9c00000) (1024K)]
  0x0000026061581ce0 JavaThread "Signal Dispatcher"          daemon [_thread_blocked, id=92024, stack(0x000000c2a9c00000,0x000000c2a9d00000) (1024K)]
=>0x0000026061584cf0 JavaThread "Attach Listener"            daemon [_thread_in_vm, id=116088, stack(0x000000c2a9d00000,0x000000c2a9e00000) (1024K)]
  0x0000026061585940 JavaThread "Service Thread"             daemon [_thread_blocked, id=72828, stack(0x000000c2a9e00000,0x000000c2a9f00000) (1024K)]
  0x000002606158beb0 JavaThread "Monitor Deflation Thread"   daemon [_thread_blocked, id=122696, stack(0x000000c2a9f00000,0x000000c2aa000000) (1024K)]
  0x0000026061591750 JavaThread "C2 CompilerThread0"         daemon [_thread_blocked, id=103044, stack(0x000000c2aa000000,0x000000c2aa100000) (1024K)]
  0x00000260615948d0 JavaThread "C1 CompilerThread0"         daemon [_thread_blocked, id=104564, stack(0x000000c2aa100000,0x000000c2aa200000) (1024K)]
  0x00000260617597a0 JavaThread "Common-Cleaner"             daemon [_thread_blocked, id=123268, stack(0x000000c2aa200000,0x000000c2aa300000) (1024K)]
  0x00000260618b2cf0 JavaThread "Notification Thread"        daemon [_thread_blocked, id=110864, stack(0x000000c2aa400000,0x000000c2aa500000) (1024K)]
  0x00000260619382c0 JavaThread "Active Thread: Equinox Container: 29326447-6d47-4a9c-bfaf-e326c4c1600f"        [_thread_blocked, id=124400, stack(0x000000c2aab00000,0x000000c2aac00000) (1024K)]
  0x00000260664ed7b0 JavaThread "Refresh Thread: Equinox Container: 29326447-6d47-4a9c-bfaf-e326c4c1600f" daemon [_thread_blocked, id=89732, stack(0x000000c2aad00000,0x000000c2aae00000) (1024K)]
  0x00000260665924f0 JavaThread "Framework Event Dispatcher: Equinox Container: 29326447-6d47-4a9c-bfaf-e326c4c1600f" daemon [_thread_blocked, id=233548, stack(0x000000c2aae00000,0x000000c2aaf00000) (1024K)]
  0x0000026066592b50 JavaThread "Start Level: Equinox Container: 29326447-6d47-4a9c-bfaf-e326c4c1600f" daemon [_thread_blocked, id=112216, stack(0x000000c2aaf00000,0x000000c2ab000000) (1024K)]
  0x0000026066946030 JavaThread "Bundle File Closer"         daemon [_thread_blocked, id=117116, stack(0x000000c2ab000000,0x000000c2ab100000) (1024K)]
  0x0000026066b1a8c0 JavaThread "SCR Component Actor"        daemon [_thread_blocked, id=106032, stack(0x000000c2ab100000,0x000000c2ab200000) (1024K)]
  0x0000026066d34d70 JavaThread "Worker-JM"                         [_thread_blocked, id=109084, stack(0x000000c2ab200000,0x000000c2ab300000) (1024K)]
  0x0000026066b7f6b0 JavaThread "JNA Cleaner"                daemon [_thread_blocked, id=92424, stack(0x000000c2ab300000,0x000000c2ab400000) (1024K)]
  0x00000260669c3da0 JavaThread "Java indexing"              daemon [_thread_blocked, id=112884, stack(0x000000c2ab700000,0x000000c2ab800000) (1024K)]
  0x00000260669c4430 JavaThread "Worker-4"                          [_thread_blocked, id=72260, stack(0x000000c2abb00000,0x000000c2abc00000) (1024K)]
  0x00000260696f8880 JavaThread "Thread-1"                   daemon [_thread_in_native, id=125712, stack(0x000000c2abd00000,0x000000c2abe00000) (1024K)]
  0x00000260696f8f10 JavaThread "Thread-2"                   daemon [_thread_in_native, id=238036, stack(0x000000c2abe00000,0x000000c2abf00000) (1024K)]
  0x00000260696f95a0 JavaThread "Thread-3"                   daemon [_thread_in_native, id=111976, stack(0x000000c2abf00000,0x000000c2ac000000) (1024K)]
  0x00000260696fb670 JavaThread "Thread-4"                   daemon [_thread_in_native, id=86704, stack(0x000000c2ac000000,0x000000c2ac100000) (1024K)]
  0x00000260696f9c30 JavaThread "Thread-5"                   daemon [_thread_in_native, id=117288, stack(0x000000c2ac100000,0x000000c2ac200000) (1024K)]
  0x00000260696fa950 JavaThread "Thread-6"                   daemon [_thread_in_native, id=124604, stack(0x000000c2ac200000,0x000000c2ac300000) (1024K)]
  0x00000260696fafe0 JavaThread "Thread-7"                   daemon [_thread_in_native, id=114368, stack(0x000000c2ac300000,0x000000c2ac400000) (1024K)]
  0x00000260696fbd00 JavaThread "Thread-8"                   daemon [_thread_in_native, id=123736, stack(0x000000c2ac400000,0x000000c2ac500000) (1024K)]
  0x00000260696fa2c0 JavaThread "Thread-9"                   daemon [_thread_in_native, id=123164, stack(0x000000c2ac500000,0x000000c2ac600000) (1024K)]
  0x00000260719a1dd0 JavaThread "pool-2-thread-1"                   [_thread_blocked, id=123032, stack(0x000000c2ac600000,0x000000c2ac700000) (1024K)]
  0x00000260719a58e0 JavaThread "WorkspaceEventsHandler"            [_thread_blocked, id=125192, stack(0x000000c2acf00000,0x000000c2ad000000) (1024K)]
  0x00000260719a3810 JavaThread "pool-1-thread-1"                   [_thread_blocked, id=122180, stack(0x000000c2ad000000,0x000000c2ad100000) (1024K)]
  0x0000026066729ba0 JavaThread "Cleaner-0"                  daemon [_thread_blocked, id=176012, stack(0x000000c2ae700000,0x000000c2ae800000) (1024K)]
  0x000002607351ddf0 JavaThread "Worker-6"                          [_thread_blocked, id=124560, stack(0x000000c2a9400000,0x000000c2a9500000) (1024K)]
Total: 35

Other Threads:
  0x00000260492e46c0 VMThread "VM Thread"                           [id=41780, stack(0x000000c2a9900000,0x000000c2a9a00000) (1024K)]
  0x00000260493e1920 WatcherThread "VM Periodic Task Thread"        [id=52588, stack(0x000000c2a9800000,0x000000c2a9900000) (1024K)]
  0x0000026049391f10 WorkerThread "GC Thread#0"                     [id=73048, stack(0x000000c2a9700000,0x000000c2a9800000) (1024K)]
  0x0000026061934820 WorkerThread "GC Thread#1"                     [id=122400, stack(0x000000c2aa500000,0x000000c2aa600000) (1024K)]
  0x0000026061932da0 WorkerThread "GC Thread#2"                     [id=108660, stack(0x000000c2aa600000,0x000000c2aa700000) (1024K)]
  0x0000026066353750 WorkerThread "GC Thread#3"                     [id=111420, stack(0x000000c2aa700000,0x000000c2aa800000) (1024K)]
  0x0000026066427ae0 WorkerThread "GC Thread#4"                     [id=111972, stack(0x000000c2aa800000,0x000000c2aa900000) (1024K)]
  0x0000026066427e80 WorkerThread "GC Thread#5"                     [id=123492, stack(0x000000c2aa900000,0x000000c2aaa00000) (1024K)]
  0x0000026066428630 WorkerThread "GC Thread#6"                     [id=78104, stack(0x000000c2aaa00000,0x000000c2aab00000) (1024K)]
  0x00000260665a8520 WorkerThread "GC Thread#7"                     [id=115752, stack(0x000000c2aac00000,0x000000c2aad00000) (1024K)]
Total: 10

Threads with active compile tasks:
Total: 0

VM state: not at safepoint (normal execution)

VM Mutex/Monitor currently owned by a thread: None

Heap address: 0x0000000080000000, size: 2048 MB, Compressed Oops mode: 32-bit

CDS archive(s) mapped at: [0x0000026000000000-0x0000026000ba0000-0x0000026000ba0000), size 12189696, SharedBaseAddress: 0x0000026000000000, ArchiveRelocationMode: 1.
Compressed class space mapped at: 0x0000026001000000-0x0000026041000000, reserved size: 1073741824
Narrow klass base: 0x0000026000000000, Narrow klass shift: 0, Narrow klass range: 0x100000000

GC Precious Log:
 CardTable entry size: 512
 CPUs: 8 total, 8 available
 Memory: 7901M
 Large Page Support: Disabled
 NUMA Support: Disabled
 Compressed Oops: Enabled (32-bit)
 Alignments: Space 512K, Generation 512K, Heap 2M
 Heap Min Capacity: 100M
 Heap Initial Capacity: 100M
 Heap Max Capacity: 2G
 Pre-touch: Disabled
 Parallel Workers: 8

Heap:
 PSYoungGen      total 4608K, used 1938K [0x00000000d5580000, 0x00000000d5b00000, 0x0000000100000000)
  eden space 4096K, 37% used [0x00000000d5580000,0x00000000d5704a70,0x00000000d5980000)
  from space 512K, 75% used [0x00000000d5a00000,0x00000000d5a60000,0x00000000d5a80000)
  to   space 512K, 0% used [0x00000000d5a80000,0x00000000d5a80000,0x00000000d5b00000)
 ParOldGen       total 204288K, used 68176K [0x0000000080000000, 0x000000008c780000, 0x00000000d5580000)
  object space 204288K, 33% used [0x0000000080000000,0x00000000842943e8,0x000000008c780000)
 Metaspace       used 78092K, committed 79744K, reserved 1179648K
  class space    used 8000K, committed 8704K, reserved 1048576K

Card table byte_map: [0x0000026048cf0000,0x0000026049100000] _byte_map_base: 0x00000260488f0000

Marking Bits: (ParMarkBitMap*) 0x00007ffec3d22460
 Begin Bits: [0x000002605b800000, 0x000002605d800000)
 End Bits:   [0x000002605d800000, 0x000002605f800000)

Polling page: 0x0000026047210000

Metaspace:

Usage:
  Non-class:     68.45 MB used.
      Class:      7.81 MB used.
       Both:     76.26 MB used.

Virtual space:
  Non-class space:      128.00 MB reserved,      69.38 MB ( 54%) committed,  2 nodes.
      Class space:        1.00 GB reserved,       8.50 MB ( <1%) committed,  1 nodes.
             Both:        1.12 GB reserved,      77.88 MB (  7%) committed. 

Chunk freelists:
   Non-Class:  10.45 MB
       Class:  7.32 MB
        Both:  17.77 MB

MaxMetaspaceSize: unlimited
CompressedClassSpaceSize: 1.00 GB
Initial GC threshold: 21.00 MB
Current GC threshold: 129.19 MB
CDS: on
 - commit_granule_bytes: 65536.
 - commit_granule_words: 8192.
 - virtual_space_node_default_size: 8388608.
 - enlarge_chunks_in_place: 1.
 - use_allocation_guard: 0.


Internal statistics:

num_allocs_failed_limit: 15.
num_arena_births: 1452.
num_arena_deaths: 22.
num_vsnodes_births: 3.
num_vsnodes_deaths: 0.
num_space_committed: 1246.
num_space_uncommitted: 0.
num_chunks_returned_to_freelist: 40.
num_chunks_taken_from_freelist: 5112.
num_chunk_merges: 12.
num_chunk_splits: 3083.
num_chunks_enlarged: 1669.
num_inconsistent_stats: 0.

CodeHeap 'non-profiled nmethods': size=120000Kb used=9432Kb max_used=9432Kb free=110567Kb
 bounds [0x0000026054020000, 0x0000026054960000, 0x000002605b550000]
CodeHeap 'profiled nmethods': size=120000Kb used=37216Kb max_used=38802Kb free=82783Kb
 bounds [0x000002604c550000, 0x000002604eb40000, 0x0000026053a80000]
CodeHeap 'non-nmethods': size=5760Kb used=1516Kb max_used=1598Kb free=4243Kb
 bounds [0x0000026053a80000, 0x0000026053cf0000, 0x0000026054020000]
CodeCache: size=245760Kb, used=48164Kb, max_used=49832Kb, free=197593Kb
 total_blobs=16520, nmethods=15687, adapters=735, full_count=0
Compilation: enabled, stopped_count=0, restarted_count=0

Compilation events (20 events):
Event: 2086.812 Thread 0x00000260615948d0 17315       3       java.util.concurrent.ScheduledThreadPoolExecutor::reExecutePeriodic (49 bytes)
Event: 2086.812 Thread 0x00000260615948d0 nmethod 17315 0x000002604cdc7b10 code [0x000002604cdc7d40, 0x000002604cdc84c0]
Event: 2191.767 Thread 0x00000260615948d0 17316       1       org.eclipse.osgi.internal.framework.EquinoxContainer::getStorage (5 bytes)
Event: 2191.767 Thread 0x00000260615948d0 nmethod 17316 0x0000026054955790 code [0x0000026054955920, 0x00000260549559e8]
Event: 2417.045 Thread 0x00000260615948d0 17317       3       java.util.Optional::get (22 bytes)
Event: 2417.046 Thread 0x00000260615948d0 nmethod 17317 0x000002604ca79e90 code [0x000002604ca7a040, 0x000002604ca7a260]
Event: 2567.159 Thread 0x00000260615948d0 17318       3       org.eclipse.jdt.ls.core.internal.ParentProcessWatcher::run (83 bytes)
Event: 2567.160 Thread 0x00000260615948d0 nmethod 17318 0x000002604c600810 code [0x000002604c600aa0, 0x000002604c6014f8]
Event: 2567.160 Thread 0x00000260615948d0 17319       3       org.eclipse.jdt.ls.core.internal.ParentProcessWatcher::parentProcessStillRunning (62 bytes)
Event: 2567.161 Thread 0x00000260615948d0 nmethod 17319 0x000002604d184690 code [0x000002604d1848c0, 0x000002604d184fc8]
Event: 2607.188 Thread 0x00000260615948d0 17320       3       java.lang.ProcessHandleImpl::<init> (15 bytes)
Event: 2607.189 Thread 0x00000260615948d0 nmethod 17320 0x000002604c8b5f90 code [0x000002604c8b6140, 0x000002604c8b62b0]
Event: 2735.645 Thread 0x00000260615948d0 17321   !   3       java.util.logging.LogManager::ensureLogManagerInitialized (144 bytes)
Event: 2735.648 Thread 0x00000260615948d0 nmethod 17321 0x000002604cfd7210 code [0x000002604cfd7520, 0x000002604cfd8640]
Event: 2945.696 Thread 0x0000026061591750 17322       4       java.lang.ref.ReferenceQueue::poll0 (65 bytes)
Event: 2945.699 Thread 0x0000026061591750 nmethod 17322 0x0000026054955a90 code [0x0000026054955c20, 0x0000026054955d48]
Event: 3003.207 Thread 0x00000260615948d0 17323       1       org.eclipse.core.internal.jobs.JobManager::getLockManager (5 bytes)
Event: 3003.207 Thread 0x00000260615948d0 nmethod 17323 0x0000026054955e10 code [0x0000026054955fa0, 0x0000026054956068]
Event: 3243.250 Thread 0x00000260615948d0 17324   !   3       org.eclipse.core.internal.jobs.JobManager::nextJob (291 bytes)
Event: 3243.254 Thread 0x00000260615948d0 nmethod 17324 0x000002604d140890 code [0x000002604d140d20, 0x000002604d142e28]

GC Heap History (20 events):
Event: 24.404 GC heap before
{Heap before GC invocations=256 (full 3):
 PSYoungGen      total 4608K, used 4024K [0x00000000d5580000, 0x00000000d5b00000, 0x0000000100000000)
  eden space 4096K, 87% used [0x00000000d5580000,0x00000000d58fe398,0x00000000d5980000)
  from space 512K, 87% used [0x00000000d5a80000,0x00000000d5af0000,0x00000000d5b00000)
  to   space 512K, 0% used [0x00000000d5a00000,0x00000000d5a00000,0x00000000d5a80000)
 ParOldGen       total 203776K, used 203587K [0x0000000080000000, 0x000000008c700000, 0x00000000d5580000)
  object space 203776K, 99% used [0x0000000080000000,0x000000008c6d0da8,0x000000008c700000)
 Metaspace       used 77648K, committed 79360K, reserved 1179648K
  class space    used 7966K, committed 8704K, reserved 1048576K
}
Event: 24.405 GC heap after
{Heap after GC invocations=256 (full 3):
 PSYoungGen      total 4608K, used 224K [0x00000000d5580000, 0x00000000d5b00000, 0x0000000100000000)
  eden space 4096K, 0% used [0x00000000d5580000,0x00000000d5580000,0x00000000d5980000)
  from space 512K, 43% used [0x00000000d5a00000,0x00000000d5a38000,0x00000000d5a80000)
  to   space 512K, 0% used [0x00000000d5a80000,0x00000000d5a80000,0x00000000d5b00000)
 ParOldGen       total 204288K, used 203939K [0x0000000080000000, 0x000000008c780000, 0x00000000d5580000)
  object space 204288K, 99% used [0x0000000080000000,0x000000008c728da8,0x000000008c780000)
 Metaspace       used 77648K, committed 79360K, reserved 1179648K
  class space    used 7966K, committed 8704K, reserved 1048576K
}
Event: 24.405 GC heap before
{Heap before GC invocations=257 (full 4):
 PSYoungGen      total 4608K, used 224K [0x00000000d5580000, 0x00000000d5b00000, 0x0000000100000000)
  eden space 4096K, 0% used [0x00000000d5580000,0x00000000d5580000,0x00000000d5980000)
  from space 512K, 43% used [0x00000000d5a00000,0x00000000d5a38000,0x00000000d5a80000)
  to   space 512K, 0% used [0x00000000d5a80000,0x00000000d5a80000,0x00000000d5b00000)
 ParOldGen       total 204288K, used 203939K [0x0000000080000000, 0x000000008c780000, 0x00000000d5580000)
  object space 204288K, 99% used [0x0000000080000000,0x000000008c728da8,0x000000008c780000)
 Metaspace       used 77648K, committed 79360K, reserved 1179648K
  class space    used 7966K, committed 8704K, reserved 1048576K
}
Event: 24.556 GC heap after
{Heap after GC invocations=257 (full 4):
 PSYoungGen      total 4608K, used 0K [0x00000000d5580000, 0x00000000d5b00000, 0x0000000100000000)
  eden space 4096K, 0% used [0x00000000d5580000,0x00000000d5580000,0x00000000d5980000)
  from space 512K, 0% used [0x00000000d5a00000,0x00000000d5a00000,0x00000000d5a80000)
  to   space 512K, 0% used [0x00000000d5a80000,0x00000000d5a80000,0x00000000d5b00000)
 ParOldGen       total 204288K, used 67389K [0x0000000080000000, 0x000000008c780000, 0x00000000d5580000)
  object space 204288K, 32% used [0x0000000080000000,0x00000000841cf510,0x000000008c780000)
 Metaspace       used 77642K, committed 79360K, reserved 1179648K
  class space    used 7964K, committed 8704K, reserved 1048576K
}
Event: 24.790 GC heap before
{Heap before GC invocations=258 (full 4):
 PSYoungGen      total 4608K, used 4095K [0x00000000d5580000, 0x00000000d5b00000, 0x0000000100000000)
  eden space 4096K, 99% used [0x00000000d5580000,0x00000000d597fff0,0x00000000d5980000)
  from space 512K, 0% used [0x00000000d5a00000,0x00000000d5a00000,0x00000000d5a80000)
  to   space 512K, 0% used [0x00000000d5a80000,0x00000000d5a80000,0x00000000d5b00000)
 ParOldGen       total 204288K, used 67389K [0x0000000080000000, 0x000000008c780000, 0x00000000d5580000)
  object space 204288K, 32% used [0x0000000080000000,0x00000000841cf510,0x000000008c780000)
 Metaspace       used 77648K, committed 79360K, reserved 1179648K
  class space    used 7965K, committed 8704K, reserved 1048576K
}
Event: 24.791 GC heap after
{Heap after GC invocations=258 (full 4):
 PSYoungGen      total 4608K, used 212K [0x00000000d5580000, 0x00000000d5b00000, 0x0000000100000000)
  eden space 4096K, 0% used [0x00000000d5580000,0x00000000d5580000,0x00000000d5980000)
  from space 512K, 41% used [0x00000000d5a80000,0x00000000d5ab5200,0x00000000d5b00000)
  to   space 512K, 0% used [0x00000000d5a00000,0x00000000d5a00000,0x00000000d5a80000)
 ParOldGen       total 204288K, used 67389K [0x0000000080000000, 0x000000008c780000, 0x00000000d5580000)
  object space 204288K, 32% used [0x0000000080000000,0x00000000841cf510,0x000000008c780000)
 Metaspace       used 77648K, committed 79360K, reserved 1179648K
  class space    used 7965K, committed 8704K, reserved 1048576K
}
Event: 24.810 GC heap before
{Heap before GC invocations=259 (full 4):
 PSYoungGen      total 4608K, used 4308K [0x00000000d5580000, 0x00000000d5b00000, 0x0000000100000000)
  eden space 4096K, 100% used [0x00000000d5580000,0x00000000d5980000,0x00000000d5980000)
  from space 512K, 41% used [0x00000000d5a80000,0x00000000d5ab5200,0x00000000d5b00000)
  to   space 512K, 0% used [0x00000000d5a00000,0x00000000d5a00000,0x00000000d5a80000)
 ParOldGen       total 204288K, used 67389K [0x0000000080000000, 0x000000008c780000, 0x00000000d5580000)
  object space 204288K, 32% used [0x0000000080000000,0x00000000841cf510,0x000000008c780000)
 Metaspace       used 77651K, committed 79360K, reserved 1179648K
  class space    used 7965K, committed 8704K, reserved 1048576K
}
Event: 24.811 GC heap after
{Heap after GC invocations=259 (full 4):
 PSYoungGen      total 4608K, used 224K [0x00000000d5580000, 0x00000000d5b00000, 0x0000000100000000)
  eden space 4096K, 0% used [0x00000000d5580000,0x00000000d5580000,0x00000000d5980000)
  from space 512K, 43% used [0x00000000d5a00000,0x00000000d5a38000,0x00000000d5a80000)
  to   space 512K, 0% used [0x00000000d5a80000,0x00000000d5a80000,0x00000000d5b00000)
 ParOldGen       total 204288K, used 67489K [0x0000000080000000, 0x000000008c780000, 0x00000000d5580000)
  object space 204288K, 33% used [0x0000000080000000,0x00000000841e8710,0x000000008c780000)
 Metaspace       used 77651K, committed 79360K, reserved 1179648K
  class space    used 7965K, committed 8704K, reserved 1048576K
}
Event: 24.835 GC heap before
{Heap before GC invocations=260 (full 4):
 PSYoungGen      total 4608K, used 4246K [0x00000000d5580000, 0x00000000d5b00000, 0x0000000100000000)
  eden space 4096K, 98% used [0x00000000d5580000,0x00000000d596d8c0,0x00000000d5980000)
  from space 512K, 43% used [0x00000000d5a00000,0x00000000d5a38000,0x00000000d5a80000)
  to   space 512K, 0% used [0x00000000d5a80000,0x00000000d5a80000,0x00000000d5b00000)
 ParOldGen       total 204288K, used 67489K [0x0000000080000000, 0x000000008c780000, 0x00000000d5580000)
  object space 204288K, 33% used [0x0000000080000000,0x00000000841e8710,0x000000008c780000)
 Metaspace       used 77652K, committed 79360K, reserved 1179648K
  class space    used 7965K, committed 8704K, reserved 1048576K
}
Event: 24.836 GC heap after
{Heap after GC invocations=260 (full 4):
 PSYoungGen      total 4608K, used 502K [0x00000000d5580000, 0x00000000d5b80000, 0x0000000100000000)
  eden space 4096K, 0% used [0x00000000d5580000,0x00000000d5580000,0x00000000d5980000)
  from space 512K, 98% used [0x00000000d5a80000,0x00000000d5afdb90,0x00000000d5b00000)
  to   space 1024K, 0% used [0x00000000d5980000,0x00000000d5980000,0x00000000d5a80000)
 ParOldGen       total 204288K, used 67622K [0x0000000080000000, 0x000000008c780000, 0x00000000d5580000)
  object space 204288K, 33% used [0x0000000080000000,0x00000000842099a0,0x000000008c780000)
 Metaspace       used 77652K, committed 79360K, reserved 1179648K
  class space    used 7965K, committed 8704K, reserved 1048576K
}
Event: 24.851 GC heap before
{Heap before GC invocations=261 (full 4):
 PSYoungGen      total 4608K, used 4598K [0x00000000d5580000, 0x00000000d5b80000, 0x0000000100000000)
  eden space 4096K, 100% used [0x00000000d5580000,0x00000000d5980000,0x00000000d5980000)
  from space 512K, 98% used [0x00000000d5a80000,0x00000000d5afdb90,0x00000000d5b00000)
  to   space 1024K, 0% used [0x00000000d5980000,0x00000000d5980000,0x00000000d5a80000)
 ParOldGen       total 204288K, used 67622K [0x0000000080000000, 0x000000008c780000, 0x00000000d5580000)
  object space 204288K, 33% used [0x0000000080000000,0x00000000842099a0,0x000000008c780000)
 Metaspace       used 77661K, committed 79360K, reserved 1179648K
  class space    used 7965K, committed 8704K, reserved 1048576K
}
Event: 24.852 GC heap after
{Heap after GC invocations=261 (full 4):
 PSYoungGen      total 5120K, used 218K [0x00000000d5580000, 0x00000000d5b00000, 0x0000000100000000)
  eden space 4096K, 0% used [0x00000000d5580000,0x00000000d5580000,0x00000000d5980000)
  from space 1024K, 21% used [0x00000000d5980000,0x00000000d59b6900,0x00000000d5a80000)
  to   space 512K, 0% used [0x00000000d5a80000,0x00000000d5a80000,0x00000000d5b00000)
 ParOldGen       total 204288K, used 68040K [0x0000000080000000, 0x000000008c780000, 0x00000000d5580000)
  object space 204288K, 33% used [0x0000000080000000,0x00000000842723e8,0x000000008c780000)
 Metaspace       used 77661K, committed 79360K, reserved 1179648K
  class space    used 7965K, committed 8704K, reserved 1048576K
}
Event: 24.865 GC heap before
{Heap before GC invocations=262 (full 4):
 PSYoungGen      total 5120K, used 4314K [0x00000000d5580000, 0x00000000d5b00000, 0x0000000100000000)
  eden space 4096K, 100% used [0x00000000d5580000,0x00000000d5980000,0x00000000d5980000)
  from space 1024K, 21% used [0x00000000d5980000,0x00000000d59b6900,0x00000000d5a80000)
  to   space 512K, 0% used [0x00000000d5a80000,0x00000000d5a80000,0x00000000d5b00000)
 ParOldGen       total 204288K, used 68040K [0x0000000080000000, 0x000000008c780000, 0x00000000d5580000)
  object space 204288K, 33% used [0x0000000080000000,0x00000000842723e8,0x000000008c780000)
 Metaspace       used 77662K, committed 79360K, reserved 1179648K
  class space    used 7965K, committed 8704K, reserved 1048576K
}
Event: 24.867 GC heap after
{Heap after GC invocations=262 (full 4):
 PSYoungGen      total 4608K, used 442K [0x00000000d5580000, 0x00000000d5b00000, 0x0000000100000000)
  eden space 4096K, 0% used [0x00000000d5580000,0x00000000d5580000,0x00000000d5980000)
  from space 512K, 86% used [0x00000000d5a80000,0x00000000d5aee900,0x00000000d5b00000)
  to   space 512K, 0% used [0x00000000d5a00000,0x00000000d5a00000,0x00000000d5a80000)
 ParOldGen       total 204288K, used 68056K [0x0000000080000000, 0x000000008c780000, 0x00000000d5580000)
  object space 204288K, 33% used [0x0000000080000000,0x00000000842763e8,0x000000008c780000)
 Metaspace       used 77662K, committed 79360K, reserved 1179648K
  class space    used 7965K, committed 8704K, reserved 1048576K
}
Event: 24.877 GC heap before
{Heap before GC invocations=263 (full 4):
 PSYoungGen      total 4608K, used 4538K [0x00000000d5580000, 0x00000000d5b00000, 0x0000000100000000)
  eden space 4096K, 100% used [0x00000000d5580000,0x00000000d5980000,0x00000000d5980000)
  from space 512K, 86% used [0x00000000d5a80000,0x00000000d5aee900,0x00000000d5b00000)
  to   space 512K, 0% used [0x00000000d5a00000,0x00000000d5a00000,0x00000000d5a80000)
 ParOldGen       total 204288K, used 68056K [0x0000000080000000, 0x000000008c780000, 0x00000000d5580000)
  object space 204288K, 33% used [0x0000000080000000,0x00000000842763e8,0x000000008c780000)
 Metaspace       used 77662K, committed 79360K, reserved 1179648K
  class space    used 7965K, committed 8704K, reserved 1048576K
}
Event: 24.878 GC heap after
{Heap after GC invocations=263 (full 4):
 PSYoungGen      total 4608K, used 330K [0x00000000d5580000, 0x00000000d5b00000, 0x0000000100000000)
  eden space 4096K, 0% used [0x00000000d5580000,0x00000000d5580000,0x00000000d5980000)
  from space 512K, 64% used [0x00000000d5a00000,0x00000000d5a52910,0x00000000d5a80000)
  to   space 512K, 0% used [0x00000000d5a80000,0x00000000d5a80000,0x00000000d5b00000)
 ParOldGen       total 204288K, used 68096K [0x0000000080000000, 0x000000008c780000, 0x00000000d5580000)
  object space 204288K, 33% used [0x0000000080000000,0x00000000842803e8,0x000000008c780000)
 Metaspace       used 77662K, committed 79360K, reserved 1179648K
  class space    used 7965K, committed 8704K, reserved 1048576K
}
Event: 31.142 GC heap before
{Heap before GC invocations=264 (full 4):
 PSYoungGen      total 4608K, used 4426K [0x00000000d5580000, 0x00000000d5b00000, 0x0000000100000000)
  eden space 4096K, 100% used [0x00000000d5580000,0x00000000d5980000,0x00000000d5980000)
  from space 512K, 64% used [0x00000000d5a00000,0x00000000d5a52910,0x00000000d5a80000)
  to   space 512K, 0% used [0x00000000d5a80000,0x00000000d5a80000,0x00000000d5b00000)
 ParOldGen       total 204288K, used 68096K [0x0000000080000000, 0x000000008c780000, 0x00000000d5580000)
  object space 204288K, 33% used [0x0000000080000000,0x00000000842803e8,0x000000008c780000)
 Metaspace       used 77679K, committed 79360K, reserved 1179648K
  class space    used 7965K, committed 8704K, reserved 1048576K
}
Event: 31.144 GC heap after
{Heap after GC invocations=264 (full 4):
 PSYoungGen      total 4608K, used 256K [0x00000000d5580000, 0x00000000d5b00000, 0x0000000100000000)
  eden space 4096K, 0% used [0x00000000d5580000,0x00000000d5580000,0x00000000d5980000)
  from space 512K, 50% used [0x00000000d5a80000,0x00000000d5ac0000,0x00000000d5b00000)
  to   space 512K, 0% used [0x00000000d5a00000,0x00000000d5a00000,0x00000000d5a80000)
 ParOldGen       total 204288K, used 68104K [0x0000000080000000, 0x000000008c780000, 0x00000000d5580000)
  object space 204288K, 33% used [0x0000000080000000,0x00000000842823e8,0x000000008c780000)
 Metaspace       used 77679K, committed 79360K, reserved 1179648K
  class space    used 7965K, committed 8704K, reserved 1048576K
}
Event: 304.020 GC heap before
{Heap before GC invocations=265 (full 4):
 PSYoungGen      total 4608K, used 4351K [0x00000000d5580000, 0x00000000d5b00000, 0x0000000100000000)
  eden space 4096K, 99% used [0x00000000d5580000,0x00000000d597fd30,0x00000000d5980000)
  from space 512K, 50% used [0x00000000d5a80000,0x00000000d5ac0000,0x00000000d5b00000)
  to   space 512K, 0% used [0x00000000d5a00000,0x00000000d5a00000,0x00000000d5a80000)
 ParOldGen       total 204288K, used 68104K [0x0000000080000000, 0x000000008c780000, 0x00000000d5580000)
  object space 204288K, 33% used [0x0000000080000000,0x00000000842823e8,0x000000008c780000)
 Metaspace       used 77853K, committed 79488K, reserved 1179648K
  class space    used 7983K, committed 8704K, reserved 1048576K
}
Event: 304.021 GC heap after
{Heap after GC invocations=265 (full 4):
 PSYoungGen      total 4608K, used 384K [0x00000000d5580000, 0x00000000d5b00000, 0x0000000100000000)
  eden space 4096K, 0% used [0x00000000d5580000,0x00000000d5580000,0x00000000d5980000)
  from space 512K, 75% used [0x00000000d5a00000,0x00000000d5a60000,0x00000000d5a80000)
  to   space 512K, 0% used [0x00000000d5a80000,0x00000000d5a80000,0x00000000d5b00000)
 ParOldGen       total 204288K, used 68176K [0x0000000080000000, 0x000000008c780000, 0x00000000d5580000)
  object space 204288K, 33% used [0x0000000080000000,0x00000000842943e8,0x000000008c780000)
 Metaspace       used 77853K, committed 79488K, reserved 1179648K
  class space    used 7983K, committed 8704K, reserved 1048576K
}

Dll operation events (12 events):
Event: 0.018 Loaded shared library c:\Users\user\.vscode\extensions\redhat.java-1.51.0-win32-x64\jre\21.0.9-win32-x86_64\bin\java.dll
Event: 0.048 Loaded shared library c:\Users\user\.vscode\extensions\redhat.java-1.51.0-win32-x64\jre\21.0.9-win32-x86_64\bin\zip.dll
Event: 0.118 Loaded shared library C:\Users\user\.vscode\extensions\redhat.java-1.51.0-win32-x64\jre\21.0.9-win32-x86_64\bin\instrument.dll
Event: 0.124 Loaded shared library C:\Users\user\.vscode\extensions\redhat.java-1.51.0-win32-x64\jre\21.0.9-win32-x86_64\bin\net.dll
Event: 0.128 Loaded shared library C:\Users\user\.vscode\extensions\redhat.java-1.51.0-win32-x64\jre\21.0.9-win32-x86_64\bin\nio.dll
Event: 0.131 Loaded shared library C:\Users\user\.vscode\extensions\redhat.java-1.51.0-win32-x64\jre\21.0.9-win32-x86_64\bin\zip.dll
Event: 0.151 Loaded shared library C:\Users\user\.vscode\extensions\redhat.java-1.51.0-win32-x64\jre\21.0.9-win32-x86_64\bin\jimage.dll
Event: 0.231 Loaded shared library c:\Users\user\.vscode\extensions\redhat.java-1.51.0-win32-x64\jre\21.0.9-win32-x86_64\bin\verify.dll
Event: 1.305 Loaded shared library C:\Users\user\AppData\Roaming\Code\User\globalStorage\redhat.java\1.51.0\config_win\org.eclipse.equinox.launcher\org.eclipse.equinox.launcher.win32.win32.x86_64_1.2.1400.v20250801-0854\eclipse_11916.dll
Event: 2.988 Loaded shared library C:\Users\user\AppData\Local\Temp\jna-3599307\jna5990357297834200959.dll
Event: 4.941 Loaded shared library C:\Users\user\.vscode\extensions\redhat.java-1.51.0-win32-x64\jre\21.0.9-win32-x86_64\bin\sunmscapi.dll
Event: 5.410 Loaded shared library C:\Users\user\.vscode\extensions\redhat.java-1.51.0-win32-x64\jre\21.0.9-win32-x86_64\bin\extnet.dll

Deoptimization events (20 events):
Event: 304.066 Thread 0x00000260669c4430 Uncommon trap: trap_request=0xffffffde fr.pc=0x00000260540d0c08 relative=0x00000000000002e8
Event: 304.066 Thread 0x00000260669c4430 Uncommon trap: reason=class_check action=maybe_recompile pc=0x00000260540d0c08 method=java.io.DataOutputStream.writeByte(I)V @ 5 c2
Event: 304.066 Thread 0x00000260669c4430 DEOPT PACKING pc=0x00000260540d0c08 sp=0x000000c2abbff070
Event: 304.066 Thread 0x00000260669c4430 DEOPT UNPACKING pc=0x0000026053ad6da2 sp=0x000000c2abbff028 mode 2
Event: 304.066 Thread 0x00000260669c4430 Uncommon trap: trap_request=0xffffffde fr.pc=0x0000026054201484 relative=0x0000000000000c44
Event: 304.066 Thread 0x00000260669c4430 Uncommon trap: reason=class_check action=maybe_recompile pc=0x0000026054201484 method=java.io.DataOutputStream.write([BII)V @ 7 c2
Event: 304.066 Thread 0x00000260669c4430 DEOPT PACKING pc=0x0000026054201484 sp=0x000000c2abbfefa0
Event: 304.066 Thread 0x00000260669c4430 DEOPT UNPACKING pc=0x0000026053ad6da2 sp=0x000000c2abbfeed0 mode 2
Event: 304.066 Thread 0x00000260669c4430 Uncommon trap: trap_request=0xffffffde fr.pc=0x0000026054201484 relative=0x0000000000000c44
Event: 304.066 Thread 0x00000260669c4430 Uncommon trap: reason=class_check action=maybe_recompile pc=0x0000026054201484 method=java.io.DataOutputStream.write([BII)V @ 7 c2
Event: 304.066 Thread 0x00000260669c4430 DEOPT PACKING pc=0x0000026054201484 sp=0x000000c2abbfeef0
Event: 304.066 Thread 0x00000260669c4430 DEOPT UNPACKING pc=0x0000026053ad6da2 sp=0x000000c2abbfee20 mode 2
Event: 304.066 Thread 0x00000260669c4430 Uncommon trap: trap_request=0xffffffde fr.pc=0x000002605438a9e0 relative=0x00000000000003a0
Event: 304.066 Thread 0x00000260669c4430 Uncommon trap: reason=class_check action=maybe_recompile pc=0x000002605438a9e0 method=java.io.DataOutputStream.writeInt(I)V @ 19 c2
Event: 304.066 Thread 0x00000260669c4430 DEOPT PACKING pc=0x000002605438a9e0 sp=0x000000c2abbfee70
Event: 304.066 Thread 0x00000260669c4430 DEOPT UNPACKING pc=0x0000026053ad6da2 sp=0x000000c2abbfee18 mode 2
Event: 304.080 Thread 0x00000260669c4430 Uncommon trap: trap_request=0xffffff45 fr.pc=0x00000260545c3e5c relative=0x00000000000005dc
Event: 304.080 Thread 0x00000260669c4430 Uncommon trap: reason=unstable_if action=reinterpret pc=0x00000260545c3e5c method=java.io.InputStream.read([BII)I @ 52 c2
Event: 304.080 Thread 0x00000260669c4430 DEOPT PACKING pc=0x00000260545c3e5c sp=0x000000c2abbfefc0
Event: 304.080 Thread 0x00000260669c4430 DEOPT UNPACKING pc=0x0000026053ad6da2 sp=0x000000c2abbfef60 mode 2

Classes loaded (20 events):
Event: 31.227 Loading class sun/nio/cs/Surrogate$Parser
Event: 31.228 Loading class sun/nio/cs/Surrogate$Parser done
Event: 31.228 Loading class sun/nio/cs/Surrogate
Event: 31.228 Loading class sun/nio/cs/Surrogate done
Event: 304.008 Loading class java/util/stream/Nodes$CollectorTask$OfRef
Event: 304.008 Loading class java/util/stream/Nodes$CollectorTask
Event: 304.009 Loading class java/util/stream/Nodes$CollectorTask done
Event: 304.009 Loading class java/util/stream/Nodes$CollectorTask$OfRef done
Event: 304.013 Loading class java/util/function/LongFunction
Event: 304.013 Loading class java/util/function/LongFunction done
Event: 304.014 Loading class java/util/stream/Nodes$ConcNode
Event: 304.014 Loading class java/util/stream/Nodes$AbstractConcNode
Event: 304.014 Loading class java/util/stream/Nodes$AbstractConcNode done
Event: 304.014 Loading class java/util/stream/Nodes$ConcNode done
Event: 304.036 Loading class java/io/ObjectOutputStream$BlockDataOutputStream
Event: 304.037 Loading class java/io/ObjectOutputStream$BlockDataOutputStream done
Event: 304.037 Loading class java/io/ObjectOutputStream$HandleTable
Event: 304.037 Loading class java/io/ObjectOutputStream$HandleTable done
Event: 304.037 Loading class java/io/ObjectOutputStream$ReplaceTable
Event: 304.037 Loading class java/io/ObjectOutputStream$ReplaceTable done

Classes unloaded (11 events):
Event: 3.561 Thread 0x00000260492e46c0 Unloading class 0x00000260011aac00 'java/lang/invoke/LambdaForm$MH+0x00000260011aac00'
Event: 3.561 Thread 0x00000260492e46c0 Unloading class 0x00000260011aa800 'java/lang/invoke/LambdaForm$MH+0x00000260011aa800'
Event: 3.561 Thread 0x00000260492e46c0 Unloading class 0x00000260011aa400 'java/lang/invoke/LambdaForm$MH+0x00000260011aa400'
Event: 3.561 Thread 0x00000260492e46c0 Unloading class 0x00000260011aa000 'java/lang/invoke/LambdaForm$MH+0x00000260011aa000'
Event: 3.561 Thread 0x00000260492e46c0 Unloading class 0x00000260011a9c00 'java/lang/invoke/LambdaForm$BMH+0x00000260011a9c00'
Event: 3.561 Thread 0x00000260492e46c0 Unloading class 0x00000260011a9800 'java/lang/invoke/LambdaForm$DMH+0x00000260011a9800'
Event: 3.561 Thread 0x00000260492e46c0 Unloading class 0x00000260011a8800 'java/lang/invoke/LambdaForm$DMH+0x00000260011a8800'
Event: 24.433 Thread 0x00000260492e46c0 Unloading class 0x000002600175d400 'java/lang/invoke/LambdaForm$DMH+0x000002600175d400'
Event: 24.433 Thread 0x00000260492e46c0 Unloading class 0x000002600175d000 'java/lang/invoke/LambdaForm$DMH+0x000002600175d000'
Event: 24.433 Thread 0x00000260492e46c0 Unloading class 0x000002600175cc00 'java/lang/invoke/LambdaForm$DMH+0x000002600175cc00'
Event: 24.433 Thread 0x00000260492e46c0 Unloading class 0x000002600175c400 'java/lang/invoke/LambdaForm$DMH+0x000002600175c400'

Classes redefined (0 events):
No events

Internal exceptions (20 events):
Event: 23.888 Thread 0x00000260719a79b0 Exception <a 'sun/nio/fs/WindowsException'{0x00000000d562f820}> (0x00000000d562f820) 
thrown [s\src\hotspot\share\prims\jni.cpp, line 520]
Event: 23.967 Thread 0x00000260719a79b0 Exception <a 'sun/nio/fs/WindowsException'{0x00000000d55f3ae0}> (0x00000000d55f3ae0) 
thrown [s\src\hotspot\share\prims\jni.cpp, line 520]
Event: 23.967 Thread 0x00000260719a79b0 Exception <a 'sun/nio/fs/WindowsException'{0x00000000d55f44b8}> (0x00000000d55f44b8) 
thrown [s\src\hotspot\share\prims\jni.cpp, line 520]
Event: 23.989 Thread 0x00000260719a79b0 Exception <a 'sun/nio/fs/WindowsException'{0x00000000d59529d8}> (0x00000000d59529d8) 
thrown [s\src\hotspot\share\prims\jni.cpp, line 520]
Event: 23.989 Thread 0x00000260719a79b0 Exception <a 'sun/nio/fs/WindowsException'{0x00000000d59533b0}> (0x00000000d59533b0) 
thrown [s\src\hotspot\share\prims\jni.cpp, line 520]
Event: 24.040 Thread 0x00000260719a79b0 Exception <a 'sun/nio/fs/WindowsException'{0x00000000d5737508}> (0x00000000d5737508) 
thrown [s\src\hotspot\share\prims\jni.cpp, line 520]
Event: 24.040 Thread 0x00000260719a79b0 Exception <a 'sun/nio/fs/WindowsException'{0x00000000d58f8658}> (0x00000000d58f8658) 
thrown [s\src\hotspot\share\prims\jni.cpp, line 520]
Event: 24.061 Thread 0x00000260719a79b0 Exception <a 'sun/nio/fs/WindowsException'{0x00000000d58bef90}> (0x00000000d58bef90) 
thrown [s\src\hotspot\share\prims\jni.cpp, line 520]
Event: 24.061 Thread 0x00000260719a79b0 Exception <a 'sun/nio/fs/WindowsException'{0x00000000d58bf968}> (0x00000000d58bf968) 
thrown [s\src\hotspot\share\prims\jni.cpp, line 520]
Event: 24.083 Thread 0x00000260719a79b0 Exception <a 'sun/nio/fs/WindowsException'{0x00000000d58a79f0}> (0x00000000d58a79f0) 
thrown [s\src\hotspot\share\prims\jni.cpp, line 520]
Event: 24.084 Thread 0x00000260719a79b0 Exception <a 'sun/nio/fs/WindowsException'{0x00000000d58a83c8}> (0x00000000d58a83c8) 
thrown [s\src\hotspot\share\prims\jni.cpp, line 520]
Event: 24.179 Thread 0x00000260719a79b0 Exception <a 'sun/nio/fs/WindowsException'{0x00000000d58b9878}> (0x00000000d58b9878) 
thrown [s\src\hotspot\share\prims\jni.cpp, line 520]
Event: 24.179 Thread 0x00000260719a79b0 Exception <a 'sun/nio/fs/WindowsException'{0x00000000d58ba250}> (0x00000000d58ba250) 
thrown [s\src\hotspot\share\prims\jni.cpp, line 520]
Event: 24.892 Thread 0x00000260719a79b0 Exception <a 'sun/nio/fs/WindowsException'{0x00000000d58f8ba8}> (0x00000000d58f8ba8) 
thrown [s\src\hotspot\share\prims\jni.cpp, line 520]
Event: 24.893 Thread 0x00000260719a79b0 Exception <a 'sun/nio/fs/WindowsException'{0x00000000d58f9580}> (0x00000000d58f9580) 
thrown [s\src\hotspot\share\prims\jni.cpp, line 520]
Event: 304.029 Thread 0x00000260669c4430 Exception <a 'sun/nio/fs/WindowsException'{0x00000000d55d05f8}> (0x00000000d55d05f8) 
thrown [s\src\hotspot\share\prims\jni.cpp, line 520]
Event: 304.029 Thread 0x00000260669c4430 Exception <a 'sun/nio/fs/WindowsException'{0x00000000d55d0fd0}> (0x00000000d55d0fd0) 
thrown [s\src\hotspot\share\prims\jni.cpp, line 520]
Event: 304.030 Thread 0x00000260669c4430 Implicit null exception at 0x00000260546c8806 to 0x00000260546c8a68
Event: 304.056 Thread 0x00000260669c4430 Exception <a 'java/lang/NoSuchMethodError'{0x00000000d5665368}: static [J.<clinit>()V> (0x00000000d5665368) 
thrown [s\src\hotspot\share\prims\jni.cpp, line 1111]
Event: 304.069 Thread 0x00000260669c4430 Exception <a 'java/lang/NoSuchMethodError'{0x00000000d569ceb0}: 'java.lang.Object java.lang.invoke.DirectMethodHandle$Holder.newInvokeSpecial(java.lang.Object, java.lang.Object, java.lang.Object, java.lang.Object, java.lang.Object, java.lang.Object, java.lang.Object, java.lang.Object)'> (0x00000000d569ceb0) 
thrown [s\src\hotspot\share\interpreter\linkResolver.cpp, line 773]

ZGC Phase Switch (0 events):
No events

VM Operations (20 events):
Event: 2887.095 Executing VM operation: HandshakeAllThreads (HandshakeForDeflation)
Event: 2887.095 Executing VM operation: HandshakeAllThreads (HandshakeForDeflation) done
Event: 2887.095 Executing VM operation: RendezvousGCThreads
Event: 2887.095 Executing VM operation: RendezvousGCThreads done
Event: 3007.440 Executing VM operation: HandshakeAllThreads (HandshakeForDeflation)
Event: 3007.440 Executing VM operation: HandshakeAllThreads (HandshakeForDeflation) done
Event: 3007.440 Executing VM operation: RendezvousGCThreads
Event: 3007.440 Executing VM operation: RendezvousGCThreads done
Event: 3127.554 Executing VM operation: HandshakeAllThreads (HandshakeForDeflation)
Event: 3127.554 Executing VM operation: HandshakeAllThreads (HandshakeForDeflation) done
Event: 3127.555 Executing VM operation: RendezvousGCThreads
Event: 3127.555 Executing VM operation: RendezvousGCThreads done
Event: 3187.741 Executing VM operation: HandshakeAllThreads (HandshakeForDeflation)
Event: 3187.741 Executing VM operation: HandshakeAllThreads (HandshakeForDeflation) done
Event: 3187.741 Executing VM operation: RendezvousGCThreads
Event: 3187.741 Executing VM operation: RendezvousGCThreads done
Event: 3307.886 Executing VM operation: HandshakeAllThreads (HandshakeForDeflation)
Event: 3307.886 Executing VM operation: HandshakeAllThreads (HandshakeForDeflation) done
Event: 3307.887 Executing VM operation: RendezvousGCThreads
Event: 3307.887 Executing VM operation: RendezvousGCThreads done

Memory protections (0 events):
No events

Nmethod flushes (20 events):
Event: 24.489 Thread 0x00000260492e46c0 flushing  nmethod 0x000002604d293510
Event: 24.489 Thread 0x00000260492e46c0 flushing  nmethod 0x000002604d294810
Event: 24.489 Thread 0x00000260492e46c0 flushing osr nmethod 0x000002604d298010
Event: 24.489 Thread 0x00000260492e46c0 flushing  nmethod 0x000002604d2cdf10
Event: 24.489 Thread 0x00000260492e46c0 flushing  nmethod 0x000002604d2ce790
Event: 24.489 Thread 0x00000260492e46c0 flushing  nmethod 0x000002604d2d2f90
Event: 24.489 Thread 0x00000260492e46c0 flushing osr nmethod 0x000002604d3c3a10
Event: 24.489 Thread 0x00000260492e46c0 flushing  nmethod 0x000002604d3c8690
Event: 24.489 Thread 0x00000260492e46c0 flushing  nmethod 0x000002604d3ecf90
Event: 24.489 Thread 0x00000260492e46c0 flushing  nmethod 0x000002604d3ed390
Event: 24.489 Thread 0x00000260492e46c0 flushing  nmethod 0x000002604d42bf10
Event: 24.489 Thread 0x00000260492e46c0 flushing  nmethod 0x000002604d42c910
Event: 24.489 Thread 0x00000260492e46c0 flushing  nmethod 0x000002604d42ef10
Event: 24.489 Thread 0x00000260492e46c0 flushing  nmethod 0x000002604d42f390
Event: 24.489 Thread 0x00000260492e46c0 flushing  nmethod 0x000002604d42f790
Event: 24.489 Thread 0x00000260492e46c0 flushing  nmethod 0x000002604d438790
Event: 24.489 Thread 0x00000260492e46c0 flushing  nmethod 0x000002604d439110
Event: 24.489 Thread 0x00000260492e46c0 flushing  nmethod 0x000002604d439b10
Event: 24.489 Thread 0x00000260492e46c0 flushing  nmethod 0x000002604d441090
Event: 24.489 Thread 0x00000260492e46c0 flushing  nmethod 0x000002604d445610

Events (20 events):
Event: 308.902 Thread 0x000002606851b270 Thread exited: 0x000002606851b270
Event: 308.902 Thread 0x000002606851a550 Thread exited: 0x000002606851a550
Event: 308.917 Thread 0x000002606851b900 Thread exited: 0x000002606851b900
Event: 308.932 Thread 0x000002606851ed80 Thread exited: 0x000002606851ed80
Event: 308.933 Thread 0x000002606851d9d0 Thread exited: 0x000002606851d9d0
Event: 310.855 Thread 0x0000026068520e50 Thread exited: 0x0000026068520e50
Event: 310.855 Thread 0x000002606851d340 Thread exited: 0x000002606851d340
Event: 310.855 Thread 0x000002606851ccb0 Thread exited: 0x000002606851ccb0
Event: 310.886 Thread 0x000002606851c620 Thread exited: 0x000002606851c620
Event: 311.074 Thread 0x000002606851f410 Thread exited: 0x000002606851f410
Event: 311.120 Thread 0x000002606851faa0 Thread exited: 0x000002606851faa0
Event: 311.166 Thread 0x000002606851e6f0 Thread exited: 0x000002606851e6f0
Event: 311.182 Thread 0x00000260669c2360 Thread exited: 0x00000260669c2360
Event: 324.915 Thread 0x00000260719a3ea0 Thread exited: 0x00000260719a3ea0
Event: 364.201 Thread 0x00000260669c3080 Thread exited: 0x00000260669c3080
Event: 371.168 Thread 0x00000260719a86d0 Thread exited: 0x00000260719a86d0
Event: 384.921 Thread 0x00000260719a2af0 Thread exited: 0x00000260719a2af0
Event: 431.183 Thread 0x00000260719a7320 Thread exited: 0x00000260719a7320
Event: 444.933 Thread 0x00000260719a93f0 Thread exited: 0x00000260719a93f0
Event: 491.196 Thread 0x00000260719a5f70 Thread exited: 0x00000260719a5f70


Dynamic libraries:
0x00007ff6a86f0000 - 0x00007ff6a86fe000 	c:\Users\user\.vscode\extensions\redhat.java-1.51.0-win32-x64\jre\21.0.9-win32-x86_64\bin\java.exe
0x00007fff2e910000 - 0x00007fff2eb28000 	C:\WINDOWS\SYSTEM32\ntdll.dll
0x00007fff2dfd0000 - 0x00007fff2e094000 	C:\WINDOWS\System32\KERNEL32.DLL
0x00007fff2bd30000 - 0x00007fff2c103000 	C:\WINDOWS\System32\KERNELBASE.dll
0x00007fff2bb90000 - 0x00007fff2bca1000 	C:\WINDOWS\System32\ucrtbase.dll
0x00007fff08f20000 - 0x00007fff08f38000 	c:\Users\user\.vscode\extensions\redhat.java-1.51.0-win32-x64\jre\21.0.9-win32-x86_64\bin\jli.dll
0x00007fff015b0000 - 0x00007fff015ce000 	c:\Users\user\.vscode\extensions\redhat.java-1.51.0-win32-x64\jre\21.0.9-win32-x86_64\bin\VCRUNTIME140.dll
0x00007fff2da40000 - 0x00007fff2dbf2000 	C:\WINDOWS\System32\USER32.dll
0x00007fff2c4e0000 - 0x00007fff2c506000 	C:\WINDOWS\System32\win32u.dll
0x00007fff2cfc0000 - 0x00007fff2cfe9000 	C:\WINDOWS\System32\GDI32.dll
0x00007fff2c110000 - 0x00007fff2c22b000 	C:\WINDOWS\System32\gdi32full.dll
0x00007fff2c510000 - 0x00007fff2c5aa000 	C:\WINDOWS\System32\msvcp_win.dll
0x00007fff18890000 - 0x00007fff18b2c000 	C:\WINDOWS\WinSxS\amd64_microsoft.windows.common-controls_6595b64144ccf1df_6.0.22621.6060_none_2712eda17382d24b\COMCTL32.dll
0x00007fff2e0a0000 - 0x00007fff2e147000 	C:\WINDOWS\System32\msvcrt.dll
0x00007fff2c630000 - 0x00007fff2c661000 	C:\WINDOWS\System32\IMM32.DLL
0x000000006d3d0000 - 0x000000006d3dc000 	C:\Program Files (x86)\360\Total Security\safemon\SafeWrapper.dll
0x00007fff2cce0000 - 0x00007fff2cd91000 	C:\WINDOWS\System32\ADVAPI32.dll
0x00007fff2e1b0000 - 0x00007fff2e258000 	C:\WINDOWS\System32\sechost.dll
0x00007fff2ba20000 - 0x00007fff2ba48000 	C:\WINDOWS\System32\bcrypt.dll
0x00007fff2de20000 - 0x00007fff2df38000 	C:\WINDOWS\System32\RPCRT4.dll
0x00007ffefe8b0000 - 0x00007ffefe95c000 	C:\Program Files (x86)\360\Total Security\safemon\libzdtp64.dll
0x00007fff2cff0000 - 0x00007fff2d88c000 	C:\WINDOWS\System32\SHELL32.dll
0x00007fff2c3a0000 - 0x00007fff2c4df000 	C:\WINDOWS\System32\wintypes.dll
0x00007fff2e400000 - 0x00007fff2e791000 	C:\WINDOWS\System32\combase.dll
0x00007fff2cdb0000 - 0x00007fff2ce19000 	C:\WINDOWS\System32\SHLWAPI.dll
0x00007fff2b460000 - 0x00007fff2b46a000 	C:\WINDOWS\SYSTEM32\VERSION.dll
0x00007fff015a0000 - 0x00007fff015ac000 	c:\Users\user\.vscode\extensions\redhat.java-1.51.0-win32-x64\jre\21.0.9-win32-x86_64\bin\vcruntime140_1.dll
0x00007ffeff080000 - 0x00007ffeff10d000 	c:\Users\user\.vscode\extensions\redhat.java-1.51.0-win32-x64\jre\21.0.9-win32-x86_64\bin\msvcp140.dll
0x00007ffec3060000 - 0x00007ffec3e00000 	c:\Users\user\.vscode\extensions\redhat.java-1.51.0-win32-x64\jre\21.0.9-win32-x86_64\bin\server\jvm.dll
0x00007fff2df50000 - 0x00007fff2dfc1000 	C:\WINDOWS\System32\WS2_32.dll
0x00007fff2b7f0000 - 0x00007fff2b83d000 	C:\WINDOWS\SYSTEM32\POWRPROF.dll
0x00007fff24890000 - 0x00007fff248c4000 	C:\WINDOWS\SYSTEM32\WINMM.dll
0x00007fff2b6d0000 - 0x00007fff2b6e3000 	C:\WINDOWS\SYSTEM32\UMPDC.dll
0x00007fff2a990000 - 0x00007fff2a9a8000 	C:\WINDOWS\SYSTEM32\kernel.appcore.dll
0x00007fff01590000 - 0x00007fff0159a000 	c:\Users\user\.vscode\extensions\redhat.java-1.51.0-win32-x64\jre\21.0.9-win32-x86_64\bin\jimage.dll
0x00007fff29210000 - 0x00007fff29443000 	C:\WINDOWS\SYSTEM32\DBGHELP.DLL
0x00007fff2e270000 - 0x00007fff2e348000 	C:\WINDOWS\System32\OLEAUT32.dll
0x00007fff291d0000 - 0x00007fff29202000 	C:\WINDOWS\SYSTEM32\dbgcore.DLL
0x00007fff2bb10000 - 0x00007fff2bb8b000 	C:\WINDOWS\System32\bcryptPrimitives.dll
0x00007fff26cf0000 - 0x00007fff26cff000 	c:\Users\user\.vscode\extensions\redhat.java-1.51.0-win32-x64\jre\21.0.9-win32-x86_64\bin\instrument.dll
0x00007ffefeff0000 - 0x00007ffeff010000 	c:\Users\user\.vscode\extensions\redhat.java-1.51.0-win32-x64\jre\21.0.9-win32-x86_64\bin\java.dll
0x00007fff298b0000 - 0x00007fff2a1ca000 	C:\WINDOWS\SYSTEM32\windows.storage.dll
0x00007fff2ce90000 - 0x00007fff2cf94000 	C:\WINDOWS\System32\SHCORE.dll
0x00007fff2b950000 - 0x00007fff2b975000 	C:\WINDOWS\SYSTEM32\profapi.dll
0x00007fff01560000 - 0x00007fff01578000 	c:\Users\user\.vscode\extensions\redhat.java-1.51.0-win32-x64\jre\21.0.9-win32-x86_64\bin\zip.dll
0x00007fff01550000 - 0x00007fff01560000 	C:\Users\user\.vscode\extensions\redhat.java-1.51.0-win32-x64\jre\21.0.9-win32-x86_64\bin\net.dll
0x00007fff28f80000 - 0x00007fff290ac000 	C:\WINDOWS\SYSTEM32\WINHTTP.dll
0x00007fff2ae70000 - 0x00007fff2aed9000 	C:\WINDOWS\system32\mswsock.dll
0x00007ffeff020000 - 0x00007ffeff036000 	C:\Users\user\.vscode\extensions\redhat.java-1.51.0-win32-x64\jre\21.0.9-win32-x86_64\bin\nio.dll
0x00007fff14740000 - 0x00007fff14750000 	c:\Users\user\.vscode\extensions\redhat.java-1.51.0-win32-x64\jre\21.0.9-win32-x86_64\bin\verify.dll
0x00007fff04790000 - 0x00007fff047d4000 	C:\Users\user\AppData\Roaming\Code\User\globalStorage\redhat.java\1.51.0\config_win\org.eclipse.equinox.launcher\org.eclipse.equinox.launcher.win32.win32.x86_64_1.2.1400.v20250801-0854\eclipse_11916.dll
0x00007fff2d890000 - 0x00007fff2da31000 	C:\WINDOWS\System32\ole32.dll
0x00007fff2b0c0000 - 0x00007fff2b0db000 	C:\WINDOWS\SYSTEM32\CRYPTSP.dll
0x00007fff2a8f0000 - 0x00007fff2a927000 	C:\WINDOWS\system32\rsaenh.dll
0x00007fff2af60000 - 0x00007fff2af88000 	C:\WINDOWS\SYSTEM32\USERENV.dll
0x00007fff2b0e0000 - 0x00007fff2b0ec000 	C:\WINDOWS\SYSTEM32\CRYPTBASE.dll
0x00007fff2a420000 - 0x00007fff2a44d000 	C:\WINDOWS\SYSTEM32\IPHLPAPI.DLL
0x00007fff2df40000 - 0x00007fff2df49000 	C:\WINDOWS\System32\NSI.dll
0x00007fff031b0000 - 0x00007fff031f9000 	C:\Users\user\AppData\Local\Temp\jna-3599307\jna5990357297834200959.dll
0x00007fff2e150000 - 0x00007fff2e158000 	C:\WINDOWS\System32\PSAPI.DLL
0x00007fff244c0000 - 0x00007fff244d9000 	C:\WINDOWS\SYSTEM32\dhcpcsvc6.DLL
0x00007fff244a0000 - 0x00007fff244bf000 	C:\WINDOWS\SYSTEM32\dhcpcsvc.DLL
0x00007fff26dc0000 - 0x00007fff26dce000 	C:\Users\user\.vscode\extensions\redhat.java-1.51.0-win32-x64\jre\21.0.9-win32-x86_64\bin\sunmscapi.dll
0x00007fff2c230000 - 0x00007fff2c398000 	C:\WINDOWS\System32\CRYPT32.dll
0x00007fff2b280000 - 0x00007fff2b2ae000 	C:\WINDOWS\SYSTEM32\ncrypt.dll
0x00007fff2b240000 - 0x00007fff2b277000 	C:\WINDOWS\SYSTEM32\NTASN1.dll
0x00007fff2a450000 - 0x00007fff2a548000 	C:\WINDOWS\SYSTEM32\DNSAPI.dll
0x00007fff238e0000 - 0x00007fff238ea000 	C:\Windows\System32\rasadhlp.dll
0x00007fff23490000 - 0x00007fff23514000 	C:\WINDOWS\System32\fwpuclnt.dll
0x00007fff0f8b0000 - 0x00007fff0f8b9000 	C:\Users\user\.vscode\extensions\redhat.java-1.51.0-win32-x64\jre\21.0.9-win32-x86_64\bin\extnet.dll

JVMTI agents:
c:\Users\user\.vscode\extensions\redhat.java-1.51.0-win32-x64\lombok\lombok-1.18.39-4050.jar path:c:\Users\user\.vscode\extensions\redhat.java-1.51.0-win32-x64\jre\21.0.9-win32-x86_64\bin\instrument.dll, loaded, initialized, instrumentlib options:none

dbghelp: loaded successfully - version: 4.0.5 - missing functions: none
symbol engine: initialized successfully - sym options: 0x614 - pdb path: .;c:\Users\user\.vscode\extensions\redhat.java-1.51.0-win32-x64\jre\21.0.9-win32-x86_64\bin;C:\WINDOWS\SYSTEM32;C:\WINDOWS\WinSxS\amd64_microsoft.windows.common-controls_6595b64144ccf1df_6.0.22621.6060_none_2712eda17382d24b;C:\Program Files (x86)\360\Total Security\safemon;c:\Users\user\.vscode\extensions\redhat.java-1.51.0-win32-x64\jre\21.0.9-win32-x86_64\bin\server;C:\Users\user\AppData\Roaming\Code\User\globalStorage\redhat.java\1.51.0\config_win\org.eclipse.equinox.launcher\org.eclipse.equinox.launcher.win32.win32.x86_64_1.2.1400.v20250801-0854;C:\Users\user\AppData\Local\Temp\jna-3599307

VM Arguments:
jvm_args: --add-modules=ALL-SYSTEM --add-opens=java.base/java.util=ALL-UNNAMED --add-opens=java.base/java.lang=ALL-UNNAMED --add-opens=java.base/sun.nio.fs=ALL-UNNAMED -Declipse.application=org.eclipse.jdt.ls.core.id1 -Dosgi.bundles.defaultStartLevel=4 -Declipse.product=org.eclipse.jdt.ls.core.product -Djava.import.generatesMetadataFilesAtProjectRoot=false -DDetectVMInstallationsJob.disabled=true -Dfile.encoding=utf8 -XX:+UseParallelGC -XX:GCTimeRatio=4 -XX:AdaptiveSizePolicyWeight=90 -Dsun.zip.disableMemoryMapping=true -Xmx2G -Xms100m -Xlog:disable -javaagent:c:\Users\user\.vscode\extensions\redhat.java-1.51.0-win32-x64\lombok\lombok-1.18.39-4050.jar -XX:+HeapDumpOnOutOfMemoryError -XX:HeapDumpPath=c:\Users\user\AppData\Roaming\Code\User\workspaceStorage\0674b5c6fcfe98aa21c3e4592ae7b086\redhat.java -Daether.dependencyCollector.impl=bf 
java_command: c:\Users\user\.vscode\extensions\redhat.java-1.51.0-win32-x64\server\plugins\org.eclipse.equinox.launcher_1.7.100.v20251111-0406.jar -configuration c:\Users\user\AppData\Roaming\Code\User\globalStorage\redhat.java\1.51.0\config_win -data c:\Users\user\AppData\Roaming\Code\User\workspaceStorage\0674b5c6fcfe98aa21c3e4592ae7b086\redhat.java\jdt_ws --pipe=\\.\pipe\lsp-4fbed3c728e83c4462f5fbe4de6cdd62-sock
java_class_path (initial): c:\Users\user\.vscode\extensions\redhat.java-1.51.0-win32-x64\server\plugins\org.eclipse.equinox.launcher_1.7.100.v20251111-0406.jar
Launcher Type: SUN_STANDARD

[Global flags]
    uintx AdaptiveSizePolicyWeight                 = 90                                        {product} {command line}
     intx CICompilerCount                          = 4                                         {product} {ergonomic}
    uintx GCTimeRatio                              = 4                                         {product} {command line}
     bool HeapDumpOnOutOfMemoryError               = true                                   {manageable} {command line}
    ccstr HeapDumpPath                             = c:\Users\user\AppData\Roaming\Code\User\workspaceStorage\0674b5c6fcfe98aa21c3e4592ae7b086\redhat.java         {manageable} {command line}
   size_t InitialHeapSize                          = 104857600                                 {product} {command line}
   size_t MaxHeapSize                              = 2147483648                                {product} {command line}
   size_t MaxNewSize                               = 715653120                                 {product} {ergonomic}
   size_t MinHeapDeltaBytes                        = 524288                                    {product} {ergonomic}
   size_t MinHeapSize                              = 104857600                                 {product} {command line}
   size_t NewSize                                  = 34603008                                  {product} {ergonomic}
    uintx NonNMethodCodeHeapSize                   = 5839372                                {pd product} {ergonomic}
    uintx NonProfiledCodeHeapSize                  = 122909434                              {pd product} {ergonomic}
   size_t OldSize                                  = 70254592                                  {product} {ergonomic}
    uintx ProfiledCodeHeapSize                     = 122909434                              {pd product} {ergonomic}
    uintx ReservedCodeCacheSize                    = 251658240                              {pd product} {ergonomic}
     bool SegmentedCodeCache                       = true                                      {product} {ergonomic}
   size_t SoftMaxHeapSize                          = 2147483648                             {manageable} {ergonomic}
     bool UseCompressedOops                        = true                           {product lp64_product} {ergonomic}
     bool UseLargePagesIndividualAllocation        = false                                  {pd product} {ergonomic}
     bool UseParallelGC                            = true                                      {product} {command line}

Logging:
Log output configuration:
 #0: stdout all=off uptime,level,tags foldmultilines=false
 #1: stderr all=off uptime,level,tags foldmultilines=false

Release file:
JAVA_VERSION="21.0.9" 
MODULES="java.base java.compiler java.datatransfer java.xml java.prefs java.desktop java.instrument java.logging java.management java.security.sasl java.naming java.rmi java.management.rmi java.net.http java.scripting java.security.jgss java.transaction.xa java.sql java.sql.rowset java.xml.crypto java.se java.smartcardio jdk.accessibility jdk.internal.jvmstat jdk.attach jdk.charsets jdk.internal.opt jdk.zipfs jdk.compiler jdk.crypto.ec jdk.crypto.cryptoki jdk.crypto.mscapi jdk.dynalink jdk.internal.ed jdk.editpad jdk.hotspot.agent jdk.httpserver jdk.internal.le jdk.internal.vm.ci jdk.internal.vm.compiler jdk.internal.vm.compiler.management jdk.jartool jdk.javadoc jdk.jcmd jdk.management jdk.management.agent jdk.jconsole jdk.jdeps jdk.jdwp.agent jdk.jdi jdk.jfr jdk.jshell jdk.jsobject jdk.jstatd jdk.localedata jdk.management.jfr jdk.naming.dns jdk.naming.rmi jdk.net jdk.nio.mapmode jdk.random jdk.sctp jdk.security.auth jdk.security.jgss jdk.unsupported jdk.unsupported.desktop jdk.xml.dom" 

Environment Variables:
PATH=C:\Program Files\Eclipse Adoptium\jdk-17.0.17.10-hotspot\bin;C:\WINDOWS\system32;C:\WINDOWS;C:\WINDOWS\System32\Wbem;C:\WINDOWS\System32\WindowsPowerShell\v1.0\;C:\WINDOWS\System32\OpenSSH\;C:\Program Files\Git\cmd;C:\Program Files\nodejs\;C:\Program Files\MySQL\MySQL Shell 8.0\bin\;C:\Users\user\AppData\Local\Programs\Python\Launcher\;C:\Users\user\AppData\Local\Microsoft\WindowsApps;C:\Users\user\AppData\Local\Programs\Microsoft VS Code\bin;C:\Users\user\AppData\Roaming\npm;C:\Users\user\AppData\Local\Google\Cloud SDK\google-cloud-sdk\bin;C:\Users\user\AppData\Local\Microsoft\WinGet\Packages\Cloudflare.cloudflared_Microsoft.Winget.Source_8wekyb3d8bbwe;
USERNAME=user
OS=Windows_NT
PROCESSOR_IDENTIFIER=Intel64 Family 6 Model 126 Stepping 5, GenuineIntel
TMP=C:\Users\user\AppData\Local\Temp
TEMP=C:\Users\user\AppData\Local\Temp




Periodic native trim disabled

---------------  S Y S T E M  ---------------

OS:
 Windows 11 , 64 bit Build 22621 (10.0.22621.5415)
OS uptime: 4 days 20:40 hours

CPU: total 8 (initial active 8) (4 cores per cpu, 2 threads per core) family 6 model 126 stepping 5 microcode 0x86, cx8, cmov, fxsr, ht, mmx, 3dnowpref, sse, sse2, sse3, ssse3, sse4.1, sse4.2, popcnt, lzcnt, tsc, tscinvbit, avx, avx2, aes, erms, clmul, bmi1, bmi2, adx, avx512f, avx512dq, avx512cd, avx512bw, avx512vl, sha, fma, vzeroupper, avx512_vpopcntdq, avx512_vpclmulqdq, avx512_vaes, avx512_vnni, clflush, clflushopt, avx512_vbmi2, avx512_vbmi, rdtscp, rdpid, fsrm, gfni, avx512_bitalg, f16c, pku, avx512_ifma
Processor Information for the first 8 processors :
  Max Mhz: 1498, Current Mhz: 1298, Mhz Limit: 1288

Memory: 4k page, system-wide physical 7901M (505M free)
TotalPageFile size 32477M (AvailPageFile size 6M)
current process WorkingSet (physical memory assigned to process): 414M, peak: 503M
current process commit charge ("private bytes"): 498M, peak: 568M

vm_info: OpenJDK 64-Bit Server VM (21.0.9+10-LTS) for windows-amd64 JRE (21.0.9+10-LTS), built on 2025-10-21T00:00:00Z by "admin" with unknown MS VC++:1942

END.
