#
# There is insufficient memory for the Java Runtime Environment to continue.
# Native memory allocation (malloc) failed to allocate 32744 bytes. Error detail: Chunk::new
# Possible reasons:
#   The system is out of physical RAM or swap space
#   This process is running with CompressedOops enabled, and the Java Heap may be blocking the growth of the native heap
# Possible solutions:
#   Reduce memory load on the system
#   Increase physical memory or swap space
#   Check if swap backing store is full
#   Decrease Java heap size (-Xmx/-Xms)
#   Decrease number of Java threads
#   Decrease Java thread stack sizes (-Xss)
#   Set larger code cache with -XX:ReservedCodeCacheSize=
#   JVM is running with Unscaled Compressed Oops mode in which the Java heap is
#     placed in the first 4GB address space. The Java Heap base address is the
#     maximum limit for the native heap growth. Please use -XX:HeapBaseMinAddress
#     to set the Java Heap base and to place the Java Heap above 4GB virtual address.
# This output file may be truncated or incomplete.
#
#  Out of Memory Error (arena.cpp:168), pid=41112, tid=96724
#
# JRE version: OpenJDK Runtime Environment Temurin-21.0.9+10 (21.0.9+10) (build 21.0.9+10-LTS)
# Java VM: OpenJDK 64-Bit Server VM Temurin-21.0.9+10 (21.0.9+10-LTS, mixed mode, sharing, tiered, compressed oops, compressed class ptrs, parallel gc, windows-amd64)
# No core dump will be written. Minidumps are not enabled by default on client versions of Windows
#

---------------  S U M M A R Y ------------

Command Line: --add-modules=ALL-SYSTEM --add-opens=java.base/java.util=ALL-UNNAMED --add-opens=java.base/java.lang=ALL-UNNAMED --add-opens=java.base/sun.nio.fs=ALL-UNNAMED -Declipse.application=org.eclipse.jdt.ls.core.id1 -Dosgi.bundles.defaultStartLevel=4 -Declipse.product=org.eclipse.jdt.ls.core.product -Djava.import.generatesMetadataFilesAtProjectRoot=false -DDetectVMInstallationsJob.disabled=true -Dfile.encoding=utf8 -XX:+UseParallelGC -XX:GCTimeRatio=4 -XX:AdaptiveSizePolicyWeight=90 -Dsun.zip.disableMemoryMapping=true -Xmx2G -Xms100m -Xlog:disable -javaagent:c:\Users\user\.vscode\extensions\redhat.java-1.52.0-win32-x64\lombok\lombok-1.18.39-4050.jar c:\Users\user\.vscode\extensions\redhat.java-1.52.0-win32-x64\server\plugins\org.eclipse.equinox.launcher_1.7.100.v20251111-0406.jar -configuration c:\Users\user\AppData\Roaming\Code\User\globalStorage\redhat.java\1.52.0\config_ss_win -data c:\Users\user\AppData\Roaming\Code\User\workspaceStorage\0674b5c6fcfe98aa21c3e4592ae7b086\redhat.java\ss_ws --pipe=\\.\pipe\lsp-327c244a1b2b873f1037709afccbfe2f-sock

Host: Intel(R) Core(TM) i7-1065G7 CPU @ 1.30GHz, 8 cores, 7G,  Windows 11 , 64 bit Build 22621 (10.0.22621.5415)
Time: Wed Feb  4 19:33:19 2026 elapsed time: 14.683139 seconds (0d 0h 0m 14s)

---------------  T H R E A D  ---------------

Current thread (0x00000139746652e0):  JavaThread "C1 CompilerThread0" daemon [_thread_in_native, id=96724, stack(0x0000001651800000,0x0000001651900000) (1024K)]


Current CompileTask:
C1:14683 3808   !   3       java.lang.invoke.BootstrapMethodInvoker::invoke (974 bytes)

Stack: [0x0000001651800000,0x0000001651900000]
Native frames: (J=compiled Java code, j=interpreted, Vv=VM code, C=native code)
V  [jvm.dll+0x6d6e29]
V  [jvm.dll+0x8b4b76]
V  [jvm.dll+0x8b712e]
V  [jvm.dll+0x8b7813]
V  [jvm.dll+0x283d86]
V  [jvm.dll+0xc66ed]
V  [jvm.dll+0xc6c31]
V  [jvm.dll+0x135b5f]
V  [jvm.dll+0x18039a]
V  [jvm.dll+0x16e500]
V  [jvm.dll+0x1572e7]
V  [jvm.dll+0x156c17]
V  [jvm.dll+0x156e44]
V  [jvm.dll+0x15625c]
V  [jvm.dll+0x157fed]
V  [jvm.dll+0x25b29d]
V  [jvm.dll+0x25982a]
V  [jvm.dll+0x3f7ea6]
V  [jvm.dll+0x85e9ad]
V  [jvm.dll+0x6d565d]
C  [ucrtbase.dll+0x29333]
C  [KERNEL32.DLL+0x1259d]
C  [ntdll.dll+0x5af78]


---------------  P R O C E S S  ---------------

Threads class SMR info:
_java_thread_list=0x000001397f49a230, length=35, elements={
0x00000139745d43d0, 0x0000013974557860, 0x000001397d7f75b0, 0x000001397d7fa9b0,
0x000001397d7fbb40, 0x000001397d7ff560, 0x0000013974654120, 0x00000139746620e0,
0x00000139746652e0, 0x000001397da35e00, 0x000001397dc0fa10, 0x000001397e58a8c0,
0x000001397e1d4820, 0x000001397e17ac50, 0x000001397e67c5e0, 0x000001397e70b490,
0x000001397e826770, 0x000001397e837ff0, 0x000001397e82f760, 0x0000013954d2add0,
0x0000013954d2b460, 0x0000013954d2cea0, 0x0000013954d2c810, 0x0000013954d2baf0,
0x0000013954d2c180, 0x0000013954d2d530, 0x0000013954d2dbc0, 0x0000013954d2e250,
0x0000013954fb0b80, 0x0000013954fb1210, 0x0000013954fafe60, 0x0000013954fb04f0,
0x0000013954fb32e0, 0x0000013954fb18a0, 0x0000013954fb25c0
}
_to_delete_list=0x000001397f49a230
Skipping _to_delete_list fields and contents for safety.
The _java_thread_list has changed from 0x000001397f49a230 to 0x000001397edeb670 so some of the above information may be stale.

Java Threads: ( => current thread )
  0x00000139745d43d0 JavaThread "main"                              [_thread_blocked, id=143844, stack(0x0000001650d00000,0x0000001650e00000) (1024K)]
  0x0000013974557860 JavaThread "Reference Handler"          daemon [_thread_blocked, id=70112, stack(0x0000001651100000,0x0000001651200000) (1024K)]
  0x000001397d7f75b0 JavaThread "Finalizer"                  daemon [_thread_blocked, id=157232, stack(0x0000001651200000,0x0000001651300000) (1024K)]
  0x000001397d7fa9b0 JavaThread "Signal Dispatcher"          daemon [_thread_blocked, id=124520, stack(0x0000001651300000,0x0000001651400000) (1024K)]
  0x000001397d7fbb40 JavaThread "Attach Listener"            daemon [_thread_blocked, id=222400, stack(0x0000001651400000,0x0000001651500000) (1024K)]
  0x000001397d7ff560 JavaThread "Service Thread"             daemon [_thread_blocked, id=126672, stack(0x0000001651500000,0x0000001651600000) (1024K)]
  0x0000013974654120 JavaThread "Monitor Deflation Thread"   daemon [_thread_blocked, id=105980, stack(0x0000001651600000,0x0000001651700000) (1024K)]
  0x00000139746620e0 JavaThread "C2 CompilerThread0"         daemon [_thread_blocked, id=130236, stack(0x0000001651700000,0x0000001651800000) (1024K)]
=>0x00000139746652e0 JavaThread "C1 CompilerThread0"         daemon [_thread_in_native, id=96724, stack(0x0000001651800000,0x0000001651900000) (1024K)]
  0x000001397da35e00 JavaThread "Common-Cleaner"             daemon [_thread_blocked, id=144752, stack(0x0000001651a00000,0x0000001651b00000) (1024K)]
  0x000001397dc0fa10 JavaThread "Notification Thread"        daemon [_thread_blocked, id=143228, stack(0x0000001651b00000,0x0000001651c00000) (1024K)]
  0x000001397e58a8c0 JavaThread "Active Thread: Equinox Container: f661e2c9-e684-43a2-98d7-3d2eca4f1a14"        [_thread_blocked, id=108652, stack(0x0000001652200000,0x0000001652300000) (1024K)]
  0x000001397e1d4820 JavaThread "Framework Event Dispatcher: Equinox Container: f661e2c9-e684-43a2-98d7-3d2eca4f1a14" daemon [_thread_blocked, id=122904, stack(0x0000001652100000,0x0000001652200000) (1024K)]
  0x000001397e17ac50 JavaThread "Start Level: Equinox Container: f661e2c9-e684-43a2-98d7-3d2eca4f1a14" daemon [_thread_blocked, id=117772, stack(0x0000001652300000,0x0000001652400000) (1024K)]
  0x000001397e67c5e0 JavaThread "SCR Component Actor"        daemon [_thread_blocked, id=34692, stack(0x0000001652500000,0x0000001652600000) (1024K)]
  0x000001397e70b490 JavaThread "Worker-JM"                         [_thread_blocked, id=133476, stack(0x0000001652700000,0x0000001652800000) (1024K)]
  0x000001397e826770 JavaThread "JNA Cleaner"                daemon [_thread_blocked, id=130760, stack(0x0000001652600000,0x0000001652700000) (1024K)]
  0x000001397e837ff0 JavaThread "Worker-0"                          [_thread_blocked, id=99964, stack(0x0000001652800000,0x0000001652900000) (1024K)]
  0x000001397e82f760 JavaThread "Worker-1: Shutdown..."             [_thread_blocked, id=121512, stack(0x0000001652900000,0x0000001652a00000) (1024K)]
  0x0000013954d2add0 JavaThread "Thread-1"                   daemon [_thread_in_native, id=103988, stack(0x0000001652e00000,0x0000001652f00000) (1024K)]
  0x0000013954d2b460 JavaThread "Thread-2"                   daemon [_thread_in_native, id=92460, stack(0x0000001652f00000,0x0000001653000000) (1024K)]
  0x0000013954d2cea0 JavaThread "Thread-3"                   daemon [_thread_in_native, id=39304, stack(0x0000001653000000,0x0000001653100000) (1024K)]
  0x0000013954d2c810 JavaThread "Thread-4"                   daemon [_thread_in_native, id=116860, stack(0x0000001653100000,0x0000001653200000) (1024K)]
  0x0000013954d2baf0 JavaThread "Thread-5"                   daemon [_thread_in_native, id=111240, stack(0x0000001653200000,0x0000001653300000) (1024K)]
  0x0000013954d2c180 JavaThread "Thread-6"                   daemon [_thread_in_native, id=110708, stack(0x0000001653300000,0x0000001653400000) (1024K)]
  0x0000013954d2d530 JavaThread "Thread-7"                   daemon [_thread_in_native, id=123044, stack(0x0000001653400000,0x0000001653500000) (1024K)]
  0x0000013954d2dbc0 JavaThread "Thread-8"                   daemon [_thread_in_native, id=140272, stack(0x0000001653500000,0x0000001653600000) (1024K)]
  0x0000013954d2e250 JavaThread "Thread-9"                   daemon [_thread_in_native, id=148580, stack(0x0000001653600000,0x0000001653700000) (1024K)]
  0x0000013954fb0b80 JavaThread "pool-2-thread-1"                   [_thread_blocked, id=135972, stack(0x0000001653700000,0x0000001653800000) (1024K)]
  0x0000013954fb1210 JavaThread "Worker-2"                          [_thread_blocked, id=151480, stack(0x0000001653800000,0x0000001653900000) (1024K)]
  0x0000013954fafe60 JavaThread "WorkspaceEventsHandler"            [_thread_blocked, id=154600, stack(0x0000001653900000,0x0000001653a00000) (1024K)]
  0x0000013954fb04f0 JavaThread "pool-1-thread-1"                   [_thread_blocked, id=134712, stack(0x0000001653a00000,0x0000001653b00000) (1024K)]
  0x0000013954fb32e0 JavaThread "ForkJoinPool.commonPool-worker-1" daemon [_thread_blocked, id=98856, stack(0x0000001652a00000,0x0000001652b00000) (1024K)]
  0x0000013954fb18a0 JavaThread "pool-3-thread-1"                   [_thread_blocked, id=126692, stack(0x0000001652b00000,0x0000001652c00000) (1024K)]
  0x0000013954fb25c0 JavaThread "ForkJoinPool-3-worker-1"    daemon [_thread_in_native, id=159424, stack(0x0000001653b00000,0x0000001653c00000) (1024K)]
  0x0000013954fb2c50 JavaThread "ForkJoinPool-3-worker-2"    daemon [_thread_in_Java, id=152776, stack(0x0000001653c00000,0x0000001653d00000) (1024K)]
Total: 36

Other Threads:
  0x00000139745446c0 VMThread "VM Thread"                           [id=86752, stack(0x0000001651000000,0x0000001651100000) (1024K)]
  0x000001397443c950 WatcherThread "VM Periodic Task Thread"        [id=76944, stack(0x0000001650f00000,0x0000001651000000) (1024K)]
  0x00000139745f1910 WorkerThread "GC Thread#0"                     [id=155476, stack(0x0000001650e00000,0x0000001650f00000) (1024K)]
  0x000001397dbff6e0 WorkerThread "GC Thread#1"                     [id=147596, stack(0x0000001651900000,0x0000001651a00000) (1024K)]
  0x000001397e11cae0 WorkerThread "GC Thread#2"                     [id=122344, stack(0x0000001651c00000,0x0000001651d00000) (1024K)]
  0x000001397e11ce80 WorkerThread "GC Thread#3"                     [id=147384, stack(0x0000001651d00000,0x0000001651e00000) (1024K)]
  0x000001397e11d220 WorkerThread "GC Thread#4"                     [id=142536, stack(0x0000001651e00000,0x0000001651f00000) (1024K)]
  0x000001397e4ee490 WorkerThread "GC Thread#5"                     [id=150028, stack(0x0000001651f00000,0x0000001652000000) (1024K)]
  0x000001397e4ee830 WorkerThread "GC Thread#6"                     [id=103900, stack(0x0000001652000000,0x0000001652100000) (1024K)]
  0x000001397e6adb70 WorkerThread "GC Thread#7"                     [id=209600, stack(0x0000001652400000,0x0000001652500000) (1024K)]
Total: 10

Threads with active compile tasks:
C1 CompilerThread0  14783 3808   !   3       java.lang.invoke.BootstrapMethodInvoker::invoke (974 bytes)
Total: 1

VM state: not at safepoint (normal execution)

VM Mutex/Monitor currently owned by a thread: None

Heap address: 0x0000000080000000, size: 2048 MB, Compressed Oops mode: 32-bit

CDS archive(s) mapped at: [0x000001390f000000-0x000001390fba0000-0x000001390fba0000), size 12189696, SharedBaseAddress: 0x000001390f000000, ArchiveRelocationMode: 1.
Compressed class space mapped at: 0x0000013910000000-0x0000013950000000, reserved size: 1073741824
Narrow klass base: 0x000001390f000000, Narrow klass shift: 0, Narrow klass range: 0x100000000

GC Precious Log:
 CardTable entry size: 512
 CPUs: 8 total, 8 available
 Memory: 7901M
 Large Page Support: Disabled
 NUMA Support: Disabled
 Compressed Oops: Enabled (32-bit)
 Alignments: Space 512K, Generation 512K, Heap 2M
 Heap Min Capacity: 100M
 Heap Initial Capacity: 100M
 Heap Max Capacity: 2G
 Pre-touch: Disabled
 Parallel Workers: 8

Heap:
 PSYoungGen      total 27648K, used 16479K [0x00000000d5580000, 0x00000000d7580000, 0x0000000100000000)
  eden space 22528K, 52% used [0x00000000d5580000,0x00000000d6113de0,0x00000000d6b80000)
  from space 5120K, 90% used [0x00000000d6c00000,0x00000000d7084030,0x00000000d7100000)
  to   space 4608K, 0% used [0x00000000d7100000,0x00000000d7100000,0x00000000d7580000)
 ParOldGen       total 68608K, used 11150K [0x0000000080000000, 0x0000000084300000, 0x00000000d5580000)
  object space 68608K, 16% used [0x0000000080000000,0x0000000080ae39c8,0x0000000084300000)
 Metaspace       used 30656K, committed 31552K, reserved 1114112K
  class space    used 3112K, committed 3520K, reserved 1048576K

Card table byte_map: [0x0000013973f50000,0x0000013974360000] _byte_map_base: 0x0000013973b50000

Marking Bits: (ParMarkBitMap*) 0x00007ffe5a332460
 Begin Bits: [0x0000013977a60000, 0x0000013979a60000)
 End Bits:   [0x0000013979a60000, 0x000001397ba60000)

Polling page: 0x0000013972490000

Metaspace:

Usage:
  Non-class:     26.90 MB used.
      Class:      3.04 MB used.
       Both:     29.94 MB used.

Virtual space:
  Non-class space:       64.00 MB reserved,      27.38 MB ( 43%) committed,  1 nodes.
      Class space:        1.00 GB reserved,       3.44 MB ( <1%) committed,  1 nodes.
             Both:        1.06 GB reserved,      30.81 MB (  3%) committed. 

Chunk freelists:
   Non-Class:  3.87 MB
       Class:  12.51 MB
        Both:  16.39 MB

MaxMetaspaceSize: unlimited
CompressedClassSpaceSize: 1.00 GB
Initial GC threshold: 21.00 MB
Current GC threshold: 35.00 MB
CDS: on
 - commit_granule_bytes: 65536.
 - commit_granule_words: 8192.
 - virtual_space_node_default_size: 8388608.
 - enlarge_chunks_in_place: 1.
 - use_allocation_guard: 0.


Internal statistics:

num_allocs_failed_limit: 3.
num_arena_births: 576.
num_arena_deaths: 14.
num_vsnodes_births: 2.
num_vsnodes_deaths: 0.
num_space_committed: 493.
num_space_uncommitted: 0.
num_chunks_returned_to_freelist: 17.
num_chunks_taken_from_freelist: 1781.
num_chunk_merges: 7.
num_chunk_splits: 1141.
num_chunks_enlarged: 731.
num_inconsistent_stats: 0.

CodeHeap 'non-profiled nmethods': size=120000Kb used=1909Kb max_used=1909Kb free=118090Kb
 bounds [0x0000013907ad0000, 0x0000013907d40000, 0x000001390f000000]
CodeHeap 'profiled nmethods': size=120000Kb used=7344Kb max_used=7344Kb free=112655Kb
 bounds [0x0000013900000000, 0x0000013900730000, 0x0000013907530000]
CodeHeap 'non-nmethods': size=5760Kb used=1362Kb max_used=1417Kb free=4398Kb
 bounds [0x0000013907530000, 0x00000139077a0000, 0x0000013907ad0000]
CodeCache: size=245760Kb, used=10615Kb, max_used=10670Kb, free=235143Kb
 total_blobs=4460, nmethods=3813, adapters=553, full_count=0
Compilation: enabled, stopped_count=0, restarted_count=0

Compilation events (20 events):
Event: 14.611 Thread 0x00000139746652e0 nmethod 3798 0x0000013900722d90 code [0x0000013900722f40, 0x0000013900723168]
Event: 14.611 Thread 0x00000139746652e0 3799       3       java.lang.invoke.BootstrapMethodInvoker::widenAndCast (47 bytes)
Event: 14.612 Thread 0x00000139746652e0 nmethod 3799 0x0000013900723290 code [0x0000013900723500, 0x0000013900723e30]
Event: 14.612 Thread 0x00000139746652e0 3800       3       java.lang.invoke.Invokers::callSiteForm (297 bytes)
Event: 14.614 Thread 0x00000139746652e0 nmethod 3800 0x0000013900724110 code [0x0000013900724420, 0x00000139007256d8]
Event: 14.642 Thread 0x00000139746652e0 3801       3       java.nio.CharBuffer::array (35 bytes)
Event: 14.643 Thread 0x00000139746652e0 nmethod 3801 0x0000013900725f90 code [0x0000013900726160, 0x0000013900726418]
Event: 14.662 Thread 0x00000139746652e0 3802       3       java.io.File::getAbsoluteFile (38 bytes)
Event: 14.662 Thread 0x00000139746652e0 nmethod 3802 0x0000013900726510 code [0x0000013900726700, 0x0000013900726b18]
Event: 14.668 Thread 0x00000139746652e0 3803       3       java.net.URI::appendSchemeSpecificPart (158 bytes)
Event: 14.670 Thread 0x00000139746652e0 nmethod 3803 0x0000013900726c90 code [0x0000013900726fa0, 0x0000013900727bb8]
Event: 14.670 Thread 0x00000139746652e0 3804       3       java.net.URI::appendAuthority (232 bytes)
Event: 14.672 Thread 0x00000139746652e0 nmethod 3804 0x0000013900728190 code [0x0000013900728580, 0x0000013900729a68]
Event: 14.674 Thread 0x00000139746652e0 3805       3       java.net.URI::toString (60 bytes)
Event: 14.675 Thread 0x00000139746652e0 nmethod 3805 0x000001390072a310 code [0x000001390072a540, 0x000001390072ab78]
Event: 14.675 Thread 0x00000139746652e0 3806       3       java.net.URI::appendFragment (27 bytes)
Event: 14.675 Thread 0x00000139746652e0 nmethod 3806 0x000001390072ae90 code [0x000001390072b060, 0x000001390072b338]
Event: 14.675 Thread 0x00000139746652e0 3807       3       java.net.URI::checkPath (38 bytes)
Event: 14.676 Thread 0x00000139746652e0 nmethod 3807 0x000001390072b490 code [0x000001390072b6c0, 0x000001390072be60]
Event: 14.676 Thread 0x00000139746652e0 3808   !   3       java.lang.invoke.BootstrapMethodInvoker::invoke (974 bytes)

GC Heap History (20 events):
Event: 1.766 GC heap before
{Heap before GC invocations=1 (full 0):
 PSYoungGen      total 29696K, used 25600K [0x00000000d5580000, 0x00000000d7680000, 0x0000000100000000)
  eden space 25600K, 100% used [0x00000000d5580000,0x00000000d6e80000,0x00000000d6e80000)
  from space 4096K, 0% used [0x00000000d7280000,0x00000000d7280000,0x00000000d7680000)
  to   space 4096K, 0% used [0x00000000d6e80000,0x00000000d6e80000,0x00000000d7280000)
 ParOldGen       total 68608K, used 0K [0x0000000080000000, 0x0000000084300000, 0x00000000d5580000)
  object space 68608K, 0% used [0x0000000080000000,0x0000000080000000,0x0000000084300000)
 Metaspace       used 4319K, committed 4608K, reserved 1114112K
  class space    used 474K, committed 576K, reserved 1048576K
}
Event: 1.780 GC heap after
{Heap after GC invocations=1 (full 0):
 PSYoungGen      total 29696K, used 3473K [0x00000000d5580000, 0x00000000d7680000, 0x0000000100000000)
  eden space 25600K, 0% used [0x00000000d5580000,0x00000000d5580000,0x00000000d6e80000)
  from space 4096K, 84% used [0x00000000d6e80000,0x00000000d71e44a8,0x00000000d7280000)
  to   space 4096K, 0% used [0x00000000d7280000,0x00000000d7280000,0x00000000d7680000)
 ParOldGen       total 68608K, used 16K [0x0000000080000000, 0x0000000084300000, 0x00000000d5580000)
  object space 68608K, 0% used [0x0000000080000000,0x0000000080004000,0x0000000084300000)
 Metaspace       used 4319K, committed 4608K, reserved 1114112K
  class space    used 474K, committed 576K, reserved 1048576K
}
Event: 3.575 GC heap before
{Heap before GC invocations=2 (full 0):
 PSYoungGen      total 29696K, used 29073K [0x00000000d5580000, 0x00000000d7680000, 0x0000000100000000)
  eden space 25600K, 100% used [0x00000000d5580000,0x00000000d6e80000,0x00000000d6e80000)
  from space 4096K, 84% used [0x00000000d6e80000,0x00000000d71e44a8,0x00000000d7280000)
  to   space 4096K, 0% used [0x00000000d7280000,0x00000000d7280000,0x00000000d7680000)
 ParOldGen       total 68608K, used 16K [0x0000000080000000, 0x0000000084300000, 0x00000000d5580000)
  object space 68608K, 0% used [0x0000000080000000,0x0000000080004000,0x0000000084300000)
 Metaspace       used 8171K, committed 8512K, reserved 1114112K
  class space    used 871K, committed 1024K, reserved 1048576K
}
Event: 3.585 GC heap after
{Heap after GC invocations=2 (full 0):
 PSYoungGen      total 29696K, used 4095K [0x00000000d5580000, 0x00000000d7680000, 0x0000000100000000)
  eden space 25600K, 0% used [0x00000000d5580000,0x00000000d5580000,0x00000000d6e80000)
  from space 4096K, 99% used [0x00000000d7280000,0x00000000d767fe20,0x00000000d7680000)
  to   space 4096K, 0% used [0x00000000d6e80000,0x00000000d6e80000,0x00000000d7280000)
 ParOldGen       total 68608K, used 1283K [0x0000000080000000, 0x0000000084300000, 0x00000000d5580000)
  object space 68608K, 1% used [0x0000000080000000,0x0000000080140ec8,0x0000000084300000)
 Metaspace       used 8171K, committed 8512K, reserved 1114112K
  class space    used 871K, committed 1024K, reserved 1048576K
}
Event: 4.578 GC heap before
{Heap before GC invocations=3 (full 0):
 PSYoungGen      total 29696K, used 29695K [0x00000000d5580000, 0x00000000d7680000, 0x0000000100000000)
  eden space 25600K, 100% used [0x00000000d5580000,0x00000000d6e80000,0x00000000d6e80000)
  from space 4096K, 99% used [0x00000000d7280000,0x00000000d767fe20,0x00000000d7680000)
  to   space 4096K, 0% used [0x00000000d6e80000,0x00000000d6e80000,0x00000000d7280000)
 ParOldGen       total 68608K, used 1283K [0x0000000080000000, 0x0000000084300000, 0x00000000d5580000)
  object space 68608K, 1% used [0x0000000080000000,0x0000000080140ec8,0x0000000084300000)
 Metaspace       used 13026K, committed 13568K, reserved 1114112K
  class space    used 1380K, committed 1600K, reserved 1048576K
}
Event: 4.584 GC heap after
{Heap after GC invocations=3 (full 0):
 PSYoungGen      total 29696K, used 4073K [0x00000000d5580000, 0x00000000d7680000, 0x0000000100000000)
  eden space 25600K, 0% used [0x00000000d5580000,0x00000000d5580000,0x00000000d6e80000)
  from space 4096K, 99% used [0x00000000d6e80000,0x00000000d727a650,0x00000000d7280000)
  to   space 4096K, 0% used [0x00000000d7280000,0x00000000d7280000,0x00000000d7680000)
 ParOldGen       total 68608K, used 3083K [0x0000000080000000, 0x0000000084300000, 0x00000000d5580000)
  object space 68608K, 4% used [0x0000000080000000,0x0000000080302fc0,0x0000000084300000)
 Metaspace       used 13026K, committed 13568K, reserved 1114112K
  class space    used 1380K, committed 1600K, reserved 1048576K
}
Event: 5.428 GC heap before
{Heap before GC invocations=4 (full 0):
 PSYoungGen      total 29696K, used 29673K [0x00000000d5580000, 0x00000000d7680000, 0x0000000100000000)
  eden space 25600K, 100% used [0x00000000d5580000,0x00000000d6e80000,0x00000000d6e80000)
  from space 4096K, 99% used [0x00000000d6e80000,0x00000000d727a650,0x00000000d7280000)
  to   space 4096K, 0% used [0x00000000d7280000,0x00000000d7280000,0x00000000d7680000)
 ParOldGen       total 68608K, used 3083K [0x0000000080000000, 0x0000000084300000, 0x00000000d5580000)
  object space 68608K, 4% used [0x0000000080000000,0x0000000080302fc0,0x0000000084300000)
 Metaspace       used 16650K, committed 17344K, reserved 1114112K
  class space    used 1759K, committed 2048K, reserved 1048576K
}
Event: 5.435 GC heap after
{Heap after GC invocations=4 (full 0):
 PSYoungGen      total 29696K, used 4089K [0x00000000d5580000, 0x00000000d7680000, 0x0000000100000000)
  eden space 25600K, 0% used [0x00000000d5580000,0x00000000d5580000,0x00000000d6e80000)
  from space 4096K, 99% used [0x00000000d7280000,0x00000000d767e458,0x00000000d7680000)
  to   space 4096K, 0% used [0x00000000d6e80000,0x00000000d6e80000,0x00000000d7280000)
 ParOldGen       total 68608K, used 6010K [0x0000000080000000, 0x0000000084300000, 0x00000000d5580000)
  object space 68608K, 8% used [0x0000000080000000,0x00000000805de958,0x0000000084300000)
 Metaspace       used 16650K, committed 17344K, reserved 1114112K
  class space    used 1759K, committed 2048K, reserved 1048576K
}
Event: 5.955 GC heap before
{Heap before GC invocations=5 (full 0):
 PSYoungGen      total 29696K, used 29689K [0x00000000d5580000, 0x00000000d7680000, 0x0000000100000000)
  eden space 25600K, 100% used [0x00000000d5580000,0x00000000d6e80000,0x00000000d6e80000)
  from space 4096K, 99% used [0x00000000d7280000,0x00000000d767e458,0x00000000d7680000)
  to   space 4096K, 0% used [0x00000000d6e80000,0x00000000d6e80000,0x00000000d7280000)
 ParOldGen       total 68608K, used 6010K [0x0000000080000000, 0x0000000084300000, 0x00000000d5580000)
  object space 68608K, 8% used [0x0000000080000000,0x00000000805de958,0x0000000084300000)
 Metaspace       used 19965K, committed 20736K, reserved 1114112K
  class space    used 1993K, committed 2304K, reserved 1048576K
}
Event: 5.963 GC heap after
{Heap after GC invocations=5 (full 0):
 PSYoungGen      total 29184K, used 4068K [0x00000000d5580000, 0x00000000d7900000, 0x0000000100000000)
  eden space 25088K, 0% used [0x00000000d5580000,0x00000000d5580000,0x00000000d6e00000)
  from space 4096K, 99% used [0x00000000d6e80000,0x00000000d72791b0,0x00000000d7280000)
  to   space 5632K, 0% used [0x00000000d7380000,0x00000000d7380000,0x00000000d7900000)
 ParOldGen       total 68608K, used 6296K [0x0000000080000000, 0x0000000084300000, 0x00000000d5580000)
  object space 68608K, 9% used [0x0000000080000000,0x00000000806262e8,0x0000000084300000)
 Metaspace       used 19965K, committed 20736K, reserved 1114112K
  class space    used 1993K, committed 2304K, reserved 1048576K
}
Event: 6.083 GC heap before
{Heap before GC invocations=6 (full 0):
 PSYoungGen      total 29184K, used 8992K [0x00000000d5580000, 0x00000000d7900000, 0x0000000100000000)
  eden space 25088K, 19% used [0x00000000d5580000,0x00000000d5a4eea0,0x00000000d6e00000)
  from space 4096K, 99% used [0x00000000d6e80000,0x00000000d72791b0,0x00000000d7280000)
  to   space 5632K, 0% used [0x00000000d7380000,0x00000000d7380000,0x00000000d7900000)
 ParOldGen       total 68608K, used 6296K [0x0000000080000000, 0x0000000084300000, 0x00000000d5580000)
  object space 68608K, 9% used [0x0000000080000000,0x00000000806262e8,0x0000000084300000)
 Metaspace       used 20791K, committed 21504K, reserved 1114112K
  class space    used 2070K, committed 2368K, reserved 1048576K
}
Event: 6.093 GC heap after
{Heap after GC invocations=6 (full 0):
 PSYoungGen      total 29696K, used 4291K [0x00000000d5580000, 0x00000000d7800000, 0x0000000100000000)
  eden space 25088K, 0% used [0x00000000d5580000,0x00000000d5580000,0x00000000d6e00000)
  from space 4608K, 93% used [0x00000000d7380000,0x00000000d77b0c38,0x00000000d7800000)
  to   space 4608K, 0% used [0x00000000d6f00000,0x00000000d6f00000,0x00000000d7380000)
 ParOldGen       total 68608K, used 6296K [0x0000000080000000, 0x0000000084300000, 0x00000000d5580000)
  object space 68608K, 9% used [0x0000000080000000,0x00000000806262e8,0x0000000084300000)
 Metaspace       used 20791K, committed 21504K, reserved 1114112K
  class space    used 2070K, committed 2368K, reserved 1048576K
}
Event: 6.093 GC heap before
{Heap before GC invocations=7 (full 1):
 PSYoungGen      total 29696K, used 4291K [0x00000000d5580000, 0x00000000d7800000, 0x0000000100000000)
  eden space 25088K, 0% used [0x00000000d5580000,0x00000000d5580000,0x00000000d6e00000)
  from space 4608K, 93% used [0x00000000d7380000,0x00000000d77b0c38,0x00000000d7800000)
  to   space 4608K, 0% used [0x00000000d6f00000,0x00000000d6f00000,0x00000000d7380000)
 ParOldGen       total 68608K, used 6296K [0x0000000080000000, 0x0000000084300000, 0x00000000d5580000)
  object space 68608K, 9% used [0x0000000080000000,0x00000000806262e8,0x0000000084300000)
 Metaspace       used 20791K, committed 21504K, reserved 1114112K
  class space    used 2070K, committed 2368K, reserved 1048576K
}
Event: 6.140 GC heap after
{Heap after GC invocations=7 (full 1):
 PSYoungGen      total 29696K, used 0K [0x00000000d5580000, 0x00000000d7800000, 0x0000000100000000)
  eden space 25088K, 0% used [0x00000000d5580000,0x00000000d5580000,0x00000000d6e00000)
  from space 4608K, 0% used [0x00000000d7380000,0x00000000d7380000,0x00000000d7800000)
  to   space 4608K, 0% used [0x00000000d6f00000,0x00000000d6f00000,0x00000000d7380000)
 ParOldGen       total 68608K, used 9905K [0x0000000080000000, 0x0000000084300000, 0x00000000d5580000)
  object space 68608K, 14% used [0x0000000080000000,0x00000000809ac4a8,0x0000000084300000)
 Metaspace       used 20778K, committed 21504K, reserved 1114112K
  class space    used 2066K, committed 2368K, reserved 1048576K
}
Event: 6.702 GC heap before
{Heap before GC invocations=8 (full 1):
 PSYoungGen      total 29696K, used 25088K [0x00000000d5580000, 0x00000000d7800000, 0x0000000100000000)
  eden space 25088K, 100% used [0x00000000d5580000,0x00000000d6e00000,0x00000000d6e00000)
  from space 4608K, 0% used [0x00000000d7380000,0x00000000d7380000,0x00000000d7800000)
  to   space 4608K, 0% used [0x00000000d6f00000,0x00000000d6f00000,0x00000000d7380000)
 ParOldGen       total 68608K, used 9905K [0x0000000080000000, 0x0000000084300000, 0x00000000d5580000)
  object space 68608K, 14% used [0x0000000080000000,0x00000000809ac4a8,0x0000000084300000)
 Metaspace       used 22442K, committed 23168K, reserved 1114112K
  class space    used 2172K, committed 2496K, reserved 1048576K
}
Event: 6.705 GC heap after
{Heap after GC invocations=8 (full 1):
 PSYoungGen      total 26624K, used 2024K [0x00000000d5580000, 0x00000000d7400000, 0x0000000100000000)
  eden space 24576K, 0% used [0x00000000d5580000,0x00000000d5580000,0x00000000d6d80000)
  from space 2048K, 98% used [0x00000000d6f00000,0x00000000d70fa2b0,0x00000000d7100000)
  to   space 3072K, 0% used [0x00000000d7100000,0x00000000d7100000,0x00000000d7400000)
 ParOldGen       total 68608K, used 9913K [0x0000000080000000, 0x0000000084300000, 0x00000000d5580000)
  object space 68608K, 14% used [0x0000000080000000,0x00000000809ae4a8,0x0000000084300000)
 Metaspace       used 22442K, committed 23168K, reserved 1114112K
  class space    used 2172K, committed 2496K, reserved 1048576K
}
Event: 7.481 GC heap before
{Heap before GC invocations=9 (full 1):
 PSYoungGen      total 26624K, used 26600K [0x00000000d5580000, 0x00000000d7400000, 0x0000000100000000)
  eden space 24576K, 100% used [0x00000000d5580000,0x00000000d6d80000,0x00000000d6d80000)
  from space 2048K, 98% used [0x00000000d6f00000,0x00000000d70fa2b0,0x00000000d7100000)
  to   space 3072K, 0% used [0x00000000d7100000,0x00000000d7100000,0x00000000d7400000)
 ParOldGen       total 68608K, used 9913K [0x0000000080000000, 0x0000000084300000, 0x00000000d5580000)
  object space 68608K, 14% used [0x0000000080000000,0x00000000809ae4a8,0x0000000084300000)
 Metaspace       used 26200K, committed 27072K, reserved 1114112K
  class space    used 2568K, committed 2944K, reserved 1048576K
}
Event: 7.485 GC heap after
{Heap after GC invocations=9 (full 1):
 PSYoungGen      total 26112K, used 3042K [0x00000000d5580000, 0x00000000d7700000, 0x0000000100000000)
  eden space 23040K, 0% used [0x00000000d5580000,0x00000000d5580000,0x00000000d6c00000)
  from space 3072K, 99% used [0x00000000d7100000,0x00000000d73f8808,0x00000000d7400000)
  to   space 5120K, 0% used [0x00000000d6c00000,0x00000000d6c00000,0x00000000d7100000)
 ParOldGen       total 68608K, used 11142K [0x0000000080000000, 0x0000000084300000, 0x00000000d5580000)
  object space 68608K, 16% used [0x0000000080000000,0x0000000080ae19c8,0x0000000084300000)
 Metaspace       used 26200K, committed 27072K, reserved 1114112K
  class space    used 2568K, committed 2944K, reserved 1048576K
}
Event: 8.150 GC heap before
{Heap before GC invocations=10 (full 1):
 PSYoungGen      total 26112K, used 26082K [0x00000000d5580000, 0x00000000d7700000, 0x0000000100000000)
  eden space 23040K, 100% used [0x00000000d5580000,0x00000000d6c00000,0x00000000d6c00000)
  from space 3072K, 99% used [0x00000000d7100000,0x00000000d73f8808,0x00000000d7400000)
  to   space 5120K, 0% used [0x00000000d6c00000,0x00000000d6c00000,0x00000000d7100000)
 ParOldGen       total 68608K, used 11142K [0x0000000080000000, 0x0000000084300000, 0x00000000d5580000)
  object space 68608K, 16% used [0x0000000080000000,0x0000000080ae19c8,0x0000000084300000)
 Metaspace       used 29659K, committed 30464K, reserved 1114112K
  class space    used 2978K, committed 3328K, reserved 1048576K
}
Event: 8.155 GC heap after
{Heap after GC invocations=10 (full 1):
 PSYoungGen      total 27648K, used 4624K [0x00000000d5580000, 0x00000000d7580000, 0x0000000100000000)
  eden space 22528K, 0% used [0x00000000d5580000,0x00000000d5580000,0x00000000d6b80000)
  from space 5120K, 90% used [0x00000000d6c00000,0x00000000d7084030,0x00000000d7100000)
  to   space 4608K, 0% used [0x00000000d7100000,0x00000000d7100000,0x00000000d7580000)
 ParOldGen       total 68608K, used 11150K [0x0000000080000000, 0x0000000084300000, 0x00000000d5580000)
  object space 68608K, 16% used [0x0000000080000000,0x0000000080ae39c8,0x0000000084300000)
 Metaspace       used 29659K, committed 30464K, reserved 1114112K
  class space    used 2978K, committed 3328K, reserved 1048576K
}

Dll operation events (10 events):
Event: 0.024 Loaded shared library c:\Users\user\.vscode\extensions\redhat.java-1.52.0-win32-x64\jre\21.0.9-win32-x86_64\bin\java.dll
Event: 0.065 Loaded shared library c:\Users\user\.vscode\extensions\redhat.java-1.52.0-win32-x64\jre\21.0.9-win32-x86_64\bin\zip.dll
Event: 0.193 Loaded shared library C:\Users\user\.vscode\extensions\redhat.java-1.52.0-win32-x64\jre\21.0.9-win32-x86_64\bin\instrument.dll
Event: 0.207 Loaded shared library C:\Users\user\.vscode\extensions\redhat.java-1.52.0-win32-x64\jre\21.0.9-win32-x86_64\bin\net.dll
Event: 0.215 Loaded shared library C:\Users\user\.vscode\extensions\redhat.java-1.52.0-win32-x64\jre\21.0.9-win32-x86_64\bin\nio.dll
Event: 0.225 Loaded shared library C:\Users\user\.vscode\extensions\redhat.java-1.52.0-win32-x64\jre\21.0.9-win32-x86_64\bin\zip.dll
Event: 0.257 Loaded shared library C:\Users\user\.vscode\extensions\redhat.java-1.52.0-win32-x64\jre\21.0.9-win32-x86_64\bin\jimage.dll
Event: 0.413 Loaded shared library c:\Users\user\.vscode\extensions\redhat.java-1.52.0-win32-x64\jre\21.0.9-win32-x86_64\bin\verify.dll
Event: 3.530 Loaded shared library C:\Users\user\AppData\Roaming\Code\User\globalStorage\redhat.java\1.52.0\config_ss_win\org.eclipse.equinox.launcher\org.eclipse.equinox.launcher.win32.win32.x86_64_1.2.1500.v20260121-1430\eclipse_11919.dll
Event: 5.165 Loaded shared library C:\Users\user\AppData\Local\Temp\jna-3599307\jna1231827934557268743.dll

Deoptimization events (20 events):
Event: 8.113 Thread 0x0000013954fb04f0 Uncommon trap: trap_request=0xffffffde fr.pc=0x0000013907c470f0 relative=0x0000000000000050
Event: 8.113 Thread 0x0000013954fb04f0 Uncommon trap: reason=class_check action=maybe_recompile pc=0x0000013907c470f0 method=java.lang.invoke.DirectMethodHandle.internalMemberName(Ljava/lang/Object;)Ljava/lang/Object; @ 1 c2
Event: 8.113 Thread 0x0000013954fb04f0 DEOPT PACKING pc=0x0000013907c470f0 sp=0x0000001653afec30
Event: 8.113 Thread 0x0000013954fb04f0 DEOPT UNPACKING pc=0x0000013907586da2 sp=0x0000001653afebc0 mode 2
Event: 8.321 Thread 0x0000013954fb04f0 Uncommon trap: trap_request=0xffffff45 fr.pc=0x0000013907b119f0 relative=0x00000000000004f0
Event: 8.321 Thread 0x0000013954fb04f0 Uncommon trap: reason=unstable_if action=reinterpret pc=0x0000013907b119f0 method=java.util.HashMap$HashIterator.<init>(Ljava/util/HashMap;)V @ 45 c2
Event: 8.321 Thread 0x0000013954fb04f0 DEOPT PACKING pc=0x0000013907b119f0 sp=0x0000001653afe9d0
Event: 8.321 Thread 0x0000013954fb04f0 DEOPT UNPACKING pc=0x0000013907586da2 sp=0x0000001653afe840 mode 2
Event: 8.339 Thread 0x0000013954fb04f0 Uncommon trap: trap_request=0xffffff45 fr.pc=0x0000013907ca1f8c relative=0x000000000000162c
Event: 8.339 Thread 0x0000013954fb04f0 Uncommon trap: reason=unstable_if action=reinterpret pc=0x0000013907ca1f8c method=org.eclipse.core.internal.watson.ElementTree.includes(Lorg/eclipse/core/runtime/IPath;)Z @ 6 c2
Event: 8.339 Thread 0x0000013954fb04f0 DEOPT PACKING pc=0x0000013907ca1f8c sp=0x0000001653afe7d0
Event: 8.339 Thread 0x0000013954fb04f0 DEOPT UNPACKING pc=0x0000013907586da2 sp=0x0000001653afe770 mode 2
Event: 8.339 Thread 0x0000013954fb04f0 Uncommon trap: trap_request=0xffffff45 fr.pc=0x0000013907c9f854 relative=0x0000000000000bd4
Event: 8.339 Thread 0x0000013954fb04f0 Uncommon trap: reason=unstable_if action=reinterpret pc=0x0000013907c9f854 method=org.eclipse.core.internal.dtree.DeltaDataTree.lookup(Lorg/eclipse/core/runtime/IPath;)Lorg/eclipse/core/internal/dtree/DataTreeLookup; @ 111 c2
Event: 8.339 Thread 0x0000013954fb04f0 DEOPT PACKING pc=0x0000013907c9f854 sp=0x0000001653afe710
Event: 8.339 Thread 0x0000013954fb04f0 DEOPT UNPACKING pc=0x0000013907586da2 sp=0x0000001653afe6a8 mode 2
Event: 8.339 Thread 0x0000013954fb04f0 Uncommon trap: trap_request=0xffffff45 fr.pc=0x0000013907c9d9cc relative=0x0000000000000eac
Event: 8.339 Thread 0x0000013954fb04f0 Uncommon trap: reason=unstable_if action=reinterpret pc=0x0000013907c9d9cc method=org.eclipse.core.internal.dtree.DeltaDataTree.lookup(Lorg/eclipse/core/runtime/IPath;)Lorg/eclipse/core/internal/dtree/DataTreeLookup; @ 111 c2
Event: 8.339 Thread 0x0000013954fb04f0 DEOPT PACKING pc=0x0000013907c9d9cc sp=0x0000001653afe760
Event: 8.339 Thread 0x0000013954fb04f0 DEOPT UNPACKING pc=0x0000013907586da2 sp=0x0000001653afe6a8 mode 2

Classes loaded (20 events):
Event: 8.289 Loading class sun/nio/ch/WindowsAsynchronousFileChannelImpl$WriteTask
Event: 8.289 Loading class sun/nio/ch/WindowsAsynchronousFileChannelImpl$WriteTask done
Event: 14.521 Loading class java/util/concurrent/CompletableFuture$UniApply
Event: 14.521 Loading class java/util/concurrent/CompletableFuture$UniCompletion
Event: 14.521 Loading class java/util/concurrent/CompletableFuture$UniCompletion done
Event: 14.521 Loading class java/util/concurrent/CompletableFuture$UniApply done
Event: 14.522 Loading class java/util/concurrent/CancellationException
Event: 14.522 Loading class java/util/concurrent/CancellationException done
Event: 14.523 Loading class java/util/concurrent/CompletableFuture$UniAccept
Event: 14.524 Loading class java/util/concurrent/CompletableFuture$UniAccept done
Event: 14.524 Loading class java/util/concurrent/CompletableFuture$UniExceptionally
Event: 14.524 Loading class java/util/concurrent/CompletableFuture$UniExceptionally done
Event: 14.554 Loading class java/util/concurrent/Executors$DelegatedScheduledExecutorService
Event: 14.554 Loading class java/util/concurrent/Executors$DelegatedExecutorService
Event: 14.555 Loading class java/util/concurrent/Executors$DelegatedExecutorService done
Event: 14.555 Loading class java/util/concurrent/Executors$DelegatedScheduledExecutorService done
Event: 14.609 Loading class java/util/concurrent/ConcurrentHashMap$EntrySpliterator
Event: 14.609 Loading class java/util/concurrent/ConcurrentHashMap$EntrySpliterator done
Event: 14.677 Loading class java/util/concurrent/ForkJoinTask$AdaptedCallable
Event: 14.677 Loading class java/util/concurrent/ForkJoinTask$AdaptedCallable done

Classes unloaded (7 events):
Event: 6.100 Thread 0x00000139745446c0 Unloading class 0x0000013910189000 'java/lang/invoke/LambdaForm$MH+0x0000013910189000'
Event: 6.100 Thread 0x00000139745446c0 Unloading class 0x0000013910188c00 'java/lang/invoke/LambdaForm$MH+0x0000013910188c00'
Event: 6.100 Thread 0x00000139745446c0 Unloading class 0x0000013910188800 'java/lang/invoke/LambdaForm$MH+0x0000013910188800'
Event: 6.100 Thread 0x00000139745446c0 Unloading class 0x0000013910188400 'java/lang/invoke/LambdaForm$MH+0x0000013910188400'
Event: 6.100 Thread 0x00000139745446c0 Unloading class 0x0000013910188000 'java/lang/invoke/LambdaForm$BMH+0x0000013910188000'
Event: 6.100 Thread 0x00000139745446c0 Unloading class 0x0000013910187c00 'java/lang/invoke/LambdaForm$DMH+0x0000013910187c00'
Event: 6.100 Thread 0x00000139745446c0 Unloading class 0x0000013910186c00 'java/lang/invoke/LambdaForm$DMH+0x0000013910186c00'

Classes redefined (0 events):
No events

Internal exceptions (20 events):
Event: 7.537 Thread 0x000001397e837ff0 Exception <a 'sun/nio/fs/WindowsException'{0x00000000d56a20d8}> (0x00000000d56a20d8) 
thrown [s\src\hotspot\share\prims\jni.cpp, line 520]
Event: 7.537 Thread 0x000001397e837ff0 Exception <a 'sun/nio/fs/WindowsException'{0x00000000d56a2800}> (0x00000000d56a2800) 
thrown [s\src\hotspot\share\prims\jni.cpp, line 520]
Event: 7.550 Thread 0x000001397e837ff0 Exception <a 'sun/nio/fs/WindowsException'{0x00000000d56dedb0}> (0x00000000d56dedb0) 
thrown [s\src\hotspot\share\prims\jni.cpp, line 520]
Event: 7.550 Thread 0x000001397e837ff0 Exception <a 'sun/nio/fs/WindowsException'{0x00000000d56df4d8}> (0x00000000d56df4d8) 
thrown [s\src\hotspot\share\prims\jni.cpp, line 520]
Event: 7.554 Thread 0x000001397e837ff0 Exception <a 'java/lang/NoSuchMethodError'{0x00000000d56f35c0}: 'void java.lang.invoke.DirectMethodHandle$Holder.invokeVirtual(java.lang.Object, java.lang.Object, java.lang.Object, java.lang.Object)'> (0x00000000d56f35c0) 
thrown [s\src\hotspot\share\interpreter\linkResolver.cpp, line 773]
Event: 7.697 Thread 0x000001397e837ff0 Exception <a 'java/io/FileNotFoundException'{0x00000000d5e89f68}> (0x00000000d5e89f68) 
thrown [s\src\hotspot\share\prims\jni.cpp, line 520]
Event: 7.698 Thread 0x000001397e837ff0 Exception <a 'java/io/FileNotFoundException'{0x00000000d5e8b550}> (0x00000000d5e8b550) 
thrown [s\src\hotspot\share\prims\jni.cpp, line 520]
Event: 7.700 Thread 0x000001397e837ff0 Exception <a 'java/lang/NoSuchMethodError'{0x00000000d5eab6d8}: 'java.lang.Object java.lang.invoke.DirectMethodHandle$Holder.newInvokeSpecial(java.lang.Object, java.lang.Object, java.lang.Object, int)'> (0x00000000d5eab6d8) 
thrown [s\src\hotspot\share\interpreter\linkResolver.cpp, line 773]
Event: 7.701 Thread 0x000001397e837ff0 Exception <a 'java/lang/NoSuchMethodError'{0x00000000d5eaf2b0}: 'java.lang.Object java.lang.invoke.DirectMethodHandle$Holder.invokeSpecial(java.lang.Object, java.lang.Object, java.lang.Object, java.lang.Object, int)'> (0x00000000d5eaf2b0) 
thrown [s\src\hotspot\share\interpreter\linkResolver.cpp, line 773]
Event: 7.701 Thread 0x000001397e837ff0 Exception <a 'java/lang/NoSuchMethodError'{0x00000000d5ec4ac8}: 'java.lang.Object java.lang.invoke.Invokers$Holder.linkToTargetMethod(java.lang.Object, java.lang.Object, int, java.lang.Object)'> (0x00000000d5ec4ac8) 
thrown [s\src\hotspot\share\interpreter\linkResolver.cpp, line 773]
Event: 7.705 Thread 0x000001397e837ff0 Exception <a 'java/lang/NoSuchMethodError'{0x00000000d5ee0ba0}: 'void java.lang.invoke.DirectMethodHandle$Holder.invokeStaticInit(java.lang.Object, java.lang.Object, java.lang.Object)'> (0x00000000d5ee0ba0) 
thrown [s\src\hotspot\share\interpreter\linkResolver.cpp, line 773]
Event: 7.848 Thread 0x00000139745d43d0 Exception <a 'java/lang/NoSuchMethodError'{0x00000000d647f340}: 'void java.lang.invoke.DirectMethodHandle$Holder.invokeSpecial(java.lang.Object, java.lang.Object, java.lang.Object, java.lang.Object, java.lang.Object, java.lang.Object)'> (0x00000000d647f340) 
thrown [s\src\hotspot\share\interpreter\linkResolver.cpp, line 773]
Event: 7.850 Thread 0x00000139745d43d0 Exception <a 'java/lang/IncompatibleClassChangeError'{0x00000000d6486fd8}: Found class java.lang.Object, but interface was expected> (0x00000000d6486fd8) 
thrown [s\src\hotspot\share\interpreter\linkResolver.cpp, line 840]
Event: 7.851 Thread 0x00000139745d43d0 Exception <a 'java/lang/IncompatibleClassChangeError'{0x00000000d6488c60}: Found class java.lang.Object, but interface was expected> (0x00000000d6488c60) 
thrown [s\src\hotspot\share\interpreter\linkResolver.cpp, line 840]
Event: 8.112 Thread 0x0000013954fb04f0 Exception <a 'java/lang/NoSuchMethodError'{0x00000000d6a6aad8}: 'java.lang.Object java.lang.invoke.DirectMethodHandle$Holder.invokeInterface(java.lang.Object, java.lang.Object, java.lang.Object)'> (0x00000000d6a6aad8) 
thrown [s\src\hotspot\share\interpreter\linkResolver.cpp, line 773]
Event: 8.145 Thread 0x0000013954fb04f0 Exception <a 'java/io/FileNotFoundException'{0x00000000d6b03050}> (0x00000000d6b03050) 
thrown [s\src\hotspot\share\prims\jni.cpp, line 520]
Event: 8.212 Thread 0x0000013954fb04f0 Exception <a 'sun/nio/fs/WindowsException'{0x00000000d5a57b88}> (0x00000000d5a57b88) 
thrown [s\src\hotspot\share\prims\jni.cpp, line 520]
Event: 8.318 Thread 0x0000013954fb04f0 Exception <a 'java/lang/IncompatibleClassChangeError'{0x00000000d5dbf300}: Found class java.lang.Object, but interface was expected> (0x00000000d5dbf300) 
thrown [s\src\hotspot\share\interpreter\linkResolver.cpp, line 840]
Event: 8.339 Thread 0x0000013954fb04f0 Implicit null exception at 0x0000013907ca09e6 to 0x0000013907ca1f60
Event: 14.534 Thread 0x0000013954fb04f0 Exception <a 'java/lang/NoSuchMethodError'{0x00000000d5f636a8}: 'void java.lang.invoke.DirectMethodHandle$Holder.invokeInterface(java.lang.Object, java.lang.Object)'> (0x00000000d5f636a8) 
thrown [s\src\hotspot\share\interpreter\linkResolver.cpp, line 773]

ZGC Phase Switch (0 events):
No events

VM Operations (20 events):
Event: 6.083 Executing VM operation: CollectForMetadataAllocation (Metadata GC Threshold)
Event: 6.140 Executing VM operation: CollectForMetadataAllocation (Metadata GC Threshold) done
Event: 6.702 Executing VM operation: ParallelGCFailedAllocation (Allocation Failure)
Event: 6.705 Executing VM operation: ParallelGCFailedAllocation (Allocation Failure) done
Event: 6.967 Executing VM operation: HandshakeAllThreads (Deoptimize)
Event: 6.967 Executing VM operation: HandshakeAllThreads (Deoptimize) done
Event: 7.051 Executing VM operation: HandshakeAllThreads (Deoptimize)
Event: 7.051 Executing VM operation: HandshakeAllThreads (Deoptimize) done
Event: 7.165 Executing VM operation: HandshakeAllThreads (Deoptimize)
Event: 7.165 Executing VM operation: HandshakeAllThreads (Deoptimize) done
Event: 7.481 Executing VM operation: ParallelGCFailedAllocation (Allocation Failure)
Event: 7.485 Executing VM operation: ParallelGCFailedAllocation (Allocation Failure) done
Event: 8.127 Executing VM operation: HandshakeAllThreads (Deoptimize)
Event: 8.127 Executing VM operation: HandshakeAllThreads (Deoptimize) done
Event: 8.149 Executing VM operation: ParallelGCFailedAllocation (Allocation Failure)
Event: 8.155 Executing VM operation: ParallelGCFailedAllocation (Allocation Failure) done
Event: 9.163 Executing VM operation: Cleanup
Event: 9.163 Executing VM operation: Cleanup done
Event: 10.178 Executing VM operation: Cleanup
Event: 10.178 Executing VM operation: Cleanup done

Memory protections (0 events):
No events

Nmethod flushes (0 events):
No events

Events (20 events):
Event: 6.872 Thread 0x000001397e17ac50 Thread added: 0x0000013954d2d530
Event: 7.020 Thread 0x0000013954d2d530 Thread exited: 0x0000013954d2d530
Event: 7.410 Thread 0x00000139745d43d0 Thread added: 0x0000013954d2add0
Event: 7.411 Thread 0x00000139745d43d0 Thread added: 0x0000013954d2b460
Event: 7.411 Thread 0x00000139745d43d0 Thread added: 0x0000013954d2cea0
Event: 7.411 Thread 0x00000139745d43d0 Thread added: 0x0000013954d2c810
Event: 7.411 Thread 0x00000139745d43d0 Thread added: 0x0000013954d2baf0
Event: 7.412 Thread 0x00000139745d43d0 Thread added: 0x0000013954d2c180
Event: 7.412 Thread 0x00000139745d43d0 Thread added: 0x0000013954d2d530
Event: 7.412 Thread 0x00000139745d43d0 Thread added: 0x0000013954d2dbc0
Event: 7.412 Thread 0x00000139745d43d0 Thread added: 0x0000013954d2e250
Event: 7.559 Thread 0x00000139745d43d0 Thread added: 0x0000013954fb0b80
Event: 7.718 Thread 0x000001397e82f760 Thread added: 0x0000013954fb1210
Event: 7.882 Thread 0x00000139745d43d0 Thread added: 0x0000013954fafe60
Event: 7.883 Thread 0x00000139745d43d0 Thread added: 0x0000013954fb04f0
Event: 14.161 Thread 0x000001397db70ad0 Thread exited: 0x000001397db70ad0
Event: 14.161 Thread 0x000001397ee97660 Thread exited: 0x000001397ee97660
Event: 14.523 Thread 0x0000013954fb04f0 Thread added: 0x0000013954fb32e0
Event: 14.556 Thread 0x0000013954fb04f0 Thread added: 0x0000013954fb18a0
Event: 14.678 Thread 0x000001397e82f760 Thread added: 0x0000013954fb1f30


Dynamic libraries:
0x00007ff725530000 - 0x00007ff72553e000 	c:\Users\user\.vscode\extensions\redhat.java-1.52.0-win32-x64\jre\21.0.9-win32-x86_64\bin\java.exe
0x00007fff2e910000 - 0x00007fff2eb28000 	C:\WINDOWS\SYSTEM32\ntdll.dll
0x00007fff2dfd0000 - 0x00007fff2e094000 	C:\WINDOWS\System32\KERNEL32.DLL
0x00007fff2bd30000 - 0x00007fff2c103000 	C:\WINDOWS\System32\KERNELBASE.dll
0x00007fff2bb90000 - 0x00007fff2bca1000 	C:\WINDOWS\System32\ucrtbase.dll
0x00007fff0f8a0000 - 0x00007fff0f8b8000 	c:\Users\user\.vscode\extensions\redhat.java-1.52.0-win32-x64\jre\21.0.9-win32-x86_64\bin\jli.dll
0x00007fff0eac0000 - 0x00007fff0eade000 	c:\Users\user\.vscode\extensions\redhat.java-1.52.0-win32-x64\jre\21.0.9-win32-x86_64\bin\VCRUNTIME140.dll
0x00007fff2da40000 - 0x00007fff2dbf2000 	C:\WINDOWS\System32\USER32.dll
0x00007fff2c4e0000 - 0x00007fff2c506000 	C:\WINDOWS\System32\win32u.dll
0x00007fff2cfc0000 - 0x00007fff2cfe9000 	C:\WINDOWS\System32\GDI32.dll
0x00007fff2c110000 - 0x00007fff2c22b000 	C:\WINDOWS\System32\gdi32full.dll
0x00007fff2c510000 - 0x00007fff2c5aa000 	C:\WINDOWS\System32\msvcp_win.dll
0x00007fff18890000 - 0x00007fff18b2c000 	C:\WINDOWS\WinSxS\amd64_microsoft.windows.common-controls_6595b64144ccf1df_6.0.22621.6060_none_2712eda17382d24b\COMCTL32.dll
0x00007fff2e0a0000 - 0x00007fff2e147000 	C:\WINDOWS\System32\msvcrt.dll
0x00007fff2c630000 - 0x00007fff2c661000 	C:\WINDOWS\System32\IMM32.DLL
0x000000006d3d0000 - 0x000000006d3dc000 	C:\Program Files (x86)\360\Total Security\safemon\SafeWrapper.dll
0x00007fff2cce0000 - 0x00007fff2cd91000 	C:\WINDOWS\System32\ADVAPI32.dll
0x00007fff2e1b0000 - 0x00007fff2e258000 	C:\WINDOWS\System32\sechost.dll
0x00007fff2ba20000 - 0x00007fff2ba48000 	C:\WINDOWS\System32\bcrypt.dll
0x00007fff2de20000 - 0x00007fff2df38000 	C:\WINDOWS\System32\RPCRT4.dll
0x00007ffefe8b0000 - 0x00007ffefe95c000 	C:\Program Files (x86)\360\Total Security\safemon\libzdtp64.dll
0x00007fff2cff0000 - 0x00007fff2d88c000 	C:\WINDOWS\System32\SHELL32.dll
0x00007fff2c3a0000 - 0x00007fff2c4df000 	C:\WINDOWS\System32\wintypes.dll
0x00007fff2e400000 - 0x00007fff2e791000 	C:\WINDOWS\System32\combase.dll
0x00007fff2cdb0000 - 0x00007fff2ce19000 	C:\WINDOWS\System32\SHLWAPI.dll
0x00007fff2b460000 - 0x00007fff2b46a000 	C:\WINDOWS\SYSTEM32\VERSION.dll
0x00007fff26cf0000 - 0x00007fff26cfc000 	c:\Users\user\.vscode\extensions\redhat.java-1.52.0-win32-x64\jre\21.0.9-win32-x86_64\bin\vcruntime140_1.dll
0x00007ffeec8d0000 - 0x00007ffeec95d000 	c:\Users\user\.vscode\extensions\redhat.java-1.52.0-win32-x64\jre\21.0.9-win32-x86_64\bin\msvcp140.dll
0x00007ffe59670000 - 0x00007ffe5a410000 	c:\Users\user\.vscode\extensions\redhat.java-1.52.0-win32-x64\jre\21.0.9-win32-x86_64\bin\server\jvm.dll
0x00007fff2df50000 - 0x00007fff2dfc1000 	C:\WINDOWS\System32\WS2_32.dll
0x00007fff2b7f0000 - 0x00007fff2b83d000 	C:\WINDOWS\SYSTEM32\POWRPROF.dll
0x00007fff24890000 - 0x00007fff248c4000 	C:\WINDOWS\SYSTEM32\WINMM.dll
0x00007fff2b6d0000 - 0x00007fff2b6e3000 	C:\WINDOWS\SYSTEM32\UMPDC.dll
0x00007fff2a990000 - 0x00007fff2a9a8000 	C:\WINDOWS\SYSTEM32\kernel.appcore.dll
0x00007fff175c0000 - 0x00007fff175ca000 	c:\Users\user\.vscode\extensions\redhat.java-1.52.0-win32-x64\jre\21.0.9-win32-x86_64\bin\jimage.dll
0x00007fff29210000 - 0x00007fff29443000 	C:\WINDOWS\SYSTEM32\DBGHELP.DLL
0x00007fff2e270000 - 0x00007fff2e348000 	C:\WINDOWS\System32\OLEAUT32.dll
0x00007fff291d0000 - 0x00007fff29202000 	C:\WINDOWS\SYSTEM32\dbgcore.DLL
0x00007fff2bb10000 - 0x00007fff2bb8b000 	C:\WINDOWS\System32\bcryptPrimitives.dll
0x00007fff17550000 - 0x00007fff1755f000 	c:\Users\user\.vscode\extensions\redhat.java-1.52.0-win32-x64\jre\21.0.9-win32-x86_64\bin\instrument.dll
0x00007fff0e9f0000 - 0x00007fff0ea10000 	c:\Users\user\.vscode\extensions\redhat.java-1.52.0-win32-x64\jre\21.0.9-win32-x86_64\bin\java.dll
0x00007fff298b0000 - 0x00007fff2a1ca000 	C:\WINDOWS\SYSTEM32\windows.storage.dll
0x00007fff2ce90000 - 0x00007fff2cf94000 	C:\WINDOWS\System32\SHCORE.dll
0x00007fff2b950000 - 0x00007fff2b975000 	C:\WINDOWS\SYSTEM32\profapi.dll
0x00007fff0e680000 - 0x00007fff0e698000 	c:\Users\user\.vscode\extensions\redhat.java-1.52.0-win32-x64\jre\21.0.9-win32-x86_64\bin\zip.dll
0x00007fff15cf0000 - 0x00007fff15d00000 	C:\Users\user\.vscode\extensions\redhat.java-1.52.0-win32-x64\jre\21.0.9-win32-x86_64\bin\net.dll
0x00007fff28f80000 - 0x00007fff290ac000 	C:\WINDOWS\SYSTEM32\WINHTTP.dll
0x00007fff2ae70000 - 0x00007fff2aed9000 	C:\WINDOWS\system32\mswsock.dll
0x00007fff0e660000 - 0x00007fff0e676000 	C:\Users\user\.vscode\extensions\redhat.java-1.52.0-win32-x64\jre\21.0.9-win32-x86_64\bin\nio.dll
0x00007fff15c90000 - 0x00007fff15ca0000 	c:\Users\user\.vscode\extensions\redhat.java-1.52.0-win32-x64\jre\21.0.9-win32-x86_64\bin\verify.dll
0x00007ffeff0c0000 - 0x00007ffeff105000 	C:\Users\user\AppData\Roaming\Code\User\globalStorage\redhat.java\1.52.0\config_ss_win\org.eclipse.equinox.launcher\org.eclipse.equinox.launcher.win32.win32.x86_64_1.2.1500.v20260121-1430\eclipse_11919.dll
0x00007fff2d890000 - 0x00007fff2da31000 	C:\WINDOWS\System32\ole32.dll
0x00007fff2b0c0000 - 0x00007fff2b0db000 	C:\WINDOWS\SYSTEM32\CRYPTSP.dll
0x00007fff2a8f0000 - 0x00007fff2a927000 	C:\WINDOWS\system32\rsaenh.dll
0x00007fff2af60000 - 0x00007fff2af88000 	C:\WINDOWS\SYSTEM32\USERENV.dll
0x00007fff2b0e0000 - 0x00007fff2b0ec000 	C:\WINDOWS\SYSTEM32\CRYPTBASE.dll
0x00007fff2a420000 - 0x00007fff2a44d000 	C:\WINDOWS\SYSTEM32\IPHLPAPI.DLL
0x00007fff2df40000 - 0x00007fff2df49000 	C:\WINDOWS\System32\NSI.dll
0x00007ffefc5c0000 - 0x00007ffefc609000 	C:\Users\user\AppData\Local\Temp\jna-3599307\jna1231827934557268743.dll
0x00007fff2e150000 - 0x00007fff2e158000 	C:\WINDOWS\System32\PSAPI.DLL
0x00007fff244c0000 - 0x00007fff244d9000 	C:\WINDOWS\SYSTEM32\dhcpcsvc6.DLL
0x00007fff244a0000 - 0x00007fff244bf000 	C:\WINDOWS\SYSTEM32\dhcpcsvc.DLL

JVMTI agents:
c:\Users\user\.vscode\extensions\redhat.java-1.52.0-win32-x64\lombok\lombok-1.18.39-4050.jar path:c:\Users\user\.vscode\extensions\redhat.java-1.52.0-win32-x64\jre\21.0.9-win32-x86_64\bin\instrument.dll, loaded, initialized, instrumentlib options:none

dbghelp: loaded successfully - version: 4.0.5 - missing functions: none
symbol engine: initialized successfully - sym options: 0x614 - pdb path: .;c:\Users\user\.vscode\extensions\redhat.java-1.52.0-win32-x64\jre\21.0.9-win32-x86_64\bin;C:\WINDOWS\SYSTEM32;C:\WINDOWS\WinSxS\amd64_microsoft.windows.common-controls_6595b64144ccf1df_6.0.22621.6060_none_2712eda17382d24b;C:\Program Files (x86)\360\Total Security\safemon;c:\Users\user\.vscode\extensions\redhat.java-1.52.0-win32-x64\jre\21.0.9-win32-x86_64\bin\server;C:\Users\user\AppData\Roaming\Code\User\globalStorage\redhat.java\1.52.0\config_ss_win\org.eclipse.equinox.launcher\org.eclipse.equinox.launcher.win32.win32.x86_64_1.2.1500.v20260121-1430;C:\Users\user\AppData\Local\Temp\jna-3599307

VM Arguments:
jvm_args: --add-modules=ALL-SYSTEM --add-opens=java.base/java.util=ALL-UNNAMED --add-opens=java.base/java.lang=ALL-UNNAMED --add-opens=java.base/sun.nio.fs=ALL-UNNAMED -Declipse.application=org.eclipse.jdt.ls.core.id1 -Dosgi.bundles.defaultStartLevel=4 -Declipse.product=org.eclipse.jdt.ls.core.product -Djava.import.generatesMetadataFilesAtProjectRoot=false -DDetectVMInstallationsJob.disabled=true -Dfile.encoding=utf8 -XX:+UseParallelGC -XX:GCTimeRatio=4 -XX:AdaptiveSizePolicyWeight=90 -Dsun.zip.disableMemoryMapping=true -Xmx2G -Xms100m -Xlog:disable -javaagent:c:\Users\user\.vscode\extensions\redhat.java-1.52.0-win32-x64\lombok\lombok-1.18.39-4050.jar 
java_command: c:\Users\user\.vscode\extensions\redhat.java-1.52.0-win32-x64\server\plugins\org.eclipse.equinox.launcher_1.7.100.v20251111-0406.jar -configuration c:\Users\user\AppData\Roaming\Code\User\globalStorage\redhat.java\1.52.0\config_ss_win -data c:\Users\user\AppData\Roaming\Code\User\workspaceStorage\0674b5c6fcfe98aa21c3e4592ae7b086\redhat.java\ss_ws --pipe=\\.\pipe\lsp-327c244a1b2b873f1037709afccbfe2f-sock
java_class_path (initial): c:\Users\user\.vscode\extensions\redhat.java-1.52.0-win32-x64\server\plugins\org.eclipse.equinox.launcher_1.7.100.v20251111-0406.jar
Launcher Type: SUN_STANDARD

[Global flags]
    uintx AdaptiveSizePolicyWeight                 = 90                                        {product} {command line}
     intx CICompilerCount                          = 4                                         {product} {ergonomic}
    uintx GCTimeRatio                              = 4                                         {product} {command line}
   size_t InitialHeapSize                          = 104857600                                 {product} {command line}
   size_t MaxHeapSize                              = 2147483648                                {product} {command line}
   size_t MaxNewSize                               = 715653120                                 {product} {ergonomic}
   size_t MinHeapDeltaBytes                        = 524288                                    {product} {ergonomic}
   size_t MinHeapSize                              = 104857600                                 {product} {command line}
   size_t NewSize                                  = 34603008                                  {product} {ergonomic}
    uintx NonNMethodCodeHeapSize                   = 5839372                                {pd product} {ergonomic}
    uintx NonProfiledCodeHeapSize                  = 122909434                              {pd product} {ergonomic}
   size_t OldSize                                  = 70254592                                  {product} {ergonomic}
    uintx ProfiledCodeHeapSize                     = 122909434                              {pd product} {ergonomic}
    uintx ReservedCodeCacheSize                    = 251658240                              {pd product} {ergonomic}
     bool SegmentedCodeCache                       = true                                      {product} {ergonomic}
   size_t SoftMaxHeapSize                          = 2147483648                             {manageable} {ergonomic}
     bool UseCompressedOops                        = true                           {product lp64_product} {ergonomic}
     bool UseLargePagesIndividualAllocation        = false                                  {pd product} {ergonomic}
     bool UseParallelGC                            = true                                      {product} {command line}

Logging:
Log output configuration:
 #0: stdout all=off uptime,level,tags foldmultilines=false
 #1: stderr all=off uptime,level,tags foldmultilines=false

Release file:
JAVA_VERSION="21.0.9" 
MODULES="java.base java.compiler java.datatransfer java.xml java.prefs java.desktop java.instrument java.logging java.management java.security.sasl java.naming java.rmi java.management.rmi java.net.http java.scripting java.security.jgss java.transaction.xa java.sql java.sql.rowset java.xml.crypto java.se java.smartcardio jdk.accessibility jdk.internal.jvmstat jdk.attach jdk.charsets jdk.internal.opt jdk.zipfs jdk.compiler jdk.crypto.ec jdk.crypto.cryptoki jdk.crypto.mscapi jdk.dynalink jdk.internal.ed jdk.editpad jdk.hotspot.agent jdk.httpserver jdk.internal.le jdk.internal.vm.ci jdk.internal.vm.compiler jdk.internal.vm.compiler.management jdk.jartool jdk.javadoc jdk.jcmd jdk.management jdk.management.agent jdk.jconsole jdk.jdeps jdk.jdwp.agent jdk.jdi jdk.jfr jdk.jshell jdk.jsobject jdk.jstatd jdk.localedata jdk.management.jfr jdk.naming.dns jdk.naming.rmi jdk.net jdk.nio.mapmode jdk.random jdk.sctp jdk.security.auth jdk.security.jgss jdk.unsupported jdk.unsupported.desktop jdk.xml.dom" 

Environment Variables:
PATH=C:\Program Files\Eclipse Adoptium\jdk-17.0.17.10-hotspot\bin;C:\WINDOWS\system32;C:\WINDOWS;C:\WINDOWS\System32\Wbem;C:\WINDOWS\System32\WindowsPowerShell\v1.0\;C:\WINDOWS\System32\OpenSSH\;C:\Program Files\Git\cmd;C:\Program Files\nodejs\;C:\Program Files\MySQL\MySQL Shell 8.0\bin\;C:\Users\user\AppData\Local\Programs\Python\Launcher\;C:\Users\user\AppData\Local\Microsoft\WindowsApps;C:\Users\user\AppData\Local\Programs\Microsoft VS Code\bin;C:\Users\user\AppData\Roaming\npm;C:\Users\user\AppData\Local\Google\Cloud SDK\google-cloud-sdk\bin;C:\Users\user\AppData\Local\Microsoft\WinGet\Packages\Cloudflare.cloudflared_Microsoft.Winget.Source_8wekyb3d8bbwe;
USERNAME=user
OS=Windows_NT
PROCESSOR_IDENTIFIER=Intel64 Family 6 Model 126 Stepping 5, GenuineIntel
TMP=C:\Users\user\AppData\Local\Temp
TEMP=C:\Users\user\AppData\Local\Temp




Periodic native trim disabled

---------------  S Y S T E M  ---------------

OS:
 Windows 11 , 64 bit Build 22621 (10.0.22621.5415)
OS uptime: 5 days 6:46 hours

CPU: total 8 (initial active 8) (4 cores per cpu, 2 threads per core) family 6 model 126 stepping 5 microcode 0x86, cx8, cmov, fxsr, ht, mmx, 3dnowpref, sse, sse2, sse3, ssse3, sse4.1, sse4.2, popcnt, lzcnt, tsc, tscinvbit, avx, avx2, aes, erms, clmul, bmi1, bmi2, adx, avx512f, avx512dq, avx512cd, avx512bw, avx512vl, sha, fma, vzeroupper, avx512_vpopcntdq, avx512_vpclmulqdq, avx512_vaes, avx512_vnni, clflush, clflushopt, avx512_vbmi2, avx512_vbmi, rdtscp, rdpid, fsrm, gfni, avx512_bitalg, f16c, pku, avx512_ifma
Processor Information for the first 8 processors :
  Max Mhz: 1498, Current Mhz: 1298, Mhz Limit: 1288

Memory: 4k page, system-wide physical 7901M (684M free)
TotalPageFile size 32477M (AvailPageFile size 11M)
current process WorkingSet (physical memory assigned to process): 147M, peak: 173M
current process commit charge ("private bytes"): 285M, peak: 308M

vm_info: OpenJDK 64-Bit Server VM (21.0.9+10-LTS) for windows-amd64 JRE (21.0.9+10-LTS), built on 2025-10-21T00:00:00Z by "admin" with unknown MS VC++:1942

END.
