#
# There is insufficient memory for the Java Runtime Environment to continue.
# Native memory allocation (malloc) failed to allocate 1019056 bytes. Error detail: Chunk::new
# Possible reasons:
#   The system is out of physical RAM or swap space
#   This process is running with CompressedOops enabled, and the Java Heap may be blocking the growth of the native heap
# Possible solutions:
#   Reduce memory load on the system
#   Increase physical memory or swap space
#   Check if swap backing store is full
#   Decrease Java heap size (-Xmx/-Xms)
#   Decrease number of Java threads
#   Decrease Java thread stack sizes (-Xss)
#   Set larger code cache with -XX:ReservedCodeCacheSize=
#   JVM is running with Unscaled Compressed Oops mode in which the Java heap is
#     placed in the first 4GB address space. The Java Heap base address is the
#     maximum limit for the native heap growth. Please use -XX:HeapBaseMinAddress
#     to set the Java Heap base and to place the Java Heap above 4GB virtual address.
# This output file may be truncated or incomplete.
#
#  Out of Memory Error (arena.cpp:191), pid=128384, tid=158372
#
# JRE version: OpenJDK Runtime Environment Temurin-17.0.17+10 (17.0.17+10) (build 17.0.17+10)
# Java VM: OpenJDK 64-Bit Server VM Temurin-17.0.17+10 (17.0.17+10, mixed mode, sharing, tiered, compressed oops, compressed class ptrs, g1 gc, windows-amd64)
# No core dump will be written. Minidumps are not enabled by default on client versions of Windows
#

---------------  S U M M A R Y ------------

Command Line: --enable-native-access=ALL-UNNAMED -Dclassworlds.conf=C:\Users\user\.m2\wrapper\dists\apache-maven-3.9.12\59fe215c0ad6947fea90184bf7add084544567b927287592651fda3782e0e798\bin\m2.conf -Dmaven.home=C:\Users\user\.m2\wrapper\dists\apache-maven-3.9.12\59fe215c0ad6947fea90184bf7add084544567b927287592651fda3782e0e798 -Dlibrary.jansi.path=C:\Users\user\.m2\wrapper\dists\apache-maven-3.9.12\59fe215c0ad6947fea90184bf7add084544567b927287592651fda3782e0e798\lib\jansi-native -Dmaven.multiModuleProjectDirectory=C:\Users\user\Documents\workspace\erp org.codehaus.plexus.classworlds.launcher.Launcher -U clean spring-boot:run

Host: Intel(R) Core(TM) i7-1065G7 CPU @ 1.30GHz, 8 cores, 7G,  Windows 11 , 64 bit Build 22621 (10.0.22621.5415)
Time: Wed Feb  4 19:32:32 2026  Windows 11 , 64 bit Build 22621 (10.0.22621.5415) elapsed time: 16.327297 seconds (0d 0h 0m 16s)

---------------  T H R E A D  ---------------

Current thread (0x000002983c0af260):  JavaThread "C2 CompilerThread0" daemon [_thread_in_native, id=158372, stack(0x000000b851d00000,0x000000b851e00000)]


Current CompileTask:
C2:16327 9896       4       com.sun.tools.javac.jvm.PoolReader::resolve (344 bytes)

Stack: [0x000000b851d00000,0x000000b851e00000]
Native frames: (J=compiled Java code, j=interpreted, Vv=VM code, C=native code)
V  [jvm.dll+0x683fb9]
V  [jvm.dll+0x83a1b5]
V  [jvm.dll+0x83bc2e]
V  [jvm.dll+0x83c2b3]
V  [jvm.dll+0x248eff]
V  [jvm.dll+0xad496]
V  [jvm.dll+0xadb3c]
V  [jvm.dll+0x2b05df]
V  [jvm.dll+0x58a5b5]
V  [jvm.dll+0x222e84]
V  [jvm.dll+0x22327d]
V  [jvm.dll+0x21bfdb]
V  [jvm.dll+0x2190fe]
V  [jvm.dll+0x1a4920]
V  [jvm.dll+0x22989a]
V  [jvm.dll+0x227a4b]
V  [jvm.dll+0x7effb8]
V  [jvm.dll+0x7ea44c]
V  [jvm.dll+0x682e87]
C  [ucrtbase.dll+0x29333]
C  [KERNEL32.DLL+0x1259d]
C  [ntdll.dll+0x5af78]


---------------  P R O C E S S  ---------------

Threads class SMR info:
_java_thread_list=0x0000029804c67510, length=15, elements={
0x000002981bc4d5d0, 0x000002983be727f0, 0x000002983be751c0, 0x000002983c0ac780,
0x000002983c0ad140, 0x000002983c0adb00, 0x000002983c0ae4c0, 0x000002983c0af260,
0x000002983c0afd10, 0x000002983c0b8b30, 0x000002983c1eb9c0, 0x000002983c1edfa0,
0x000002987e66d8d0, 0x000002983c5b6620, 0x000002987e0d4e70
}

Java Threads: ( => current thread )
  0x000002981bc4d5d0 JavaThread "main" [_thread_in_native, id=112240, stack(0x000000b851000000,0x000000b851100000)]
  0x000002983be727f0 JavaThread "Reference Handler" daemon [_thread_blocked, id=143756, stack(0x000000b851700000,0x000000b851800000)]
  0x000002983be751c0 JavaThread "Finalizer" daemon [_thread_blocked, id=68552, stack(0x000000b851800000,0x000000b851900000)]
  0x000002983c0ac780 JavaThread "Signal Dispatcher" daemon [_thread_blocked, id=121944, stack(0x000000b851900000,0x000000b851a00000)]
  0x000002983c0ad140 JavaThread "Attach Listener" daemon [_thread_blocked, id=61956, stack(0x000000b851a00000,0x000000b851b00000)]
  0x000002983c0adb00 JavaThread "Service Thread" daemon [_thread_blocked, id=140032, stack(0x000000b851b00000,0x000000b851c00000)]
  0x000002983c0ae4c0 JavaThread "Monitor Deflation Thread" daemon [_thread_blocked, id=128640, stack(0x000000b851c00000,0x000000b851d00000)]
=>0x000002983c0af260 JavaThread "C2 CompilerThread0" daemon [_thread_in_native, id=158372, stack(0x000000b851d00000,0x000000b851e00000)]
  0x000002983c0afd10 JavaThread "C1 CompilerThread0" daemon [_thread_blocked, id=69536, stack(0x000000b851e00000,0x000000b851f00000)]
  0x000002983c0b8b30 JavaThread "Sweeper thread" daemon [_thread_blocked, id=118052, stack(0x000000b851f00000,0x000000b852000000)]
  0x000002983c1eb9c0 JavaThread "Notification Thread" daemon [_thread_blocked, id=71732, stack(0x000000b852000000,0x000000b852100000)]
  0x000002983c1edfa0 JavaThread "Common-Cleaner" daemon [_thread_blocked, id=57232, stack(0x000000b852200000,0x000000b852300000)]
  0x000002987e66d8d0 JavaThread "Thread-1" daemon [_thread_blocked, id=130572, stack(0x000000b852c00000,0x000000b852d00000)]
  0x000002983c5b6620 JavaThread "C2 CompilerThread1" daemon [_thread_in_native, id=144704, stack(0x000000b852300000,0x000000b852400000)]
  0x000002987e0d4e70 JavaThread "C2 CompilerThread2" daemon [_thread_in_native, id=138036, stack(0x000000b852400000,0x000000b852500000)]

Other Threads:
  0x000002983be6edb0 VMThread "VM Thread" [stack: 0x000000b851600000,0x000000b851700000] [id=105276]
  0x000002983c1ebea0 WatcherThread [stack: 0x000000b852100000,0x000000b852200000] [id=33104]
  0x000002981de9cad0 GCTaskThread "GC Thread#0" [stack: 0x000000b851100000,0x000000b851200000] [id=108880]
  0x000002983c304040 GCTaskThread "GC Thread#1" [stack: 0x000000b852500000,0x000000b852600000] [id=141328]
  0x000002987e255bc0 GCTaskThread "GC Thread#2" [stack: 0x000000b852600000,0x000000b852700000] [id=147032]
  0x000002983cc42b30 GCTaskThread "GC Thread#3" [stack: 0x000000b852700000,0x000000b852800000] [id=10416]
  0x000002987e19ed90 GCTaskThread "GC Thread#4" [stack: 0x000000b852800000,0x000000b852900000] [id=137932]
  0x000002987e19f050 GCTaskThread "GC Thread#5" [stack: 0x000000b852900000,0x000000b852a00000] [id=107948]
  0x000002987e038f50 GCTaskThread "GC Thread#6" [stack: 0x000000b852a00000,0x000000b852b00000] [id=140964]
  0x000002987e038710 GCTaskThread "GC Thread#7" [stack: 0x000000b852b00000,0x000000b852c00000] [id=150544]
  0x000002981dead120 ConcurrentGCThread "G1 Main Marker" [stack: 0x000000b851200000,0x000000b851300000] [id=141240]
  0x000002981deadb40 ConcurrentGCThread "G1 Conc#0" [stack: 0x000000b851300000,0x000000b851400000] [id=139008]
  0x000002987e039a50 ConcurrentGCThread "G1 Conc#1" [stack: 0x000000b853200000,0x000000b853300000] [id=76728]
  0x000002983bd12460 ConcurrentGCThread "G1 Refine#0" [stack: 0x000000b851400000,0x000000b851500000] [id=70260]
  0x000002987f9281e0 ConcurrentGCThread "G1 Refine#1" [stack: 0x000000b852d00000,0x000000b852e00000] [id=138544]
  0x000002987f9284d0 ConcurrentGCThread "G1 Refine#2" [stack: 0x000000b852e00000,0x000000b852f00000] [id=140816]
  0x000002987f9287c0 ConcurrentGCThread "G1 Refine#3" [stack: 0x000000b852f00000,0x000000b853000000] [id=144388]
  0x000002987f927c00 ConcurrentGCThread "G1 Refine#4" [stack: 0x000000b853000000,0x000000b853100000] [id=125148]
  0x000002983bd12e90 ConcurrentGCThread "G1 Service" [stack: 0x000000b851500000,0x000000b851600000] [id=140436]

Threads with active compile tasks:
C2 CompilerThread0  16434 9896       4       com.sun.tools.javac.jvm.PoolReader::resolve (344 bytes)
C2 CompilerThread1  16434 9922   !   4       java.nio.file.FileTreeWalker::visit (204 bytes)
C2 CompilerThread2  16435 9921   !   4       java.nio.file.FileTreeWalker::next (144 bytes)

VM state: not at safepoint (normal execution)

VM Mutex/Monitor currently owned by a thread: None

Heap address: 0x0000000084800000, size: 1976 MB, Compressed Oops mode: 32-bit

CDS archive(s) mapped at: [0x000002983d000000-0x000002983dbb0000-0x000002983dbb0000), size 12255232, SharedBaseAddress: 0x000002983d000000, ArchiveRelocationMode: 1.
Compressed class space mapped at: 0x000002983e000000-0x000002987e000000, reserved size: 1073741824
Narrow klass base: 0x000002983d000000, Narrow klass shift: 0, Narrow klass range: 0x100000000

GC Precious Log:
 CPUs: 8 total, 8 available
 Memory: 7901M
 Large Page Support: Disabled
 NUMA Support: Disabled
 Compressed Oops: Enabled (32-bit)
 Heap Region Size: 1M
 Heap Min Capacity: 8M
 Heap Initial Capacity: 124M
 Heap Max Capacity: 1976M
 Pre-touch: Disabled
 Parallel Workers: 8
 Concurrent Workers: 2
 Concurrent Refinement Workers: 8
 Periodic GC: Disabled

Heap:
 garbage-first heap   total 182272K, used 103381K [0x0000000084800000, 0x0000000100000000)
  region size 1024K, 51 young (52224K), 4 survivors (4096K)
 Metaspace       used 40018K, committed 40448K, reserved 1114112K
  class space    used 4557K, committed 4800K, reserved 1048576K

Heap Regions: E=young(eden), S=young(survivor), O=old, HS=humongous(starts), HC=humongous(continues), CS=collection set, F=free, OA=open archive, CA=closed archive, TAMS=top-at-mark-start (previous, next)
|   0|0x0000000084800000, 0x0000000084900000, 0x0000000084900000|100%| O|  |TAMS 0x0000000084900000, 0x0000000084800000| Untracked 
|   1|0x0000000084900000, 0x0000000084a00000, 0x0000000084a00000|100%| O|  |TAMS 0x0000000084a00000, 0x0000000084900000| Untracked 
|   2|0x0000000084a00000, 0x0000000084b00000, 0x0000000084b00000|100%| O|  |TAMS 0x0000000084b00000, 0x0000000084a00000| Untracked 
|   3|0x0000000084b00000, 0x0000000084c00000, 0x0000000084c00000|100%| O|  |TAMS 0x0000000084c00000, 0x0000000084b00000| Untracked 
|   4|0x0000000084c00000, 0x0000000084d00000, 0x0000000084d00000|100%| O|  |TAMS 0x0000000084d00000, 0x0000000084c00000| Untracked 
|   5|0x0000000084d00000, 0x0000000084e00000, 0x0000000084e00000|100%| O|  |TAMS 0x0000000084e00000, 0x0000000084d00000| Untracked 
|   6|0x0000000084e00000, 0x0000000084f00000, 0x0000000084f00000|100%| O|  |TAMS 0x0000000084f00000, 0x0000000084e00000| Untracked 
|   7|0x0000000084f00000, 0x0000000085000000, 0x0000000085000000|100%| O|  |TAMS 0x0000000085000000, 0x0000000084f00000| Untracked 
|   8|0x0000000085000000, 0x0000000085100000, 0x0000000085100000|100%| O|  |TAMS 0x0000000085100000, 0x0000000085000000| Untracked 
|   9|0x0000000085100000, 0x0000000085200000, 0x0000000085200000|100%| O|  |TAMS 0x0000000085200000, 0x0000000085100000| Untracked 
|  10|0x0000000085200000, 0x0000000085300000, 0x0000000085300000|100%| O|  |TAMS 0x0000000085300000, 0x0000000085200000| Untracked 
|  11|0x0000000085300000, 0x0000000085400000, 0x0000000085400000|100%| O|  |TAMS 0x0000000085400000, 0x0000000085300000| Untracked 
|  12|0x0000000085400000, 0x0000000085500000, 0x0000000085500000|100%| O|  |TAMS 0x0000000085500000, 0x0000000085400000| Untracked 
|  13|0x0000000085500000, 0x0000000085600000, 0x0000000085600000|100%| O|  |TAMS 0x0000000085600000, 0x0000000085500000| Untracked 
|  14|0x0000000085600000, 0x0000000085700000, 0x0000000085700000|100%| O|  |TAMS 0x0000000085700000, 0x0000000085600000| Untracked 
|  15|0x0000000085700000, 0x0000000085800000, 0x0000000085800000|100%| O|  |TAMS 0x0000000085800000, 0x0000000085700000| Untracked 
|  16|0x0000000085800000, 0x0000000085900000, 0x0000000085900000|100%| O|  |TAMS 0x0000000085900000, 0x0000000085800000| Untracked 
|  17|0x0000000085900000, 0x0000000085a00000, 0x0000000085a00000|100%| O|  |TAMS 0x0000000085a00000, 0x0000000085900000| Untracked 
|  18|0x0000000085a00000, 0x0000000085b00000, 0x0000000085b00000|100%|HS|  |TAMS 0x0000000085b00000, 0x0000000085a00000| Complete 
|  19|0x0000000085b00000, 0x0000000085c00000, 0x0000000085c00000|100%| O|  |TAMS 0x0000000085b00000, 0x0000000085b00000| Untracked 
|  20|0x0000000085c00000, 0x0000000085d00000, 0x0000000085d00000|100%| O|  |TAMS 0x0000000085c00000, 0x0000000085c00000| Untracked 
|  21|0x0000000085d00000, 0x0000000085e00000, 0x0000000085e00000|100%|HS|  |TAMS 0x0000000085e00000, 0x0000000085d00000| Complete 
|  22|0x0000000085e00000, 0x0000000085f00000, 0x0000000085f00000|100%|HC|  |TAMS 0x0000000085f00000, 0x0000000085e00000| Complete 
|  23|0x0000000085f00000, 0x0000000086000000, 0x0000000086000000|100%| O|  |TAMS 0x0000000086000000, 0x0000000085f00000| Untracked 
|  24|0x0000000086000000, 0x0000000086100000, 0x0000000086100000|100%| O|  |TAMS 0x0000000086100000, 0x0000000086000000| Untracked 
|  25|0x0000000086100000, 0x0000000086200000, 0x0000000086200000|100%| O|  |TAMS 0x0000000086200000, 0x0000000086100000| Untracked 
|  26|0x0000000086200000, 0x0000000086300000, 0x0000000086300000|100%| O|  |TAMS 0x0000000086300000, 0x0000000086200000| Untracked 
|  27|0x0000000086300000, 0x0000000086400000, 0x0000000086400000|100%| O|  |TAMS 0x0000000086400000, 0x0000000086300000| Untracked 
|  28|0x0000000086400000, 0x0000000086500000, 0x0000000086500000|100%| O|  |TAMS 0x0000000086500000, 0x0000000086400000| Untracked 
|  29|0x0000000086500000, 0x0000000086600000, 0x0000000086600000|100%| O|  |TAMS 0x0000000086600000, 0x0000000086500000| Untracked 
|  30|0x0000000086600000, 0x0000000086700000, 0x0000000086700000|100%| O|  |TAMS 0x0000000086700000, 0x0000000086600000| Untracked 
|  31|0x0000000086700000, 0x0000000086800000, 0x0000000086800000|100%| O|  |TAMS 0x0000000086800000, 0x0000000086700000| Untracked 
|  32|0x0000000086800000, 0x0000000086900000, 0x0000000086900000|100%| O|  |TAMS 0x0000000086900000, 0x0000000086800000| Untracked 
|  33|0x0000000086900000, 0x0000000086a00000, 0x0000000086a00000|100%| O|  |TAMS 0x0000000086a00000, 0x0000000086900000| Untracked 
|  34|0x0000000086a00000, 0x0000000086b00000, 0x0000000086b00000|100%| O|  |TAMS 0x0000000086b00000, 0x0000000086a00000| Untracked 
|  35|0x0000000086b00000, 0x0000000086c00000, 0x0000000086c00000|100%| O|  |TAMS 0x0000000086c00000, 0x0000000086b00000| Untracked 
|  36|0x0000000086c00000, 0x0000000086d00000, 0x0000000086d00000|100%| O|  |TAMS 0x0000000086d00000, 0x0000000086c00000| Untracked 
|  37|0x0000000086d00000, 0x0000000086e00000, 0x0000000086e00000|100%| O|  |TAMS 0x0000000086d00000, 0x0000000086d00000| Untracked 
|  38|0x0000000086e00000, 0x0000000086f00000, 0x0000000086f00000|100%| O|  |TAMS 0x0000000086f00000, 0x0000000086e00000| Untracked 
|  39|0x0000000086f00000, 0x0000000087000000, 0x0000000087000000|100%| O|  |TAMS 0x0000000087000000, 0x0000000086f00000| Untracked 
|  40|0x0000000087000000, 0x0000000087100000, 0x0000000087100000|100%| O|  |TAMS 0x000000008708fa00, 0x0000000087000000| Untracked 
|  41|0x0000000087100000, 0x0000000087200000, 0x0000000087200000|100%| O|  |TAMS 0x0000000087100000, 0x0000000087100000| Untracked 
|  42|0x0000000087200000, 0x0000000087300000, 0x0000000087300000|100%| O|  |TAMS 0x0000000087200000, 0x0000000087200000| Untracked 
|  43|0x0000000087300000, 0x0000000087400000, 0x0000000087400000|100%| O|  |TAMS 0x0000000087300000, 0x0000000087300000| Untracked 
|  44|0x0000000087400000, 0x0000000087500000, 0x0000000087500000|100%| O|  |TAMS 0x0000000087400000, 0x0000000087400000| Untracked 
|  45|0x0000000087500000, 0x0000000087600000, 0x0000000087600000|100%| O|  |TAMS 0x0000000087500000, 0x0000000087500000| Untracked 
|  46|0x0000000087600000, 0x0000000087642200, 0x0000000087700000| 25%| O|  |TAMS 0x0000000087600000, 0x0000000087600000| Untracked 
|  47|0x0000000087700000, 0x0000000087800000, 0x0000000087800000|100%|HS|  |TAMS 0x0000000087700000, 0x0000000087700000| Complete 
|  48|0x0000000087800000, 0x0000000087900000, 0x0000000087900000|100%|HS|  |TAMS 0x0000000087800000, 0x0000000087800000| Complete 
|  49|0x0000000087900000, 0x0000000087a00000, 0x0000000087a00000|100%|HS|  |TAMS 0x0000000087900000, 0x0000000087900000| Complete 
|  50|0x0000000087a00000, 0x0000000087b00000, 0x0000000087b00000|100%|HC|  |TAMS 0x0000000087a00000, 0x0000000087a00000| Complete 
|  51|0x0000000087b00000, 0x0000000087c00000, 0x0000000087c00000|100%|HS|  |TAMS 0x0000000087b00000, 0x0000000087b00000| Complete 
|  52|0x0000000087c00000, 0x0000000087c00000, 0x0000000087d00000|  0%| F|  |TAMS 0x0000000087c00000, 0x0000000087c00000| Untracked 
|  53|0x0000000087d00000, 0x0000000087d00000, 0x0000000087e00000|  0%| F|  |TAMS 0x0000000087d00000, 0x0000000087d00000| Untracked 
|  54|0x0000000087e00000, 0x0000000087e00000, 0x0000000087f00000|  0%| F|  |TAMS 0x0000000087e00000, 0x0000000087e00000| Untracked 
|  55|0x0000000087f00000, 0x0000000087f00000, 0x0000000088000000|  0%| F|  |TAMS 0x0000000087f00000, 0x0000000087f00000| Untracked 
|  56|0x0000000088000000, 0x0000000088000000, 0x0000000088100000|  0%| F|  |TAMS 0x0000000088000000, 0x0000000088000000| Untracked 
|  57|0x0000000088100000, 0x0000000088100000, 0x0000000088200000|  0%| F|  |TAMS 0x0000000088100000, 0x0000000088100000| Untracked 
|  58|0x0000000088200000, 0x0000000088200000, 0x0000000088300000|  0%| F|  |TAMS 0x0000000088200000, 0x0000000088200000| Untracked 
|  59|0x0000000088300000, 0x0000000088300000, 0x0000000088400000|  0%| F|  |TAMS 0x0000000088300000, 0x0000000088300000| Untracked 
|  60|0x0000000088400000, 0x0000000088400000, 0x0000000088500000|  0%| F|  |TAMS 0x0000000088400000, 0x0000000088400000| Untracked 
|  61|0x0000000088500000, 0x0000000088500000, 0x0000000088600000|  0%| F|  |TAMS 0x0000000088500000, 0x0000000088500000| Untracked 
|  62|0x0000000088600000, 0x0000000088600000, 0x0000000088700000|  0%| F|  |TAMS 0x0000000088600000, 0x0000000088600000| Untracked 
|  63|0x0000000088700000, 0x0000000088700000, 0x0000000088800000|  0%| F|  |TAMS 0x0000000088700000, 0x0000000088700000| Untracked 
|  64|0x0000000088800000, 0x0000000088800000, 0x0000000088900000|  0%| F|  |TAMS 0x0000000088800000, 0x0000000088800000| Untracked 
|  65|0x0000000088900000, 0x0000000088900000, 0x0000000088a00000|  0%| F|  |TAMS 0x0000000088900000, 0x0000000088900000| Untracked 
|  66|0x0000000088a00000, 0x0000000088a00000, 0x0000000088b00000|  0%| F|  |TAMS 0x0000000088a00000, 0x0000000088a00000| Untracked 
|  67|0x0000000088b00000, 0x0000000088b00000, 0x0000000088c00000|  0%| F|  |TAMS 0x0000000088b00000, 0x0000000088b00000| Untracked 
|  68|0x0000000088c00000, 0x0000000088c00000, 0x0000000088d00000|  0%| F|  |TAMS 0x0000000088c00000, 0x0000000088c00000| Untracked 
|  69|0x0000000088d00000, 0x0000000088d00000, 0x0000000088e00000|  0%| F|  |TAMS 0x0000000088d00000, 0x0000000088d00000| Untracked 
|  70|0x0000000088e00000, 0x0000000088e00000, 0x0000000088f00000|  0%| F|  |TAMS 0x0000000088e00000, 0x0000000088e00000| Untracked 
|  71|0x0000000088f00000, 0x0000000088f00000, 0x0000000089000000|  0%| F|  |TAMS 0x0000000088f00000, 0x0000000088f00000| Untracked 
|  72|0x0000000089000000, 0x0000000089000000, 0x0000000089100000|  0%| F|  |TAMS 0x0000000089000000, 0x0000000089000000| Untracked 
|  73|0x0000000089100000, 0x0000000089100000, 0x0000000089200000|  0%| F|  |TAMS 0x0000000089100000, 0x0000000089100000| Untracked 
|  74|0x0000000089200000, 0x0000000089200000, 0x0000000089300000|  0%| F|  |TAMS 0x0000000089200000, 0x0000000089200000| Untracked 
|  75|0x0000000089300000, 0x0000000089300000, 0x0000000089400000|  0%| F|  |TAMS 0x0000000089300000, 0x0000000089300000| Untracked 
|  76|0x0000000089400000, 0x0000000089400000, 0x0000000089500000|  0%| F|  |TAMS 0x0000000089400000, 0x0000000089400000| Untracked 
|  77|0x0000000089500000, 0x0000000089500000, 0x0000000089600000|  0%| F|  |TAMS 0x0000000089500000, 0x0000000089500000| Untracked 
|  78|0x0000000089600000, 0x0000000089600000, 0x0000000089700000|  0%| F|  |TAMS 0x0000000089600000, 0x0000000089600000| Untracked 
|  79|0x0000000089700000, 0x0000000089700000, 0x0000000089800000|  0%| F|  |TAMS 0x0000000089700000, 0x0000000089700000| Untracked 
|  80|0x0000000089800000, 0x0000000089800000, 0x0000000089900000|  0%| F|  |TAMS 0x0000000089800000, 0x0000000089800000| Untracked 
|  81|0x0000000089900000, 0x00000000899b3300, 0x0000000089a00000| 69%| S|CS|TAMS 0x0000000089900000, 0x0000000089900000| Complete 
|  82|0x0000000089a00000, 0x0000000089b00000, 0x0000000089b00000|100%| S|CS|TAMS 0x0000000089a00000, 0x0000000089a00000| Complete 
|  83|0x0000000089b00000, 0x0000000089c00000, 0x0000000089c00000|100%| S|CS|TAMS 0x0000000089b00000, 0x0000000089b00000| Complete 
|  84|0x0000000089c00000, 0x0000000089d00000, 0x0000000089d00000|100%| S|CS|TAMS 0x0000000089c00000, 0x0000000089c00000| Complete 
|  85|0x0000000089d00000, 0x0000000089d00000, 0x0000000089e00000|  0%| F|  |TAMS 0x0000000089d00000, 0x0000000089d00000| Untracked 
|  86|0x0000000089e00000, 0x0000000089e00000, 0x0000000089f00000|  0%| F|  |TAMS 0x0000000089e00000, 0x0000000089e00000| Untracked 
|  87|0x0000000089f00000, 0x0000000089f00000, 0x000000008a000000|  0%| F|  |TAMS 0x0000000089f00000, 0x0000000089f00000| Untracked 
|  88|0x000000008a000000, 0x000000008a000000, 0x000000008a100000|  0%| F|  |TAMS 0x000000008a000000, 0x000000008a000000| Untracked 
|  89|0x000000008a100000, 0x000000008a100000, 0x000000008a200000|  0%| F|  |TAMS 0x000000008a100000, 0x000000008a100000| Untracked 
|  90|0x000000008a200000, 0x000000008a200000, 0x000000008a300000|  0%| F|  |TAMS 0x000000008a200000, 0x000000008a200000| Untracked 
|  91|0x000000008a300000, 0x000000008a300000, 0x000000008a400000|  0%| F|  |TAMS 0x000000008a300000, 0x000000008a300000| Untracked 
|  92|0x000000008a400000, 0x000000008a400000, 0x000000008a500000|  0%| F|  |TAMS 0x000000008a400000, 0x000000008a400000| Untracked 
|  93|0x000000008a500000, 0x000000008a500000, 0x000000008a600000|  0%| F|  |TAMS 0x000000008a500000, 0x000000008a500000| Untracked 
|  94|0x000000008a600000, 0x000000008a600000, 0x000000008a700000|  0%| F|  |TAMS 0x000000008a600000, 0x000000008a600000| Untracked 
|  95|0x000000008a700000, 0x000000008a700000, 0x000000008a800000|  0%| F|  |TAMS 0x000000008a700000, 0x000000008a700000| Untracked 
|  96|0x000000008a800000, 0x000000008a800000, 0x000000008a900000|  0%| F|  |TAMS 0x000000008a800000, 0x000000008a800000| Untracked 
|  97|0x000000008a900000, 0x000000008a900000, 0x000000008aa00000|  0%| F|  |TAMS 0x000000008a900000, 0x000000008a900000| Untracked 
|  98|0x000000008aa00000, 0x000000008aa00000, 0x000000008ab00000|  0%| F|  |TAMS 0x000000008aa00000, 0x000000008aa00000| Untracked 
|  99|0x000000008ab00000, 0x000000008ab00000, 0x000000008ac00000|  0%| F|  |TAMS 0x000000008ab00000, 0x000000008ab00000| Untracked 
| 100|0x000000008ac00000, 0x000000008ac00000, 0x000000008ad00000|  0%| F|  |TAMS 0x000000008ac00000, 0x000000008ac00000| Untracked 
| 101|0x000000008ad00000, 0x000000008ad00000, 0x000000008ae00000|  0%| F|  |TAMS 0x000000008ad00000, 0x000000008ad00000| Untracked 
| 102|0x000000008ae00000, 0x000000008ae00000, 0x000000008af00000|  0%| F|  |TAMS 0x000000008ae00000, 0x000000008ae00000| Untracked 
| 103|0x000000008af00000, 0x000000008af00000, 0x000000008b000000|  0%| F|  |TAMS 0x000000008af00000, 0x000000008af00000| Untracked 
| 104|0x000000008b000000, 0x000000008b000000, 0x000000008b100000|  0%| F|  |TAMS 0x000000008b000000, 0x000000008b000000| Untracked 
| 105|0x000000008b100000, 0x000000008b100000, 0x000000008b200000|  0%| F|  |TAMS 0x000000008b100000, 0x000000008b100000| Untracked 
| 106|0x000000008b200000, 0x000000008b200000, 0x000000008b300000|  0%| F|  |TAMS 0x000000008b200000, 0x000000008b200000| Untracked 
| 107|0x000000008b300000, 0x000000008b300000, 0x000000008b400000|  0%| F|  |TAMS 0x000000008b300000, 0x000000008b300000| Untracked 
| 108|0x000000008b400000, 0x000000008b400000, 0x000000008b500000|  0%| F|  |TAMS 0x000000008b400000, 0x000000008b400000| Untracked 
| 109|0x000000008b500000, 0x000000008b500000, 0x000000008b600000|  0%| F|  |TAMS 0x000000008b500000, 0x000000008b500000| Untracked 
| 110|0x000000008b600000, 0x000000008b600000, 0x000000008b700000|  0%| F|  |TAMS 0x000000008b600000, 0x000000008b600000| Untracked 
| 111|0x000000008b700000, 0x000000008b700000, 0x000000008b800000|  0%| F|  |TAMS 0x000000008b700000, 0x000000008b700000| Untracked 
| 112|0x000000008b800000, 0x000000008b800000, 0x000000008b900000|  0%| F|  |TAMS 0x000000008b800000, 0x000000008b800000| Untracked 
| 113|0x000000008b900000, 0x000000008b900000, 0x000000008ba00000|  0%| F|  |TAMS 0x000000008b900000, 0x000000008b900000| Untracked 
| 114|0x000000008ba00000, 0x000000008ba00000, 0x000000008bb00000|  0%| F|  |TAMS 0x000000008ba00000, 0x000000008ba00000| Untracked 
| 115|0x000000008bb00000, 0x000000008bb00000, 0x000000008bc00000|  0%| F|  |TAMS 0x000000008bb00000, 0x000000008bb00000| Untracked 
| 116|0x000000008bc00000, 0x000000008bc00000, 0x000000008bd00000|  0%| F|  |TAMS 0x000000008bc00000, 0x000000008bc00000| Untracked 
| 117|0x000000008bd00000, 0x000000008bd00000, 0x000000008be00000|  0%| F|  |TAMS 0x000000008bd00000, 0x000000008bd00000| Untracked 
| 118|0x000000008be00000, 0x000000008be00000, 0x000000008bf00000|  0%| F|  |TAMS 0x000000008be00000, 0x000000008be00000| Untracked 
| 119|0x000000008bf00000, 0x000000008bf00000, 0x000000008c000000|  0%| F|  |TAMS 0x000000008bf00000, 0x000000008bf00000| Untracked 
| 120|0x000000008c000000, 0x000000008c000000, 0x000000008c100000|  0%| F|  |TAMS 0x000000008c000000, 0x000000008c000000| Untracked 
| 121|0x000000008c100000, 0x000000008c100000, 0x000000008c200000|  0%| F|  |TAMS 0x000000008c100000, 0x000000008c100000| Untracked 
| 122|0x000000008c200000, 0x000000008c200000, 0x000000008c300000|  0%| F|  |TAMS 0x000000008c200000, 0x000000008c200000| Untracked 
| 123|0x000000008c300000, 0x000000008c300000, 0x000000008c400000|  0%| F|  |TAMS 0x000000008c300000, 0x000000008c300000| Untracked 
| 124|0x000000008c400000, 0x000000008c400000, 0x000000008c500000|  0%| F|  |TAMS 0x000000008c400000, 0x000000008c400000| Untracked 
| 125|0x000000008c500000, 0x000000008c500000, 0x000000008c600000|  0%| F|  |TAMS 0x000000008c500000, 0x000000008c500000| Untracked 
| 126|0x000000008c600000, 0x000000008c600000, 0x000000008c700000|  0%| F|  |TAMS 0x000000008c600000, 0x000000008c600000| Untracked 
| 127|0x000000008c700000, 0x000000008c700000, 0x000000008c800000|  0%| F|  |TAMS 0x000000008c700000, 0x000000008c700000| Untracked 
| 128|0x000000008c800000, 0x000000008c800000, 0x000000008c900000|  0%| F|  |TAMS 0x000000008c800000, 0x000000008c800000| Untracked 
| 129|0x000000008c900000, 0x000000008c900000, 0x000000008ca00000|  0%| F|  |TAMS 0x000000008c900000, 0x000000008c900000| Untracked 
| 130|0x000000008ca00000, 0x000000008ca00000, 0x000000008cb00000|  0%| F|  |TAMS 0x000000008ca00000, 0x000000008ca00000| Untracked 
| 131|0x000000008cb00000, 0x000000008cc00000, 0x000000008cc00000|100%| E|  |TAMS 0x000000008cb00000, 0x000000008cb00000| Complete 
| 132|0x000000008cc00000, 0x000000008cd00000, 0x000000008cd00000|100%| E|CS|TAMS 0x000000008cc00000, 0x000000008cc00000| Complete 
| 133|0x000000008cd00000, 0x000000008ce00000, 0x000000008ce00000|100%| E|CS|TAMS 0x000000008cd00000, 0x000000008cd00000| Complete 
| 134|0x000000008ce00000, 0x000000008cf00000, 0x000000008cf00000|100%| E|CS|TAMS 0x000000008ce00000, 0x000000008ce00000| Complete 
| 135|0x000000008cf00000, 0x000000008d000000, 0x000000008d000000|100%| E|CS|TAMS 0x000000008cf00000, 0x000000008cf00000| Complete 
| 136|0x000000008d000000, 0x000000008d100000, 0x000000008d100000|100%| E|CS|TAMS 0x000000008d000000, 0x000000008d000000| Complete 
| 137|0x000000008d100000, 0x000000008d200000, 0x000000008d200000|100%| E|CS|TAMS 0x000000008d100000, 0x000000008d100000| Complete 
| 138|0x000000008d200000, 0x000000008d300000, 0x000000008d300000|100%| E|CS|TAMS 0x000000008d200000, 0x000000008d200000| Complete 
| 139|0x000000008d300000, 0x000000008d400000, 0x000000008d400000|100%| E|CS|TAMS 0x000000008d300000, 0x000000008d300000| Complete 
| 140|0x000000008d400000, 0x000000008d500000, 0x000000008d500000|100%| E|CS|TAMS 0x000000008d400000, 0x000000008d400000| Complete 
| 141|0x000000008d500000, 0x000000008d600000, 0x000000008d600000|100%| E|CS|TAMS 0x000000008d500000, 0x000000008d500000| Complete 
| 142|0x000000008d600000, 0x000000008d700000, 0x000000008d700000|100%| E|CS|TAMS 0x000000008d600000, 0x000000008d600000| Complete 
| 143|0x000000008d700000, 0x000000008d800000, 0x000000008d800000|100%| E|CS|TAMS 0x000000008d700000, 0x000000008d700000| Complete 
| 144|0x000000008d800000, 0x000000008d900000, 0x000000008d900000|100%| E|CS|TAMS 0x000000008d800000, 0x000000008d800000| Complete 
| 145|0x000000008d900000, 0x000000008da00000, 0x000000008da00000|100%| E|CS|TAMS 0x000000008d900000, 0x000000008d900000| Complete 
| 146|0x000000008da00000, 0x000000008db00000, 0x000000008db00000|100%| E|CS|TAMS 0x000000008da00000, 0x000000008da00000| Complete 
| 147|0x000000008db00000, 0x000000008dc00000, 0x000000008dc00000|100%| E|CS|TAMS 0x000000008db00000, 0x000000008db00000| Complete 
| 148|0x000000008dc00000, 0x000000008dd00000, 0x000000008dd00000|100%| E|CS|TAMS 0x000000008dc00000, 0x000000008dc00000| Complete 
| 149|0x000000008dd00000, 0x000000008de00000, 0x000000008de00000|100%| E|CS|TAMS 0x000000008dd00000, 0x000000008dd00000| Complete 
| 150|0x000000008de00000, 0x000000008df00000, 0x000000008df00000|100%| E|CS|TAMS 0x000000008de00000, 0x000000008de00000| Complete 
| 151|0x000000008df00000, 0x000000008e000000, 0x000000008e000000|100%| E|CS|TAMS 0x000000008df00000, 0x000000008df00000| Complete 
| 152|0x000000008e000000, 0x000000008e100000, 0x000000008e100000|100%| E|CS|TAMS 0x000000008e000000, 0x000000008e000000| Complete 
| 153|0x000000008e100000, 0x000000008e200000, 0x000000008e200000|100%| E|CS|TAMS 0x000000008e100000, 0x000000008e100000| Complete 
| 154|0x000000008e200000, 0x000000008e300000, 0x000000008e300000|100%| E|CS|TAMS 0x000000008e200000, 0x000000008e200000| Complete 
| 155|0x000000008e300000, 0x000000008e400000, 0x000000008e400000|100%| E|CS|TAMS 0x000000008e300000, 0x000000008e300000| Complete 
| 156|0x000000008e400000, 0x000000008e500000, 0x000000008e500000|100%| E|CS|TAMS 0x000000008e400000, 0x000000008e400000| Complete 
| 157|0x000000008e500000, 0x000000008e600000, 0x000000008e600000|100%| E|CS|TAMS 0x000000008e500000, 0x000000008e500000| Complete 
| 158|0x000000008e600000, 0x000000008e700000, 0x000000008e700000|100%| E|CS|TAMS 0x000000008e600000, 0x000000008e600000| Complete 
| 159|0x000000008e700000, 0x000000008e800000, 0x000000008e800000|100%| E|CS|TAMS 0x000000008e700000, 0x000000008e700000| Complete 
| 160|0x000000008e800000, 0x000000008e900000, 0x000000008e900000|100%| E|CS|TAMS 0x000000008e800000, 0x000000008e800000| Complete 
| 161|0x000000008e900000, 0x000000008ea00000, 0x000000008ea00000|100%| E|CS|TAMS 0x000000008e900000, 0x000000008e900000| Complete 
| 162|0x000000008ea00000, 0x000000008eb00000, 0x000000008eb00000|100%| E|CS|TAMS 0x000000008ea00000, 0x000000008ea00000| Complete 
| 163|0x000000008eb00000, 0x000000008ec00000, 0x000000008ec00000|100%| E|CS|TAMS 0x000000008eb00000, 0x000000008eb00000| Complete 
| 164|0x000000008ec00000, 0x000000008ed00000, 0x000000008ed00000|100%| E|CS|TAMS 0x000000008ec00000, 0x000000008ec00000| Complete 
| 165|0x000000008ed00000, 0x000000008ee00000, 0x000000008ee00000|100%| E|CS|TAMS 0x000000008ed00000, 0x000000008ed00000| Complete 
| 166|0x000000008ee00000, 0x000000008ef00000, 0x000000008ef00000|100%| E|CS|TAMS 0x000000008ee00000, 0x000000008ee00000| Complete 
| 167|0x000000008ef00000, 0x000000008f000000, 0x000000008f000000|100%| E|CS|TAMS 0x000000008ef00000, 0x000000008ef00000| Complete 
| 168|0x000000008f000000, 0x000000008f100000, 0x000000008f100000|100%| E|CS|TAMS 0x000000008f000000, 0x000000008f000000| Complete 
| 169|0x000000008f100000, 0x000000008f200000, 0x000000008f200000|100%| E|CS|TAMS 0x000000008f100000, 0x000000008f100000| Complete 
| 170|0x000000008f200000, 0x000000008f300000, 0x000000008f300000|100%| E|CS|TAMS 0x000000008f200000, 0x000000008f200000| Complete 
| 171|0x000000008f300000, 0x000000008f400000, 0x000000008f400000|100%| E|CS|TAMS 0x000000008f300000, 0x000000008f300000| Complete 
| 172|0x000000008f400000, 0x000000008f500000, 0x000000008f500000|100%| E|CS|TAMS 0x000000008f400000, 0x000000008f400000| Complete 
| 173|0x000000008f500000, 0x000000008f600000, 0x000000008f600000|100%| E|CS|TAMS 0x000000008f500000, 0x000000008f500000| Complete 
| 174|0x000000008f600000, 0x000000008f700000, 0x000000008f700000|100%| E|CS|TAMS 0x000000008f600000, 0x000000008f600000| Complete 
| 175|0x000000008f700000, 0x000000008f800000, 0x000000008f800000|100%| E|CS|TAMS 0x000000008f700000, 0x000000008f700000| Complete 
| 176|0x000000008f800000, 0x000000008f900000, 0x000000008f900000|100%| E|CS|TAMS 0x000000008f800000, 0x000000008f800000| Complete 
| 177|0x000000008f900000, 0x000000008fa00000, 0x000000008fa00000|100%| E|CS|TAMS 0x000000008f900000, 0x000000008f900000| Complete 

Card table byte_map: [0x00000298350a0000,0x0000029835480000] _byte_map_base: 0x0000029834c7c000

Marking Bits (Prev, Next): (CMBitMap*) 0x000002981de9d130, (CMBitMap*) 0x000002981de9d0f0
 Prev Bits: [0x0000029837740000, 0x0000029839620000)
 Next Bits: [0x0000029835860000, 0x0000029837740000)

Polling page: 0x000002981bd20000

Metaspace:

Usage:
  Non-class:     34.63 MB used.
      Class:      4.45 MB used.
       Both:     39.08 MB used.

Virtual space:
  Non-class space:       64.00 MB reserved,      34.81 MB ( 54%) committed,  1 nodes.
      Class space:        1.00 GB reserved,       4.69 MB ( <1%) committed,  1 nodes.
             Both:        1.06 GB reserved,      39.50 MB (  4%) committed. 

Chunk freelists:
   Non-Class:  12.26 MB
       Class:  11.25 MB
        Both:  23.51 MB

MaxMetaspaceSize: unlimited
CompressedClassSpaceSize: 1.00 GB
Initial GC threshold: 21.00 MB
Current GC threshold: 58.06 MB
CDS: on
MetaspaceReclaimPolicy: balanced
 - commit_granule_bytes: 65536.
 - commit_granule_words: 8192.
 - virtual_space_node_default_size: 8388608.
 - enlarge_chunks_in_place: 1.
 - new_chunks_are_fully_committed: 0.
 - uncommit_free_chunks: 1.
 - use_allocation_guard: 0.
 - handle_deallocations: 1.


Internal statistics:

num_allocs_failed_limit: 3.
num_arena_births: 328.
num_arena_deaths: 0.
num_vsnodes_births: 2.
num_vsnodes_deaths: 0.
num_space_committed: 632.
num_space_uncommitted: 0.
num_chunks_returned_to_freelist: 3.
num_chunks_taken_from_freelist: 1698.
num_chunk_merges: 3.
num_chunk_splits: 1128.
num_chunks_enlarged: 821.
num_inconsistent_stats: 0.

CodeHeap 'non-profiled nmethods': size=120000Kb used=5715Kb max_used=5715Kb free=114285Kb
 bounds [0x000002982d460000, 0x000002982da00000, 0x0000029834990000]
CodeHeap 'profiled nmethods': size=120000Kb used=17432Kb max_used=17466Kb free=102567Kb
 bounds [0x0000029825990000, 0x0000029826aa0000, 0x000002982cec0000]
CodeHeap 'non-nmethods': size=5760Kb used=1279Kb max_used=1357Kb free=4480Kb
 bounds [0x000002982cec0000, 0x000002982d130000, 0x000002982d460000]
 total_blobs=8700 nmethods=8121 adapters=491
 compilation: enabled
              stopped_count=0, restarted_count=0
 full_count=0

Compilation events (20 events):
Event: 16.082 Thread 0x000002987e0d4e70 9916       4       java.nio.ByteBuffer::<init> (47 bytes)
Event: 16.083 Thread 0x000002983c5b6620 nmethod 9858 0x000002982d9ef890 code [0x000002982d9efae0, 0x000002982d9f0dc0]
Event: 16.083 Thread 0x000002983c5b6620 9860  s    4       jdk.internal.jimage.ImageReader$SharedImageReader::buildRootDirectory (71 bytes)
Event: 16.084 Thread 0x000002983c0afd10 nmethod 9917% 0x00000298264f7c90 code [0x00000298264f80e0, 0x00000298264fa368]
Event: 16.085 Thread 0x000002983c5b6620 nmethod 9860 0x000002982d9f1710 code [0x000002982d9f18a0, 0x000002982d9f1a78]
Event: 16.085 Thread 0x000002983c5b6620 9861  s    4       jdk.internal.jimage.ImageReader$SharedImageReader::findNode (36 bytes)
Event: 16.087 Thread 0x000002987e0d4e70 nmethod 9916 0x000002982d9f1b10 code [0x000002982d9f1ca0, 0x000002982d9f1f98]
Event: 16.087 Thread 0x000002987e0d4e70 9915       4       java.nio.MappedByteBuffer::position (6 bytes)
Event: 16.088 Thread 0x000002987e0d4e70 nmethod 9915 0x000002982d9f2110 code [0x000002982d9f22a0, 0x000002982d9f2398]
Event: 16.089 Thread 0x000002987e0d4e70 9918   !   4       java.lang.Thread::blockedOn (27 bytes)
Event: 16.091 Thread 0x000002987e0d4e70 nmethod 9918 0x000002982d9f2510 code [0x000002982d9f26a0, 0x000002982d9f2938]
Event: 16.091 Thread 0x000002987e0d4e70 9919       4       java.nio.HeapByteBuffer::<init> (23 bytes)
Event: 16.098 Thread 0x000002987e0d4e70 nmethod 9919 0x000002982d9f2a10 code [0x000002982d9f2ba0, 0x000002982d9f2f38]
Event: 16.098 Thread 0x000002987e0d4e70 9920   !   4       java.nio.file.FileTreeWalker::getAttributes (94 bytes)
Event: 16.104 Thread 0x000002987e0d4e70 nmethod 9920 0x000002982d9f3210 code [0x000002982d9f33e0, 0x000002982d9f3668]
Event: 16.104 Thread 0x000002987e0d4e70 9921   !   4       java.nio.file.FileTreeWalker::next (144 bytes)
Event: 16.124 Thread 0x000002983c5b6620 nmethod 9861 0x000002982d9f3890 code [0x000002982d9f3a60, 0x000002982d9f46b8]
Event: 16.162 Thread 0x000002983c5b6620 9922   !   4       java.nio.file.FileTreeWalker::visit (204 bytes)
Event: 16.275 Thread 0x000002983c0afd10 9926       3       jdk.nio.zipfs.ZipCoder$UTF8::getBytes (40 bytes)
Event: 16.277 Thread 0x000002983c0afd10 nmethod 9926 0x00000298264f6d10 code [0x00000298264f6f60, 0x00000298264f78b8]

GC Heap History (20 events):
Event: 7.228 GC heap before
{Heap before GC invocations=12 (full 0):
 garbage-first heap   total 75776K, used 50137K [0x0000000084800000, 0x0000000100000000)
  region size 1024K, 12 young (12288K), 2 survivors (2048K)
 Metaspace       used 34455K, committed 34752K, reserved 1114112K
  class space    used 4042K, committed 4160K, reserved 1048576K
}
Event: 7.236 GC heap after
{Heap after GC invocations=13 (full 0):
 garbage-first heap   total 75776K, used 43582K [0x0000000084800000, 0x0000000100000000)
  region size 1024K, 2 young (2048K), 2 survivors (2048K)
 Metaspace       used 34455K, committed 34752K, reserved 1114112K
  class space    used 4042K, committed 4160K, reserved 1048576K
}
Event: 7.759 GC heap before
{Heap before GC invocations=13 (full 0):
 garbage-first heap   total 75776K, used 56894K [0x0000000084800000, 0x0000000100000000)
  region size 1024K, 15 young (15360K), 2 survivors (2048K)
 Metaspace       used 35258K, committed 35584K, reserved 1114112K
  class space    used 4100K, committed 4224K, reserved 1048576K
}
Event: 7.775 GC heap after
{Heap after GC invocations=14 (full 0):
 garbage-first heap   total 75776K, used 45675K [0x0000000084800000, 0x0000000100000000)
  region size 1024K, 2 young (2048K), 2 survivors (2048K)
 Metaspace       used 35258K, committed 35584K, reserved 1114112K
  class space    used 4100K, committed 4224K, reserved 1048576K
}
Event: 8.340 GC heap before
{Heap before GC invocations=15 (full 0):
 garbage-first heap   total 75776K, used 55915K [0x0000000084800000, 0x0000000100000000)
  region size 1024K, 15 young (15360K), 2 survivors (2048K)
 Metaspace       used 35893K, committed 36224K, reserved 1114112K
  class space    used 4177K, committed 4288K, reserved 1048576K
}
Event: 8.346 GC heap after
{Heap after GC invocations=16 (full 0):
 garbage-first heap   total 75776K, used 44119K [0x0000000084800000, 0x0000000100000000)
  region size 1024K, 1 young (1024K), 1 survivors (1024K)
 Metaspace       used 35893K, committed 36224K, reserved 1114112K
  class space    used 4177K, committed 4288K, reserved 1048576K
}
Event: 8.374 GC heap before
{Heap before GC invocations=16 (full 0):
 garbage-first heap   total 75776K, used 45143K [0x0000000084800000, 0x0000000100000000)
  region size 1024K, 3 young (3072K), 1 survivors (1024K)
 Metaspace       used 36034K, committed 36416K, reserved 1114112K
  class space    used 4187K, committed 4352K, reserved 1048576K
}
Event: 8.379 GC heap after
{Heap after GC invocations=17 (full 0):
 garbage-first heap   total 107520K, used 43333K [0x0000000084800000, 0x0000000100000000)
  region size 1024K, 1 young (1024K), 1 survivors (1024K)
 Metaspace       used 36034K, committed 36416K, reserved 1114112K
  class space    used 4187K, committed 4352K, reserved 1048576K
}
Event: 9.573 GC heap before
{Heap before GC invocations=17 (full 0):
 garbage-first heap   total 107520K, used 79173K [0x0000000084800000, 0x0000000100000000)
  region size 1024K, 36 young (36864K), 1 survivors (1024K)
 Metaspace       used 37207K, committed 37696K, reserved 1114112K
  class space    used 4307K, committed 4544K, reserved 1048576K
}
Event: 9.583 GC heap after
{Heap after GC invocations=18 (full 0):
 garbage-first heap   total 107520K, used 44554K [0x0000000084800000, 0x0000000100000000)
  region size 1024K, 2 young (2048K), 2 survivors (2048K)
 Metaspace       used 37207K, committed 37696K, reserved 1114112K
  class space    used 4307K, committed 4544K, reserved 1048576K
}
Event: 10.069 GC heap before
{Heap before GC invocations=18 (full 0):
 garbage-first heap   total 107520K, used 81418K [0x0000000084800000, 0x0000000100000000)
  region size 1024K, 38 young (38912K), 2 survivors (2048K)
 Metaspace       used 37441K, committed 37888K, reserved 1114112K
  class space    used 4318K, committed 4544K, reserved 1048576K
}
Event: 10.083 GC heap after
{Heap after GC invocations=19 (full 0):
 garbage-first heap   total 107520K, used 46430K [0x0000000084800000, 0x0000000100000000)
  region size 1024K, 4 young (4096K), 4 survivors (4096K)
 Metaspace       used 37441K, committed 37888K, reserved 1114112K
  class space    used 4318K, committed 4544K, reserved 1048576K
}
Event: 10.514 GC heap before
{Heap before GC invocations=19 (full 0):
 garbage-first heap   total 107520K, used 83294K [0x0000000084800000, 0x0000000100000000)
  region size 1024K, 40 young (40960K), 4 survivors (4096K)
 Metaspace       used 37509K, committed 37952K, reserved 1114112K
  class space    used 4323K, committed 4544K, reserved 1048576K
}
Event: 10.529 GC heap after
{Heap after GC invocations=20 (full 0):
 garbage-first heap   total 107520K, used 47758K [0x0000000084800000, 0x0000000100000000)
  region size 1024K, 4 young (4096K), 4 survivors (4096K)
 Metaspace       used 37509K, committed 37952K, reserved 1114112K
  class space    used 4323K, committed 4544K, reserved 1048576K
}
Event: 10.848 GC heap before
{Heap before GC invocations=20 (full 0):
 garbage-first heap   total 107520K, used 84622K [0x0000000084800000, 0x0000000100000000)
  region size 1024K, 40 young (40960K), 4 survivors (4096K)
 Metaspace       used 37568K, committed 38016K, reserved 1114112K
  class space    used 4326K, committed 4544K, reserved 1048576K
}
Event: 10.862 GC heap after
{Heap after GC invocations=21 (full 0):
 garbage-first heap   total 107520K, used 48905K [0x0000000084800000, 0x0000000100000000)
  region size 1024K, 3 young (3072K), 3 survivors (3072K)
 Metaspace       used 37568K, committed 38016K, reserved 1114112K
  class space    used 4326K, committed 4544K, reserved 1048576K
}
Event: 11.215 GC heap before
{Heap before GC invocations=21 (full 0):
 garbage-first heap   total 107520K, used 86793K [0x0000000084800000, 0x0000000100000000)
  region size 1024K, 40 young (40960K), 3 survivors (3072K)
 Metaspace       used 37628K, committed 38080K, reserved 1114112K
  class space    used 4326K, committed 4544K, reserved 1048576K
}
Event: 11.228 GC heap after
{Heap after GC invocations=22 (full 0):
 garbage-first heap   total 182272K, used 49217K [0x0000000084800000, 0x0000000100000000)
  region size 1024K, 2 young (2048K), 2 survivors (2048K)
 Metaspace       used 37628K, committed 38080K, reserved 1114112K
  class space    used 4326K, committed 4544K, reserved 1048576K
}
Event: 14.138 GC heap before
{Heap before GC invocations=22 (full 0):
 garbage-first heap   total 182272K, used 144449K [0x0000000084800000, 0x0000000100000000)
  region size 1024K, 95 young (97280K), 2 survivors (2048K)
 Metaspace       used 39696K, committed 40064K, reserved 1114112K
  class space    used 4548K, committed 4736K, reserved 1048576K
}
Event: 14.152 GC heap after
{Heap after GC invocations=23 (full 0):
 garbage-first heap   total 182272K, used 51157K [0x0000000084800000, 0x0000000100000000)
  region size 1024K, 4 young (4096K), 4 survivors (4096K)
 Metaspace       used 39696K, committed 40064K, reserved 1114112K
  class space    used 4548K, committed 4736K, reserved 1048576K
}

Dll operation events (10 events):
Event: 0.011 Loaded shared library C:\Program Files\Eclipse Adoptium\jdk-17.0.17.10-hotspot\bin\java.dll
Event: 0.030 Loaded shared library C:\Program Files\Eclipse Adoptium\jdk-17.0.17.10-hotspot\bin\jsvml.dll
Event: 0.065 Loaded shared library C:\Program Files\Eclipse Adoptium\jdk-17.0.17.10-hotspot\bin\net.dll
Event: 0.068 Loaded shared library C:\Program Files\Eclipse Adoptium\jdk-17.0.17.10-hotspot\bin\nio.dll
Event: 0.070 Loaded shared library C:\Program Files\Eclipse Adoptium\jdk-17.0.17.10-hotspot\bin\zip.dll
Event: 0.204 Loaded shared library C:\Program Files\Eclipse Adoptium\jdk-17.0.17.10-hotspot\bin\jimage.dll
Event: 0.205 Loaded shared library C:\Users\user\.m2\wrapper\dists\apache-maven-3.9.12\59fe215c0ad6947fea90184bf7add084544567b927287592651fda3782e0e798\lib\jansi-native\Windows\x86_64\jansi.dll
Event: 0.230 Loaded shared library C:\Program Files\Eclipse Adoptium\jdk-17.0.17.10-hotspot\bin\verify.dll
Event: 2.454 Loaded shared library C:\Program Files\Eclipse Adoptium\jdk-17.0.17.10-hotspot\bin\sunmscapi.dll
Event: 2.867 Loaded shared library C:\Program Files\Eclipse Adoptium\jdk-17.0.17.10-hotspot\bin\extnet.dll

Deoptimization events (20 events):
Event: 15.904 Thread 0x000002981bc4d5d0 DEOPT PACKING pc=0x000002982d7b8f90 sp=0x000000b8510fcbf0
Event: 15.904 Thread 0x000002981bc4d5d0 DEOPT UNPACKING pc=0x000002982cf1a1a3 sp=0x000000b8510fcc00 mode 2
Event: 15.909 Thread 0x000002981bc4d5d0 Uncommon trap: trap_request=0xffffff45 fr.pc=0x000002982d91fbf8 relative=0x0000000000000438
Event: 15.909 Thread 0x000002981bc4d5d0 Uncommon trap: reason=unstable_if action=reinterpret pc=0x000002982d91fbf8 method=com.sun.tools.javac.util.AbstractLog.useSource(Ljavax/tools/JavaFileObject;)Ljavax/tools/JavaFileObject; @ 4 c2
Event: 15.909 Thread 0x000002981bc4d5d0 DEOPT PACKING pc=0x000002982d91fbf8 sp=0x000000b8510fd2d0
Event: 15.909 Thread 0x000002981bc4d5d0 DEOPT UNPACKING pc=0x000002982cf1a1a3 sp=0x000000b8510fd2b8 mode 2
Event: 15.909 Thread 0x000002981bc4d5d0 Uncommon trap: trap_request=0xfffffff4 fr.pc=0x000002982d919914 relative=0x0000000000000254
Event: 15.909 Thread 0x000002981bc4d5d0 Uncommon trap: reason=null_check action=make_not_entrant pc=0x000002982d919914 method=com.sun.tools.javac.util.AbstractLog.getSource(Ljavax/tools/JavaFileObject;)Lcom/sun/tools/javac/util/DiagnosticSource; @ 18 c2
Event: 15.909 Thread 0x000002981bc4d5d0 DEOPT PACKING pc=0x000002982d919914 sp=0x000000b8510fd290
Event: 15.909 Thread 0x000002981bc4d5d0 DEOPT UNPACKING pc=0x000002982cf1a1a3 sp=0x000000b8510fd238 mode 2
Event: 15.910 Thread 0x000002981bc4d5d0 Uncommon trap: trap_request=0xffffff45 fr.pc=0x000002982d75c018 relative=0x0000000000000858
Event: 15.910 Thread 0x000002981bc4d5d0 Uncommon trap: reason=unstable_if action=reinterpret pc=0x000002982d75c018 method=com.sun.tools.javac.parser.JavaTokenizer.readToken()Lcom/sun/tools/javac/parser/Tokens$Token; @ 39 c2
Event: 15.910 Thread 0x000002981bc4d5d0 DEOPT PACKING pc=0x000002982d75c018 sp=0x000000b8510fd000
Event: 15.910 Thread 0x000002981bc4d5d0 DEOPT UNPACKING pc=0x000002982cf1a1a3 sp=0x000000b8510fcfc0 mode 2
Event: 15.911 Thread 0x000002981bc4d5d0 Uncommon trap: trap_request=0xffffff45 fr.pc=0x000002982d755708 relative=0x0000000000000288
Event: 15.911 Thread 0x000002981bc4d5d0 Uncommon trap: reason=unstable_if action=reinterpret pc=0x000002982d755708 method=com.sun.tools.javac.parser.JavaTokenizer.scanIdent()V @ 9 c2
Event: 15.911 Thread 0x000002981bc4d5d0 DEOPT PACKING pc=0x000002982d755708 sp=0x000000b8510fcf50
Event: 15.911 Thread 0x000002981bc4d5d0 DEOPT UNPACKING pc=0x000002982cf1a1a3 sp=0x000000b8510fcf48 mode 2
Event: 16.227 Thread 0x000002981bc4d5d0 DEOPT PACKING pc=0x00000298264c358f sp=0x000000b8510fc0c0
Event: 16.227 Thread 0x000002981bc4d5d0 DEOPT UNPACKING pc=0x000002982cf1ace3 sp=0x000000b8510fb650 mode 0

Classes loaded (20 events):
Event: 11.973 Loading class java/util/EnumMap$EntrySet
Event: 11.973 Loading class java/util/EnumMap$EntrySet done
Event: 11.973 Loading class java/util/EnumMap$EntryIterator
Event: 11.974 Loading class java/util/EnumMap$EnumMapIterator
Event: 11.974 Loading class java/util/EnumMap$EnumMapIterator done
Event: 11.974 Loading class java/util/EnumMap$EntryIterator done
Event: 11.974 Loading class java/util/EnumMap$EntryIterator$Entry
Event: 11.975 Loading class java/util/EnumMap$EntryIterator$Entry done
Event: 12.011 Loading class java/util/stream/ReduceOps$2
Event: 12.011 Loading class java/util/stream/ReduceOps$2 done
Event: 12.012 Loading class java/util/stream/ReduceOps$2ReducingSink
Event: 12.012 Loading class java/util/stream/ReduceOps$2ReducingSink done
Event: 12.612 Loading class java/io/DataOutputStream
Event: 12.613 Loading class java/io/DataOutputStream done
Event: 15.304 Loading class java/util/EnumMap$Values
Event: 15.304 Loading class java/util/EnumMap$Values done
Event: 15.305 Loading class java/util/EnumMap$ValueIterator
Event: 15.305 Loading class java/util/EnumMap$ValueIterator done
Event: 15.305 Loading class java/util/WeakHashMap$KeyIterator
Event: 15.305 Loading class java/util/WeakHashMap$KeyIterator done

Classes unloaded (0 events):
No events

Classes redefined (0 events):
No events

Internal exceptions (20 events):
Event: 15.260 Thread 0x000002981bc4d5d0 Exception <a 'sun/nio/fs/WindowsException'{0x000000008eba5818}> (0x000000008eba5818) 
thrown [s\src\hotspot\share\prims\jni.cpp, line 516]
Event: 15.266 Thread 0x000002981bc4d5d0 Exception <a 'sun/nio/fs/WindowsException'{0x000000008ebc6768}> (0x000000008ebc6768) 
thrown [s\src\hotspot\share\prims\jni.cpp, line 516]
Event: 15.266 Thread 0x000002981bc4d5d0 Exception <a 'sun/nio/fs/WindowsException'{0x000000008ebc6e28}> (0x000000008ebc6e28) 
thrown [s\src\hotspot\share\prims\jni.cpp, line 516]
Event: 15.266 Thread 0x000002981bc4d5d0 Exception <a 'sun/nio/fs/WindowsException'{0x000000008ebc76c0}> (0x000000008ebc76c0) 
thrown [s\src\hotspot\share\prims\jni.cpp, line 516]
Event: 15.290 Thread 0x000002981bc4d5d0 Exception <a 'sun/nio/fs/WindowsException'{0x000000008ea0a4c8}> (0x000000008ea0a4c8) 
thrown [s\src\hotspot\share\prims\jni.cpp, line 516]
Event: 15.291 Thread 0x000002981bc4d5d0 Exception <a 'sun/nio/fs/WindowsException'{0x000000008ea0abc0}> (0x000000008ea0abc0) 
thrown [s\src\hotspot\share\prims\jni.cpp, line 516]
Event: 15.291 Thread 0x000002981bc4d5d0 Exception <a 'sun/nio/fs/WindowsException'{0x000000008ea0b5b0}> (0x000000008ea0b5b0) 
thrown [s\src\hotspot\share\prims\jni.cpp, line 516]
Event: 15.298 Thread 0x000002981bc4d5d0 Exception <a 'sun/nio/fs/WindowsException'{0x000000008ea1d788}> (0x000000008ea1d788) 
thrown [s\src\hotspot\share\prims\jni.cpp, line 516]
Event: 15.298 Thread 0x000002981bc4d5d0 Exception <a 'sun/nio/fs/WindowsException'{0x000000008ea1de40}> (0x000000008ea1de40) 
thrown [s\src\hotspot\share\prims\jni.cpp, line 516]
Event: 15.298 Thread 0x000002981bc4d5d0 Exception <a 'sun/nio/fs/WindowsException'{0x000000008ea1e6d0}> (0x000000008ea1e6d0) 
thrown [s\src\hotspot\share\prims\jni.cpp, line 516]
Event: 15.488 Thread 0x000002981bc4d5d0 Exception <a 'sun/nio/fs/WindowsException'{0x000000008e9d0630}> (0x000000008e9d0630) 
thrown [s\src\hotspot\share\prims\jni.cpp, line 516]
Event: 15.488 Thread 0x000002981bc4d5d0 Exception <a 'sun/nio/fs/WindowsException'{0x000000008e9d0ca0}> (0x000000008e9d0ca0) 
thrown [s\src\hotspot\share\prims\jni.cpp, line 516]
Event: 15.519 Thread 0x000002981bc4d5d0 Exception <a 'sun/nio/fs/WindowsException'{0x000000008e9e4b40}> (0x000000008e9e4b40) 
thrown [s\src\hotspot\share\prims\jni.cpp, line 516]
Event: 15.902 Thread 0x000002981bc4d5d0 Exception <a 'sun/nio/fs/WindowsException'{0x000000008de317d8}> (0x000000008de317d8) 
thrown [s\src\hotspot\share\prims\jni.cpp, line 516]
Event: 15.905 Thread 0x000002981bc4d5d0 Exception <a 'sun/nio/fs/WindowsException'{0x000000008debed28}> (0x000000008debed28) 
thrown [s\src\hotspot\share\prims\jni.cpp, line 516]
Event: 15.909 Thread 0x000002981bc4d5d0 Implicit null exception at 0x000002982d91f7f3 to 0x000002982d91fbe0
Event: 15.909 Thread 0x000002981bc4d5d0 Implicit null exception at 0x000002982d919721 to 0x000002982d919903
Event: 15.912 Thread 0x000002981bc4d5d0 Exception <a 'sun/nio/fs/WindowsException'{0x000000008dee1bc8}> (0x000000008dee1bc8) 
thrown [s\src\hotspot\share\prims\jni.cpp, line 516]
Event: 15.913 Thread 0x000002981bc4d5d0 Exception <a 'sun/nio/fs/WindowsException'{0x000000008dee26d8}> (0x000000008dee26d8) 
thrown [s\src\hotspot\share\prims\jni.cpp, line 516]
Event: 15.913 Thread 0x000002981bc4d5d0 Exception <a 'sun/nio/fs/WindowsException'{0x000000008dee3280}> (0x000000008dee3280) 
thrown [s\src\hotspot\share\prims\jni.cpp, line 516]

VM Operations (20 events):
Event: 12.636 Executing VM operation: HandshakeAllThreads
Event: 12.636 Executing VM operation: HandshakeAllThreads done
Event: 12.690 Executing VM operation: ICBufferFull
Event: 12.691 Executing VM operation: ICBufferFull done
Event: 12.725 Executing VM operation: HandshakeAllThreads
Event: 12.725 Executing VM operation: HandshakeAllThreads done
Event: 12.777 Executing VM operation: HandshakeAllThreads
Event: 12.777 Executing VM operation: HandshakeAllThreads done
Event: 13.121 Executing VM operation: ICBufferFull
Event: 13.121 Executing VM operation: ICBufferFull done
Event: 13.972 Executing VM operation: ICBufferFull
Event: 13.972 Executing VM operation: ICBufferFull done
Event: 14.138 Executing VM operation: G1CollectForAllocation
Event: 14.152 Executing VM operation: G1CollectForAllocation done
Event: 14.433 Executing VM operation: ICBufferFull
Event: 14.433 Executing VM operation: ICBufferFull done
Event: 14.681 Executing VM operation: ICBufferFull
Event: 14.682 Executing VM operation: ICBufferFull done
Event: 15.431 Executing VM operation: ICBufferFull
Event: 15.431 Executing VM operation: ICBufferFull done

Memory protections (0 events):
No events

Nmethod flushes (20 events):
Event: 12.810 Thread 0x000002983c0b8b30 flushing  nmethod 0x0000029826976e10
Event: 12.810 Thread 0x000002983c0b8b30 flushing  nmethod 0x0000029826977310
Event: 12.810 Thread 0x000002983c0b8b30 flushing  nmethod 0x0000029826979310
Event: 12.810 Thread 0x000002983c0b8b30 flushing  nmethod 0x000002982697a010
Event: 12.810 Thread 0x000002983c0b8b30 flushing  nmethod 0x000002982697a990
Event: 12.810 Thread 0x000002983c0b8b30 flushing  nmethod 0x000002982697bc10
Event: 12.810 Thread 0x000002983c0b8b30 flushing  nmethod 0x000002982697c010
Event: 12.810 Thread 0x000002983c0b8b30 flushing  nmethod 0x000002982697d090
Event: 12.810 Thread 0x000002983c0b8b30 flushing  nmethod 0x000002982697d590
Event: 12.810 Thread 0x000002983c0b8b30 flushing  nmethod 0x0000029826980290
Event: 12.810 Thread 0x000002983c0b8b30 flushing  nmethod 0x0000029826980690
Event: 12.810 Thread 0x000002983c0b8b30 flushing  nmethod 0x0000029826980c90
Event: 12.810 Thread 0x000002983c0b8b30 flushing  nmethod 0x0000029826981390
Event: 12.810 Thread 0x000002983c0b8b30 flushing  nmethod 0x0000029826981f90
Event: 12.810 Thread 0x000002983c0b8b30 flushing  nmethod 0x0000029826983510
Event: 12.810 Thread 0x000002983c0b8b30 flushing  nmethod 0x0000029826987f90
Event: 12.811 Thread 0x000002983c0b8b30 flushing  nmethod 0x000002982698d590
Event: 12.811 Thread 0x000002983c0b8b30 flushing  nmethod 0x0000029826990410
Event: 12.811 Thread 0x000002983c0b8b30 flushing  nmethod 0x0000029826998910
Event: 12.811 Thread 0x000002983c0b8b30 flushing  nmethod 0x000002982699ed10

Events (20 events):
Event: 0.668 Thread 0x000002983c0afd10 Thread added: 0x000002987e0d4e70
Event: 1.896 Thread 0x000002981bc4d5d0 Thread added: 0x000002987e66d8d0
Event: 2.412 Thread 0x000002981bc4d5d0 Thread added: 0x000002987ee36b10
Event: 2.412 Thread 0x000002981bc4d5d0 Thread added: 0x000002987e6ca090
Event: 2.412 Thread 0x000002981bc4d5d0 Thread added: 0x000002987ea474e0
Event: 2.412 Thread 0x000002981bc4d5d0 Thread added: 0x000002987ea460a0
Event: 3.561 Thread 0x000002987ea460a0 Thread exited: 0x000002987ea460a0
Event: 3.561 Thread 0x000002987ee36b10 Thread exited: 0x000002987ee36b10
Event: 3.561 Thread 0x000002987ea474e0 Thread exited: 0x000002987ea474e0
Event: 3.561 Thread 0x000002987e6ca090 Thread exited: 0x000002987e6ca090
Event: 4.674 Thread 0x000002987e0d4e70 Thread exited: 0x000002987e0d4e70
Event: 4.691 Thread 0x000002983c5b6620 Thread exited: 0x000002983c5b6620
Event: 4.750 Thread 0x000002983c0afd10 Thread added: 0x000002983c5b6620
Event: 4.854 Thread 0x000002983c0afd10 Thread added: 0x000002987e0d4e70
Event: 5.611 Thread 0x000002987e0d4e70 Thread exited: 0x000002987e0d4e70
Event: 5.611 Thread 0x000002983c5b6620 Thread exited: 0x000002983c5b6620
Event: 5.709 Thread 0x000002983c0af260 Thread added: 0x000002983c5b6620
Event: 5.710 Thread 0x000002983c5b6620 Thread added: 0x000002987e0d4e70
Event: 8.411 Thread 0x000002987e0d4e70 Thread exited: 0x000002987e0d4e70
Event: 8.591 Thread 0x000002983c0afd10 Thread added: 0x000002987e0d4e70


Dynamic libraries:
0x00007ff7a5840000 - 0x00007ff7a584e000 	C:\Program Files\Eclipse Adoptium\jdk-17.0.17.10-hotspot\bin\java.exe
0x00007fff2e910000 - 0x00007fff2eb28000 	C:\WINDOWS\SYSTEM32\ntdll.dll
0x00007fff2dfd0000 - 0x00007fff2e094000 	C:\WINDOWS\System32\KERNEL32.DLL
0x00007fff2bd30000 - 0x00007fff2c103000 	C:\WINDOWS\System32\KERNELBASE.dll
0x00007fff2bb90000 - 0x00007fff2bca1000 	C:\WINDOWS\System32\ucrtbase.dll
0x00007fff0eac0000 - 0x00007fff0ead8000 	C:\Program Files\Eclipse Adoptium\jdk-17.0.17.10-hotspot\bin\jli.dll
0x00007fff2da40000 - 0x00007fff2dbf2000 	C:\WINDOWS\System32\USER32.dll
0x00007fff2c4e0000 - 0x00007fff2c506000 	C:\WINDOWS\System32\win32u.dll
0x00007fff2cfc0000 - 0x00007fff2cfe9000 	C:\WINDOWS\System32\GDI32.dll
0x00007fff2c110000 - 0x00007fff2c22b000 	C:\WINDOWS\System32\gdi32full.dll
0x00007fff2c510000 - 0x00007fff2c5aa000 	C:\WINDOWS\System32\msvcp_win.dll
0x00007fff18890000 - 0x00007fff18b2c000 	C:\WINDOWS\WinSxS\amd64_microsoft.windows.common-controls_6595b64144ccf1df_6.0.22621.6060_none_2712eda17382d24b\COMCTL32.dll
0x00007fff2e0a0000 - 0x00007fff2e147000 	C:\WINDOWS\System32\msvcrt.dll
0x00007fff0e680000 - 0x00007fff0e69e000 	C:\Program Files\Eclipse Adoptium\jdk-17.0.17.10-hotspot\bin\VCRUNTIME140.dll
0x00007fff2c630000 - 0x00007fff2c661000 	C:\WINDOWS\System32\IMM32.DLL
0x000000006d3d0000 - 0x000000006d3dc000 	C:\Program Files (x86)\360\Total Security\safemon\SafeWrapper.dll
0x00007fff2cce0000 - 0x00007fff2cd91000 	C:\WINDOWS\System32\ADVAPI32.dll
0x00007fff2e1b0000 - 0x00007fff2e258000 	C:\WINDOWS\System32\sechost.dll
0x00007fff2ba20000 - 0x00007fff2ba48000 	C:\WINDOWS\System32\bcrypt.dll
0x00007fff2de20000 - 0x00007fff2df38000 	C:\WINDOWS\System32\RPCRT4.dll
0x00007ffefe8b0000 - 0x00007ffefe95c000 	C:\Program Files (x86)\360\Total Security\safemon\libzdtp64.dll
0x00007fff2cff0000 - 0x00007fff2d88c000 	C:\WINDOWS\System32\SHELL32.dll
0x00007fff2c3a0000 - 0x00007fff2c4df000 	C:\WINDOWS\System32\wintypes.dll
0x00007fff2e400000 - 0x00007fff2e791000 	C:\WINDOWS\System32\combase.dll
0x00007fff2cdb0000 - 0x00007fff2ce19000 	C:\WINDOWS\System32\SHLWAPI.dll
0x00007fff2b460000 - 0x00007fff2b46a000 	C:\WINDOWS\SYSTEM32\VERSION.dll
0x00007fff26dc0000 - 0x00007fff26dcc000 	C:\Program Files\Eclipse Adoptium\jdk-17.0.17.10-hotspot\bin\vcruntime140_1.dll
0x00007ffeec8d0000 - 0x00007ffeec95d000 	C:\Program Files\Eclipse Adoptium\jdk-17.0.17.10-hotspot\bin\msvcp140.dll
0x00007ffe6c2d0000 - 0x00007ffe6cf3b000 	C:\Program Files\Eclipse Adoptium\jdk-17.0.17.10-hotspot\bin\server\jvm.dll
0x00007fff2df50000 - 0x00007fff2dfc1000 	C:\WINDOWS\System32\WS2_32.dll
0x00007fff24890000 - 0x00007fff248c4000 	C:\WINDOWS\SYSTEM32\WINMM.dll
0x00007fff2b7f0000 - 0x00007fff2b83d000 	C:\WINDOWS\SYSTEM32\POWRPROF.dll
0x00007fff2b6d0000 - 0x00007fff2b6e3000 	C:\WINDOWS\SYSTEM32\UMPDC.dll
0x00007fff2a990000 - 0x00007fff2a9a8000 	C:\WINDOWS\SYSTEM32\kernel.appcore.dll
0x00007fff26cf0000 - 0x00007fff26cfa000 	C:\Program Files\Eclipse Adoptium\jdk-17.0.17.10-hotspot\bin\jimage.dll
0x00007fff29210000 - 0x00007fff29443000 	C:\WINDOWS\SYSTEM32\DBGHELP.DLL
0x00007fff2e270000 - 0x00007fff2e348000 	C:\WINDOWS\System32\OLEAUT32.dll
0x00007fff291d0000 - 0x00007fff29202000 	C:\WINDOWS\SYSTEM32\dbgcore.DLL
0x00007fff2bb10000 - 0x00007fff2bb8b000 	C:\WINDOWS\System32\bcryptPrimitives.dll
0x00007fff047b0000 - 0x00007fff047d5000 	C:\Program Files\Eclipse Adoptium\jdk-17.0.17.10-hotspot\bin\java.dll
0x00007ffed29d0000 - 0x00007ffed2aa7000 	C:\Program Files\Eclipse Adoptium\jdk-17.0.17.10-hotspot\bin\jsvml.dll
0x00007fff298b0000 - 0x00007fff2a1ca000 	C:\WINDOWS\SYSTEM32\windows.storage.dll
0x00007fff2ce90000 - 0x00007fff2cf94000 	C:\WINDOWS\System32\SHCORE.dll
0x00007fff2b950000 - 0x00007fff2b975000 	C:\WINDOWS\SYSTEM32\profapi.dll
0x00007fff0e660000 - 0x00007fff0e67a000 	C:\Program Files\Eclipse Adoptium\jdk-17.0.17.10-hotspot\bin\net.dll
0x00007fff28f80000 - 0x00007fff290ac000 	C:\WINDOWS\SYSTEM32\WINHTTP.dll
0x00007fff2ae70000 - 0x00007fff2aed9000 	C:\WINDOWS\system32\mswsock.dll
0x00007fff048c0000 - 0x00007fff048d6000 	C:\Program Files\Eclipse Adoptium\jdk-17.0.17.10-hotspot\bin\nio.dll
0x00007fff03530000 - 0x00007fff03548000 	C:\Program Files\Eclipse Adoptium\jdk-17.0.17.10-hotspot\bin\zip.dll
0x00007fff02f00000 - 0x00007fff02f24000 	C:\Users\user\.m2\wrapper\dists\apache-maven-3.9.12\59fe215c0ad6947fea90184bf7add084544567b927287592651fda3782e0e798\lib\jansi-native\Windows\x86_64\jansi.dll
0x00007fff152f0000 - 0x00007fff15300000 	C:\Program Files\Eclipse Adoptium\jdk-17.0.17.10-hotspot\bin\verify.dll
0x00007fff152b0000 - 0x00007fff152be000 	C:\Program Files\Eclipse Adoptium\jdk-17.0.17.10-hotspot\bin\sunmscapi.dll
0x00007fff2c230000 - 0x00007fff2c398000 	C:\WINDOWS\System32\CRYPT32.dll
0x00007fff2b280000 - 0x00007fff2b2ae000 	C:\WINDOWS\SYSTEM32\ncrypt.dll
0x00007fff2b240000 - 0x00007fff2b277000 	C:\WINDOWS\SYSTEM32\NTASN1.dll
0x00007fff2b0c0000 - 0x00007fff2b0db000 	C:\WINDOWS\SYSTEM32\CRYPTSP.dll
0x00007fff2a8f0000 - 0x00007fff2a927000 	C:\WINDOWS\system32\rsaenh.dll
0x00007fff2af60000 - 0x00007fff2af88000 	C:\WINDOWS\SYSTEM32\USERENV.dll
0x00007fff2b0e0000 - 0x00007fff2b0ec000 	C:\WINDOWS\SYSTEM32\CRYPTBASE.dll
0x00007fff2a420000 - 0x00007fff2a44d000 	C:\WINDOWS\SYSTEM32\IPHLPAPI.DLL
0x00007fff2df40000 - 0x00007fff2df49000 	C:\WINDOWS\System32\NSI.dll
0x00007fff244c0000 - 0x00007fff244d9000 	C:\WINDOWS\SYSTEM32\dhcpcsvc6.DLL
0x00007fff244a0000 - 0x00007fff244bf000 	C:\WINDOWS\SYSTEM32\dhcpcsvc.DLL
0x00007fff2a450000 - 0x00007fff2a548000 	C:\WINDOWS\SYSTEM32\DNSAPI.dll
0x00007fff238e0000 - 0x00007fff238ea000 	C:\Windows\System32\rasadhlp.dll
0x00007fff23490000 - 0x00007fff23514000 	C:\WINDOWS\System32\fwpuclnt.dll
0x00007fff0ed10000 - 0x00007fff0ed19000 	C:\Program Files\Eclipse Adoptium\jdk-17.0.17.10-hotspot\bin\extnet.dll

dbghelp: loaded successfully - version: 4.0.5 - missing functions: none
symbol engine: initialized successfully - sym options: 0x614 - pdb path: .;C:\Program Files\Eclipse Adoptium\jdk-17.0.17.10-hotspot\bin;C:\WINDOWS\SYSTEM32;C:\WINDOWS\WinSxS\amd64_microsoft.windows.common-controls_6595b64144ccf1df_6.0.22621.6060_none_2712eda17382d24b;C:\Program Files (x86)\360\Total Security\safemon;C:\Program Files\Eclipse Adoptium\jdk-17.0.17.10-hotspot\bin\server;C:\Users\user\.m2\wrapper\dists\apache-maven-3.9.12\59fe215c0ad6947fea90184bf7add084544567b927287592651fda3782e0e798\lib\jansi-native\Windows\x86_64

VM Arguments:
jvm_args: --enable-native-access=ALL-UNNAMED -Dclassworlds.conf=C:\Users\user\.m2\wrapper\dists\apache-maven-3.9.12\59fe215c0ad6947fea90184bf7add084544567b927287592651fda3782e0e798\bin\m2.conf -Dmaven.home=C:\Users\user\.m2\wrapper\dists\apache-maven-3.9.12\59fe215c0ad6947fea90184bf7add084544567b927287592651fda3782e0e798 -Dlibrary.jansi.path=C:\Users\user\.m2\wrapper\dists\apache-maven-3.9.12\59fe215c0ad6947fea90184bf7add084544567b927287592651fda3782e0e798\lib\jansi-native -Dmaven.multiModuleProjectDirectory=C:\Users\user\Documents\workspace\erp 
java_command: org.codehaus.plexus.classworlds.launcher.Launcher -U clean spring-boot:run
java_class_path (initial): C:\Users\user\.m2\wrapper\dists\apache-maven-3.9.12\59fe215c0ad6947fea90184bf7add084544567b927287592651fda3782e0e798\boot\plexus-classworlds-2.9.0.jar
Launcher Type: SUN_STANDARD

[Global flags]
     intx CICompilerCount                          = 4                                         {product} {ergonomic}
     uint ConcGCThreads                            = 2                                         {product} {ergonomic}
     uint G1ConcRefinementThreads                  = 8                                         {product} {ergonomic}
   size_t G1HeapRegionSize                         = 1048576                                   {product} {ergonomic}
    uintx GCDrainStackTargetSize                   = 64                                        {product} {ergonomic}
   size_t InitialHeapSize                          = 130023424                                 {product} {ergonomic}
   size_t MarkStackSize                            = 4194304                                   {product} {ergonomic}
   size_t MaxHeapSize                              = 2071986176                                {product} {ergonomic}
   size_t MaxNewSize                               = 1242562560                                {product} {ergonomic}
   size_t MinHeapDeltaBytes                        = 1048576                                   {product} {ergonomic}
   size_t MinHeapSize                              = 8388608                                   {product} {ergonomic}
    uintx NonNMethodCodeHeapSize                   = 5839372                                {pd product} {ergonomic}
    uintx NonProfiledCodeHeapSize                  = 122909434                              {pd product} {ergonomic}
    uintx ProfiledCodeHeapSize                     = 122909434                              {pd product} {ergonomic}
    uintx ReservedCodeCacheSize                    = 251658240                              {pd product} {ergonomic}
     bool SegmentedCodeCache                       = true                                      {product} {ergonomic}
   size_t SoftMaxHeapSize                          = 2071986176                             {manageable} {ergonomic}
     bool UseCompressedClassPointers               = true                           {product lp64_product} {ergonomic}
     bool UseCompressedOops                        = true                           {product lp64_product} {ergonomic}
     bool UseG1GC                                  = true                                      {product} {ergonomic}
     bool UseLargePagesIndividualAllocation        = false                                  {pd product} {ergonomic}

Logging:
Log output configuration:
 #0: stdout all=warning uptime,level,tags
 #1: stderr all=off uptime,level,tags

Environment Variables:
PATH=C:\Program Files\Eclipse Adoptium\jdk-17.0.17.10-hotspot\bin;C:\WINDOWS\system32;C:\WINDOWS;C:\WINDOWS\System32\Wbem;C:\WINDOWS\System32\WindowsPowerShell\v1.0\;C:\WINDOWS\System32\OpenSSH\;C:\Program Files\Git\cmd;C:\Program Files\nodejs\;C:\Program Files\MySQL\MySQL Shell 8.0\bin\;C:\Users\user\AppData\Local\Programs\Python\Launcher\;C:\Users\user\AppData\Local\Microsoft\WindowsApps;C:\Users\user\AppData\Local\Programs\Microsoft VS Code\bin;C:\Users\user\AppData\Roaming\npm;C:\Users\user\AppData\Local\Google\Cloud SDK\google-cloud-sdk\bin;C:\Users\user\AppData\Local\Microsoft\WinGet\Packages\Cloudflare.cloudflared_Microsoft.Winget.Source_8wekyb3d8bbwe;c:\Users\user\.vscode\extensions\vscjava.vscode-java-debug-0.58.5\bundled\scripts\noConfigScripts
USERNAME=user
LANG=en_US.UTF-8
OS=Windows_NT
PROCESSOR_IDENTIFIER=Intel64 Family 6 Model 126 Stepping 5, GenuineIntel
TMP=C:\Users\user\AppData\Local\Temp
TEMP=C:\Users\user\AppData\Local\Temp



Periodic native trim disabled


---------------  S Y S T E M  ---------------

OS:
 Windows 11 , 64 bit Build 22621 (10.0.22621.5415)
OS uptime: 5 days 6:45 hours

CPU: total 8 (initial active 8) (4 cores per cpu, 2 threads per core) family 6 model 126 stepping 5 microcode 0x86, cx8, cmov, fxsr, ht, mmx, 3dnowpref, sse, sse2, sse3, ssse3, sse4.1, sse4.2, popcnt, lzcnt, tsc, tscinvbit, avx, avx2, aes, erms, clmul, bmi1, bmi2, adx, avx512f, avx512dq, avx512cd, avx512bw, avx512vl, sha, fma, vzeroupper, avx512_vpopcntdq, avx512_vpclmulqdq, avx512_vaes, avx512_vnni, clflush, clflushopt, avx512_vbmi2, avx512_vbmi
Processor Information for all 8 processors :
  Max Mhz: 1498, Current Mhz: 1298, Mhz Limit: 1288

Memory: 4k page, system-wide physical 7901M (511M free)
TotalPageFile size 32477M (AvailPageFile size 3M)
current process WorkingSet (physical memory assigned to process): 367M, peak: 377M
current process commit charge ("private bytes"): 398M, peak: 409M

vm_info: OpenJDK 64-Bit Server VM (17.0.17+10) for windows-amd64 JRE (17.0.17+10), built on Oct 21 2025 23:25:32 by "admin" with unknown MS VC++:1942

END.
