#
# There is insufficient memory for the Java Runtime Environment to continue.
# Native memory allocation (mmap) failed to map 90177536 bytes. Error detail: G1 virtual space
# Possible reasons:
#   The system is out of physical RAM or swap space
#   This process is running with CompressedOops enabled, and the Java Heap may be blocking the growth of the native heap
# Possible solutions:
#   Reduce memory load on the system
#   Increase physical memory or swap space
#   Check if swap backing store is full
#   Decrease Java heap size (-Xmx/-Xms)
#   Decrease number of Java threads
#   Decrease Java thread stack sizes (-Xss)
#   Set larger code cache with -XX:ReservedCodeCacheSize=
#   JVM is running with Unscaled Compressed Oops mode in which the Java heap is
#     placed in the first 4GB address space. The Java Heap base address is the
#     maximum limit for the native heap growth. Please use -XX:HeapBaseMinAddress
#     to set the Java Heap base and to place the Java Heap above 4GB virtual address.
# This output file may be truncated or incomplete.
#
#  Out of Memory Error (os_windows.cpp:3618), pid=119176, tid=74200
#
# JRE version: OpenJDK Runtime Environment Temurin-17.0.17+10 (17.0.17+10) (build 17.0.17+10)
# Java VM: OpenJDK 64-Bit Server VM Temurin-17.0.17+10 (17.0.17+10, mixed mode, emulated-client, sharing, tiered, compressed oops, compressed class ptrs, g1 gc, windows-amd64)
# No core dump will be written. Minidumps are not enabled by default on client versions of Windows
#

---------------  S U M M A R Y ------------

Command Line: -XX:TieredStopAtLevel=1 com.jdend.erp.ErpApplication

Host: Intel(R) Core(TM) i7-1065G7 CPU @ 1.30GHz, 8 cores, 7G,  Windows 11 , 64 bit Build 22621 (10.0.22621.5415)
Time: Wed Feb  4 19:29:52 2026  Windows 11 , 64 bit Build 22621 (10.0.22621.5415) elapsed time: 14.238875 seconds (0d 0h 0m 14s)

---------------  T H R E A D  ---------------

Current thread (0x000001c4525745d0):  VMThread "VM Thread" [stack: 0x0000007200c00000,0x0000007200d00000] [id=74200]

Stack: [0x0000007200c00000,0x0000007200d00000]
Native frames: (J=compiled Java code, j=interpreted, Vv=VM code, C=native code)
V  [jvm.dll+0x683fb9]
V  [jvm.dll+0x83a1b5]
V  [jvm.dll+0x83bc2e]
V  [jvm.dll+0x83c2b3]
V  [jvm.dll+0x248eff]
V  [jvm.dll+0x680d79]
V  [jvm.dll+0x675b7a]
V  [jvm.dll+0x3091a7]
V  [jvm.dll+0x310776]
V  [jvm.dll+0x360bbe]
V  [jvm.dll+0x360dfd]
V  [jvm.dll+0x2e022c]
V  [jvm.dll+0x2de602]
V  [jvm.dll+0x2ddd9c]
V  [jvm.dll+0x320a3b]
V  [jvm.dll+0x840acd]
V  [jvm.dll+0x841803]
V  [jvm.dll+0x841d2f]
V  [jvm.dll+0x842115]
V  [jvm.dll+0x8421de]
V  [jvm.dll+0x7ea44c]
V  [jvm.dll+0x682e87]
C  [ucrtbase.dll+0x29333]
C  [KERNEL32.DLL+0x1259d]
C  [ntdll.dll+0x5af78]

VM_Operation (0x00000072006f8d20): G1CollectForAllocation, mode: safepoint, requested by thread 0x000001c440017bd0


---------------  P R O C E S S  ---------------

Threads class SMR info:
_java_thread_list=0x000001c498950c60, length=16, elements={
0x000001c440017bd0, 0x000001c452577dd0, 0x000001c452578790, 0x000001c452593100,
0x000001c452593ac0, 0x000001c452594480, 0x000001c452596e50, 0x000001c452597810,
0x000001c4525985e0, 0x000001c452aa9900, 0x000001c452ab6bf0, 0x000001c498cf7c50,
0x000001c498c6d460, 0x000001c4987cbe10, 0x000001c498d9b5d0, 0x000001c498ef1fa0
}

Java Threads: ( => current thread )
  0x000001c440017bd0 JavaThread "main" [_thread_blocked, id=111280, stack(0x0000007200600000,0x0000007200700000)]
  0x000001c452577dd0 JavaThread "Reference Handler" daemon [_thread_blocked, id=116776, stack(0x0000007200d00000,0x0000007200e00000)]
  0x000001c452578790 JavaThread "Finalizer" daemon [_thread_blocked, id=99224, stack(0x0000007200e00000,0x0000007200f00000)]
  0x000001c452593100 JavaThread "Signal Dispatcher" daemon [_thread_blocked, id=115420, stack(0x0000007200f00000,0x0000007201000000)]
  0x000001c452593ac0 JavaThread "Attach Listener" daemon [_thread_blocked, id=130980, stack(0x0000007201000000,0x0000007201100000)]
  0x000001c452594480 JavaThread "Service Thread" daemon [_thread_blocked, id=61124, stack(0x0000007201100000,0x0000007201200000)]
  0x000001c452596e50 JavaThread "Monitor Deflation Thread" daemon [_thread_blocked, id=125516, stack(0x0000007201200000,0x0000007201300000)]
  0x000001c452597810 JavaThread "C1 CompilerThread0" daemon [_thread_blocked, id=70156, stack(0x0000007201300000,0x0000007201400000)]
  0x000001c4525985e0 JavaThread "Sweeper thread" daemon [_thread_blocked, id=126528, stack(0x0000007201400000,0x0000007201500000)]
  0x000001c452aa9900 JavaThread "Notification Thread" daemon [_thread_blocked, id=29168, stack(0x0000007201700000,0x0000007201800000)]
  0x000001c452ab6bf0 JavaThread "Common-Cleaner" daemon [_thread_blocked, id=118488, stack(0x0000007201900000,0x0000007201a00000)]
  0x000001c498cf7c50 JavaThread "Catalina-utility-1" [_thread_blocked, id=63580, stack(0x0000007202300000,0x0000007202400000)]
  0x000001c498c6d460 JavaThread "Catalina-utility-2" [_thread_blocked, id=108368, stack(0x0000007202400000,0x0000007202500000)]
  0x000001c4987cbe10 JavaThread "container-0" [_thread_blocked, id=89772, stack(0x0000007202500000,0x0000007202600000)]
  0x000001c498d9b5d0 JavaThread "mysql-cj-abandoned-connection-cleanup" daemon [_thread_blocked, id=35312, stack(0x0000007202600000,0x0000007202700000)]
  0x000001c498ef1fa0 JavaThread "HikariPool-1 housekeeper" daemon [_thread_blocked, id=129824, stack(0x0000007202800000,0x0000007202900000)]

Other Threads:
=>0x000001c4525745d0 VMThread "VM Thread" [stack: 0x0000007200c00000,0x0000007200d00000] [id=74200]
  0x000001c452ab2f30 WatcherThread [stack: 0x0000007201800000,0x0000007201900000] [id=116208]
  0x000001c4400799e0 GCTaskThread "GC Thread#0" [stack: 0x0000007200700000,0x0000007200800000] [id=121228]
  0x000001c498469620 GCTaskThread "GC Thread#1" [stack: 0x0000007201a00000,0x0000007201b00000] [id=119796]
  0x000001c498499ba0 GCTaskThread "GC Thread#2" [stack: 0x0000007201b00000,0x0000007201c00000] [id=117788]
  0x000001c498499e60 GCTaskThread "GC Thread#3" [stack: 0x0000007201c00000,0x0000007201d00000] [id=122244]
  0x000001c49849a530 GCTaskThread "GC Thread#4" [stack: 0x0000007201d00000,0x0000007201e00000] [id=86056]
  0x000001c498762b20 GCTaskThread "GC Thread#5" [stack: 0x0000007202000000,0x0000007202100000] [id=127492]
  0x000001c498762de0 GCTaskThread "GC Thread#6" [stack: 0x0000007202100000,0x0000007202200000] [id=86780]
  0x000001c4987630a0 GCTaskThread "GC Thread#7" [stack: 0x0000007202200000,0x0000007202300000] [id=52672]
  0x000001c44008a030 ConcurrentGCThread "G1 Main Marker" [stack: 0x0000007200800000,0x0000007200900000] [id=117340]
  0x000001c44008aa50 ConcurrentGCThread "G1 Conc#0" [stack: 0x0000007200900000,0x0000007200a00000] [id=132772]
  0x000001c498a4ffe0 ConcurrentGCThread "G1 Conc#1" [stack: 0x0000007201e00000,0x0000007201f00000] [id=109696]
  0x000001c452426670 ConcurrentGCThread "G1 Refine#0" [stack: 0x0000007200a00000,0x0000007200b00000] [id=130052]
  0x000001c499733c60 ConcurrentGCThread "G1 Refine#1" [stack: 0x0000007201500000,0x0000007201600000] [id=127960]
  0x000001c498118960 ConcurrentGCThread "G1 Refine#2" [stack: 0x0000007201600000,0x0000007201700000] [id=123376]
  0x000001c452a27460 ConcurrentGCThread "G1 Refine#3" [stack: 0x0000007201f00000,0x0000007202000000] [id=120304]
  0x000001c499f93040 ConcurrentGCThread "G1 Refine#4" [stack: 0x0000007202900000,0x0000007202a00000] [id=120180]
  0x000001c4524270a0 ConcurrentGCThread "G1 Service" [stack: 0x0000007200b00000,0x0000007200c00000] [id=101264]

Threads with active compile tasks:

VM state: at safepoint (normal execution)

VM Mutex/Monitor currently owned by a thread:  ([mutex/lock_event])
[0x000001c440012330] Threads_lock - owner thread: 0x000001c4525745d0
[0x000001c440012d50] Heap_lock - owner thread: 0x000001c440017bd0

Heap address: 0x0000000084800000, size: 1976 MB, Compressed Oops mode: 32-bit

CDS archive(s) mapped at: [0x000001c453000000-0x000001c453bb0000-0x000001c453bb0000), size 12255232, SharedBaseAddress: 0x000001c453000000, ArchiveRelocationMode: 1.
Compressed class space mapped at: 0x000001c454000000-0x000001c494000000, reserved size: 1073741824
Narrow klass base: 0x000001c453000000, Narrow klass shift: 0, Narrow klass range: 0x100000000

GC Precious Log:
 CPUs: 8 total, 8 available
 Memory: 7901M
 Large Page Support: Disabled
 NUMA Support: Disabled
 Compressed Oops: Enabled (32-bit)
 Heap Region Size: 1M
 Heap Min Capacity: 8M
 Heap Initial Capacity: 124M
 Heap Max Capacity: 1976M
 Pre-touch: Disabled
 Parallel Workers: 8
 Concurrent Workers: 2
 Concurrent Refinement Workers: 8
 Periodic GC: Disabled

Heap:
 garbage-first heap   total 126976K, used 77847K [0x0000000084800000, 0x0000000100000000)
  region size 1024K, 3 young (3072K), 3 survivors (3072K)
 Metaspace       used 60194K, committed 60800K, reserved 1114112K
  class space    used 8879K, committed 9152K, reserved 1048576K

Heap Regions: E=young(eden), S=young(survivor), O=old, HS=humongous(starts), HC=humongous(continues), CS=collection set, F=free, OA=open archive, CA=closed archive, TAMS=top-at-mark-start (previous, next)
|   0|0x0000000084800000, 0x0000000084900000, 0x0000000084900000|100%|HS|  |TAMS 0x0000000084900000, 0x0000000084800000| Complete 
|   1|0x0000000084900000, 0x0000000084a00000, 0x0000000084a00000|100%|HS|  |TAMS 0x0000000084a00000, 0x0000000084900000| Complete 
|   2|0x0000000084a00000, 0x0000000084b00000, 0x0000000084b00000|100%| O|  |TAMS 0x0000000084b00000, 0x0000000084a00000| Untracked 
|   3|0x0000000084b00000, 0x0000000084c00000, 0x0000000084c00000|100%| O|  |TAMS 0x0000000084c00000, 0x0000000084b00000| Untracked 
|   4|0x0000000084c00000, 0x0000000084d00000, 0x0000000084d00000|100%| O|  |TAMS 0x0000000084d00000, 0x0000000084c00000| Untracked 
|   5|0x0000000084d00000, 0x0000000084e00000, 0x0000000084e00000|100%| O|  |TAMS 0x0000000084e00000, 0x0000000084d00000| Untracked 
|   6|0x0000000084e00000, 0x0000000084f00000, 0x0000000084f00000|100%| O|  |TAMS 0x0000000084f00000, 0x0000000084e00000| Untracked 
|   7|0x0000000084f00000, 0x0000000085000000, 0x0000000085000000|100%| O|  |TAMS 0x0000000085000000, 0x0000000084f00000| Untracked 
|   8|0x0000000085000000, 0x0000000085100000, 0x0000000085100000|100%| O|  |TAMS 0x0000000085100000, 0x0000000085000000| Untracked 
|   9|0x0000000085100000, 0x0000000085200000, 0x0000000085200000|100%| O|  |TAMS 0x0000000085200000, 0x0000000085100000| Untracked 
|  10|0x0000000085200000, 0x0000000085300000, 0x0000000085300000|100%| O|  |TAMS 0x0000000085300000, 0x0000000085200000| Untracked 
|  11|0x0000000085300000, 0x0000000085400000, 0x0000000085400000|100%| O|  |TAMS 0x0000000085400000, 0x0000000085300000| Untracked 
|  12|0x0000000085400000, 0x0000000085500000, 0x0000000085500000|100%| O|  |TAMS 0x0000000085500000, 0x0000000085400000| Untracked 
|  13|0x0000000085500000, 0x0000000085600000, 0x0000000085600000|100%| O|  |TAMS 0x0000000085600000, 0x0000000085500000| Untracked 
|  14|0x0000000085600000, 0x0000000085700000, 0x0000000085700000|100%| O|  |TAMS 0x0000000085700000, 0x0000000085600000| Untracked 
|  15|0x0000000085700000, 0x0000000085800000, 0x0000000085800000|100%| O|  |TAMS 0x0000000085800000, 0x0000000085700000| Untracked 
|  16|0x0000000085800000, 0x0000000085900000, 0x0000000085900000|100%| O|  |TAMS 0x0000000085900000, 0x0000000085800000| Untracked 
|  17|0x0000000085900000, 0x0000000085a00000, 0x0000000085a00000|100%| O|  |TAMS 0x0000000085a00000, 0x0000000085900000| Untracked 
|  18|0x0000000085a00000, 0x0000000085a80000, 0x0000000085b00000| 50%| O|  |TAMS 0x0000000085a80000, 0x0000000085a00000| Untracked 
|  19|0x0000000085b00000, 0x0000000085c00000, 0x0000000085c00000|100%| O|  |TAMS 0x0000000085c00000, 0x0000000085b00000| Untracked 
|  20|0x0000000085c00000, 0x0000000085d00000, 0x0000000085d00000|100%| O|  |TAMS 0x0000000085d00000, 0x0000000085c00000| Untracked 
|  21|0x0000000085d00000, 0x0000000085e00000, 0x0000000085e00000|100%| O|  |TAMS 0x0000000085e00000, 0x0000000085d00000| Untracked 
|  22|0x0000000085e00000, 0x0000000085f00000, 0x0000000085f00000|100%| O|  |TAMS 0x0000000085f00000, 0x0000000085e00000| Untracked 
|  23|0x0000000085f00000, 0x0000000086000000, 0x0000000086000000|100%| O|  |TAMS 0x0000000086000000, 0x0000000085f00000| Untracked 
|  24|0x0000000086000000, 0x0000000086100000, 0x0000000086100000|100%| O|  |TAMS 0x0000000086100000, 0x0000000086000000| Untracked 
|  25|0x0000000086100000, 0x0000000086200000, 0x0000000086200000|100%| O|  |TAMS 0x0000000086200000, 0x0000000086100000| Untracked 
|  26|0x0000000086200000, 0x0000000086300000, 0x0000000086300000|100%| O|  |TAMS 0x0000000086300000, 0x0000000086200000| Untracked 
|  27|0x0000000086300000, 0x0000000086400000, 0x0000000086400000|100%| O|  |TAMS 0x0000000086300000, 0x0000000086300000| Untracked 
|  28|0x0000000086400000, 0x0000000086500000, 0x0000000086500000|100%| O|  |TAMS 0x0000000086400000, 0x0000000086400000| Untracked 
|  29|0x0000000086500000, 0x0000000086600000, 0x0000000086600000|100%| O|  |TAMS 0x0000000086500000, 0x0000000086500000| Untracked 
|  30|0x0000000086600000, 0x0000000086700000, 0x0000000086700000|100%| O|  |TAMS 0x0000000086600000, 0x0000000086600000| Untracked 
|  31|0x0000000086700000, 0x0000000086800000, 0x0000000086800000|100%| O|  |TAMS 0x0000000086800000, 0x0000000086700000| Untracked 
|  32|0x0000000086800000, 0x0000000086900000, 0x0000000086900000|100%| O|  |TAMS 0x0000000086800000, 0x0000000086800000| Untracked 
|  33|0x0000000086900000, 0x0000000086a00000, 0x0000000086a00000|100%| O|  |TAMS 0x0000000086a00000, 0x0000000086900000| Untracked 
|  34|0x0000000086a00000, 0x0000000086b00000, 0x0000000086b00000|100%| O|  |TAMS 0x0000000086b00000, 0x0000000086a00000| Untracked 
|  35|0x0000000086b00000, 0x0000000086c00000, 0x0000000086c00000|100%| O|  |TAMS 0x0000000086b00000, 0x0000000086b00000| Untracked 
|  36|0x0000000086c00000, 0x0000000086d00000, 0x0000000086d00000|100%| O|  |TAMS 0x0000000086c00000, 0x0000000086c00000| Untracked 
|  37|0x0000000086d00000, 0x0000000086e00000, 0x0000000086e00000|100%| O|  |TAMS 0x0000000086d00000, 0x0000000086d00000| Untracked 
|  38|0x0000000086e00000, 0x0000000086f00000, 0x0000000086f00000|100%| O|  |TAMS 0x0000000086e00000, 0x0000000086e00000| Untracked 
|  39|0x0000000086f00000, 0x0000000087000000, 0x0000000087000000|100%| O|  |TAMS 0x0000000086f00000, 0x0000000086f00000| Untracked 
|  40|0x0000000087000000, 0x0000000087100000, 0x0000000087100000|100%| O|  |TAMS 0x0000000087100000, 0x0000000087000000| Untracked 
|  41|0x0000000087100000, 0x0000000087200000, 0x0000000087200000|100%| O|  |TAMS 0x0000000087100000, 0x0000000087100000| Untracked 
|  42|0x0000000087200000, 0x0000000087300000, 0x0000000087300000|100%| O|  |TAMS 0x0000000087200000, 0x0000000087200000| Untracked 
|  43|0x0000000087300000, 0x0000000087400000, 0x0000000087400000|100%| O|  |TAMS 0x0000000087300000, 0x0000000087300000| Untracked 
|  44|0x0000000087400000, 0x0000000087500000, 0x0000000087500000|100%| O|  |TAMS 0x0000000087500000, 0x0000000087400000| Untracked 
|  45|0x0000000087500000, 0x0000000087600000, 0x0000000087600000|100%| O|  |TAMS 0x0000000087600000, 0x0000000087500000| Untracked 
|  46|0x0000000087600000, 0x0000000087700000, 0x0000000087700000|100%| O|  |TAMS 0x0000000087600000, 0x0000000087600000| Untracked 
|  47|0x0000000087700000, 0x0000000087800000, 0x0000000087800000|100%| O|  |TAMS 0x0000000087700000, 0x0000000087700000| Untracked 
|  48|0x0000000087800000, 0x0000000087900000, 0x0000000087900000|100%| O|  |TAMS 0x0000000087800000, 0x0000000087800000| Untracked 
|  49|0x0000000087900000, 0x0000000087a00000, 0x0000000087a00000|100%| O|  |TAMS 0x0000000087900000, 0x0000000087900000| Untracked 
|  50|0x0000000087a00000, 0x0000000087b00000, 0x0000000087b00000|100%| O|  |TAMS 0x0000000087a00000, 0x0000000087a00000| Untracked 
|  51|0x0000000087b00000, 0x0000000087c00000, 0x0000000087c00000|100%| O|  |TAMS 0x0000000087b00000, 0x0000000087b00000| Untracked 
|  52|0x0000000087c00000, 0x0000000087d00000, 0x0000000087d00000|100%| O|  |TAMS 0x0000000087c00000, 0x0000000087c00000| Untracked 
|  53|0x0000000087d00000, 0x0000000087e00000, 0x0000000087e00000|100%|HS|  |TAMS 0x0000000087d00000, 0x0000000087d00000| Complete 
|  54|0x0000000087e00000, 0x0000000087f00000, 0x0000000087f00000|100%| O|  |TAMS 0x0000000087e00000, 0x0000000087e00000| Untracked 
|  55|0x0000000087f00000, 0x0000000088000000, 0x0000000088000000|100%| O|  |TAMS 0x0000000087f49a00, 0x0000000087f00000| Untracked 
|  56|0x0000000088000000, 0x0000000088100000, 0x0000000088100000|100%| O|  |TAMS 0x0000000088000000, 0x0000000088000000| Untracked 
|  57|0x0000000088100000, 0x0000000088200000, 0x0000000088200000|100%| O|  |TAMS 0x0000000088100000, 0x0000000088100000| Untracked 
|  58|0x0000000088200000, 0x0000000088300000, 0x0000000088300000|100%| O|  |TAMS 0x0000000088200000, 0x0000000088200000| Untracked 
|  59|0x0000000088300000, 0x0000000088400000, 0x0000000088400000|100%| O|  |TAMS 0x0000000088300000, 0x0000000088300000| Untracked 
|  60|0x0000000088400000, 0x0000000088500000, 0x0000000088500000|100%| O|  |TAMS 0x0000000088400000, 0x0000000088400000| Untracked 
|  61|0x0000000088500000, 0x0000000088600000, 0x0000000088600000|100%| O|  |TAMS 0x0000000088500000, 0x0000000088500000| Untracked 
|  62|0x0000000088600000, 0x0000000088700000, 0x0000000088700000|100%| O|  |TAMS 0x0000000088600000, 0x0000000088600000| Untracked 
|  63|0x0000000088700000, 0x0000000088800000, 0x0000000088800000|100%| O|  |TAMS 0x0000000088700000, 0x0000000088700000| Untracked 
|  64|0x0000000088800000, 0x0000000088900000, 0x0000000088900000|100%| O|  |TAMS 0x0000000088800000, 0x0000000088800000| Untracked 
|  65|0x0000000088900000, 0x0000000088a00000, 0x0000000088a00000|100%| O|  |TAMS 0x0000000088900000, 0x0000000088900000| Untracked 
|  66|0x0000000088a00000, 0x0000000088b00000, 0x0000000088b00000|100%| O|  |TAMS 0x0000000088a00000, 0x0000000088a00000| Untracked 
|  67|0x0000000088b00000, 0x0000000088c00000, 0x0000000088c00000|100%| O|  |TAMS 0x0000000088b00000, 0x0000000088b00000| Untracked 
|  68|0x0000000088c00000, 0x0000000088d00000, 0x0000000088d00000|100%| O|  |TAMS 0x0000000088c00000, 0x0000000088c00000| Untracked 
|  69|0x0000000088d00000, 0x0000000088e00000, 0x0000000088e00000|100%| O|  |TAMS 0x0000000088d00000, 0x0000000088d00000| Untracked 
|  70|0x0000000088e00000, 0x0000000088f00000, 0x0000000088f00000|100%| O|  |TAMS 0x0000000088e00000, 0x0000000088e00000| Untracked 
|  71|0x0000000088f00000, 0x0000000089000000, 0x0000000089000000|100%| O|  |TAMS 0x0000000088f00000, 0x0000000088f00000| Untracked 
|  72|0x0000000089000000, 0x0000000089100000, 0x0000000089100000|100%| O|  |TAMS 0x0000000089000000, 0x0000000089000000| Untracked 
|  73|0x0000000089100000, 0x0000000089185e00, 0x0000000089200000| 52%| O|  |TAMS 0x0000000089100000, 0x0000000089100000| Untracked 
|  74|0x0000000089200000, 0x0000000089200000, 0x0000000089300000|  0%| F|  |TAMS 0x0000000089200000, 0x0000000089200000| Untracked 
|  75|0x0000000089300000, 0x0000000089300000, 0x0000000089400000|  0%| F|  |TAMS 0x0000000089300000, 0x0000000089300000| Untracked 
|  76|0x0000000089400000, 0x0000000089400000, 0x0000000089500000|  0%| F|  |TAMS 0x0000000089400000, 0x0000000089400000| Untracked 
|  77|0x0000000089500000, 0x0000000089500000, 0x0000000089600000|  0%| F|  |TAMS 0x0000000089500000, 0x0000000089500000| Untracked 
|  78|0x0000000089600000, 0x0000000089600000, 0x0000000089700000|  0%| F|  |TAMS 0x0000000089600000, 0x0000000089600000| Untracked 
|  79|0x0000000089700000, 0x0000000089700000, 0x0000000089800000|  0%| F|  |TAMS 0x0000000089700000, 0x0000000089700000| Untracked 
|  80|0x0000000089800000, 0x0000000089800000, 0x0000000089900000|  0%| F|  |TAMS 0x0000000089800000, 0x0000000089800000| Untracked 
|  81|0x0000000089900000, 0x0000000089900000, 0x0000000089a00000|  0%| F|  |TAMS 0x0000000089900000, 0x0000000089900000| Untracked 
|  82|0x0000000089a00000, 0x0000000089a00000, 0x0000000089b00000|  0%| F|  |TAMS 0x0000000089a00000, 0x0000000089a00000| Untracked 
|  83|0x0000000089b00000, 0x0000000089b00000, 0x0000000089c00000|  0%| F|  |TAMS 0x0000000089b00000, 0x0000000089b00000| Untracked 
|  84|0x0000000089c00000, 0x0000000089c00000, 0x0000000089d00000|  0%| F|  |TAMS 0x0000000089c00000, 0x0000000089c00000| Untracked 
|  85|0x0000000089d00000, 0x0000000089d00000, 0x0000000089e00000|  0%| F|  |TAMS 0x0000000089d00000, 0x0000000089d00000| Untracked 
|  86|0x0000000089e00000, 0x0000000089e00000, 0x0000000089f00000|  0%| F|  |TAMS 0x0000000089e00000, 0x0000000089e00000| Untracked 
|  87|0x0000000089f00000, 0x0000000089f00000, 0x000000008a000000|  0%| F|  |TAMS 0x0000000089f00000, 0x0000000089f00000| Untracked 
|  88|0x000000008a000000, 0x000000008a000000, 0x000000008a100000|  0%| F|  |TAMS 0x000000008a000000, 0x000000008a000000| Untracked 
|  89|0x000000008a100000, 0x000000008a100000, 0x000000008a200000|  0%| F|  |TAMS 0x000000008a100000, 0x000000008a100000| Untracked 
|  90|0x000000008a200000, 0x000000008a200000, 0x000000008a300000|  0%| F|  |TAMS 0x000000008a200000, 0x000000008a200000| Untracked 
|  91|0x000000008a300000, 0x000000008a300000, 0x000000008a400000|  0%| F|  |TAMS 0x000000008a300000, 0x000000008a300000| Untracked 
|  92|0x000000008a400000, 0x000000008a400000, 0x000000008a500000|  0%| F|  |TAMS 0x000000008a400000, 0x000000008a400000| Untracked 
|  93|0x000000008a500000, 0x000000008a500000, 0x000000008a600000|  0%| F|  |TAMS 0x000000008a500000, 0x000000008a500000| Untracked 
|  94|0x000000008a600000, 0x000000008a600000, 0x000000008a700000|  0%| F|  |TAMS 0x000000008a600000, 0x000000008a600000| Untracked 
|  95|0x000000008a700000, 0x000000008a700000, 0x000000008a800000|  0%| F|  |TAMS 0x000000008a700000, 0x000000008a700000| Untracked 
|  96|0x000000008a800000, 0x000000008a800000, 0x000000008a900000|  0%| F|  |TAMS 0x000000008a800000, 0x000000008a800000| Untracked 
|  97|0x000000008a900000, 0x000000008a900000, 0x000000008aa00000|  0%| F|  |TAMS 0x000000008a900000, 0x000000008a900000| Untracked 
|  98|0x000000008aa00000, 0x000000008aa00000, 0x000000008ab00000|  0%| F|  |TAMS 0x000000008aa00000, 0x000000008aa00000| Untracked 
|  99|0x000000008ab00000, 0x000000008ac00000, 0x000000008ac00000|100%| S|CS|TAMS 0x000000008ab00000, 0x000000008ab00000| Complete 
| 100|0x000000008ac00000, 0x000000008ad00000, 0x000000008ad00000|100%| S|CS|TAMS 0x000000008ac00000, 0x000000008ac00000| Complete 
| 101|0x000000008ad00000, 0x000000008ae00000, 0x000000008ae00000|100%| S|CS|TAMS 0x000000008ad00000, 0x000000008ad00000| Complete 
| 102|0x000000008ae00000, 0x000000008ae00000, 0x000000008af00000|  0%| F|  |TAMS 0x000000008ae00000, 0x000000008ae00000| Untracked 
| 103|0x000000008af00000, 0x000000008af00000, 0x000000008b000000|  0%| F|  |TAMS 0x000000008af00000, 0x000000008af00000| Untracked 
| 104|0x000000008b000000, 0x000000008b000000, 0x000000008b100000|  0%| F|  |TAMS 0x000000008b000000, 0x000000008b000000| Untracked 
| 105|0x000000008b100000, 0x000000008b100000, 0x000000008b200000|  0%| F|  |TAMS 0x000000008b100000, 0x000000008b100000| Untracked 
| 106|0x000000008b200000, 0x000000008b200000, 0x000000008b300000|  0%| F|  |TAMS 0x000000008b200000, 0x000000008b200000| Untracked 
| 107|0x000000008b300000, 0x000000008b300000, 0x000000008b400000|  0%| F|  |TAMS 0x000000008b300000, 0x000000008b300000| Untracked 
| 108|0x000000008b400000, 0x000000008b400000, 0x000000008b500000|  0%| F|  |TAMS 0x000000008b400000, 0x000000008b400000| Untracked 
| 109|0x000000008b500000, 0x000000008b500000, 0x000000008b600000|  0%| F|  |TAMS 0x000000008b500000, 0x000000008b500000| Untracked 
| 110|0x000000008b600000, 0x000000008b600000, 0x000000008b700000|  0%| F|  |TAMS 0x000000008b600000, 0x000000008b600000| Untracked 
| 111|0x000000008b700000, 0x000000008b700000, 0x000000008b800000|  0%| F|  |TAMS 0x000000008b700000, 0x000000008b700000| Untracked 
| 112|0x000000008b800000, 0x000000008b800000, 0x000000008b900000|  0%| F|  |TAMS 0x000000008b800000, 0x000000008b800000| Untracked 
| 113|0x000000008b900000, 0x000000008b900000, 0x000000008ba00000|  0%| F|  |TAMS 0x000000008b900000, 0x000000008b900000| Untracked 
| 114|0x000000008ba00000, 0x000000008ba00000, 0x000000008bb00000|  0%| F|  |TAMS 0x000000008ba00000, 0x000000008ba00000| Untracked 
| 115|0x000000008bb00000, 0x000000008bb00000, 0x000000008bc00000|  0%| F|  |TAMS 0x000000008bb00000, 0x000000008bb00000| Untracked 
| 116|0x000000008bc00000, 0x000000008bc00000, 0x000000008bd00000|  0%| F|  |TAMS 0x000000008bc00000, 0x000000008bc00000| Untracked 
| 117|0x000000008bd00000, 0x000000008bd00000, 0x000000008be00000|  0%| F|  |TAMS 0x000000008bd00000, 0x000000008bd00000| Untracked 
| 118|0x000000008be00000, 0x000000008be00000, 0x000000008bf00000|  0%| F|  |TAMS 0x000000008be00000, 0x000000008be00000| Untracked 
| 119|0x000000008bf00000, 0x000000008bf00000, 0x000000008c000000|  0%| F|  |TAMS 0x000000008bf00000, 0x000000008bf00000| Untracked 
| 120|0x000000008c000000, 0x000000008c000000, 0x000000008c100000|  0%| F|  |TAMS 0x000000008c000000, 0x000000008c000000| Untracked 
| 121|0x000000008c100000, 0x000000008c100000, 0x000000008c200000|  0%| F|  |TAMS 0x000000008c100000, 0x000000008c100000| Untracked 
| 122|0x000000008c200000, 0x000000008c200000, 0x000000008c300000|  0%| F|  |TAMS 0x000000008c200000, 0x000000008c200000| Untracked 
| 123|0x000000008c300000, 0x000000008c300000, 0x000000008c400000|  0%| F|  |TAMS 0x000000008c300000, 0x000000008c300000| Untracked 

Card table byte_map: [0x000001c44b870000,0x000001c44bc50000] _byte_map_base: 0x000001c44b44c000

Marking Bits (Prev, Next): (CMBitMap*) 0x000001c44007a040, (CMBitMap*) 0x000001c44007a000
 Prev Bits: [0x000001c44df10000, 0x000001c44fdf0000)
 Next Bits: [0x000001c44c030000, 0x000001c44df10000)

Polling page: 0x000001c4400a0000

Metaspace:

Usage:
  Non-class:     50.11 MB used.
      Class:      8.67 MB used.
       Both:     58.78 MB used.

Virtual space:
  Non-class space:       64.00 MB reserved,      50.44 MB ( 79%) committed,  1 nodes.
      Class space:        1.00 GB reserved,       8.94 MB ( <1%) committed,  1 nodes.
             Both:        1.06 GB reserved,      59.38 MB (  5%) committed. 

Chunk freelists:
   Non-Class:  13.37 MB
       Class:  7.04 MB
        Both:  20.42 MB

MaxMetaspaceSize: unlimited
CompressedClassSpaceSize: 1.00 GB
Initial GC threshold: 21.00 MB
Current GC threshold: 98.75 MB
CDS: on
MetaspaceReclaimPolicy: balanced
 - commit_granule_bytes: 65536.
 - commit_granule_words: 8192.
 - virtual_space_node_default_size: 8388608.
 - enlarge_chunks_in_place: 1.
 - new_chunks_are_fully_committed: 0.
 - uncommit_free_chunks: 1.
 - use_allocation_guard: 0.
 - handle_deallocations: 1.


Internal statistics:

num_allocs_failed_limit: 12.
num_arena_births: 752.
num_arena_deaths: 0.
num_vsnodes_births: 2.
num_vsnodes_deaths: 0.
num_space_committed: 950.
num_space_uncommitted: 0.
num_chunks_returned_to_freelist: 12.
num_chunks_taken_from_freelist: 3017.
num_chunk_merges: 9.
num_chunk_splits: 2223.
num_chunks_enlarged: 1751.
num_inconsistent_stats: 0.

CodeCache: size=49152Kb used=5206Kb max_used=6896Kb free=43945Kb
 bounds [0x000001c447bb0000, 0x000001c448270000, 0x000001c44abb0000]
 total_blobs=3254 nmethods=2607 adapters=574
 compilation: disabled (not enough contiguous free space left)
              stopped_count=1, restarted_count=0
 full_count=1

Compilation events (20 events):
Event: 1.513 Thread 0x000001c452aa3970 nmethod 2516 0x000001c44823a710 code [0x000001c44823a960, 0x000001c44823acf8]
Event: 1.513 Thread 0x000001c4986c2fd0 nmethod 2515 0x000001c44823b010 code [0x000001c44823b260, 0x000001c44823b858]
Event: 1.514 Thread 0x000001c452597810 2517       1       org.springframework.core.type.classreading.MergedAnnotationReadingVisitor$ArrayVisitor::visit (29 bytes)
Event: 1.514 Thread 0x000001c452597810 nmethod 2517 0x000001c44823bd10 code [0x000001c44823bec0, 0x000001c44823c078]
Event: 1.515 Thread 0x000001c4986c2fd0 2518       1       java.lang.Package$VersionInfo::<init> (44 bytes)
Event: 1.515 Thread 0x000001c4986c2fd0 nmethod 2518 0x000001c44823c190 code [0x000001c44823c340, 0x000001c44823c698]
Event: 1.529 Thread 0x000001c4986c2fd0 2520       1       org.springframework.util.StringUtils::collectionToDelimitedString (161 bytes)
Event: 1.529 Thread 0x000001c452597810 2519       1       org.springframework.util.StringUtils::collectionToDelimitedString (10 bytes)
Event: 1.529 Thread 0x000001c452597810 nmethod 2519 0x000001c44823c710 code [0x000001c44823c8a0, 0x000001c44823c968]
Event: 1.529 Thread 0x000001c452597810 2521       1       org.springframework.boot.context.properties.source.SoftReferenceConfigurationPropertyCache::now (4 bytes)
Event: 1.529 Thread 0x000001c452aa3970 2522       1       java.time.Instant::now (4 bytes)
Event: 1.529 Thread 0x000001c452597810 nmethod 2521 0x000001c44823ca10 code [0x000001c44823cba0, 0x000001c44823cc88]
Event: 1.529 Thread 0x000001c452aa3970 nmethod 2522 0x000001c44823cd10 code [0x000001c44823cea0, 0x000001c44823cf68]
Event: 1.530 Thread 0x000001c4986c2fd0 nmethod 2520 0x000001c44823d010 code [0x000001c44823d2c0, 0x000001c44823d9e8]
Event: 1.530 Thread 0x000001c452597810 2528       1       java.lang.invoke.InvokerBytecodeGenerator::setClassWriter (6 bytes)
Event: 1.531 Thread 0x000001c4986c2fd0 2529       1       java.lang.Class::getClassData (5 bytes)
Event: 1.531 Thread 0x000001c452597810 nmethod 2528 0x000001c44823f490 code [0x000001c44823f620, 0x000001c44823f738]
Event: 1.531 Thread 0x000001c4986c2fd0 nmethod 2529 0x000001c44823f790 code [0x000001c44823f920, 0x000001c44823f9f8]
Event: 1.531 Thread 0x000001c452597810 2531       1       java.lang.invoke.LambdaForm::methodType (48 bytes)
Event: 1.531 Thread 0x000001c452597810 nmethod 2531 0x000001c44823fd90 code [0x000001c44823ff60, 0x000001c4482402b8]

GC Heap History (20 events):
Event: 9.329 GC heap after
{Heap after GC invocations=22 (full 0):
 garbage-first heap   total 86016K, used 51518K [0x0000000084800000, 0x0000000100000000)
  region size 1024K, 2 young (2048K), 2 survivors (2048K)
 Metaspace       used 60186K, committed 60800K, reserved 1114112K
  class space    used 8878K, committed 9152K, reserved 1048576K
}
Event: 9.701 GC heap before
{Heap before GC invocations=22 (full 0):
 garbage-first heap   total 86016K, used 65854K [0x0000000084800000, 0x0000000100000000)
  region size 1024K, 16 young (16384K), 2 survivors (2048K)
 Metaspace       used 60187K, committed 60800K, reserved 1114112K
  class space    used 8878K, committed 9152K, reserved 1048576K
}
Event: 9.705 GC heap after
{Heap after GC invocations=23 (full 0):
 garbage-first heap   total 103424K, used 54875K [0x0000000084800000, 0x0000000100000000)
  region size 1024K, 2 young (2048K), 2 survivors (2048K)
 Metaspace       used 60187K, committed 60800K, reserved 1114112K
  class space    used 8878K, committed 9152K, reserved 1048576K
}
Event: 10.404 GC heap before
{Heap before GC invocations=24 (full 0):
 garbage-first heap   total 103424K, used 70235K [0x0000000084800000, 0x0000000100000000)
  region size 1024K, 22 young (22528K), 2 survivors (2048K)
 Metaspace       used 60187K, committed 60800K, reserved 1114112K
  class space    used 8878K, committed 9152K, reserved 1048576K
}
Event: 10.410 GC heap after
{Heap after GC invocations=25 (full 0):
 garbage-first heap   total 103424K, used 55341K [0x0000000084800000, 0x0000000100000000)
  region size 1024K, 3 young (3072K), 3 survivors (3072K)
 Metaspace       used 60187K, committed 60800K, reserved 1114112K
  class space    used 8878K, committed 9152K, reserved 1048576K
}
Event: 10.495 GC heap before
{Heap before GC invocations=25 (full 0):
 garbage-first heap   total 103424K, used 57389K [0x0000000084800000, 0x0000000100000000)
  region size 1024K, 5 young (5120K), 3 survivors (3072K)
 Metaspace       used 60188K, committed 60800K, reserved 1114112K
  class space    used 8878K, committed 9152K, reserved 1048576K
}
Event: 10.499 GC heap after
{Heap after GC invocations=26 (full 0):
 garbage-first heap   total 103424K, used 49417K [0x0000000084800000, 0x0000000100000000)
  region size 1024K, 1 young (1024K), 1 survivors (1024K)
 Metaspace       used 60188K, committed 60800K, reserved 1114112K
  class space    used 8878K, committed 9152K, reserved 1048576K
}
Event: 11.205 GC heap before
{Heap before GC invocations=26 (full 0):
 garbage-first heap   total 103424K, used 72969K [0x0000000084800000, 0x0000000100000000)
  region size 1024K, 24 young (24576K), 1 survivors (1024K)
 Metaspace       used 60188K, committed 60800K, reserved 1114112K
  class space    used 8878K, committed 9152K, reserved 1048576K
}
Event: 11.207 GC heap after
{Heap after GC invocations=27 (full 0):
 garbage-first heap   total 103424K, used 49203K [0x0000000084800000, 0x0000000100000000)
  region size 1024K, 1 young (1024K), 1 survivors (1024K)
 Metaspace       used 60188K, committed 60800K, reserved 1114112K
  class space    used 8878K, committed 9152K, reserved 1048576K
}
Event: 11.810 GC heap before
{Heap before GC invocations=28 (full 0):
 garbage-first heap   total 103424K, used 72755K [0x0000000084800000, 0x0000000100000000)
  region size 1024K, 26 young (26624K), 1 survivors (1024K)
 Metaspace       used 60190K, committed 60800K, reserved 1114112K
  class space    used 8878K, committed 9152K, reserved 1048576K
}
Event: 11.816 GC heap after
{Heap after GC invocations=29 (full 0):
 garbage-first heap   total 103424K, used 55588K [0x0000000084800000, 0x0000000100000000)
  region size 1024K, 4 young (4096K), 4 survivors (4096K)
 Metaspace       used 60190K, committed 60800K, reserved 1114112K
  class space    used 8878K, committed 9152K, reserved 1048576K
}
Event: 11.831 GC heap before
{Heap before GC invocations=29 (full 0):
 garbage-first heap   total 103424K, used 55588K [0x0000000084800000, 0x0000000100000000)
  region size 1024K, 5 young (5120K), 4 survivors (4096K)
 Metaspace       used 60190K, committed 60800K, reserved 1114112K
  class space    used 8878K, committed 9152K, reserved 1048576K
}
Event: 11.835 GC heap after
{Heap after GC invocations=30 (full 0):
 garbage-first heap   total 124928K, used 45431K [0x0000000084800000, 0x0000000100000000)
  region size 1024K, 1 young (1024K), 1 survivors (1024K)
 Metaspace       used 60190K, committed 60800K, reserved 1114112K
  class space    used 8878K, committed 9152K, reserved 1048576K
}
Event: 11.984 GC heap before
{Heap before GC invocations=30 (full 0):
 garbage-first heap   total 124928K, used 50551K [0x0000000084800000, 0x0000000100000000)
  region size 1024K, 6 young (6144K), 1 survivors (1024K)
 Metaspace       used 60190K, committed 60800K, reserved 1114112K
  class space    used 8878K, committed 9152K, reserved 1048576K
}
Event: 11.987 GC heap after
{Heap after GC invocations=31 (full 0):
 garbage-first heap   total 124928K, used 45322K [0x0000000084800000, 0x0000000100000000)
  region size 1024K, 1 young (1024K), 1 survivors (1024K)
 Metaspace       used 60190K, committed 60800K, reserved 1114112K
  class space    used 8878K, committed 9152K, reserved 1048576K
}
Event: 12.937 GC heap before
{Heap before GC invocations=31 (full 0):
 garbage-first heap   total 124928K, used 85258K [0x0000000084800000, 0x0000000100000000)
  region size 1024K, 40 young (40960K), 1 survivors (1024K)
 Metaspace       used 60194K, committed 60800K, reserved 1114112K
  class space    used 8879K, committed 9152K, reserved 1048576K
}
Event: 12.947 GC heap after
{Heap after GC invocations=32 (full 0):
 garbage-first heap   total 124928K, used 59710K [0x0000000084800000, 0x0000000100000000)
  region size 1024K, 5 young (5120K), 5 survivors (5120K)
 Metaspace       used 60194K, committed 60800K, reserved 1114112K
  class space    used 8879K, committed 9152K, reserved 1048576K
}
Event: 13.615 GC heap before
{Heap before GC invocations=32 (full 0):
 garbage-first heap   total 124928K, used 88382K [0x0000000084800000, 0x0000000100000000)
  region size 1024K, 32 young (32768K), 5 survivors (5120K)
 Metaspace       used 60194K, committed 60800K, reserved 1114112K
  class space    used 8879K, committed 9152K, reserved 1048576K
}
Event: 13.626 GC heap after
{Heap after GC invocations=33 (full 0):
 garbage-first heap   total 124928K, used 72192K [0x0000000084800000, 0x0000000100000000)
  region size 1024K, 4 young (4096K), 4 survivors (4096K)
 Metaspace       used 60194K, committed 60800K, reserved 1114112K
  class space    used 8879K, committed 9152K, reserved 1048576K
}
Event: 14.218 GC heap before
{Heap before GC invocations=33 (full 0):
 garbage-first heap   total 124928K, used 92672K [0x0000000084800000, 0x0000000100000000)
  region size 1024K, 24 young (24576K), 4 survivors (4096K)
 Metaspace       used 60194K, committed 60800K, reserved 1114112K
  class space    used 8879K, committed 9152K, reserved 1048576K
}

Dll operation events (11 events):
Event: 0.012 Loaded shared library C:\Program Files\Eclipse Adoptium\jdk-17.0.17.10-hotspot\bin\java.dll
Event: 0.030 Loaded shared library C:\Program Files\Eclipse Adoptium\jdk-17.0.17.10-hotspot\bin\jsvml.dll
Event: 0.100 Loaded shared library C:\Program Files\Eclipse Adoptium\jdk-17.0.17.10-hotspot\bin\net.dll
Event: 0.103 Loaded shared library C:\Program Files\Eclipse Adoptium\jdk-17.0.17.10-hotspot\bin\nio.dll
Event: 0.107 Loaded shared library C:\Program Files\Eclipse Adoptium\jdk-17.0.17.10-hotspot\bin\zip.dll
Event: 0.213 Loaded shared library C:\Program Files\Eclipse Adoptium\jdk-17.0.17.10-hotspot\bin\jimage.dll
Event: 1.228 Loaded shared library C:\Program Files\Eclipse Adoptium\jdk-17.0.17.10-hotspot\bin\sunmscapi.dll
Event: 2.750 Loaded shared library C:\Program Files\Eclipse Adoptium\jdk-17.0.17.10-hotspot\bin\management.dll
Event: 2.755 Loaded shared library C:\Program Files\Eclipse Adoptium\jdk-17.0.17.10-hotspot\bin\management_ext.dll
Event: 3.433 Loaded shared library C:\Program Files\Eclipse Adoptium\jdk-17.0.17.10-hotspot\bin\verify.dll
Event: 3.757 Loaded shared library C:\Program Files\Eclipse Adoptium\jdk-17.0.17.10-hotspot\bin\extnet.dll

Deoptimization events (4 events):
Event: 2.891 Thread 0x000001c440017bd0 DEOPT PACKING pc=0x000001c448126281 sp=0x00000072006febf0
Event: 2.891 Thread 0x000001c440017bd0 DEOPT UNPACKING pc=0x000001c447c0ace3 sp=0x00000072006fe080 mode 3
Event: 2.891 Thread 0x000001c498c6d460 DEOPT PACKING pc=0x000001c44811cf17 sp=0x00000072024fec30
Event: 2.891 Thread 0x000001c498c6d460 DEOPT UNPACKING pc=0x000001c447c0ace3 sp=0x00000072024fe088 mode 3

Classes loaded (20 events):
Event: 5.773 Loading class java/util/regex/Pattern$SliceU
Event: 5.773 Loading class java/util/regex/Pattern$SliceU done
Event: 5.773 Loading class java/util/regex/Pattern$Bound
Event: 5.773 Loading class java/util/regex/Pattern$Bound done
Event: 5.773 Loading class java/util/regex/Pattern$SliceI
Event: 5.773 Loading class java/util/regex/Pattern$SliceI done
Event: 5.774 Loading class java/util/regex/Pattern$LookBehindEndNode
Event: 5.774 Loading class java/util/regex/Pattern$LookBehindEndNode done
Event: 5.774 Loading class java/util/regex/Pattern$NotBehind
Event: 5.774 Loading class java/util/regex/Pattern$NotBehind done
Event: 5.774 Loading class java/util/regex/Pattern$Behind
Event: 5.774 Loading class java/util/regex/Pattern$Behind done
Event: 5.830 Loading class jdk/internal/loader/BootLoader$PackageHelper
Event: 5.830 Loading class jdk/internal/loader/BootLoader$PackageHelper done
Event: 5.853 Loading class java/util/EmptyStackException
Event: 5.853 Loading class java/util/EmptyStackException done
Event: 5.969 Loading class java/io/InvalidClassException
Event: 5.969 Loading class java/io/InvalidClassException done
Event: 5.980 Loading class java/util/ArrayList$ListItr
Event: 5.980 Loading class java/util/ArrayList$ListItr done

Classes unloaded (0 events):
No events

Classes redefined (0 events):
No events

Internal exceptions (20 events):
Event: 5.357 Thread 0x000001c440017bd0 Exception <a 'java/lang/NoSuchMethodError'{0x0000000089d8fd00}: 'java.lang.Object java.lang.invoke.Invokers$Holder.linkToTargetMethod(java.lang.Object, java.lang.Object, java.lang.Object, java.lang.Object, java.lang.Object, java.lang.Object, java.lang.Object, java.lang.Object, java.lang.Object, java.lang.Object, java.lang.Object, java.lang.Object)'> (0x0000000089d8fd00) 
thrown [s\src\hotspot\share\interpreter\linkResolver.cpp, line 759]
Event: 5.389 Thread 0x000001c440017bd0 Exception <a 'java/lang/IncompatibleClassChangeError'{0x0000000089b8ed28}: Found class java.lang.Object, but interface was expected> (0x0000000089b8ed28) 
thrown [s\src\hotspot\share\interpreter\linkResolver.cpp, line 826]
Event: 5.399 Thread 0x000001c440017bd0 Exception <a 'java/lang/NoSuchMethodError'{0x0000000088d1dee8}: 'java.lang.Object java.lang.invoke.DirectMethodHandle$Holder.newInvokeSpecial(java.lang.Object, java.lang.Object, java.lang.Object, java.lang.Object, java.lang.Object, java.lang.Object, java.lang.Object, int)'> (0x0000000088d1dee8) 
thrown [s\src\hotspot\share\interpreter\linkResolver.cpp, line 759]
Event: 5.399 Thread 0x000001c440017bd0 Exception <a 'java/lang/NoSuchMethodError'{0x0000000088d22ee0}: 'java.lang.Object java.lang.invoke.DirectMethodHandle$Holder.invokeSpecial(java.lang.Object, java.lang.Object, java.lang.Object, java.lang.Object, java.lang.Object, java.lang.Object, java.lang.Object, java.lang.Object, int)'> (0x0000000088d22ee0) 
thrown [s\src\hotspot\share\interpreter\linkResolver.cpp, line 759]
Event: 5.399 Thread 0x000001c440017bd0 Exception <a 'java/lang/NoSuchMethodError'{0x0000000088d279a8}: 'java.lang.Object java.lang.invoke.Invokers$Holder.linkToTargetMethod(java.lang.Object, java.lang.Object, java.lang.Object, java.lang.Object, java.lang.Object, java.lang.Object, int, java.lang.Object)'> (0x0000000088d279a8) 
thrown [s\src\hotspot\share\interpreter\linkResolver.cpp, line 759]
Event: 5.418 Thread 0x000001c440017bd0 Exception <a 'java/lang/NoSuchMethodError'{0x0000000088c4e8b0}: 'java.lang.Object java.lang.invoke.DirectMethodHandle$Holder.newInvokeSpecial(java.lang.Object, java.lang.Object, int, java.lang.Object, int, java.lang.Object, java.lang.Object)'> (0x0000000088c4e8b0) 
thrown [s\src\hotspot\share\interpreter\linkResolver.cpp, line 759]
Event: 5.423 Thread 0x000001c440017bd0 Exception <a 'java/lang/NoSuchMethodError'{0x0000000088c91b40}: 'void java.lang.invoke.DirectMethodHandle$Holder.invokeInterface(java.lang.Object, java.lang.Object)'> (0x0000000088c91b40) 
thrown [s\src\hotspot\share\interpreter\linkResolver.cpp, line 759]
Event: 5.543 Thread 0x000001c440017bd0 Exception <a 'java/lang/IncompatibleClassChangeError'{0x00000000885826a0}: Found class java.lang.Object, but interface was expected> (0x00000000885826a0) 
thrown [s\src\hotspot\share\interpreter\linkResolver.cpp, line 826]
Event: 5.584 Thread 0x000001c440017bd0 Exception <a 'java/lang/IncompatibleClassChangeError'{0x0000000088354880}: Found class java.lang.Object, but interface was expected> (0x0000000088354880) 
thrown [s\src\hotspot\share\interpreter\linkResolver.cpp, line 826]
Event: 5.692 Thread 0x000001c440017bd0 Exception <a 'java/lang/IncompatibleClassChangeError'{0x0000000087c7a858}: Found class java.lang.Object, but interface was expected> (0x0000000087c7a858) 
thrown [s\src\hotspot\share\interpreter\linkResolver.cpp, line 826]
Event: 5.735 Thread 0x000001c440017bd0 Exception <a 'java/lang/reflect/InvocationTargetException'{0x0000000087afd580}> (0x0000000087afd580) 
thrown [s\src\hotspot\share\runtime\reflection.cpp, line 1128]
Event: 5.744 Thread 0x000001c440017bd0 Exception <a 'java/lang/NoSuchMethodError'{0x000000008796b8a0}: 'int java.lang.invoke.DirectMethodHandle$Holder.invokeStatic(java.lang.Object, java.lang.Object, int)'> (0x000000008796b8a0) 
thrown [s\src\hotspot\share\interpreter\linkResolver.cpp, line 759]
Event: 5.750 Thread 0x000001c440017bd0 Exception <a 'java/lang/IncompatibleClassChangeError'{0x00000000879b4870}: Found class java.lang.Object, but interface was expected> (0x00000000879b4870) 
thrown [s\src\hotspot\share\interpreter\linkResolver.cpp, line 826]
Event: 5.750 Thread 0x000001c440017bd0 Exception <a 'java/lang/IncompatibleClassChangeError'{0x00000000879bae40}: Found class java.lang.Object, but interface was expected> (0x00000000879bae40) 
thrown [s\src\hotspot\share\interpreter\linkResolver.cpp, line 826]
Event: 5.789 Thread 0x000001c440017bd0 Exception <a 'java/lang/NoSuchMethodError'{0x00000000877a6e70}: 'java.lang.Object java.lang.invoke.DirectMethodHandle$Holder.invokeStatic(java.lang.Object, int, java.lang.Object)'> (0x00000000877a6e70) 
thrown [s\src\hotspot\share\interpreter\linkResolver.cpp, line 759]
Event: 5.829 Thread 0x000001c440017bd0 Exception <a 'java/lang/reflect/InvocationTargetException'{0x00000000875da380}> (0x00000000875da380) 
thrown [s\src\hotspot\share\runtime\reflection.cpp, line 1128]
Event: 5.834 Thread 0x000001c440017bd0 Exception <a 'java/lang/reflect/InvocationTargetException'{0x0000000087409568}> (0x0000000087409568) 
thrown [s\src\hotspot\share\runtime\reflection.cpp, line 1128]
Event: 7.514 Thread 0x000001c440017bd0 Exception <a 'java/lang/reflect/InvocationTargetException'{0x0000000089c32cb8}> (0x0000000089c32cb8) 
thrown [s\src\hotspot\share\runtime\reflection.cpp, line 1128]
Event: 7.560 Thread 0x000001c440017bd0 Exception <a 'java/lang/reflect/InvocationTargetException'{0x0000000088da66b8}> (0x0000000088da66b8) 
thrown [s\src\hotspot\share\runtime\reflection.cpp, line 1128]
Event: 7.564 Thread 0x000001c440017bd0 Exception <a 'java/lang/reflect/InvocationTargetException'{0x0000000088dd4718}> (0x0000000088dd4718) 
thrown [s\src\hotspot\share\runtime\reflection.cpp, line 1128]

VM Operations (20 events):
Event: 10.410 Executing VM operation: G1CollectForAllocation done
Event: 10.495 Executing VM operation: G1CollectForAllocation
Event: 10.500 Executing VM operation: G1CollectForAllocation done
Event: 11.205 Executing VM operation: G1CollectForAllocation
Event: 11.207 Executing VM operation: G1CollectForAllocation done
Event: 11.230 Executing VM operation: G1PauseRemark
Event: 11.232 Executing VM operation: G1PauseRemark done
Event: 11.243 Executing VM operation: G1PauseCleanup
Event: 11.243 Executing VM operation: G1PauseCleanup done
Event: 11.810 Executing VM operation: G1CollectForAllocation
Event: 11.816 Executing VM operation: G1CollectForAllocation done
Event: 11.831 Executing VM operation: G1CollectForAllocation
Event: 11.835 Executing VM operation: G1CollectForAllocation done
Event: 11.984 Executing VM operation: G1CollectForAllocation
Event: 11.987 Executing VM operation: G1CollectForAllocation done
Event: 12.937 Executing VM operation: G1CollectForAllocation
Event: 12.947 Executing VM operation: G1CollectForAllocation done
Event: 13.615 Executing VM operation: G1CollectForAllocation
Event: 13.626 Executing VM operation: G1CollectForAllocation done
Event: 14.218 Executing VM operation: G1CollectForAllocation

Memory protections (0 events):
No events

Nmethod flushes (0 events):
No events

Events (20 events):
Event: 0.047 Thread 0x000001c440017bd0 Thread added: 0x000001c4525985e0
Event: 0.092 Thread 0x000001c452597810 Thread added: 0x000001c452a98420
Event: 0.092 Thread 0x000001c452a98420 Thread added: 0x000001c452aa3970
Event: 0.093 Thread 0x000001c440017bd0 Thread added: 0x000001c452aa9900
Event: 0.096 Thread 0x000001c440017bd0 Thread added: 0x000001c452ab6bf0
Event: 0.878 Thread 0x000001c440017bd0 Thread added: 0x000001c498575430
Event: 1.003 Thread 0x000001c452aa3970 Thread added: 0x000001c4986c2fd0
Event: 1.252 Thread 0x000001c498575430 Thread exited: 0x000001c498575430
Event: 1.317 Thread 0x000001c440017bd0 Thread added: 0x000001c49891ad20
Event: 1.349 Thread 0x000001c49891ad20 Thread exited: 0x000001c49891ad20
Event: 2.889 Thread 0x000001c440017bd0 Thread added: 0x000001c498cf7c50
Event: 2.890 Thread 0x000001c498cf7c50 Thread added: 0x000001c498c6d460
Event: 2.893 Thread 0x000001c440017bd0 Thread added: 0x000001c4987cbe10
Event: 2.918 Thread 0x000001c440017bd0 Thread added: 0x000001c498d9b5d0
Event: 3.932 Thread 0x000001c440017bd0 Thread added: 0x000001c498ef1fa0
Event: 4.042 Thread 0x000001c498ef1fa0 Thread added: 0x000001c498ef4820
Event: 6.544 Thread 0x000001c452aa3970 Thread exited: 0x000001c452aa3970
Event: 6.544 Thread 0x000001c452a98420 Thread exited: 0x000001c452a98420
Event: 6.544 Thread 0x000001c4986c2fd0 Thread exited: 0x000001c4986c2fd0
Event: 9.464 Thread 0x000001c498ef4820 Thread exited: 0x000001c498ef4820


Dynamic libraries:
0x00007ff7a5840000 - 0x00007ff7a584e000 	C:\Program Files\Eclipse Adoptium\jdk-17.0.17.10-hotspot\bin\java.exe
0x00007fff2e910000 - 0x00007fff2eb28000 	C:\WINDOWS\SYSTEM32\ntdll.dll
0x00007fff2dfd0000 - 0x00007fff2e094000 	C:\WINDOWS\System32\KERNEL32.DLL
0x00007fff2bd30000 - 0x00007fff2c103000 	C:\WINDOWS\System32\KERNELBASE.dll
0x00007fff2bb90000 - 0x00007fff2bca1000 	C:\WINDOWS\System32\ucrtbase.dll
0x00007fff0eac0000 - 0x00007fff0ead8000 	C:\Program Files\Eclipse Adoptium\jdk-17.0.17.10-hotspot\bin\jli.dll
0x00007fff0f8a0000 - 0x00007fff0f8be000 	C:\Program Files\Eclipse Adoptium\jdk-17.0.17.10-hotspot\bin\VCRUNTIME140.dll
0x00007fff2da40000 - 0x00007fff2dbf2000 	C:\WINDOWS\System32\USER32.dll
0x00007fff2c4e0000 - 0x00007fff2c506000 	C:\WINDOWS\System32\win32u.dll
0x00007fff2cfc0000 - 0x00007fff2cfe9000 	C:\WINDOWS\System32\GDI32.dll
0x00007fff2c110000 - 0x00007fff2c22b000 	C:\WINDOWS\System32\gdi32full.dll
0x00007fff2c510000 - 0x00007fff2c5aa000 	C:\WINDOWS\System32\msvcp_win.dll
0x00007fff18890000 - 0x00007fff18b2c000 	C:\WINDOWS\WinSxS\amd64_microsoft.windows.common-controls_6595b64144ccf1df_6.0.22621.6060_none_2712eda17382d24b\COMCTL32.dll
0x00007fff2e0a0000 - 0x00007fff2e147000 	C:\WINDOWS\System32\msvcrt.dll
0x00007fff2c630000 - 0x00007fff2c661000 	C:\WINDOWS\System32\IMM32.DLL
0x000000006d3d0000 - 0x000000006d3dc000 	C:\Program Files (x86)\360\Total Security\safemon\SafeWrapper.dll
0x00007fff2cce0000 - 0x00007fff2cd91000 	C:\WINDOWS\System32\ADVAPI32.dll
0x00007fff2e1b0000 - 0x00007fff2e258000 	C:\WINDOWS\System32\sechost.dll
0x00007fff2ba20000 - 0x00007fff2ba48000 	C:\WINDOWS\System32\bcrypt.dll
0x00007fff2de20000 - 0x00007fff2df38000 	C:\WINDOWS\System32\RPCRT4.dll
0x00007ffefe8b0000 - 0x00007ffefe95c000 	C:\Program Files (x86)\360\Total Security\safemon\libzdtp64.dll
0x00007fff2cff0000 - 0x00007fff2d88c000 	C:\WINDOWS\System32\SHELL32.dll
0x00007fff2c3a0000 - 0x00007fff2c4df000 	C:\WINDOWS\System32\wintypes.dll
0x00007fff2e400000 - 0x00007fff2e791000 	C:\WINDOWS\System32\combase.dll
0x00007fff2cdb0000 - 0x00007fff2ce19000 	C:\WINDOWS\System32\SHLWAPI.dll
0x00007fff2b460000 - 0x00007fff2b46a000 	C:\WINDOWS\SYSTEM32\VERSION.dll
0x00007fff175c0000 - 0x00007fff175cc000 	C:\Program Files\Eclipse Adoptium\jdk-17.0.17.10-hotspot\bin\vcruntime140_1.dll
0x00007ffed2a20000 - 0x00007ffed2aad000 	C:\Program Files\Eclipse Adoptium\jdk-17.0.17.10-hotspot\bin\msvcp140.dll
0x00007ffe6c2d0000 - 0x00007ffe6cf3b000 	C:\Program Files\Eclipse Adoptium\jdk-17.0.17.10-hotspot\bin\server\jvm.dll
0x00007fff2df50000 - 0x00007fff2dfc1000 	C:\WINDOWS\System32\WS2_32.dll
0x00007fff24890000 - 0x00007fff248c4000 	C:\WINDOWS\SYSTEM32\WINMM.dll
0x00007fff2b7f0000 - 0x00007fff2b83d000 	C:\WINDOWS\SYSTEM32\POWRPROF.dll
0x00007fff2b6d0000 - 0x00007fff2b6e3000 	C:\WINDOWS\SYSTEM32\UMPDC.dll
0x00007fff2a990000 - 0x00007fff2a9a8000 	C:\WINDOWS\SYSTEM32\kernel.appcore.dll
0x00007fff17550000 - 0x00007fff1755a000 	C:\Program Files\Eclipse Adoptium\jdk-17.0.17.10-hotspot\bin\jimage.dll
0x00007fff29210000 - 0x00007fff29443000 	C:\WINDOWS\SYSTEM32\DBGHELP.DLL
0x00007fff2e270000 - 0x00007fff2e348000 	C:\WINDOWS\System32\OLEAUT32.dll
0x00007fff291d0000 - 0x00007fff29202000 	C:\WINDOWS\SYSTEM32\dbgcore.DLL
0x00007fff2bb10000 - 0x00007fff2bb8b000 	C:\WINDOWS\System32\bcryptPrimitives.dll
0x00007fff029c0000 - 0x00007fff029e5000 	C:\Program Files\Eclipse Adoptium\jdk-17.0.17.10-hotspot\bin\java.dll
0x00007ffecf150000 - 0x00007ffecf227000 	C:\Program Files\Eclipse Adoptium\jdk-17.0.17.10-hotspot\bin\jsvml.dll
0x00007fff298b0000 - 0x00007fff2a1ca000 	C:\WINDOWS\SYSTEM32\windows.storage.dll
0x00007fff2ce90000 - 0x00007fff2cf94000 	C:\WINDOWS\System32\SHCORE.dll
0x00007fff2b950000 - 0x00007fff2b975000 	C:\WINDOWS\SYSTEM32\profapi.dll
0x00007fff02d60000 - 0x00007fff02d7a000 	C:\Program Files\Eclipse Adoptium\jdk-17.0.17.10-hotspot\bin\net.dll
0x00007fff28f80000 - 0x00007fff290ac000 	C:\WINDOWS\SYSTEM32\WINHTTP.dll
0x00007fff2ae70000 - 0x00007fff2aed9000 	C:\WINDOWS\system32\mswsock.dll
0x00007fff029a0000 - 0x00007fff029b6000 	C:\Program Files\Eclipse Adoptium\jdk-17.0.17.10-hotspot\bin\nio.dll
0x00007fff02980000 - 0x00007fff02998000 	C:\Program Files\Eclipse Adoptium\jdk-17.0.17.10-hotspot\bin\zip.dll
0x00007fff0eab0000 - 0x00007fff0eabe000 	C:\Program Files\Eclipse Adoptium\jdk-17.0.17.10-hotspot\bin\sunmscapi.dll
0x00007fff2c230000 - 0x00007fff2c398000 	C:\WINDOWS\System32\CRYPT32.dll
0x00007fff2b280000 - 0x00007fff2b2ae000 	C:\WINDOWS\SYSTEM32\ncrypt.dll
0x00007fff2b240000 - 0x00007fff2b277000 	C:\WINDOWS\SYSTEM32\NTASN1.dll
0x00007fff2b0c0000 - 0x00007fff2b0db000 	C:\WINDOWS\SYSTEM32\CRYPTSP.dll
0x00007fff2a8f0000 - 0x00007fff2a927000 	C:\WINDOWS\system32\rsaenh.dll
0x00007fff2af60000 - 0x00007fff2af88000 	C:\WINDOWS\SYSTEM32\USERENV.dll
0x00007fff2b0e0000 - 0x00007fff2b0ec000 	C:\WINDOWS\SYSTEM32\CRYPTBASE.dll
0x00007fff2a420000 - 0x00007fff2a44d000 	C:\WINDOWS\SYSTEM32\IPHLPAPI.DLL
0x00007fff2df40000 - 0x00007fff2df49000 	C:\WINDOWS\System32\NSI.dll
0x00007fff244c0000 - 0x00007fff244d9000 	C:\WINDOWS\SYSTEM32\dhcpcsvc6.DLL
0x00007fff244a0000 - 0x00007fff244bf000 	C:\WINDOWS\SYSTEM32\dhcpcsvc.DLL
0x00007fff2a450000 - 0x00007fff2a548000 	C:\WINDOWS\SYSTEM32\DNSAPI.dll
0x00007fff26cf0000 - 0x00007fff26cfa000 	C:\Program Files\Eclipse Adoptium\jdk-17.0.17.10-hotspot\bin\management.dll
0x00007fff0acc0000 - 0x00007fff0accc000 	C:\Program Files\Eclipse Adoptium\jdk-17.0.17.10-hotspot\bin\management_ext.dll
0x00007fff2e150000 - 0x00007fff2e158000 	C:\WINDOWS\System32\PSAPI.DLL
0x00007fff0ed10000 - 0x00007fff0ed20000 	C:\Program Files\Eclipse Adoptium\jdk-17.0.17.10-hotspot\bin\verify.dll
0x00007fff238e0000 - 0x00007fff238ea000 	C:\Windows\System32\rasadhlp.dll
0x00007fff23490000 - 0x00007fff23514000 	C:\WINDOWS\System32\fwpuclnt.dll
0x00007fff0ae50000 - 0x00007fff0ae59000 	C:\Program Files\Eclipse Adoptium\jdk-17.0.17.10-hotspot\bin\extnet.dll

dbghelp: loaded successfully - version: 4.0.5 - missing functions: none
symbol engine: initialized successfully - sym options: 0x614 - pdb path: .;C:\Program Files\Eclipse Adoptium\jdk-17.0.17.10-hotspot\bin;C:\WINDOWS\SYSTEM32;C:\WINDOWS\WinSxS\amd64_microsoft.windows.common-controls_6595b64144ccf1df_6.0.22621.6060_none_2712eda17382d24b;C:\Program Files (x86)\360\Total Security\safemon;C:\Program Files\Eclipse Adoptium\jdk-17.0.17.10-hotspot\bin\server

VM Arguments:
jvm_args: -XX:TieredStopAtLevel=1 
java_command: com.jdend.erp.ErpApplication
java_class_path (initial): C:\Users\user\Documents\workspace\erp\target\classes;C:\Users\user\.m2\repository\org\springframework\boot\spring-boot\3.4.1\spring-boot-3.4.1.jar;C:\Users\user\.m2\repository\org\springframework\boot\spring-boot-autoconfigure\3.4.1\spring-boot-autoconfigure-3.4.1.jar;C:\Users\user\.m2\repository\ch\qos\logback\logback-classic\1.5.12\logback-classic-1.5.12.jar;C:\Users\user\.m2\repository\ch\qos\logback\logback-core\1.5.12\logback-core-1.5.12.jar;C:\Users\user\.m2\repository\org\apache\logging\log4j\log4j-to-slf4j\2.24.3\log4j-to-slf4j-2.24.3.jar;C:\Users\user\.m2\repository\org\apache\logging\log4j\log4j-api\2.24.3\log4j-api-2.24.3.jar;C:\Users\user\.m2\repository\org\slf4j\jul-to-slf4j\2.0.16\jul-to-slf4j-2.0.16.jar;C:\Users\user\.m2\repository\jakarta\annotation\jakarta.annotation-api\2.1.1\jakarta.annotation-api-2.1.1.jar;C:\Users\user\.m2\repository\org\yaml\snakeyaml\2.3\snakeyaml-2.3.jar;C:\Users\user\.m2\repository\com\fasterxml\jackson\core\jackson-databind\2.18.2\jackson-databind-2.18.2.jar;C:\Users\user\.m2\repository\com\fasterxml\jackson\core\jackson-annotations\2.18.2\jackson-annotations-2.18.2.jar;C:\Users\user\.m2\repository\com\fasterxml\jackson\core\jackson-core\2.18.2\jackson-core-2.18.2.jar;C:\Users\user\.m2\repository\com\fasterxml\jackson\datatype\jackson-datatype-jdk8\2.18.2\jackson-datatype-jdk8-2.18.2.jar;C:\Users\user\.m2\repository\com\fasterxml\jackson\datatype\jackson-datatype-jsr310\2.18.2\jackson-datatype-jsr310-2.18.2.jar;C:\Users\user\.m2\repository\com\fasterxml\jackson\module\jackson-module-parameter-names\2.18.2\jackson-module-parameter-names-2.18.2.jar;C:\Users\user\.m2\repository\org\apache\tomcat\embed\tomcat-embed-core\10.1.34\tomcat-embed-core-10.1.34.jar;C:\Users\user\.m2\repository\org\apache\tomcat\embed\tomcat-embed-el\10.1.34\tomcat-embed-el-10.1.34.jar;C:\Users\user\.m2\repository\org\apache\tomcat\embed\tomcat-embed-websocket\10.1.34\tomcat-embed-websocket-10.1.34.jar;C:\Users\user\.m2\repo
Launcher Type: SUN_STANDARD

[Global flags]
     intx CICompilerCount                          = 4                                         {product} {ergonomic}
     uint ConcGCThreads                            = 2                                         {product} {ergonomic}
     uint G1ConcRefinementThreads                  = 8                                         {product} {ergonomic}
   size_t G1HeapRegionSize                         = 1048576                                   {product} {ergonomic}
    uintx GCDrainStackTargetSize                   = 64                                        {product} {ergonomic}
   size_t InitialHeapSize                          = 130023424                                 {product} {ergonomic}
   size_t MarkStackSize                            = 4194304                                   {product} {ergonomic}
   size_t MaxHeapSize                              = 2071986176                                {product} {ergonomic}
   size_t MaxNewSize                               = 1242562560                                {product} {ergonomic}
   size_t MinHeapDeltaBytes                        = 1048576                                   {product} {ergonomic}
   size_t MinHeapSize                              = 8388608                                   {product} {ergonomic}
    uintx NonProfiledCodeHeapSize                  = 0                                      {pd product} {ergonomic}
     bool ProfileInterpreter                       = false                                  {pd product} {command line}
    uintx ProfiledCodeHeapSize                     = 0                                      {pd product} {ergonomic}
   size_t SoftMaxHeapSize                          = 2071986176                             {manageable} {ergonomic}
     intx TieredStopAtLevel                        = 1                                         {product} {command line}
     bool UseCompressedClassPointers               = true                           {product lp64_product} {ergonomic}
     bool UseCompressedOops                        = true                           {product lp64_product} {ergonomic}
     bool UseG1GC                                  = true                                      {product} {ergonomic}
     bool UseLargePagesIndividualAllocation        = false                                  {pd product} {ergonomic}

Logging:
Log output configuration:
 #0: stdout all=warning uptime,level,tags
 #1: stderr all=off uptime,level,tags

Environment Variables:
PATH=C:\Program Files\Eclipse Adoptium\jdk-17.0.17.10-hotspot\bin;C:\WINDOWS\system32;C:\WINDOWS;C:\WINDOWS\System32\Wbem;C:\WINDOWS\System32\WindowsPowerShell\v1.0\;C:\WINDOWS\System32\OpenSSH\;C:\Program Files\Git\cmd;C:\Program Files\nodejs\;C:\Program Files\MySQL\MySQL Shell 8.0\bin\;C:\Users\user\AppData\Local\Programs\Python\Launcher\;C:\Users\user\AppData\Local\Microsoft\WindowsApps;C:\Users\user\AppData\Local\Programs\Microsoft VS Code\bin;C:\Users\user\AppData\Roaming\npm;C:\Users\user\AppData\Local\Google\Cloud SDK\google-cloud-sdk\bin;C:\Users\user\AppData\Local\Microsoft\WinGet\Packages\Cloudflare.cloudflared_Microsoft.Winget.Source_8wekyb3d8bbwe;c:\Users\user\.vscode\extensions\vscjava.vscode-java-debug-0.58.5\bundled\scripts\noConfigScripts
USERNAME=user
LANG=en_US.UTF-8
OS=Windows_NT
PROCESSOR_IDENTIFIER=Intel64 Family 6 Model 126 Stepping 5, GenuineIntel
TMP=C:\Users\user\AppData\Local\Temp
TEMP=C:\Users\user\AppData\Local\Temp



Periodic native trim disabled


---------------  S Y S T E M  ---------------

OS:
 Windows 11 , 64 bit Build 22621 (10.0.22621.5415)
OS uptime: 5 days 6:42 hours

CPU: total 8 (initial active 8) (4 cores per cpu, 2 threads per core) family 6 model 126 stepping 5 microcode 0x86, cx8, cmov, fxsr, ht, mmx, 3dnowpref, sse, sse2, sse3, ssse3, sse4.1, sse4.2, popcnt, lzcnt, tsc, tscinvbit, avx, avx2, aes, erms, clmul, bmi1, bmi2, adx, avx512f, avx512dq, avx512cd, avx512bw, avx512vl, sha, fma, vzeroupper, avx512_vpopcntdq, avx512_vpclmulqdq, avx512_vaes, avx512_vnni, clflush, clflushopt, avx512_vbmi2, avx512_vbmi
Processor Information for all 8 processors :
  Max Mhz: 1498, Current Mhz: 1298, Mhz Limit: 1288

Memory: 4k page, system-wide physical 7901M (418M free)
TotalPageFile size 32477M (AvailPageFile size 18M)
current process WorkingSet (physical memory assigned to process): 254M, peak: 254M
current process commit charge ("private bytes"): 296M, peak: 382M

vm_info: OpenJDK 64-Bit Server VM (17.0.17+10) for windows-amd64 JRE (17.0.17+10), built on Oct 21 2025 23:25:32 by "admin" with unknown MS VC++:1942

END.
