#
# There is insufficient memory for the Java Runtime Environment to continue.
# Native memory allocation (malloc) failed to allocate 1501648 bytes. Error detail: Chunk::new
# Possible reasons:
#   The system is out of physical RAM or swap space
#   This process is running with CompressedOops enabled, and the Java Heap may be blocking the growth of the native heap
# Possible solutions:
#   Reduce memory load on the system
#   Increase physical memory or swap space
#   Check if swap backing store is full
#   Decrease Java heap size (-Xmx/-Xms)
#   Decrease number of Java threads
#   Decrease Java thread stack sizes (-Xss)
#   Set larger code cache with -XX:ReservedCodeCacheSize=
#   JVM is running with Unscaled Compressed Oops mode in which the Java heap is
#     placed in the first 4GB address space. The Java Heap base address is the
#     maximum limit for the native heap growth. Please use -XX:HeapBaseMinAddress
#     to set the Java Heap base and to place the Java Heap above 4GB virtual address.
# This output file may be truncated or incomplete.
#
#  Out of Memory Error (arena.cpp:191), pid=191072, tid=127848
#
# JRE version: OpenJDK Runtime Environment Temurin-17.0.17+10 (17.0.17+10) (build 17.0.17+10)
# Java VM: OpenJDK 64-Bit Server VM Temurin-17.0.17+10 (17.0.17+10, mixed mode, sharing, tiered, compressed oops, compressed class ptrs, g1 gc, windows-amd64)
# No core dump will be written. Minidumps are not enabled by default on client versions of Windows
#

---------------  S U M M A R Y ------------

Command Line: --enable-native-access=ALL-UNNAMED -Dclassworlds.conf=C:\Users\user\.m2\wrapper\dists\apache-maven-3.9.12\59fe215c0ad6947fea90184bf7add084544567b927287592651fda3782e0e798\bin\m2.conf -Dmaven.home=C:\Users\user\.m2\wrapper\dists\apache-maven-3.9.12\59fe215c0ad6947fea90184bf7add084544567b927287592651fda3782e0e798 -Dlibrary.jansi.path=C:\Users\user\.m2\wrapper\dists\apache-maven-3.9.12\59fe215c0ad6947fea90184bf7add084544567b927287592651fda3782e0e798\lib\jansi-native -Dmaven.multiModuleProjectDirectory=C:\Users\user\Documents\workspace\erp org.codehaus.plexus.classworlds.launcher.Launcher -U clean spring-boot:run

Host: Intel(R) Core(TM) i7-1065G7 CPU @ 1.30GHz, 8 cores, 7G,  Windows 11 , 64 bit Build 22621 (10.0.22621.5415)
Time: Wed Feb  4 19:37:55 2026  Windows 11 , 64 bit Build 22621 (10.0.22621.5415) elapsed time: 2.216681 seconds (0d 0h 0m 2s)

---------------  T H R E A D  ---------------

Current thread (0x000002de2f6a4df0):  JavaThread "C2 CompilerThread1" daemon [_thread_in_native, id=127848, stack(0x000000e736b00000,0x000000e736c00000)]


Current CompileTask:
C2:2216 2543       4       org.codehaus.plexus.util.xml.pull.MXParser::parseStartTag (1205 bytes)

Stack: [0x000000e736b00000,0x000000e736c00000]
Native frames: (J=compiled Java code, j=interpreted, Vv=VM code, C=native code)
V  [jvm.dll+0x683fb9]
V  [jvm.dll+0x83a1b5]
V  [jvm.dll+0x83bc2e]
V  [jvm.dll+0x83c2b3]
V  [jvm.dll+0x248eff]
V  [jvm.dll+0xad496]
V  [jvm.dll+0xadb3c]
V  [jvm.dll+0x368a3e]
V  [jvm.dll+0x332fa5]
V  [jvm.dll+0x33240a]
V  [jvm.dll+0x219db9]
V  [jvm.dll+0x219200]
V  [jvm.dll+0x1a4920]
V  [jvm.dll+0x22989a]
V  [jvm.dll+0x227a4b]
V  [jvm.dll+0x7effb8]
V  [jvm.dll+0x7ea44c]
V  [jvm.dll+0x682e87]
C  [ucrtbase.dll+0x29333]
C  [KERNEL32.DLL+0x1259d]
C  [ntdll.dll+0x5af78]


---------------  P R O C E S S  ---------------

Threads class SMR info:
_java_thread_list=0x000002de75c3fdb0, length=15, elements={
0x000002de11064a40, 0x000002de2f16af50, 0x000002de2f16d920, 0x000002de2f17e3d0,
0x000002de2f180db0, 0x000002de2f181770, 0x000002de2f1828d0, 0x000002de2f183e10,
0x000002de2f1888d0, 0x000002de2f19a760, 0x000002de2f3d9050, 0x000002de2f3da600,
0x000002de2f6a4df0, 0x000002de7522b440, 0x000002de75986a20
}

Java Threads: ( => current thread )
  0x000002de11064a40 JavaThread "main" [_thread_in_Java, id=180576, stack(0x000000e735800000,0x000000e735900000)]
  0x000002de2f16af50 JavaThread "Reference Handler" daemon [_thread_blocked, id=187288, stack(0x000000e735f00000,0x000000e736000000)]
  0x000002de2f16d920 JavaThread "Finalizer" daemon [_thread_blocked, id=173724, stack(0x000000e736000000,0x000000e736100000)]
  0x000002de2f17e3d0 JavaThread "Signal Dispatcher" daemon [_thread_blocked, id=166960, stack(0x000000e736100000,0x000000e736200000)]
  0x000002de2f180db0 JavaThread "Attach Listener" daemon [_thread_blocked, id=142868, stack(0x000000e736200000,0x000000e736300000)]
  0x000002de2f181770 JavaThread "Service Thread" daemon [_thread_blocked, id=123084, stack(0x000000e736300000,0x000000e736400000)]
  0x000002de2f1828d0 JavaThread "Monitor Deflation Thread" daemon [_thread_blocked, id=186440, stack(0x000000e736400000,0x000000e736500000)]
  0x000002de2f183e10 JavaThread "C2 CompilerThread0" daemon [_thread_in_native, id=168592, stack(0x000000e736500000,0x000000e736600000)]
  0x000002de2f1888d0 JavaThread "C1 CompilerThread0" daemon [_thread_in_native, id=196432, stack(0x000000e736600000,0x000000e736700000)]
  0x000002de2f19a760 JavaThread "Sweeper thread" daemon [_thread_blocked, id=181928, stack(0x000000e736700000,0x000000e736800000)]
  0x000002de2f3d9050 JavaThread "Notification Thread" daemon [_thread_blocked, id=167424, stack(0x000000e736800000,0x000000e736900000)]
  0x000002de2f3da600 JavaThread "Common-Cleaner" daemon [_thread_blocked, id=174264, stack(0x000000e736a00000,0x000000e736b00000)]
=>0x000002de2f6a4df0 JavaThread "C2 CompilerThread1" daemon [_thread_in_native, id=127848, stack(0x000000e736b00000,0x000000e736c00000)]
  0x000002de7522b440 JavaThread "Thread-1" daemon [_thread_blocked, id=189048, stack(0x000000e737400000,0x000000e737500000)]
  0x000002de75986a20 JavaThread "C2 CompilerThread2" daemon [_thread_in_native, id=133588, stack(0x000000e736c00000,0x000000e736d00000)]

Other Threads:
  0x000002de2f167380 VMThread "VM Thread" [stack: 0x000000e735e00000,0x000000e735f00000] [id=159968]
  0x000002de2f3d9940 WatcherThread [stack: 0x000000e736900000,0x000000e736a00000] [id=188272]
  0x000002de110be8d0 GCTaskThread "GC Thread#0" [stack: 0x000000e735900000,0x000000e735a00000] [id=169528]
  0x000002de2fe8b2c0 GCTaskThread "GC Thread#1" [stack: 0x000000e736d00000,0x000000e736e00000] [id=176176]
  0x000002de2febeb30 GCTaskThread "GC Thread#2" [stack: 0x000000e736e00000,0x000000e736f00000] [id=182096]
  0x000002de2fcb8f50 GCTaskThread "GC Thread#3" [stack: 0x000000e736f00000,0x000000e737000000] [id=187084]
  0x000002de2fcb9210 GCTaskThread "GC Thread#4" [stack: 0x000000e737000000,0x000000e737100000] [id=194824]
  0x000002de2fd66540 GCTaskThread "GC Thread#5" [stack: 0x000000e737100000,0x000000e737200000] [id=196104]
  0x000002de2fd66800 GCTaskThread "GC Thread#6" [stack: 0x000000e737200000,0x000000e737300000] [id=155376]
  0x000002de2fcdbdc0 GCTaskThread "GC Thread#7" [stack: 0x000000e737300000,0x000000e737400000] [id=160560]
  0x000002de110cef20 ConcurrentGCThread "G1 Main Marker" [stack: 0x000000e735a00000,0x000000e735b00000] [id=65060]
  0x000002de110cf940 ConcurrentGCThread "G1 Conc#0" [stack: 0x000000e735b00000,0x000000e735c00000] [id=193192]
  0x000002de2f009430 ConcurrentGCThread "G1 Refine#0" [stack: 0x000000e735c00000,0x000000e735d00000] [id=167244]
  0x000002de2f009e60 ConcurrentGCThread "G1 Service" [stack: 0x000000e735d00000,0x000000e735e00000] [id=192996]

Threads with active compile tasks:
C2 CompilerThread0  2287 2561       4       org.codehaus.plexus.util.xml.pull.MXParser::nextImpl (1208 bytes)
C1 CompilerThread0  2287 2725       3       org.apache.maven.model.ConfigurationContainer::getLocation (147 bytes)
C2 CompilerThread1  2287 2543       4       org.codehaus.plexus.util.xml.pull.MXParser::parseStartTag (1205 bytes)
C2 CompilerThread2  2287 2545       4       org.codehaus.plexus.util.xml.pull.MXParser::parseEndTag (438 bytes)

VM state: not at safepoint (normal execution)

VM Mutex/Monitor currently owned by a thread: None

Heap address: 0x0000000084800000, size: 1976 MB, Compressed Oops mode: 32-bit

CDS archive(s) mapped at: [0x000002de30000000-0x000002de30bb0000-0x000002de30bb0000), size 12255232, SharedBaseAddress: 0x000002de30000000, ArchiveRelocationMode: 1.
Compressed class space mapped at: 0x000002de31000000-0x000002de71000000, reserved size: 1073741824
Narrow klass base: 0x000002de30000000, Narrow klass shift: 0, Narrow klass range: 0x100000000

GC Precious Log:
 CPUs: 8 total, 8 available
 Memory: 7901M
 Large Page Support: Disabled
 NUMA Support: Disabled
 Compressed Oops: Enabled (32-bit)
 Heap Region Size: 1M
 Heap Min Capacity: 8M
 Heap Initial Capacity: 124M
 Heap Max Capacity: 1976M
 Pre-touch: Disabled
 Parallel Workers: 8
 Concurrent Workers: 2
 Concurrent Refinement Workers: 8
 Periodic GC: Disabled

Heap:
 garbage-first heap   total 126976K, used 37050K [0x0000000084800000, 0x0000000100000000)
  region size 1024K, 34 young (34816K), 2 survivors (2048K)
 Metaspace       used 14362K, committed 14592K, reserved 1114112K
  class space    used 1770K, committed 1856K, reserved 1048576K

Heap Regions: E=young(eden), S=young(survivor), O=old, HS=humongous(starts), HC=humongous(continues), CS=collection set, F=free, OA=open archive, CA=closed archive, TAMS=top-at-mark-start (previous, next)
|   0|0x0000000084800000, 0x0000000084900000, 0x0000000084900000|100%| O|  |TAMS 0x0000000084800000, 0x0000000084800000| Untracked 
|   1|0x0000000084900000, 0x0000000084a00000, 0x0000000084a00000|100%| O|  |TAMS 0x0000000084900000, 0x0000000084900000| Untracked 
|   2|0x0000000084a00000, 0x0000000084b00000, 0x0000000084b00000|100%| O|  |TAMS 0x0000000084a00000, 0x0000000084a00000| Untracked 
|   3|0x0000000084b00000, 0x0000000084bbc600, 0x0000000084c00000| 73%| O|  |TAMS 0x0000000084b00000, 0x0000000084b00000| Untracked 
|   4|0x0000000084c00000, 0x0000000084c00000, 0x0000000084d00000|  0%| F|  |TAMS 0x0000000084c00000, 0x0000000084c00000| Untracked 
|   5|0x0000000084d00000, 0x0000000084d00000, 0x0000000084e00000|  0%| F|  |TAMS 0x0000000084d00000, 0x0000000084d00000| Untracked 
|   6|0x0000000084e00000, 0x0000000084e00000, 0x0000000084f00000|  0%| F|  |TAMS 0x0000000084e00000, 0x0000000084e00000| Untracked 
|   7|0x0000000084f00000, 0x0000000084f00000, 0x0000000085000000|  0%| F|  |TAMS 0x0000000084f00000, 0x0000000084f00000| Untracked 
|   8|0x0000000085000000, 0x0000000085000000, 0x0000000085100000|  0%| F|  |TAMS 0x0000000085000000, 0x0000000085000000| Untracked 
|   9|0x0000000085100000, 0x0000000085100000, 0x0000000085200000|  0%| F|  |TAMS 0x0000000085100000, 0x0000000085100000| Untracked 
|  10|0x0000000085200000, 0x0000000085200000, 0x0000000085300000|  0%| F|  |TAMS 0x0000000085200000, 0x0000000085200000| Untracked 
|  11|0x0000000085300000, 0x0000000085300000, 0x0000000085400000|  0%| F|  |TAMS 0x0000000085300000, 0x0000000085300000| Untracked 
|  12|0x0000000085400000, 0x0000000085400000, 0x0000000085500000|  0%| F|  |TAMS 0x0000000085400000, 0x0000000085400000| Untracked 
|  13|0x0000000085500000, 0x0000000085500000, 0x0000000085600000|  0%| F|  |TAMS 0x0000000085500000, 0x0000000085500000| Untracked 
|  14|0x0000000085600000, 0x0000000085600000, 0x0000000085700000|  0%| F|  |TAMS 0x0000000085600000, 0x0000000085600000| Untracked 
|  15|0x0000000085700000, 0x0000000085700000, 0x0000000085800000|  0%| F|  |TAMS 0x0000000085700000, 0x0000000085700000| Untracked 
|  16|0x0000000085800000, 0x0000000085800000, 0x0000000085900000|  0%| F|  |TAMS 0x0000000085800000, 0x0000000085800000| Untracked 
|  17|0x0000000085900000, 0x0000000085900000, 0x0000000085a00000|  0%| F|  |TAMS 0x0000000085900000, 0x0000000085900000| Untracked 
|  18|0x0000000085a00000, 0x0000000085a00000, 0x0000000085b00000|  0%| F|  |TAMS 0x0000000085a00000, 0x0000000085a00000| Untracked 
|  19|0x0000000085b00000, 0x0000000085b00000, 0x0000000085c00000|  0%| F|  |TAMS 0x0000000085b00000, 0x0000000085b00000| Untracked 
|  20|0x0000000085c00000, 0x0000000085c00000, 0x0000000085d00000|  0%| F|  |TAMS 0x0000000085c00000, 0x0000000085c00000| Untracked 
|  21|0x0000000085d00000, 0x0000000085d00000, 0x0000000085e00000|  0%| F|  |TAMS 0x0000000085d00000, 0x0000000085d00000| Untracked 
|  22|0x0000000085e00000, 0x0000000085e00000, 0x0000000085f00000|  0%| F|  |TAMS 0x0000000085e00000, 0x0000000085e00000| Untracked 
|  23|0x0000000085f00000, 0x0000000085f00000, 0x0000000086000000|  0%| F|  |TAMS 0x0000000085f00000, 0x0000000085f00000| Untracked 
|  24|0x0000000086000000, 0x0000000086000000, 0x0000000086100000|  0%| F|  |TAMS 0x0000000086000000, 0x0000000086000000| Untracked 
|  25|0x0000000086100000, 0x0000000086100000, 0x0000000086200000|  0%| F|  |TAMS 0x0000000086100000, 0x0000000086100000| Untracked 
|  26|0x0000000086200000, 0x0000000086200000, 0x0000000086300000|  0%| F|  |TAMS 0x0000000086200000, 0x0000000086200000| Untracked 
|  27|0x0000000086300000, 0x0000000086300000, 0x0000000086400000|  0%| F|  |TAMS 0x0000000086300000, 0x0000000086300000| Untracked 
|  28|0x0000000086400000, 0x0000000086400000, 0x0000000086500000|  0%| F|  |TAMS 0x0000000086400000, 0x0000000086400000| Untracked 
|  29|0x0000000086500000, 0x0000000086500000, 0x0000000086600000|  0%| F|  |TAMS 0x0000000086500000, 0x0000000086500000| Untracked 
|  30|0x0000000086600000, 0x0000000086600000, 0x0000000086700000|  0%| F|  |TAMS 0x0000000086600000, 0x0000000086600000| Untracked 
|  31|0x0000000086700000, 0x0000000086700000, 0x0000000086800000|  0%| F|  |TAMS 0x0000000086700000, 0x0000000086700000| Untracked 
|  32|0x0000000086800000, 0x0000000086800000, 0x0000000086900000|  0%| F|  |TAMS 0x0000000086800000, 0x0000000086800000| Untracked 
|  33|0x0000000086900000, 0x0000000086900000, 0x0000000086a00000|  0%| F|  |TAMS 0x0000000086900000, 0x0000000086900000| Untracked 
|  34|0x0000000086a00000, 0x0000000086a00000, 0x0000000086b00000|  0%| F|  |TAMS 0x0000000086a00000, 0x0000000086a00000| Untracked 
|  35|0x0000000086b00000, 0x0000000086b00000, 0x0000000086c00000|  0%| F|  |TAMS 0x0000000086b00000, 0x0000000086b00000| Untracked 
|  36|0x0000000086c00000, 0x0000000086c00000, 0x0000000086d00000|  0%| F|  |TAMS 0x0000000086c00000, 0x0000000086c00000| Untracked 
|  37|0x0000000086d00000, 0x0000000086d00000, 0x0000000086e00000|  0%| F|  |TAMS 0x0000000086d00000, 0x0000000086d00000| Untracked 
|  38|0x0000000086e00000, 0x0000000086e00000, 0x0000000086f00000|  0%| F|  |TAMS 0x0000000086e00000, 0x0000000086e00000| Untracked 
|  39|0x0000000086f00000, 0x0000000086f00000, 0x0000000087000000|  0%| F|  |TAMS 0x0000000086f00000, 0x0000000086f00000| Untracked 
|  40|0x0000000087000000, 0x0000000087000000, 0x0000000087100000|  0%| F|  |TAMS 0x0000000087000000, 0x0000000087000000| Untracked 
|  41|0x0000000087100000, 0x0000000087100000, 0x0000000087200000|  0%| F|  |TAMS 0x0000000087100000, 0x0000000087100000| Untracked 
|  42|0x0000000087200000, 0x0000000087200000, 0x0000000087300000|  0%| F|  |TAMS 0x0000000087200000, 0x0000000087200000| Untracked 
|  43|0x0000000087300000, 0x0000000087300000, 0x0000000087400000|  0%| F|  |TAMS 0x0000000087300000, 0x0000000087300000| Untracked 
|  44|0x0000000087400000, 0x0000000087400000, 0x0000000087500000|  0%| F|  |TAMS 0x0000000087400000, 0x0000000087400000| Untracked 
|  45|0x0000000087500000, 0x0000000087500000, 0x0000000087600000|  0%| F|  |TAMS 0x0000000087500000, 0x0000000087500000| Untracked 
|  46|0x0000000087600000, 0x0000000087600000, 0x0000000087700000|  0%| F|  |TAMS 0x0000000087600000, 0x0000000087600000| Untracked 
|  47|0x0000000087700000, 0x0000000087700000, 0x0000000087800000|  0%| F|  |TAMS 0x0000000087700000, 0x0000000087700000| Untracked 
|  48|0x0000000087800000, 0x0000000087800000, 0x0000000087900000|  0%| F|  |TAMS 0x0000000087800000, 0x0000000087800000| Untracked 
|  49|0x0000000087900000, 0x0000000087900000, 0x0000000087a00000|  0%| F|  |TAMS 0x0000000087900000, 0x0000000087900000| Untracked 
|  50|0x0000000087a00000, 0x0000000087a00000, 0x0000000087b00000|  0%| F|  |TAMS 0x0000000087a00000, 0x0000000087a00000| Untracked 
|  51|0x0000000087b00000, 0x0000000087b00000, 0x0000000087c00000|  0%| F|  |TAMS 0x0000000087b00000, 0x0000000087b00000| Untracked 
|  52|0x0000000087c00000, 0x0000000087c00000, 0x0000000087d00000|  0%| F|  |TAMS 0x0000000087c00000, 0x0000000087c00000| Untracked 
|  53|0x0000000087d00000, 0x0000000087d00000, 0x0000000087e00000|  0%| F|  |TAMS 0x0000000087d00000, 0x0000000087d00000| Untracked 
|  54|0x0000000087e00000, 0x0000000087e00000, 0x0000000087f00000|  0%| F|  |TAMS 0x0000000087e00000, 0x0000000087e00000| Untracked 
|  55|0x0000000087f00000, 0x0000000087f00000, 0x0000000088000000|  0%| F|  |TAMS 0x0000000087f00000, 0x0000000087f00000| Untracked 
|  56|0x0000000088000000, 0x0000000088000000, 0x0000000088100000|  0%| F|  |TAMS 0x0000000088000000, 0x0000000088000000| Untracked 
|  57|0x0000000088100000, 0x0000000088100000, 0x0000000088200000|  0%| F|  |TAMS 0x0000000088100000, 0x0000000088100000| Untracked 
|  58|0x0000000088200000, 0x0000000088200000, 0x0000000088300000|  0%| F|  |TAMS 0x0000000088200000, 0x0000000088200000| Untracked 
|  59|0x0000000088300000, 0x0000000088300000, 0x0000000088400000|  0%| F|  |TAMS 0x0000000088300000, 0x0000000088300000| Untracked 
|  60|0x0000000088400000, 0x0000000088400000, 0x0000000088500000|  0%| F|  |TAMS 0x0000000088400000, 0x0000000088400000| Untracked 
|  61|0x0000000088500000, 0x0000000088500000, 0x0000000088600000|  0%| F|  |TAMS 0x0000000088500000, 0x0000000088500000| Untracked 
|  62|0x0000000088600000, 0x0000000088600000, 0x0000000088700000|  0%| F|  |TAMS 0x0000000088600000, 0x0000000088600000| Untracked 
|  63|0x0000000088700000, 0x0000000088700000, 0x0000000088800000|  0%| F|  |TAMS 0x0000000088700000, 0x0000000088700000| Untracked 
|  64|0x0000000088800000, 0x0000000088800000, 0x0000000088900000|  0%| F|  |TAMS 0x0000000088800000, 0x0000000088800000| Untracked 
|  65|0x0000000088900000, 0x0000000088900000, 0x0000000088a00000|  0%| F|  |TAMS 0x0000000088900000, 0x0000000088900000| Untracked 
|  66|0x0000000088a00000, 0x0000000088a00000, 0x0000000088b00000|  0%| F|  |TAMS 0x0000000088a00000, 0x0000000088a00000| Untracked 
|  67|0x0000000088b00000, 0x0000000088b00000, 0x0000000088c00000|  0%| F|  |TAMS 0x0000000088b00000, 0x0000000088b00000| Untracked 
|  68|0x0000000088c00000, 0x0000000088c00000, 0x0000000088d00000|  0%| F|  |TAMS 0x0000000088c00000, 0x0000000088c00000| Untracked 
|  69|0x0000000088d00000, 0x0000000088d00000, 0x0000000088e00000|  0%| F|  |TAMS 0x0000000088d00000, 0x0000000088d00000| Untracked 
|  70|0x0000000088e00000, 0x0000000088e00000, 0x0000000088f00000|  0%| F|  |TAMS 0x0000000088e00000, 0x0000000088e00000| Untracked 
|  71|0x0000000088f00000, 0x0000000088f00000, 0x0000000089000000|  0%| F|  |TAMS 0x0000000088f00000, 0x0000000088f00000| Untracked 
|  72|0x0000000089000000, 0x0000000089000000, 0x0000000089100000|  0%| F|  |TAMS 0x0000000089000000, 0x0000000089000000| Untracked 
|  73|0x0000000089100000, 0x0000000089100000, 0x0000000089200000|  0%| F|  |TAMS 0x0000000089100000, 0x0000000089100000| Untracked 
|  74|0x0000000089200000, 0x0000000089200000, 0x0000000089300000|  0%| F|  |TAMS 0x0000000089200000, 0x0000000089200000| Untracked 
|  75|0x0000000089300000, 0x0000000089300000, 0x0000000089400000|  0%| F|  |TAMS 0x0000000089300000, 0x0000000089300000| Untracked 
|  76|0x0000000089400000, 0x0000000089400000, 0x0000000089500000|  0%| F|  |TAMS 0x0000000089400000, 0x0000000089400000| Untracked 
|  77|0x0000000089500000, 0x0000000089500000, 0x0000000089600000|  0%| F|  |TAMS 0x0000000089500000, 0x0000000089500000| Untracked 
|  78|0x0000000089600000, 0x0000000089600000, 0x0000000089700000|  0%| F|  |TAMS 0x0000000089600000, 0x0000000089600000| Untracked 
|  79|0x0000000089700000, 0x0000000089700000, 0x0000000089800000|  0%| F|  |TAMS 0x0000000089700000, 0x0000000089700000| Untracked 
|  80|0x0000000089800000, 0x0000000089800000, 0x0000000089900000|  0%| F|  |TAMS 0x0000000089800000, 0x0000000089800000| Untracked 
|  81|0x0000000089900000, 0x0000000089900000, 0x0000000089a00000|  0%| F|  |TAMS 0x0000000089900000, 0x0000000089900000| Untracked 
|  82|0x0000000089a00000, 0x0000000089a00000, 0x0000000089b00000|  0%| F|  |TAMS 0x0000000089a00000, 0x0000000089a00000| Untracked 
|  83|0x0000000089b00000, 0x0000000089b00000, 0x0000000089c00000|  0%| F|  |TAMS 0x0000000089b00000, 0x0000000089b00000| Untracked 
|  84|0x0000000089c00000, 0x0000000089c00000, 0x0000000089d00000|  0%| F|  |TAMS 0x0000000089c00000, 0x0000000089c00000| Untracked 
|  85|0x0000000089d00000, 0x0000000089d00000, 0x0000000089e00000|  0%| F|  |TAMS 0x0000000089d00000, 0x0000000089d00000| Untracked 
|  86|0x0000000089e00000, 0x0000000089e00000, 0x0000000089f00000|  0%| F|  |TAMS 0x0000000089e00000, 0x0000000089e00000| Untracked 
|  87|0x0000000089f00000, 0x0000000089f00000, 0x000000008a000000|  0%| F|  |TAMS 0x0000000089f00000, 0x0000000089f00000| Untracked 
|  88|0x000000008a000000, 0x000000008a000000, 0x000000008a100000|  0%| F|  |TAMS 0x000000008a000000, 0x000000008a000000| Untracked 
|  89|0x000000008a100000, 0x000000008a100000, 0x000000008a200000|  0%| F|  |TAMS 0x000000008a100000, 0x000000008a100000| Untracked 
|  90|0x000000008a200000, 0x000000008a272590, 0x000000008a300000| 44%| S|CS|TAMS 0x000000008a200000, 0x000000008a200000| Complete 
|  91|0x000000008a300000, 0x000000008a400000, 0x000000008a400000|100%| S|CS|TAMS 0x000000008a300000, 0x000000008a300000| Complete 
|  92|0x000000008a400000, 0x000000008a500000, 0x000000008a500000|100%| E|  |TAMS 0x000000008a400000, 0x000000008a400000| Complete 
|  93|0x000000008a500000, 0x000000008a600000, 0x000000008a600000|100%| E|CS|TAMS 0x000000008a500000, 0x000000008a500000| Complete 
|  94|0x000000008a600000, 0x000000008a700000, 0x000000008a700000|100%| E|CS|TAMS 0x000000008a600000, 0x000000008a600000| Complete 
|  95|0x000000008a700000, 0x000000008a800000, 0x000000008a800000|100%| E|CS|TAMS 0x000000008a700000, 0x000000008a700000| Complete 
|  96|0x000000008a800000, 0x000000008a900000, 0x000000008a900000|100%| E|CS|TAMS 0x000000008a800000, 0x000000008a800000| Complete 
|  97|0x000000008a900000, 0x000000008aa00000, 0x000000008aa00000|100%| E|CS|TAMS 0x000000008a900000, 0x000000008a900000| Complete 
|  98|0x000000008aa00000, 0x000000008ab00000, 0x000000008ab00000|100%| E|CS|TAMS 0x000000008aa00000, 0x000000008aa00000| Complete 
|  99|0x000000008ab00000, 0x000000008ac00000, 0x000000008ac00000|100%| E|CS|TAMS 0x000000008ab00000, 0x000000008ab00000| Complete 
| 100|0x000000008ac00000, 0x000000008ad00000, 0x000000008ad00000|100%| E|CS|TAMS 0x000000008ac00000, 0x000000008ac00000| Complete 
| 101|0x000000008ad00000, 0x000000008ae00000, 0x000000008ae00000|100%| E|CS|TAMS 0x000000008ad00000, 0x000000008ad00000| Complete 
| 102|0x000000008ae00000, 0x000000008af00000, 0x000000008af00000|100%| E|CS|TAMS 0x000000008ae00000, 0x000000008ae00000| Complete 
| 103|0x000000008af00000, 0x000000008b000000, 0x000000008b000000|100%| E|CS|TAMS 0x000000008af00000, 0x000000008af00000| Complete 
| 104|0x000000008b000000, 0x000000008b100000, 0x000000008b100000|100%| E|CS|TAMS 0x000000008b000000, 0x000000008b000000| Complete 
| 105|0x000000008b100000, 0x000000008b200000, 0x000000008b200000|100%| E|CS|TAMS 0x000000008b100000, 0x000000008b100000| Complete 
| 106|0x000000008b200000, 0x000000008b300000, 0x000000008b300000|100%| E|CS|TAMS 0x000000008b200000, 0x000000008b200000| Complete 
| 107|0x000000008b300000, 0x000000008b400000, 0x000000008b400000|100%| E|CS|TAMS 0x000000008b300000, 0x000000008b300000| Complete 
| 108|0x000000008b400000, 0x000000008b500000, 0x000000008b500000|100%| E|CS|TAMS 0x000000008b400000, 0x000000008b400000| Complete 
| 109|0x000000008b500000, 0x000000008b600000, 0x000000008b600000|100%| E|CS|TAMS 0x000000008b500000, 0x000000008b500000| Complete 
| 110|0x000000008b600000, 0x000000008b700000, 0x000000008b700000|100%| E|CS|TAMS 0x000000008b600000, 0x000000008b600000| Complete 
| 111|0x000000008b700000, 0x000000008b800000, 0x000000008b800000|100%| E|CS|TAMS 0x000000008b700000, 0x000000008b700000| Complete 
| 112|0x000000008b800000, 0x000000008b900000, 0x000000008b900000|100%| E|CS|TAMS 0x000000008b800000, 0x000000008b800000| Complete 
| 113|0x000000008b900000, 0x000000008ba00000, 0x000000008ba00000|100%| E|CS|TAMS 0x000000008b900000, 0x000000008b900000| Complete 
| 114|0x000000008ba00000, 0x000000008bb00000, 0x000000008bb00000|100%| E|CS|TAMS 0x000000008ba00000, 0x000000008ba00000| Complete 
| 115|0x000000008bb00000, 0x000000008bc00000, 0x000000008bc00000|100%| E|CS|TAMS 0x000000008bb00000, 0x000000008bb00000| Complete 
| 116|0x000000008bc00000, 0x000000008bd00000, 0x000000008bd00000|100%| E|CS|TAMS 0x000000008bc00000, 0x000000008bc00000| Complete 
| 117|0x000000008bd00000, 0x000000008be00000, 0x000000008be00000|100%| E|CS|TAMS 0x000000008bd00000, 0x000000008bd00000| Complete 
| 118|0x000000008be00000, 0x000000008bf00000, 0x000000008bf00000|100%| E|CS|TAMS 0x000000008be00000, 0x000000008be00000| Complete 
| 119|0x000000008bf00000, 0x000000008c000000, 0x000000008c000000|100%| E|CS|TAMS 0x000000008bf00000, 0x000000008bf00000| Complete 
| 120|0x000000008c000000, 0x000000008c100000, 0x000000008c100000|100%| E|CS|TAMS 0x000000008c000000, 0x000000008c000000| Complete 
| 121|0x000000008c100000, 0x000000008c200000, 0x000000008c200000|100%| E|CS|TAMS 0x000000008c100000, 0x000000008c100000| Complete 
| 122|0x000000008c200000, 0x000000008c300000, 0x000000008c300000|100%| E|CS|TAMS 0x000000008c200000, 0x000000008c200000| Complete 
| 123|0x000000008c300000, 0x000000008c400000, 0x000000008c400000|100%| E|CS|TAMS 0x000000008c300000, 0x000000008c300000| Complete 

Card table byte_map: [0x000002de282c0000,0x000002de286a0000] _byte_map_base: 0x000002de27e9c000

Marking Bits (Prev, Next): (CMBitMap*) 0x000002de110beef0, (CMBitMap*) 0x000002de110bef30
 Prev Bits: [0x000002de28a80000, 0x000002de2a960000)
 Next Bits: [0x000002de2a960000, 0x000002de2c840000)

Polling page: 0x000002de0ef40000

Metaspace:

Usage:
  Non-class:     12.30 MB used.
      Class:      1.73 MB used.
       Both:     14.03 MB used.

Virtual space:
  Non-class space:       64.00 MB reserved,      12.44 MB ( 19%) committed,  1 nodes.
      Class space:        1.00 GB reserved,       1.81 MB ( <1%) committed,  1 nodes.
             Both:        1.06 GB reserved,      14.25 MB (  1%) committed. 

Chunk freelists:
   Non-Class:  2.72 MB
       Class:  14.03 MB
        Both:  16.75 MB

MaxMetaspaceSize: unlimited
CompressedClassSpaceSize: 1.00 GB
Initial GC threshold: 21.00 MB
Current GC threshold: 21.00 MB
CDS: on
MetaspaceReclaimPolicy: balanced
 - commit_granule_bytes: 65536.
 - commit_granule_words: 8192.
 - virtual_space_node_default_size: 8388608.
 - enlarge_chunks_in_place: 1.
 - new_chunks_are_fully_committed: 0.
 - uncommit_free_chunks: 1.
 - use_allocation_guard: 0.
 - handle_deallocations: 1.


Internal statistics:

num_allocs_failed_limit: 0.
num_arena_births: 92.
num_arena_deaths: 0.
num_vsnodes_births: 2.
num_vsnodes_deaths: 0.
num_space_committed: 228.
num_space_uncommitted: 0.
num_chunks_returned_to_freelist: 0.
num_chunks_taken_from_freelist: 612.
num_chunk_merges: 0.
num_chunk_splits: 409.
num_chunks_enlarged: 321.
num_inconsistent_stats: 0.

CodeHeap 'non-profiled nmethods': size=120000Kb used=1143Kb max_used=1143Kb free=118856Kb
 bounds [0x000002de20680000, 0x000002de208f0000, 0x000002de27bb0000]
CodeHeap 'profiled nmethods': size=120000Kb used=5469Kb max_used=5469Kb free=114530Kb
 bounds [0x000002de18bb0000, 0x000002de19110000, 0x000002de200e0000]
CodeHeap 'non-nmethods': size=5760Kb used=1189Kb max_used=1228Kb free=4570Kb
 bounds [0x000002de200e0000, 0x000002de20350000, 0x000002de20680000]
 total_blobs=3194 nmethods=2726 adapters=380
 compilation: enabled
              stopped_count=0, restarted_count=0
 full_count=0

Compilation events (20 events):
Event: 2.197 Thread 0x000002de2f1888d0 2635       3       java.util.Hashtable$Entry::<init> (26 bytes)
Event: 2.197 Thread 0x000002de2f1888d0 nmethod 2635 0x000002de190cb110 code [0x000002de190cb2c0, 0x000002de190cb538]
Event: 2.198 Thread 0x000002de2f1888d0 2637       1       org.apache.maven.model.Plugin::setVersion (6 bytes)
Event: 2.198 Thread 0x000002de2f1888d0 nmethod 2637 0x000002de2079b210 code [0x000002de2079b3a0, 0x000002de2079b4b8]
Event: 2.201 Thread 0x000002de2f1888d0 2641       1       com.google.inject.internal.InternalContext::getDependency (5 bytes)
Event: 2.201 Thread 0x000002de2f1888d0 nmethod 2641 0x000002de2079b510 code [0x000002de2079b6a0, 0x000002de2079b778]
Event: 2.201 Thread 0x000002de2f1888d0 2642       2       java.lang.Character::toLowerCase (9 bytes)
Event: 2.202 Thread 0x000002de2f1888d0 nmethod 2642 0x000002de190cb610 code [0x000002de190cb7c0, 0x000002de190cb8f8]
Event: 2.202 Thread 0x000002de2f1888d0 2643       3       org.eclipse.sisu.bean.BeanPropertyField::getAnnotation (9 bytes)
Event: 2.202 Thread 0x000002de2f1888d0 nmethod 2643 0x000002de190cb990 code [0x000002de190cbbc0, 0x000002de190cc2c8]
Event: 2.202 Thread 0x000002de2f1888d0 2644       3       java.util.TreeMap::rotateLeft (96 bytes)
Event: 2.203 Thread 0x000002de2f1888d0 nmethod 2644 0x000002de190cc510 code [0x000002de190cc6e0, 0x000002de190ccbf8]
Event: 2.203 Thread 0x000002de2f1888d0 2645       3       java.lang.NamedPackage::<init> (59 bytes)
Event: 2.204 Thread 0x000002de2f1888d0 nmethod 2645 0x000002de190ccd10 code [0x000002de190ccfa0, 0x000002de190cda78]
Event: 2.207 Thread 0x000002de2f1888d0 2646       3       com.google.inject.internal.BindingImpl::getProvider (44 bytes)
Event: 2.208 Thread 0x000002de2f1888d0 nmethod 2646 0x000002de190cde90 code [0x000002de190ce060, 0x000002de190ce378]
Event: 2.208 Thread 0x000002de2f1888d0 2647       3       com.google.inject.internal.Scoping$4::acceptVisitor (10 bytes)
Event: 2.208 Thread 0x000002de2f1888d0 nmethod 2647 0x000002de190ce490 code [0x000002de190ce640, 0x000002de190ce828]
Event: 2.208 Thread 0x000002de2f1888d0 2648       3       com.google.inject.internal.aop.ClassBuilding::visitFastMethods (65 bytes)
Event: 2.208 Thread 0x000002de2f1888d0 nmethod 2648 0x000002de190ce910 code [0x000002de190ceae0, 0x000002de190cee78]

GC Heap History (4 events):
Event: 0.778 GC heap before
{Heap before GC invocations=0 (full 0):
 garbage-first heap   total 126976K, used 22528K [0x0000000084800000, 0x0000000100000000)
  region size 1024K, 23 young (23552K), 0 survivors (0K)
 Metaspace       used 5409K, committed 5632K, reserved 1114112K
  class space    used 650K, committed 768K, reserved 1048576K
}
Event: 0.785 GC heap after
{Heap after GC invocations=1 (full 0):
 garbage-first heap   total 126976K, used 3956K [0x0000000084800000, 0x0000000100000000)
  region size 1024K, 3 young (3072K), 3 survivors (3072K)
 Metaspace       used 5409K, committed 5632K, reserved 1114112K
  class space    used 650K, committed 768K, reserved 1048576K
}
Event: 1.367 GC heap before
{Heap before GC invocations=1 (full 0):
 garbage-first heap   total 126976K, used 33652K [0x0000000084800000, 0x0000000100000000)
  region size 1024K, 32 young (32768K), 3 survivors (3072K)
 Metaspace       used 8743K, committed 8960K, reserved 1114112K
  class space    used 1059K, committed 1152K, reserved 1048576K
}
Event: 1.374 GC heap after
{Heap after GC invocations=2 (full 0):
 garbage-first heap   total 126976K, used 5306K [0x0000000084800000, 0x0000000100000000)
  region size 1024K, 2 young (2048K), 2 survivors (2048K)
 Metaspace       used 8743K, committed 8960K, reserved 1114112K
  class space    used 1059K, committed 1152K, reserved 1048576K
}

Dll operation events (8 events):
Event: 0.011 Loaded shared library C:\Program Files\Eclipse Adoptium\jdk-17.0.17.10-hotspot\bin\java.dll
Event: 0.029 Loaded shared library C:\Program Files\Eclipse Adoptium\jdk-17.0.17.10-hotspot\bin\jsvml.dll
Event: 0.065 Loaded shared library C:\Program Files\Eclipse Adoptium\jdk-17.0.17.10-hotspot\bin\net.dll
Event: 0.068 Loaded shared library C:\Program Files\Eclipse Adoptium\jdk-17.0.17.10-hotspot\bin\nio.dll
Event: 0.072 Loaded shared library C:\Program Files\Eclipse Adoptium\jdk-17.0.17.10-hotspot\bin\zip.dll
Event: 0.244 Loaded shared library C:\Program Files\Eclipse Adoptium\jdk-17.0.17.10-hotspot\bin\jimage.dll
Event: 0.246 Loaded shared library C:\Users\user\.m2\wrapper\dists\apache-maven-3.9.12\59fe215c0ad6947fea90184bf7add084544567b927287592651fda3782e0e798\lib\jansi-native\Windows\x86_64\jansi.dll
Event: 0.264 Loaded shared library C:\Program Files\Eclipse Adoptium\jdk-17.0.17.10-hotspot\bin\verify.dll

Deoptimization events (20 events):
Event: 2.170 Thread 0x000002de11064a40 Uncommon trap: trap_request=0xffffff45 fr.pc=0x000002de206d95c8 relative=0x00000000000000a8
Event: 2.170 Thread 0x000002de11064a40 Uncommon trap: reason=unstable_if action=reinterpret pc=0x000002de206d95c8 method=java.nio.Buffer.limit(I)Ljava/nio/Buffer; @ 42 c2
Event: 2.170 Thread 0x000002de11064a40 DEOPT PACKING pc=0x000002de206d95c8 sp=0x000000e7358fcf30
Event: 2.170 Thread 0x000002de11064a40 DEOPT UNPACKING pc=0x000002de2013a1a3 sp=0x000000e7358fceb8 mode 2
Event: 2.170 Thread 0x000002de11064a40 Uncommon trap: trap_request=0xffffffc6 fr.pc=0x000002de206da3f8 relative=0x0000000000000338
Event: 2.170 Thread 0x000002de11064a40 Uncommon trap: reason=bimorphic_or_optimized_type_check action=maybe_recompile pc=0x000002de206da3f8 method=java.nio.Buffer.<init>(IIIILjdk/internal/access/foreign/MemorySegmentProxy;)V @ 39 c2
Event: 2.170 Thread 0x000002de11064a40 DEOPT PACKING pc=0x000002de206da3f8 sp=0x000000e7358fcbf0
Event: 2.170 Thread 0x000002de11064a40 DEOPT UNPACKING pc=0x000002de2013a1a3 sp=0x000000e7358fcb98 mode 2
Event: 2.184 Thread 0x000002de11064a40 Uncommon trap: trap_request=0xffffff45 fr.pc=0x000002de2074e0e4 relative=0x00000000000002c4
Event: 2.184 Thread 0x000002de11064a40 Uncommon trap: reason=unstable_if action=reinterpret pc=0x000002de2074e0e4 method=java.lang.String.indexOf([BBILjava/lang/String;I)I @ 21 c2
Event: 2.184 Thread 0x000002de11064a40 DEOPT PACKING pc=0x000002de2074e0e4 sp=0x000000e7358fde30
Event: 2.184 Thread 0x000002de11064a40 DEOPT UNPACKING pc=0x000002de2013a1a3 sp=0x000000e7358fdd40 mode 2
Event: 2.184 Thread 0x000002de11064a40 Uncommon trap: trap_request=0xffffff45 fr.pc=0x000002de2074d9ac relative=0x000000000000028c
Event: 2.184 Thread 0x000002de11064a40 Uncommon trap: reason=unstable_if action=reinterpret pc=0x000002de2074d9ac method=java.lang.String.indexOf([BBILjava/lang/String;I)I @ 21 c2
Event: 2.184 Thread 0x000002de11064a40 DEOPT PACKING pc=0x000002de2074d9ac sp=0x000000e7358fddb0
Event: 2.184 Thread 0x000002de11064a40 DEOPT UNPACKING pc=0x000002de2013a1a3 sp=0x000000e7358fdd40 mode 2
Event: 2.202 Thread 0x000002de11064a40 Uncommon trap: trap_request=0xffffffbe fr.pc=0x000002de20789274 relative=0x00000000000002d4
Event: 2.202 Thread 0x000002de11064a40 Uncommon trap: reason=profile_predicate action=maybe_recompile pc=0x000002de20789274 method=com.google.inject.internal.aop.ImmutableStringTrie.nextPivotColumn([Ljava/lang/String;III)I @ 21 c2
Event: 2.203 Thread 0x000002de11064a40 DEOPT PACKING pc=0x000002de20789274 sp=0x000000e7358fbfc0
Event: 2.203 Thread 0x000002de11064a40 DEOPT UNPACKING pc=0x000002de2013a1a3 sp=0x000000e7358fbf50 mode 2

Classes loaded (20 events):
Event: 2.108 Loading class sun/nio/ch/FileLockTable$FileLockReference
Event: 2.108 Loading class sun/nio/ch/FileLockTable$FileLockReference done
Event: 2.108 Loading class java/nio/channels/spi/AbstractInterruptibleChannel$1
Event: 2.108 Loading class sun/nio/ch/Interruptible
Event: 2.108 Loading class sun/nio/ch/Interruptible done
Event: 2.108 Loading class java/nio/channels/spi/AbstractInterruptibleChannel$1 done
Event: 2.109 Loading class java/util/AbstractMap$2
Event: 2.110 Loading class java/util/AbstractMap$2 done
Event: 2.110 Loading class java/util/AbstractMap$2$1
Event: 2.110 Loading class java/util/AbstractMap$2$1 done
Event: 2.125 Loading class java/lang/invoke/MethodHandle$1
Event: 2.125 Loading class java/lang/invoke/MethodHandle$1 done
Event: 2.168 Loading class sun/util/resources/LocaleData$CommonResourceBundleProvider
Event: 2.168 Loading class sun/util/resources/LocaleData$LocaleDataResourceBundleProvider
Event: 2.168 Loading class java/util/spi/ResourceBundleProvider
Event: 2.169 Loading class java/util/spi/ResourceBundleProvider done
Event: 2.169 Loading class sun/util/resources/LocaleData$LocaleDataResourceBundleProvider done
Event: 2.169 Loading class sun/util/resources/LocaleData$CommonResourceBundleProvider done
Event: 2.169 Loading class sun/util/resources/Bundles$2
Event: 2.169 Loading class sun/util/resources/Bundles$2 done

Classes unloaded (0 events):
No events

Classes redefined (0 events):
No events

Internal exceptions (20 events):
Event: 0.289 Thread 0x000002de11064a40 Exception <a 'java/lang/NoSuchMethodError'{0x000000008bde5588}: 'void java.lang.invoke.DirectMethodHandle$Holder.invokeStatic(java.lang.Object, java.lang.Object, java.lang.Object)'> (0x000000008bde5588) 
thrown [s\src\hotspot\share\interpreter\linkResolver.cpp, line 759]
Event: 0.349 Thread 0x000002de11064a40 Exception <a 'java/lang/NoSuchMethodError'{0x000000008bb99b78}: 'java.lang.Object java.lang.invoke.DirectMethodHandle$Holder.invokeSpecialIFC(java.lang.Object, java.lang.Object, java.lang.Object, java.lang.Object)'> (0x000000008bb99b78) 
thrown [s\src\hotspot\share\interpreter\linkResolver.cpp, line 759]
Event: 0.533 Thread 0x000002de11064a40 Exception <a 'java/lang/NoSuchMethodError'{0x000000008b5ceb30}: 'void java.lang.invoke.DirectMethodHandle$Holder.invokeSpecial(java.lang.Object, java.lang.Object, java.lang.Object)'> (0x000000008b5ceb30) 
thrown [s\src\hotspot\share\interpreter\linkResolver.cpp, line 759]
Event: 0.586 Thread 0x000002de11064a40 Exception <a 'java/lang/NoSuchMethodError'{0x000000008b347ad0}: 'java.lang.Object java.lang.invoke.DirectMethodHandle$Holder.invokeInterface(java.lang.Object, java.lang.Object)'> (0x000000008b347ad0) 
thrown [s\src\hotspot\share\interpreter\linkResolver.cpp, line 759]
Event: 0.618 Thread 0x000002de11064a40 Exception <a 'java/lang/NoSuchMethodError'{0x000000008b3fe970}: 'java.lang.Object java.lang.invoke.Invokers$Holder.invokeExact_MT(java.lang.Object, java.lang.Object, java.lang.Object, java.lang.Object, java.lang.Object, java.lang.Object)'> (0x000000008b3fe970) 
thrown [s\src\hotspot\share\interpreter\linkResolver.cpp, line 759]
Event: 0.621 Thread 0x000002de11064a40 Exception <a 'java/lang/NoSuchMethodError'{0x000000008b210040}: 'int java.lang.invoke.DirectMethodHandle$Holder.invokeSpecialIFC(java.lang.Object, java.lang.Object, java.lang.Object, java.lang.Object, java.lang.Object)'> (0x000000008b210040) 
thrown [s\src\hotspot\share\interpreter\linkResolver.cpp, line 759]
Event: 0.701 Thread 0x000002de11064a40 Exception <a 'java/lang/NoSuchMethodError'{0x000000008b1d8750}: 'java.lang.Object java.lang.invoke.DirectMethodHandle$Holder.newInvokeSpecial(java.lang.Object, java.lang.Object, java.lang.Object, java.lang.Object, java.lang.Object)'> (0x000000008b1d8750) 
thrown [s\src\hotspot\share\interpreter\linkResolver.cpp, line 759]
Event: 0.728 Thread 0x000002de11064a40 Exception <a 'java/lang/NoSuchMethodError'{0x000000008af09b70}: 'int java.lang.invoke.DirectMethodHandle$Holder.invokeStaticInit(java.lang.Object, java.lang.Object)'> (0x000000008af09b70) 
thrown [s\src\hotspot\share\interpreter\linkResolver.cpp, line 759]
Event: 0.734 Thread 0x000002de11064a40 Exception <a 'java/lang/NoClassDefFoundError'{0x000000008af44d80}: javax/enterprise/inject/Typed> (0x000000008af44d80) 
thrown [s\src\hotspot\share\classfile\systemDictionary.cpp, line 245]
Event: 1.565 Thread 0x000002de11064a40 Exception <a 'java/lang/NoSuchMethodError'{0x000000008baa6400}: 'void java.lang.invoke.DirectMethodHandle$Holder.invokeStaticInit(java.lang.Object, java.lang.Object, java.lang.Object)'> (0x000000008baa6400) 
thrown [s\src\hotspot\share\interpreter\linkResolver.cpp, line 759]
Event: 1.585 Thread 0x000002de11064a40 Implicit null exception at 0x000002de20707e30 to 0x000002de20707fe0
Event: 1.589 Thread 0x000002de11064a40 Exception <a 'java/lang/NoSuchMethodError'{0x000000008b9224b8}: 'java.lang.Object java.lang.invoke.Invokers$Holder.invokeExact_MT(java.lang.Object, int, java.lang.Object)'> (0x000000008b9224b8) 
thrown [s\src\hotspot\share\interpreter\linkResolver.cpp, line 759]
Event: 1.609 Thread 0x000002de11064a40 Exception <a 'java/lang/NoSuchMethodError'{0x000000008b9b2070}: 'int java.lang.invoke.DirectMethodHandle$Holder.invokeSpecial(java.lang.Object, java.lang.Object, java.lang.Object, java.lang.Object)'> (0x000000008b9b2070) 
thrown [s\src\hotspot\share\interpreter\linkResolver.cpp, line 759]
Event: 1.896 Thread 0x000002de11064a40 Exception <a 'java/lang/NoClassDefFoundError'{0x000000008b04ab70}: com/google/inject/servlet/ServletModuleTargetVisitor> (0x000000008b04ab70) 
thrown [s\src\hotspot\share\classfile\systemDictionary.cpp, line 245]
Event: 1.998 Thread 0x000002de11064a40 Exception <a 'java/lang/NoSuchMethodError'{0x000000008ae80950}: 'java.lang.Object java.lang.invoke.DirectMethodHandle$Holder.invokeStaticInit(java.lang.Object, int, int, int, int)'> (0x000000008ae80950) 
thrown [s\src\hotspot\share\interpreter\linkResolver.cpp, line 759]
Event: 2.074 Thread 0x000002de11064a40 Implicit null exception at 0x000002de206a9f72 to 0x000002de206aa5b0
Event: 2.074 Thread 0x000002de11064a40 Implicit null exception at 0x000002de206ac0f2 to 0x000002de206ac748
Event: 2.122 Thread 0x000002de11064a40 Exception <a 'java/lang/NoSuchMethodError'{0x000000008a9b0300}: 'void java.lang.invoke.DirectMethodHandle$Holder.invokeSpecial(java.lang.Object, java.lang.Object, java.lang.Object, java.lang.Object, java.lang.Object)'> (0x000000008a9b0300) 
thrown [s\src\hotspot\share\interpreter\linkResolver.cpp, line 759]
Event: 2.125 Thread 0x000002de11064a40 Exception <a 'java/lang/NoSuchMethodError'{0x000000008a9c9400}: 'void java.lang.invoke.DirectMethodHandle$Holder.invokeSpecial(java.lang.Object, java.lang.Object, java.lang.Object, java.lang.Object, java.lang.Object, java.lang.Object)'> (0x000000008a9c9400) 
thrown [s\src\hotspot\share\interpreter\linkResolver.cpp, line 759]
Event: 2.148 Thread 0x000002de11064a40 Exception <a 'java/lang/NoSuchMethodError'{0x000000008a8c8318}: 'java.lang.Object java.lang.invoke.DirectMethodHandle$Holder.invokeVirtual(java.lang.Object, java.lang.Object, java.lang.Object)'> (0x000000008a8c8318) 
thrown [s\src\hotspot\share\interpreter\linkResolver.cpp, line 759]

VM Operations (20 events):
Event: 1.570 Executing VM operation: HandshakeAllThreads
Event: 1.570 Executing VM operation: HandshakeAllThreads done
Event: 1.631 Executing VM operation: HandshakeAllThreads
Event: 1.631 Executing VM operation: HandshakeAllThreads done
Event: 1.633 Executing VM operation: HandshakeAllThreads
Event: 1.633 Executing VM operation: HandshakeAllThreads done
Event: 1.704 Executing VM operation: HandshakeAllThreads
Event: 1.704 Executing VM operation: HandshakeAllThreads done
Event: 1.818 Executing VM operation: ICBufferFull
Event: 1.818 Executing VM operation: ICBufferFull done
Event: 1.881 Executing VM operation: HandshakeAllThreads
Event: 1.881 Executing VM operation: HandshakeAllThreads done
Event: 1.954 Executing VM operation: HandshakeAllThreads
Event: 1.954 Executing VM operation: HandshakeAllThreads done
Event: 1.983 Executing VM operation: HandshakeAllThreads
Event: 1.983 Executing VM operation: HandshakeAllThreads done
Event: 2.048 Executing VM operation: HandshakeAllThreads
Event: 2.048 Executing VM operation: HandshakeAllThreads done
Event: 2.049 Executing VM operation: HandshakeAllThreads
Event: 2.049 Executing VM operation: HandshakeAllThreads done

Memory protections (0 events):
No events

Nmethod flushes (0 events):
No events

Events (19 events):
Event: 0.030 Thread 0x000002de11064a40 Thread added: 0x000002de11064a40
Event: 0.032 Thread 0x000002de11064a40 Thread added: 0x000002de2f16af50
Event: 0.032 Thread 0x000002de11064a40 Thread added: 0x000002de2f16d920
Event: 0.046 Thread 0x000002de11064a40 Thread added: 0x000002de2f17e3d0
Event: 0.046 Thread 0x000002de11064a40 Thread added: 0x000002de2f180db0
Event: 0.046 Thread 0x000002de11064a40 Thread added: 0x000002de2f181770
Event: 0.046 Thread 0x000002de11064a40 Thread added: 0x000002de2f1828d0
Event: 0.046 Thread 0x000002de11064a40 Thread added: 0x000002de2f183e10
Event: 0.046 Thread 0x000002de11064a40 Thread added: 0x000002de2f1888d0
Event: 0.046 Thread 0x000002de11064a40 Thread added: 0x000002de2f19a760
Event: 0.058 Thread 0x000002de11064a40 Thread added: 0x000002de2f3d9050
Event: 0.060 Thread 0x000002de11064a40 Thread added: 0x000002de2f3da600
Event: 0.242 Thread 0x000002de11064a40 Thread added: 0x000002de2f67d520
Event: 0.252 Thread 0x000002de2f67d520 Thread exited: 0x000002de2f67d520
Event: 0.323 Thread 0x000002de2f1888d0 Thread added: 0x000002de2f6a4df0
Event: 0.765 Thread 0x000002de2f1888d0 Thread added: 0x000002de2fd51a90
Event: 2.025 Thread 0x000002de11064a40 Thread added: 0x000002de7522b440
Event: 2.117 Thread 0x000002de2fd51a90 Thread exited: 0x000002de2fd51a90
Event: 2.187 Thread 0x000002de2f1888d0 Thread added: 0x000002de75986a20


Dynamic libraries:
0x00007ff76a860000 - 0x00007ff76a86e000 	C:\Program Files\Eclipse Adoptium\jdk-17.0.17.10-hotspot\bin\java.exe
0x00007fff2e910000 - 0x00007fff2eb28000 	C:\WINDOWS\SYSTEM32\ntdll.dll
0x00007fff2dfd0000 - 0x00007fff2e094000 	C:\WINDOWS\System32\KERNEL32.DLL
0x00007fff2bd30000 - 0x00007fff2c103000 	C:\WINDOWS\System32\KERNELBASE.dll
0x00007fff2bb90000 - 0x00007fff2bca1000 	C:\WINDOWS\System32\ucrtbase.dll
0x00007fff0f8a0000 - 0x00007fff0f8b8000 	C:\Program Files\Eclipse Adoptium\jdk-17.0.17.10-hotspot\bin\jli.dll
0x00007fff2da40000 - 0x00007fff2dbf2000 	C:\WINDOWS\System32\USER32.dll
0x00007fff2c4e0000 - 0x00007fff2c506000 	C:\WINDOWS\System32\win32u.dll
0x00007fff2cfc0000 - 0x00007fff2cfe9000 	C:\WINDOWS\System32\GDI32.dll
0x00007fff2c110000 - 0x00007fff2c22b000 	C:\WINDOWS\System32\gdi32full.dll
0x00007fff2c510000 - 0x00007fff2c5aa000 	C:\WINDOWS\System32\msvcp_win.dll
0x00007fff0eac0000 - 0x00007fff0eade000 	C:\Program Files\Eclipse Adoptium\jdk-17.0.17.10-hotspot\bin\VCRUNTIME140.dll
0x00007fff18890000 - 0x00007fff18b2c000 	C:\WINDOWS\WinSxS\amd64_microsoft.windows.common-controls_6595b64144ccf1df_6.0.22621.6060_none_2712eda17382d24b\COMCTL32.dll
0x00007fff2e0a0000 - 0x00007fff2e147000 	C:\WINDOWS\System32\msvcrt.dll
0x00007fff2c630000 - 0x00007fff2c661000 	C:\WINDOWS\System32\IMM32.DLL
0x000000006d3d0000 - 0x000000006d3dc000 	C:\Program Files (x86)\360\Total Security\safemon\SafeWrapper.dll
0x00007fff2cce0000 - 0x00007fff2cd91000 	C:\WINDOWS\System32\ADVAPI32.dll
0x00007fff2e1b0000 - 0x00007fff2e258000 	C:\WINDOWS\System32\sechost.dll
0x00007fff2ba20000 - 0x00007fff2ba48000 	C:\WINDOWS\System32\bcrypt.dll
0x00007fff2de20000 - 0x00007fff2df38000 	C:\WINDOWS\System32\RPCRT4.dll
0x00007ffefe8b0000 - 0x00007ffefe95c000 	C:\Program Files (x86)\360\Total Security\safemon\libzdtp64.dll
0x00007fff2cff0000 - 0x00007fff2d88c000 	C:\WINDOWS\System32\SHELL32.dll
0x00007fff2c3a0000 - 0x00007fff2c4df000 	C:\WINDOWS\System32\wintypes.dll
0x00007fff2e400000 - 0x00007fff2e791000 	C:\WINDOWS\System32\combase.dll
0x00007fff2cdb0000 - 0x00007fff2ce19000 	C:\WINDOWS\System32\SHLWAPI.dll
0x00007fff2b460000 - 0x00007fff2b46a000 	C:\WINDOWS\SYSTEM32\VERSION.dll
0x00007fff26dc0000 - 0x00007fff26dcc000 	C:\Program Files\Eclipse Adoptium\jdk-17.0.17.10-hotspot\bin\vcruntime140_1.dll
0x00007ffeec840000 - 0x00007ffeec8cd000 	C:\Program Files\Eclipse Adoptium\jdk-17.0.17.10-hotspot\bin\msvcp140.dll
0x00007ffe6c2d0000 - 0x00007ffe6cf3b000 	C:\Program Files\Eclipse Adoptium\jdk-17.0.17.10-hotspot\bin\server\jvm.dll
0x00007fff2df50000 - 0x00007fff2dfc1000 	C:\WINDOWS\System32\WS2_32.dll
0x00007fff2b7f0000 - 0x00007fff2b83d000 	C:\WINDOWS\SYSTEM32\POWRPROF.dll
0x00007fff24890000 - 0x00007fff248c4000 	C:\WINDOWS\SYSTEM32\WINMM.dll
0x00007fff2b6d0000 - 0x00007fff2b6e3000 	C:\WINDOWS\SYSTEM32\UMPDC.dll
0x00007fff2a990000 - 0x00007fff2a9a8000 	C:\WINDOWS\SYSTEM32\kernel.appcore.dll
0x00007fff26cf0000 - 0x00007fff26cfa000 	C:\Program Files\Eclipse Adoptium\jdk-17.0.17.10-hotspot\bin\jimage.dll
0x00007fff29210000 - 0x00007fff29443000 	C:\WINDOWS\SYSTEM32\DBGHELP.DLL
0x00007fff2e270000 - 0x00007fff2e348000 	C:\WINDOWS\System32\OLEAUT32.dll
0x00007fff291d0000 - 0x00007fff29202000 	C:\WINDOWS\SYSTEM32\dbgcore.DLL
0x00007fff2bb10000 - 0x00007fff2bb8b000 	C:\WINDOWS\System32\bcryptPrimitives.dll
0x00007fff047f0000 - 0x00007fff04815000 	C:\Program Files\Eclipse Adoptium\jdk-17.0.17.10-hotspot\bin\java.dll
0x00007ffed42f0000 - 0x00007ffed43c7000 	C:\Program Files\Eclipse Adoptium\jdk-17.0.17.10-hotspot\bin\jsvml.dll
0x00007fff298b0000 - 0x00007fff2a1ca000 	C:\WINDOWS\SYSTEM32\windows.storage.dll
0x00007fff2ce90000 - 0x00007fff2cf94000 	C:\WINDOWS\System32\SHCORE.dll
0x00007fff2b950000 - 0x00007fff2b975000 	C:\WINDOWS\SYSTEM32\profapi.dll
0x00007fff0e9d0000 - 0x00007fff0e9ea000 	C:\Program Files\Eclipse Adoptium\jdk-17.0.17.10-hotspot\bin\net.dll
0x00007fff28f80000 - 0x00007fff290ac000 	C:\WINDOWS\SYSTEM32\WINHTTP.dll
0x00007fff2ae70000 - 0x00007fff2aed9000 	C:\WINDOWS\system32\mswsock.dll
0x00007fff06590000 - 0x00007fff065a6000 	C:\Program Files\Eclipse Adoptium\jdk-17.0.17.10-hotspot\bin\nio.dll
0x00007fff036c0000 - 0x00007fff036d8000 	C:\Program Files\Eclipse Adoptium\jdk-17.0.17.10-hotspot\bin\zip.dll
0x00007fff02f00000 - 0x00007fff02f24000 	C:\Users\user\.m2\wrapper\dists\apache-maven-3.9.12\59fe215c0ad6947fea90184bf7add084544567b927287592651fda3782e0e798\lib\jansi-native\Windows\x86_64\jansi.dll
0x00007fff24360000 - 0x00007fff24370000 	C:\Program Files\Eclipse Adoptium\jdk-17.0.17.10-hotspot\bin\verify.dll

dbghelp: loaded successfully - version: 4.0.5 - missing functions: none
symbol engine: initialized successfully - sym options: 0x614 - pdb path: .;C:\Program Files\Eclipse Adoptium\jdk-17.0.17.10-hotspot\bin;C:\WINDOWS\SYSTEM32;C:\WINDOWS\WinSxS\amd64_microsoft.windows.common-controls_6595b64144ccf1df_6.0.22621.6060_none_2712eda17382d24b;C:\Program Files (x86)\360\Total Security\safemon;C:\Program Files\Eclipse Adoptium\jdk-17.0.17.10-hotspot\bin\server;C:\Users\user\.m2\wrapper\dists\apache-maven-3.9.12\59fe215c0ad6947fea90184bf7add084544567b927287592651fda3782e0e798\lib\jansi-native\Windows\x86_64

VM Arguments:
jvm_args: --enable-native-access=ALL-UNNAMED -Dclassworlds.conf=C:\Users\user\.m2\wrapper\dists\apache-maven-3.9.12\59fe215c0ad6947fea90184bf7add084544567b927287592651fda3782e0e798\bin\m2.conf -Dmaven.home=C:\Users\user\.m2\wrapper\dists\apache-maven-3.9.12\59fe215c0ad6947fea90184bf7add084544567b927287592651fda3782e0e798 -Dlibrary.jansi.path=C:\Users\user\.m2\wrapper\dists\apache-maven-3.9.12\59fe215c0ad6947fea90184bf7add084544567b927287592651fda3782e0e798\lib\jansi-native -Dmaven.multiModuleProjectDirectory=C:\Users\user\Documents\workspace\erp 
java_command: org.codehaus.plexus.classworlds.launcher.Launcher -U clean spring-boot:run
java_class_path (initial): C:\Users\user\.m2\wrapper\dists\apache-maven-3.9.12\59fe215c0ad6947fea90184bf7add084544567b927287592651fda3782e0e798\boot\plexus-classworlds-2.9.0.jar
Launcher Type: SUN_STANDARD

[Global flags]
     intx CICompilerCount                          = 4                                         {product} {ergonomic}
     uint ConcGCThreads                            = 2                                         {product} {ergonomic}
     uint G1ConcRefinementThreads                  = 8                                         {product} {ergonomic}
   size_t G1HeapRegionSize                         = 1048576                                   {product} {ergonomic}
    uintx GCDrainStackTargetSize                   = 64                                        {product} {ergonomic}
   size_t InitialHeapSize                          = 130023424                                 {product} {ergonomic}
   size_t MarkStackSize                            = 4194304                                   {product} {ergonomic}
   size_t MaxHeapSize                              = 2071986176                                {product} {ergonomic}
   size_t MaxNewSize                               = 1242562560                                {product} {ergonomic}
   size_t MinHeapDeltaBytes                        = 1048576                                   {product} {ergonomic}
   size_t MinHeapSize                              = 8388608                                   {product} {ergonomic}
    uintx NonNMethodCodeHeapSize                   = 5839372                                {pd product} {ergonomic}
    uintx NonProfiledCodeHeapSize                  = 122909434                              {pd product} {ergonomic}
    uintx ProfiledCodeHeapSize                     = 122909434                              {pd product} {ergonomic}
    uintx ReservedCodeCacheSize                    = 251658240                              {pd product} {ergonomic}
     bool SegmentedCodeCache                       = true                                      {product} {ergonomic}
   size_t SoftMaxHeapSize                          = 2071986176                             {manageable} {ergonomic}
     bool UseCompressedClassPointers               = true                           {product lp64_product} {ergonomic}
     bool UseCompressedOops                        = true                           {product lp64_product} {ergonomic}
     bool UseG1GC                                  = true                                      {product} {ergonomic}
     bool UseLargePagesIndividualAllocation        = false                                  {pd product} {ergonomic}

Logging:
Log output configuration:
 #0: stdout all=warning uptime,level,tags
 #1: stderr all=off uptime,level,tags

Environment Variables:
PATH=C:\Program Files\Eclipse Adoptium\jdk-17.0.17.10-hotspot\bin;C:\WINDOWS\system32;C:\WINDOWS;C:\WINDOWS\System32\Wbem;C:\WINDOWS\System32\WindowsPowerShell\v1.0\;C:\WINDOWS\System32\OpenSSH\;C:\Program Files\Git\cmd;C:\Program Files\nodejs\;C:\Program Files\MySQL\MySQL Shell 8.0\bin\;C:\Users\user\AppData\Local\Programs\Python\Launcher\;C:\Users\user\AppData\Local\Microsoft\WindowsApps;C:\Users\user\AppData\Local\Programs\Microsoft VS Code\bin;C:\Users\user\AppData\Roaming\npm;C:\Users\user\AppData\Local\Google\Cloud SDK\google-cloud-sdk\bin;C:\Users\user\AppData\Local\Microsoft\WinGet\Packages\Cloudflare.cloudflared_Microsoft.Winget.Source_8wekyb3d8bbwe;c:\Users\user\.vscode\extensions\vscjava.vscode-java-debug-0.58.5\bundled\scripts\noConfigScripts
USERNAME=user
LANG=en_US.UTF-8
OS=Windows_NT
PROCESSOR_IDENTIFIER=Intel64 Family 6 Model 126 Stepping 5, GenuineIntel
TMP=C:\Users\user\AppData\Local\Temp
TEMP=C:\Users\user\AppData\Local\Temp



Periodic native trim disabled


---------------  S Y S T E M  ---------------

OS:
 Windows 11 , 64 bit Build 22621 (10.0.22621.5415)
OS uptime: 5 days 6:50 hours

CPU: total 8 (initial active 8) (4 cores per cpu, 2 threads per core) family 6 model 126 stepping 5 microcode 0x86, cx8, cmov, fxsr, ht, mmx, 3dnowpref, sse, sse2, sse3, ssse3, sse4.1, sse4.2, popcnt, lzcnt, tsc, tscinvbit, avx, avx2, aes, erms, clmul, bmi1, bmi2, adx, avx512f, avx512dq, avx512cd, avx512bw, avx512vl, sha, fma, vzeroupper, avx512_vpopcntdq, avx512_vpclmulqdq, avx512_vaes, avx512_vnni, clflush, clflushopt, avx512_vbmi2, avx512_vbmi
Processor Information for all 8 processors :
  Max Mhz: 1498, Current Mhz: 1298, Mhz Limit: 1288

Memory: 4k page, system-wide physical 7901M (648M free)
TotalPageFile size 32477M (AvailPageFile size 6M)
current process WorkingSet (physical memory assigned to process): 120M, peak: 122M
current process commit charge ("private bytes"): 252M, peak: 254M

vm_info: OpenJDK 64-Bit Server VM (17.0.17+10) for windows-amd64 JRE (17.0.17+10), built on Oct 21 2025 23:25:32 by "admin" with unknown MS VC++:1942

END.
