#
# There is insufficient memory for the Java Runtime Environment to continue.
# Native memory allocation (malloc) failed to allocate 1048576 bytes. Error detail: AllocateHeap
# Possible reasons:
#   The system is out of physical RAM or swap space
#   This process is running with CompressedOops enabled, and the Java Heap may be blocking the growth of the native heap
# Possible solutions:
#   Reduce memory load on the system
#   Increase physical memory or swap space
#   Check if swap backing store is full
#   Decrease Java heap size (-Xmx/-Xms)
#   Decrease number of Java threads
#   Decrease Java thread stack sizes (-Xss)
#   Set larger code cache with -XX:ReservedCodeCacheSize=
#   JVM is running with Unscaled Compressed Oops mode in which the Java heap is
#     placed in the first 4GB address space. The Java Heap base address is the
#     maximum limit for the native heap growth. Please use -XX:HeapBaseMinAddress
#     to set the Java Heap base and to place the Java Heap above 4GB virtual address.
# This output file may be truncated or incomplete.
#
#  Out of Memory Error (allocation.cpp:44), pid=4836, tid=17272
#
# JRE version: OpenJDK Runtime Environment Temurin-21.0.9+10 (21.0.9+10) (build 21.0.9+10-LTS)
# Java VM: OpenJDK 64-Bit Server VM Temurin-21.0.9+10 (21.0.9+10-LTS, mixed mode, sharing, tiered, compressed oops, compressed class ptrs, parallel gc, windows-amd64)
# No core dump will be written. Minidumps are not enabled by default on client versions of Windows
#

---------------  S U M M A R Y ------------

Command Line: --add-modules=ALL-SYSTEM --add-opens=java.base/java.util=ALL-UNNAMED --add-opens=java.base/java.lang=ALL-UNNAMED --add-opens=java.base/sun.nio.fs=ALL-UNNAMED -Declipse.application=org.eclipse.jdt.ls.core.id1 -Dosgi.bundles.defaultStartLevel=4 -Declipse.product=org.eclipse.jdt.ls.core.product -Djava.import.generatesMetadataFilesAtProjectRoot=false -DDetectVMInstallationsJob.disabled=true -Dfile.encoding=utf8 -XX:+UseParallelGC -XX:GCTimeRatio=4 -XX:AdaptiveSizePolicyWeight=90 -Dsun.zip.disableMemoryMapping=true -Xmx2G -Xms100m -Xlog:disable -javaagent:c:\Users\user\.vscode\extensions\redhat.java-1.51.0-win32-x64\lombok\lombok-1.18.39-4050.jar -XX:+HeapDumpOnOutOfMemoryError -XX:HeapDumpPath=c:\Users\user\AppData\Roaming\Code\User\workspaceStorage\0674b5c6fcfe98aa21c3e4592ae7b086\redhat.java -Daether.dependencyCollector.impl=bf c:\Users\user\.vscode\extensions\redhat.java-1.51.0-win32-x64\server\plugins\org.eclipse.equinox.launcher_1.7.100.v20251111-0406.jar -configuration c:\Users\user\AppData\Roaming\Code\User\globalStorage\redhat.java\1.51.0\config_win -data c:\Users\user\AppData\Roaming\Code\User\workspaceStorage\0674b5c6fcfe98aa21c3e4592ae7b086\redhat.java\jdt_ws --pipe=\\.\pipe\lsp-47f1b61f65852f577bb6313266ff5832-sock

Host: Intel(R) Core(TM) i7-1065G7 CPU @ 1.30GHz, 8 cores, 7G,  Windows 11 , 64 bit Build 22621 (10.0.22621.5415)
Time: Wed Feb  4 08:32:01 2026 elapsed time: 416600.185746 seconds (4d 19h 43m 20s)

---------------  T H R E A D  ---------------

Current thread (0x0000015e6e005760):  JavaThread "Attach Listener" daemon [_thread_in_vm, id=17272, stack(0x000000501e100000,0x000000501e200000) (1024K)]

Stack: [0x000000501e100000,0x000000501e200000]
Native frames: (J=compiled Java code, j=interpreted, Vv=VM code, C=native code)
V  [jvm.dll+0x6d6e29]
V  [jvm.dll+0x8b4b76]
V  [jvm.dll+0x8b712e]
V  [jvm.dll+0x8b7813]
V  [jvm.dll+0x283d86]
V  [jvm.dll+0xc1277]
V  [jvm.dll+0x6d76d9]
V  [jvm.dll+0x133466]
V  [jvm.dll+0x3f7ea6]
V  [jvm.dll+0x85e9ad]
V  [jvm.dll+0x6d565d]
C  [ucrtbase.dll+0x29333]
C  [KERNEL32.DLL+0x1259d]
C  [ntdll.dll+0x5af78]


---------------  P R O C E S S  ---------------

Threads class SMR info:
_java_thread_list=0x0000015e70f606c0, length=35, elements={
0x0000015e4f822400, 0x0000015e51a8a410, 0x0000015e51a8bec0, 0x0000015e6e002950,
0x0000015e6e005760, 0x0000015e6e007200, 0x0000015e6e008d50, 0x0000015e6e00af50,
0x0000015e6848c230, 0x0000015e6e1a6060, 0x0000015e6e32c770, 0x0000015e6e9ca150,
0x0000015e6ee01560, 0x0000015e6eb66e40, 0x0000015e6eb674a0, 0x0000015e6e9310d0,
0x0000015e6f29f8a0, 0x0000015e6ee40090, 0x0000015e6e550560, 0x0000015e6e135b70,
0x0000015e6e136f20, 0x0000015e72c3e7d0, 0x0000015e72c3ee60, 0x0000015e72c40210,
0x0000015e72c3f4f0, 0x0000015e72c408a0, 0x0000015e72c415c0, 0x0000015e72c41c50,
0x0000015e72c3fb80, 0x0000015e72c40f30, 0x0000015e6f4401c0, 0x0000015e6f43c020,
0x0000015e7b67d4b0, 0x0000015e7cff7180, 0x0000015e7cff7ea0
}

Java Threads: ( => current thread )
  0x0000015e4f822400 JavaThread "main"                              [_thread_blocked, id=13748, stack(0x000000501da00000,0x000000501db00000) (1024K)]
  0x0000015e51a8a410 JavaThread "Reference Handler"          daemon [_thread_blocked, id=9320, stack(0x000000501de00000,0x000000501df00000) (1024K)]
  0x0000015e51a8bec0 JavaThread "Finalizer"                  daemon [_thread_blocked, id=5612, stack(0x000000501df00000,0x000000501e000000) (1024K)]
  0x0000015e6e002950 JavaThread "Signal Dispatcher"          daemon [_thread_blocked, id=17396, stack(0x000000501e000000,0x000000501e100000) (1024K)]
=>0x0000015e6e005760 JavaThread "Attach Listener"            daemon [_thread_in_vm, id=17272, stack(0x000000501e100000,0x000000501e200000) (1024K)]
  0x0000015e6e007200 JavaThread "Service Thread"             daemon [_thread_blocked, id=2744, stack(0x000000501e200000,0x000000501e300000) (1024K)]
  0x0000015e6e008d50 JavaThread "Monitor Deflation Thread"   daemon [_thread_blocked, id=5624, stack(0x000000501e300000,0x000000501e400000) (1024K)]
  0x0000015e6e00af50 JavaThread "C2 CompilerThread0"         daemon [_thread_blocked, id=17168, stack(0x000000501e400000,0x000000501e500000) (1024K)]
  0x0000015e6848c230 JavaThread "C1 CompilerThread0"         daemon [_thread_blocked, id=15740, stack(0x000000501e500000,0x000000501e600000) (1024K)]
  0x0000015e6e1a6060 JavaThread "Common-Cleaner"             daemon [_thread_blocked, id=7096, stack(0x000000501e600000,0x000000501e700000) (1024K)]
  0x0000015e6e32c770 JavaThread "Notification Thread"        daemon [_thread_blocked, id=14676, stack(0x000000501e700000,0x000000501e800000) (1024K)]
  0x0000015e6e9ca150 JavaThread "Active Thread: Equinox Container: 57bc202b-b7d1-4a5d-9be7-5e7f9bd3ae60"        [_thread_blocked, id=9032, stack(0x000000501ef00000,0x000000501f000000) (1024K)]
  0x0000015e6ee01560 JavaThread "Refresh Thread: Equinox Container: 57bc202b-b7d1-4a5d-9be7-5e7f9bd3ae60" daemon [_thread_blocked, id=9976, stack(0x000000501f100000,0x000000501f200000) (1024K)]
  0x0000015e6eb66e40 JavaThread "Framework Event Dispatcher: Equinox Container: 57bc202b-b7d1-4a5d-9be7-5e7f9bd3ae60" daemon [_thread_blocked, id=4160, stack(0x000000501e800000,0x000000501e900000) (1024K)]
  0x0000015e6eb674a0 JavaThread "Start Level: Equinox Container: 57bc202b-b7d1-4a5d-9be7-5e7f9bd3ae60" daemon [_thread_blocked, id=5028, stack(0x000000501f200000,0x000000501f300000) (1024K)]
  0x0000015e6e9310d0 JavaThread "Bundle File Closer"         daemon [_thread_blocked, id=4020, stack(0x000000501f400000,0x000000501f500000) (1024K)]
  0x0000015e6f29f8a0 JavaThread "SCR Component Actor"        daemon [_thread_blocked, id=13540, stack(0x000000501f300000,0x000000501f400000) (1024K)]
  0x0000015e6ee40090 JavaThread "Worker-JM"                         [_thread_blocked, id=8108, stack(0x000000501f500000,0x000000501f600000) (1024K)]
  0x0000015e6e550560 JavaThread "JNA Cleaner"                daemon [_thread_blocked, id=3912, stack(0x000000501f600000,0x000000501f700000) (1024K)]
  0x0000015e6e135b70 JavaThread "Java indexing"              daemon [_thread_blocked, id=12044, stack(0x000000501fa00000,0x000000501fb00000) (1024K)]
  0x0000015e6e136f20 JavaThread "Thread-1"                   daemon [_thread_in_native, id=2240, stack(0x0000005020200000,0x0000005020300000) (1024K)]
  0x0000015e72c3e7d0 JavaThread "Thread-2"                   daemon [_thread_in_native, id=3740, stack(0x0000005020300000,0x0000005020400000) (1024K)]
  0x0000015e72c3ee60 JavaThread "Thread-3"                   daemon [_thread_in_native, id=9856, stack(0x0000005020400000,0x0000005020500000) (1024K)]
  0x0000015e72c40210 JavaThread "Thread-4"                   daemon [_thread_in_native, id=10008, stack(0x0000005020500000,0x0000005020600000) (1024K)]
  0x0000015e72c3f4f0 JavaThread "Thread-5"                   daemon [_thread_in_native, id=2016, stack(0x0000005020600000,0x0000005020700000) (1024K)]
  0x0000015e72c408a0 JavaThread "Thread-6"                   daemon [_thread_in_native, id=5504, stack(0x0000005020700000,0x0000005020800000) (1024K)]
  0x0000015e72c415c0 JavaThread "Thread-7"                   daemon [_thread_in_native, id=15156, stack(0x0000005020800000,0x0000005020900000) (1024K)]
  0x0000015e72c41c50 JavaThread "Thread-8"                   daemon [_thread_in_native, id=9860, stack(0x0000005020900000,0x0000005020a00000) (1024K)]
  0x0000015e72c3fb80 JavaThread "Thread-9"                   daemon [_thread_in_native, id=9932, stack(0x0000005020a00000,0x0000005020b00000) (1024K)]
  0x0000015e72c40f30 JavaThread "pool-2-thread-1"                   [_thread_blocked, id=12388, stack(0x0000005020b00000,0x0000005020c00000) (1024K)]
  0x0000015e6f4401c0 JavaThread "WorkspaceEventsHandler"            [_thread_blocked, id=7756, stack(0x0000005020f00000,0x0000005021000000) (1024K)]
  0x0000015e6f43c020 JavaThread "pool-1-thread-1"                   [_thread_blocked, id=4980, stack(0x0000005021000000,0x0000005021100000) (1024K)]
  0x0000015e7b67d4b0 JavaThread "Cleaner-0"                  daemon [_thread_blocked, id=7780, stack(0x0000005022900000,0x0000005022a00000) (1024K)]
  0x0000015e7cff7180 JavaThread "Worker-69"                         [_thread_blocked, id=235868, stack(0x000000501d800000,0x000000501d900000) (1024K)]
  0x0000015e7cff7ea0 JavaThread "Worker-71"                         [_thread_blocked, id=236916, stack(0x000000501d700000,0x000000501d800000) (1024K)]
Total: 35

Other Threads:
  0x0000015e51a838d0 VMThread "VM Thread"                           [id=16712, stack(0x000000501dd00000,0x000000501de00000) (1024K)]
  0x0000015e6836c950 WatcherThread "VM Periodic Task Thread"        [id=5836, stack(0x000000501dc00000,0x000000501dd00000) (1024K)]
  0x0000015e51a24240 WorkerThread "GC Thread#0"                     [id=6008, stack(0x000000501db00000,0x000000501dc00000) (1024K)]
  0x0000015e6e6df610 WorkerThread "GC Thread#1"                     [id=1872, stack(0x000000501e900000,0x000000501ea00000) (1024K)]
  0x0000015e6ebcebf0 WorkerThread "GC Thread#2"                     [id=9024, stack(0x000000501ea00000,0x000000501eb00000) (1024K)]
  0x0000015e6e35d1f0 WorkerThread "GC Thread#3"                     [id=1316, stack(0x000000501eb00000,0x000000501ec00000) (1024K)]
  0x0000015e6e35d590 WorkerThread "GC Thread#4"                     [id=11192, stack(0x000000501ec00000,0x000000501ed00000) (1024K)]
  0x0000015e6e35d930 WorkerThread "GC Thread#5"                     [id=5396, stack(0x000000501ed00000,0x000000501ee00000) (1024K)]
  0x0000015e6e35dcd0 WorkerThread "GC Thread#6"                     [id=3056, stack(0x000000501ee00000,0x000000501ef00000) (1024K)]
  0x0000015e6ee59c80 WorkerThread "GC Thread#7"                     [id=17188, stack(0x000000501f000000,0x000000501f100000) (1024K)]
Total: 10

Threads with active compile tasks:
Total: 0

VM state: not at safepoint (normal execution)

VM Mutex/Monitor currently owned by a thread: None

Heap address: 0x0000000080000000, size: 2048 MB, Compressed Oops mode: 32-bit

CDS archive(s) mapped at: [0x0000015e00000000-0x0000015e00ba0000-0x0000015e00ba0000), size 12189696, SharedBaseAddress: 0x0000015e00000000, ArchiveRelocationMode: 1.
Compressed class space mapped at: 0x0000015e01000000-0x0000015e41000000, reserved size: 1073741824
Narrow klass base: 0x0000015e00000000, Narrow klass shift: 0, Narrow klass range: 0x100000000

GC Precious Log:
 CardTable entry size: 512
 CPUs: 8 total, 8 available
 Memory: 7901M
 Large Page Support: Disabled
 NUMA Support: Disabled
 Compressed Oops: Enabled (32-bit)
 Alignments: Space 512K, Generation 512K, Heap 2M
 Heap Min Capacity: 100M
 Heap Initial Capacity: 100M
 Heap Max Capacity: 2G
 Pre-touch: Disabled
 Parallel Workers: 8

Heap:
 PSYoungGen      total 5632K, used 1735K [0x00000000d5580000, 0x00000000d5c00000, 0x0000000100000000)
  eden space 5120K, 30% used [0x00000000d5580000,0x00000000d5709fa8,0x00000000d5a80000)
  from space 512K, 31% used [0x00000000d5b00000,0x00000000d5b28000,0x00000000d5b80000)
  to   space 512K, 0% used [0x00000000d5b80000,0x00000000d5b80000,0x00000000d5c00000)
 ParOldGen       total 689152K, used 689036K [0x0000000080000000, 0x00000000aa100000, 0x00000000d5580000)
  object space 689152K, 99% used [0x0000000080000000,0x00000000aa0e3088,0x00000000aa100000)
 Metaspace       used 91875K, committed 93568K, reserved 1179648K
  class space    used 9078K, committed 9920K, reserved 1048576K

Card table byte_map: [0x0000015e513a0000,0x0000015e517b0000] _byte_map_base: 0x0000015e50fa0000

Marking Bits: (ParMarkBitMap*) 0x00007ffec3d22460
 Begin Bits: [0x0000015e63e90000, 0x0000015e65e90000)
 End Bits:   [0x0000015e65e90000, 0x0000015e67e90000)

Polling page: 0x0000015e4f900000

Metaspace:

Usage:
  Non-class:     80.86 MB used.
      Class:      8.87 MB used.
       Both:     89.72 MB used.

Virtual space:
  Non-class space:      128.00 MB reserved,      81.69 MB ( 64%) committed,  2 nodes.
      Class space:        1.00 GB reserved,       9.69 MB ( <1%) committed,  1 nodes.
             Both:        1.12 GB reserved,      91.38 MB (  8%) committed. 

Chunk freelists:
   Non-Class:  13.95 MB
       Class:  6.37 MB
        Both:  20.32 MB

MaxMetaspaceSize: unlimited
CompressedClassSpaceSize: 1.00 GB
Initial GC threshold: 21.00 MB
Current GC threshold: 151.88 MB
CDS: on
 - commit_granule_bytes: 65536.
 - commit_granule_words: 8192.
 - virtual_space_node_default_size: 8388608.
 - enlarge_chunks_in_place: 1.
 - use_allocation_guard: 0.


Internal statistics:

num_allocs_failed_limit: 9.
num_arena_births: 2228.
num_arena_deaths: 794.
num_vsnodes_births: 3.
num_vsnodes_deaths: 0.
num_space_committed: 1462.
num_space_uncommitted: 0.
num_chunks_returned_to_freelist: 1029.
num_chunks_taken_from_freelist: 7325.
num_chunk_merges: 281.
num_chunk_splits: 3955.
num_chunks_enlarged: 2017.
num_inconsistent_stats: 0.

CodeHeap 'non-profiled nmethods': size=120000Kb used=24058Kb max_used=24603Kb free=95941Kb
 bounds [0x0000015e5c6b0000, 0x0000015e5dee0000, 0x0000015e63be0000]
CodeHeap 'profiled nmethods': size=120000Kb used=37262Kb max_used=50629Kb free=82738Kb
 bounds [0x0000015e54be0000, 0x0000015e57d60000, 0x0000015e5c110000]
CodeHeap 'non-nmethods': size=5760Kb used=1536Kb max_used=1622Kb free=4223Kb
 bounds [0x0000015e5c110000, 0x0000015e5c380000, 0x0000015e5c6b0000]
CodeCache: size=245760Kb, used=62856Kb, max_used=76854Kb, free=182902Kb
 total_blobs=19280, nmethods=18434, adapters=747, full_count=0
Compilation: enabled, stopped_count=0, restarted_count=0

Compilation events (20 events):
Event: 346526.837 Thread 0x0000015e6848c230 27073       3       org.eclipse.core.internal.jobs.JobManager::doRunNow (47 bytes)
Event: 346526.853 Thread 0x0000015e6848c230 nmethod 27073 0x0000015e5705d810 code [0x0000015e5705da20, 0x0000015e5705e008]
Event: 347426.897 Thread 0x0000015e6848c230 27074       3       org.eclipse.core.internal.utils.ObjectMap::shareStrings (69 bytes)
Event: 347426.905 Thread 0x0000015e6848c230 nmethod 27074 0x0000015e5707e210 code [0x0000015e5707e420, 0x0000015e5707ed40]
Event: 363627.641 Thread 0x0000015e6848c230 27075       3       org.eclipse.core.runtime.jobs.MultiRule::combine (52 bytes)
Event: 363627.663 Thread 0x0000015e6848c230 nmethod 27075 0x0000015e5705d210 code [0x0000015e5705d3e0, 0x0000015e5705d680]
Event: 373528.082 Thread 0x0000015e6e00af50 27076       4       sun.security.provider.AbstractDrbg::engineNextBytes (15 bytes)
Event: 373528.362 Thread 0x0000015e6e00af50 nmethod 27076 0x0000015e5c9a5d10 code [0x0000015e5c9a6100, 0x0000015e5c9a8eb0]
Event: 373528.363 Thread 0x0000015e6e00af50 27077       4       java.security.DrbgParameters$NextBytes::<init> (66 bytes)
Event: 373528.364 Thread 0x0000015e6e00af50 nmethod 27077 0x0000015e5cdd3590 code [0x0000015e5cdd3720, 0x0000015e5cdd37f8]
Event: 374428.119 Thread 0x0000015e6e00af50 27078   !   4       java.security.SecureRandom::nextBytes (46 bytes)
Event: 374428.131 Thread 0x0000015e6e00af50 nmethod 27078 0x0000015e5cdd3110 code [0x0000015e5cdd32c0, 0x0000015e5cdd33f8]
Event: 378928.313 Thread 0x0000015e6e00af50 27079       4       java.util.UUID::randomUUID (63 bytes)
Event: 378928.329 Thread 0x0000015e6e00af50 nmethod 27079 0x0000015e5cad6990 code [0x0000015e5cad6b40, 0x0000015e5cad6e90]
Event: 392428.741 Thread 0x0000015e6848c230 27080   !   3       org.eclipse.core.internal.utils.StringPoolJob::run (259 bytes)
Event: 392428.822 Thread 0x0000015e6848c230 nmethod 27080 0x0000015e55ffa810 code [0x0000015e55ffabc0, 0x0000015e55ffc4d8]
Event: 392428.822 Thread 0x0000015e6848c230 27081       3       org.eclipse.core.internal.utils.StringPoolJob::shareStrings (69 bytes)
Event: 392428.869 Thread 0x0000015e6848c230 nmethod 27081 0x0000015e56dbfa90 code [0x0000015e56dbfd60, 0x0000015e56dc0d48]
Event: 400529.002 Thread 0x0000015e6848c230 27083   !   3       org.eclipse.core.internal.jobs.JobManager::runNow (57 bytes)
Event: 400529.022 Thread 0x0000015e6848c230 nmethod 27083 0x0000015e565d5c90 code [0x0000015e565d5e80, 0x0000015e565d6328]

GC Heap History (20 events):
Event: 313393.857 GC heap before
{Heap before GC invocations=3267 (full 9):
 PSYoungGen      total 6144K, used 5850K [0x00000000d5580000, 0x00000000d5c80000, 0x0000000100000000)
  eden space 5120K, 100% used [0x00000000d5580000,0x00000000d5a80000,0x00000000d5a80000)
  from space 1024K, 71% used [0x00000000d5a80000,0x00000000d5b36920,0x00000000d5b80000)
  to   space 1024K, 0% used [0x00000000d5b80000,0x00000000d5b80000,0x00000000d5c80000)
 ParOldGen       total 685056K, used 684841K [0x0000000080000000, 0x00000000a9d00000, 0x00000000d5580000)
  object space 685056K, 99% used [0x0000000080000000,0x00000000a9cca718,0x00000000a9d00000)
 Metaspace       used 91863K, committed 93568K, reserved 1179648K
  class space    used 9078K, committed 9920K, reserved 1048576K
}
Event: 313393.861 GC heap after
{Heap after GC invocations=3267 (full 9):
 PSYoungGen      total 6144K, used 436K [0x00000000d5580000, 0x00000000d5c80000, 0x0000000100000000)
  eden space 5120K, 0% used [0x00000000d5580000,0x00000000d5580000,0x00000000d5a80000)
  from space 1024K, 42% used [0x00000000d5b80000,0x00000000d5bed200,0x00000000d5c80000)
  to   space 1024K, 0% used [0x00000000d5a80000,0x00000000d5a80000,0x00000000d5b80000)
 ParOldGen       total 685568K, used 685454K [0x0000000080000000, 0x00000000a9d80000, 0x00000000d5580000)
  object space 685568K, 99% used [0x0000000080000000,0x00000000a9d63938,0x00000000a9d80000)
 Metaspace       used 91863K, committed 93568K, reserved 1179648K
  class space    used 9078K, committed 9920K, reserved 1048576K
}
Event: 313393.870 GC heap before
{Heap before GC invocations=3268 (full 9):
 PSYoungGen      total 6144K, used 5556K [0x00000000d5580000, 0x00000000d5c80000, 0x0000000100000000)
  eden space 5120K, 100% used [0x00000000d5580000,0x00000000d5a80000,0x00000000d5a80000)
  from space 1024K, 42% used [0x00000000d5b80000,0x00000000d5bed200,0x00000000d5c80000)
  to   space 1024K, 0% used [0x00000000d5a80000,0x00000000d5a80000,0x00000000d5b80000)
 ParOldGen       total 685568K, used 685454K [0x0000000080000000, 0x00000000a9d80000, 0x00000000d5580000)
  object space 685568K, 99% used [0x0000000080000000,0x00000000a9d63938,0x00000000a9d80000)
 Metaspace       used 91863K, committed 93568K, reserved 1179648K
  class space    used 9078K, committed 9920K, reserved 1048576K
}
Event: 313393.875 GC heap after
{Heap after GC invocations=3268 (full 9):
 PSYoungGen      total 6144K, used 592K [0x00000000d5580000, 0x00000000d5c80000, 0x0000000100000000)
  eden space 5120K, 0% used [0x00000000d5580000,0x00000000d5580000,0x00000000d5a80000)
  from space 1024K, 57% used [0x00000000d5a80000,0x00000000d5b14010,0x00000000d5b80000)
  to   space 1024K, 0% used [0x00000000d5b80000,0x00000000d5b80000,0x00000000d5c80000)
 ParOldGen       total 686080K, used 685766K [0x0000000080000000, 0x00000000a9e00000, 0x00000000d5580000)
  object space 686080K, 99% used [0x0000000080000000,0x00000000a9db1b58,0x00000000a9e00000)
 Metaspace       used 91863K, committed 93568K, reserved 1179648K
  class space    used 9078K, committed 9920K, reserved 1048576K
}
Event: 313393.897 GC heap before
{Heap before GC invocations=3269 (full 9):
 PSYoungGen      total 6144K, used 5712K [0x00000000d5580000, 0x00000000d5c80000, 0x0000000100000000)
  eden space 5120K, 100% used [0x00000000d5580000,0x00000000d5a80000,0x00000000d5a80000)
  from space 1024K, 57% used [0x00000000d5a80000,0x00000000d5b14010,0x00000000d5b80000)
  to   space 1024K, 0% used [0x00000000d5b80000,0x00000000d5b80000,0x00000000d5c80000)
 ParOldGen       total 686080K, used 685766K [0x0000000080000000, 0x00000000a9e00000, 0x00000000d5580000)
  object space 686080K, 99% used [0x0000000080000000,0x00000000a9db1b58,0x00000000a9e00000)
 Metaspace       used 91863K, committed 93568K, reserved 1179648K
  class space    used 9078K, committed 9920K, reserved 1048576K
}
Event: 313393.901 GC heap after
{Heap after GC invocations=3269 (full 9):
 PSYoungGen      total 6144K, used 864K [0x00000000d5580000, 0x00000000d5c80000, 0x0000000100000000)
  eden space 5120K, 0% used [0x00000000d5580000,0x00000000d5580000,0x00000000d5a80000)
  from space 1024K, 84% used [0x00000000d5b80000,0x00000000d5c58000,0x00000000d5c80000)
  to   space 1024K, 0% used [0x00000000d5a80000,0x00000000d5a80000,0x00000000d5b80000)
 ParOldGen       total 686592K, used 686270K [0x0000000080000000, 0x00000000a9e80000, 0x00000000d5580000)
  object space 686592K, 99% used [0x0000000080000000,0x00000000a9e2fb78,0x00000000a9e80000)
 Metaspace       used 91863K, committed 93568K, reserved 1179648K
  class space    used 9078K, committed 9920K, reserved 1048576K
}
Event: 313394.327 GC heap before
{Heap before GC invocations=3270 (full 9):
 PSYoungGen      total 6144K, used 5984K [0x00000000d5580000, 0x00000000d5c80000, 0x0000000100000000)
  eden space 5120K, 100% used [0x00000000d5580000,0x00000000d5a80000,0x00000000d5a80000)
  from space 1024K, 84% used [0x00000000d5b80000,0x00000000d5c58000,0x00000000d5c80000)
  to   space 1024K, 0% used [0x00000000d5a80000,0x00000000d5a80000,0x00000000d5b80000)
 ParOldGen       total 686592K, used 686270K [0x0000000080000000, 0x00000000a9e80000, 0x00000000d5580000)
  object space 686592K, 99% used [0x0000000080000000,0x00000000a9e2fb78,0x00000000a9e80000)
 Metaspace       used 91863K, committed 93568K, reserved 1179648K
  class space    used 9078K, committed 9920K, reserved 1048576K
}
Event: 313394.332 GC heap after
{Heap after GC invocations=3270 (full 9):
 PSYoungGen      total 6144K, used 644K [0x00000000d5580000, 0x00000000d5c80000, 0x0000000100000000)
  eden space 5120K, 0% used [0x00000000d5580000,0x00000000d5580000,0x00000000d5a80000)
  from space 1024K, 62% used [0x00000000d5a80000,0x00000000d5b21210,0x00000000d5b80000)
  to   space 1024K, 0% used [0x00000000d5b80000,0x00000000d5b80000,0x00000000d5c80000)
 ParOldGen       total 687104K, used 686981K [0x0000000080000000, 0x00000000a9f00000, 0x00000000d5580000)
  object space 687104K, 99% used [0x0000000080000000,0x00000000a9ee1548,0x00000000a9f00000)
 Metaspace       used 91863K, committed 93568K, reserved 1179648K
  class space    used 9078K, committed 9920K, reserved 1048576K
}
Event: 313394.371 GC heap before
{Heap before GC invocations=3271 (full 9):
 PSYoungGen      total 6144K, used 5764K [0x00000000d5580000, 0x00000000d5c80000, 0x0000000100000000)
  eden space 5120K, 100% used [0x00000000d5580000,0x00000000d5a80000,0x00000000d5a80000)
  from space 1024K, 62% used [0x00000000d5a80000,0x00000000d5b21210,0x00000000d5b80000)
  to   space 1024K, 0% used [0x00000000d5b80000,0x00000000d5b80000,0x00000000d5c80000)
 ParOldGen       total 687104K, used 686981K [0x0000000080000000, 0x00000000a9f00000, 0x00000000d5580000)
  object space 687104K, 99% used [0x0000000080000000,0x00000000a9ee1548,0x00000000a9f00000)
 Metaspace       used 91863K, committed 93568K, reserved 1179648K
  class space    used 9078K, committed 9920K, reserved 1048576K
}
Event: 313394.377 GC heap after
{Heap after GC invocations=3271 (full 9):
 PSYoungGen      total 6144K, used 660K [0x00000000d5580000, 0x00000000d5c80000, 0x0000000100000000)
  eden space 5120K, 0% used [0x00000000d5580000,0x00000000d5580000,0x00000000d5a80000)
  from space 1024K, 64% used [0x00000000d5b80000,0x00000000d5c25200,0x00000000d5c80000)
  to   space 1024K, 0% used [0x00000000d5a80000,0x00000000d5a80000,0x00000000d5b80000)
 ParOldGen       total 687616K, used 687505K [0x0000000080000000, 0x00000000a9f80000, 0x00000000d5580000)
  object space 687616K, 99% used [0x0000000080000000,0x00000000a9f64778,0x00000000a9f80000)
 Metaspace       used 91863K, committed 93568K, reserved 1179648K
  class space    used 9078K, committed 9920K, reserved 1048576K
}
Event: 313395.499 GC heap before
{Heap before GC invocations=3272 (full 9):
 PSYoungGen      total 6144K, used 5780K [0x00000000d5580000, 0x00000000d5c80000, 0x0000000100000000)
  eden space 5120K, 100% used [0x00000000d5580000,0x00000000d5a80000,0x00000000d5a80000)
  from space 1024K, 64% used [0x00000000d5b80000,0x00000000d5c25200,0x00000000d5c80000)
  to   space 1024K, 0% used [0x00000000d5a80000,0x00000000d5a80000,0x00000000d5b80000)
 ParOldGen       total 687616K, used 687505K [0x0000000080000000, 0x00000000a9f80000, 0x00000000d5580000)
  object space 687616K, 99% used [0x0000000080000000,0x00000000a9f64778,0x00000000a9f80000)
 Metaspace       used 91863K, committed 93568K, reserved 1179648K
  class space    used 9078K, committed 9920K, reserved 1048576K
}
Event: 313395.502 GC heap after
{Heap after GC invocations=3272 (full 9):
 PSYoungGen      total 6144K, used 752K [0x00000000d5580000, 0x00000000d5c80000, 0x0000000100000000)
  eden space 5120K, 0% used [0x00000000d5580000,0x00000000d5580000,0x00000000d5a80000)
  from space 1024K, 73% used [0x00000000d5a80000,0x00000000d5b3c010,0x00000000d5b80000)
  to   space 1024K, 0% used [0x00000000d5b80000,0x00000000d5b80000,0x00000000d5c80000)
 ParOldGen       total 688128K, used 688086K [0x0000000080000000, 0x00000000aa000000, 0x00000000d5580000)
  object space 688128K, 99% used [0x0000000080000000,0x00000000a9ff5928,0x00000000aa000000)
 Metaspace       used 91863K, committed 93568K, reserved 1179648K
  class space    used 9078K, committed 9920K, reserved 1048576K
}
Event: 324065.251 GC heap before
{Heap before GC invocations=3273 (full 9):
 PSYoungGen      total 6144K, used 5872K [0x00000000d5580000, 0x00000000d5c80000, 0x0000000100000000)
  eden space 5120K, 100% used [0x00000000d5580000,0x00000000d5a80000,0x00000000d5a80000)
  from space 1024K, 73% used [0x00000000d5a80000,0x00000000d5b3c010,0x00000000d5b80000)
  to   space 1024K, 0% used [0x00000000d5b80000,0x00000000d5b80000,0x00000000d5c80000)
 ParOldGen       total 688128K, used 688086K [0x0000000080000000, 0x00000000aa000000, 0x00000000d5580000)
  object space 688128K, 99% used [0x0000000080000000,0x00000000a9ff5928,0x00000000aa000000)
 Metaspace       used 91863K, committed 93568K, reserved 1179648K
  class space    used 9078K, committed 9920K, reserved 1048576K
}
Event: 324065.421 GC heap after
{Heap after GC invocations=3273 (full 9):
 PSYoungGen      total 5632K, used 256K [0x00000000d5580000, 0x00000000d5c00000, 0x0000000100000000)
  eden space 5120K, 0% used [0x00000000d5580000,0x00000000d5580000,0x00000000d5a80000)
  from space 512K, 50% used [0x00000000d5b80000,0x00000000d5bc0000,0x00000000d5c00000)
  to   space 512K, 0% used [0x00000000d5b00000,0x00000000d5b00000,0x00000000d5b80000)
 ParOldGen       total 689152K, used 688820K [0x0000000080000000, 0x00000000aa100000, 0x00000000d5580000)
  object space 689152K, 99% used [0x0000000080000000,0x00000000aa0ad068,0x00000000aa100000)
 Metaspace       used 91863K, committed 93568K, reserved 1179648K
  class space    used 9078K, committed 9920K, reserved 1048576K
}
Event: 324065.551 GC heap before
{Heap before GC invocations=3274 (full 9):
 PSYoungGen      total 5632K, used 5376K [0x00000000d5580000, 0x00000000d5c00000, 0x0000000100000000)
  eden space 5120K, 100% used [0x00000000d5580000,0x00000000d5a80000,0x00000000d5a80000)
  from space 512K, 50% used [0x00000000d5b80000,0x00000000d5bc0000,0x00000000d5c00000)
  to   space 512K, 0% used [0x00000000d5b00000,0x00000000d5b00000,0x00000000d5b80000)
 ParOldGen       total 689152K, used 688820K [0x0000000080000000, 0x00000000aa100000, 0x00000000d5580000)
  object space 689152K, 99% used [0x0000000080000000,0x00000000aa0ad068,0x00000000aa100000)
 Metaspace       used 91864K, committed 93568K, reserved 1179648K
  class space    used 9078K, committed 9920K, reserved 1048576K
}
Event: 324065.558 GC heap after
{Heap after GC invocations=3274 (full 9):
 PSYoungGen      total 5632K, used 320K [0x00000000d5580000, 0x00000000d5c00000, 0x0000000100000000)
  eden space 5120K, 0% used [0x00000000d5580000,0x00000000d5580000,0x00000000d5a80000)
  from space 512K, 62% used [0x00000000d5b00000,0x00000000d5b50020,0x00000000d5b80000)
  to   space 512K, 0% used [0x00000000d5b80000,0x00000000d5b80000,0x00000000d5c00000)
 ParOldGen       total 689152K, used 688876K [0x0000000080000000, 0x00000000aa100000, 0x00000000d5580000)
  object space 689152K, 99% used [0x0000000080000000,0x00000000aa0bb068,0x00000000aa100000)
 Metaspace       used 91864K, committed 93568K, reserved 1179648K
  class space    used 9078K, committed 9920K, reserved 1048576K
}
Event: 324075.968 GC heap before
{Heap before GC invocations=3275 (full 9):
 PSYoungGen      total 5632K, used 5440K [0x00000000d5580000, 0x00000000d5c00000, 0x0000000100000000)
  eden space 5120K, 100% used [0x00000000d5580000,0x00000000d5a80000,0x00000000d5a80000)
  from space 512K, 62% used [0x00000000d5b00000,0x00000000d5b50020,0x00000000d5b80000)
  to   space 512K, 0% used [0x00000000d5b80000,0x00000000d5b80000,0x00000000d5c00000)
 ParOldGen       total 689152K, used 688876K [0x0000000080000000, 0x00000000aa100000, 0x00000000d5580000)
  object space 689152K, 99% used [0x0000000080000000,0x00000000aa0bb068,0x00000000aa100000)
 Metaspace       used 91864K, committed 93568K, reserved 1179648K
  class space    used 9078K, committed 9920K, reserved 1048576K
}
Event: 324075.975 GC heap after
{Heap after GC invocations=3275 (full 9):
 PSYoungGen      total 5632K, used 192K [0x00000000d5580000, 0x00000000d5c00000, 0x0000000100000000)
  eden space 5120K, 0% used [0x00000000d5580000,0x00000000d5580000,0x00000000d5a80000)
  from space 512K, 37% used [0x00000000d5b80000,0x00000000d5bb0000,0x00000000d5c00000)
  to   space 512K, 0% used [0x00000000d5b00000,0x00000000d5b00000,0x00000000d5b80000)
 ParOldGen       total 689152K, used 688996K [0x0000000080000000, 0x00000000aa100000, 0x00000000d5580000)
  object space 689152K, 99% used [0x0000000080000000,0x00000000aa0d9088,0x00000000aa100000)
 Metaspace       used 91864K, committed 93568K, reserved 1179648K
  class space    used 9078K, committed 9920K, reserved 1048576K
}
Event: 340346.107 GC heap before
{Heap before GC invocations=3276 (full 9):
 PSYoungGen      total 5632K, used 5312K [0x00000000d5580000, 0x00000000d5c00000, 0x0000000100000000)
  eden space 5120K, 100% used [0x00000000d5580000,0x00000000d5a80000,0x00000000d5a80000)
  from space 512K, 37% used [0x00000000d5b80000,0x00000000d5bb0000,0x00000000d5c00000)
  to   space 512K, 0% used [0x00000000d5b00000,0x00000000d5b00000,0x00000000d5b80000)
 ParOldGen       total 689152K, used 688996K [0x0000000080000000, 0x00000000aa100000, 0x00000000d5580000)
  object space 689152K, 99% used [0x0000000080000000,0x00000000aa0d9088,0x00000000aa100000)
 Metaspace       used 91868K, committed 93568K, reserved 1179648K
  class space    used 9078K, committed 9920K, reserved 1048576K
}
Event: 340346.232 GC heap after
{Heap after GC invocations=3276 (full 9):
 PSYoungGen      total 5632K, used 160K [0x00000000d5580000, 0x00000000d5c00000, 0x0000000100000000)
  eden space 5120K, 0% used [0x00000000d5580000,0x00000000d5580000,0x00000000d5a80000)
  from space 512K, 31% used [0x00000000d5b00000,0x00000000d5b28000,0x00000000d5b80000)
  to   space 512K, 0% used [0x00000000d5b80000,0x00000000d5b80000,0x00000000d5c00000)
 ParOldGen       total 689152K, used 689036K [0x0000000080000000, 0x00000000aa100000, 0x00000000d5580000)
  object space 689152K, 99% used [0x0000000080000000,0x00000000aa0e3088,0x00000000aa100000)
 Metaspace       used 91868K, committed 93568K, reserved 1179648K
  class space    used 9078K, committed 9920K, reserved 1048576K
}

Dll operation events (12 events):
Event: 0.033 Loaded shared library c:\Users\user\.vscode\extensions\redhat.java-1.51.0-win32-x64\jre\21.0.9-win32-x86_64\bin\java.dll
Event: 0.099 Loaded shared library c:\Users\user\.vscode\extensions\redhat.java-1.51.0-win32-x64\jre\21.0.9-win32-x86_64\bin\zip.dll
Event: 0.352 Loaded shared library C:\Users\user\.vscode\extensions\redhat.java-1.51.0-win32-x64\jre\21.0.9-win32-x86_64\bin\instrument.dll
Event: 0.369 Loaded shared library C:\Users\user\.vscode\extensions\redhat.java-1.51.0-win32-x64\jre\21.0.9-win32-x86_64\bin\net.dll
Event: 0.383 Loaded shared library C:\Users\user\.vscode\extensions\redhat.java-1.51.0-win32-x64\jre\21.0.9-win32-x86_64\bin\nio.dll
Event: 0.400 Loaded shared library C:\Users\user\.vscode\extensions\redhat.java-1.51.0-win32-x64\jre\21.0.9-win32-x86_64\bin\zip.dll
Event: 0.442 Loaded shared library C:\Users\user\.vscode\extensions\redhat.java-1.51.0-win32-x64\jre\21.0.9-win32-x86_64\bin\jimage.dll
Event: 0.760 Loaded shared library c:\Users\user\.vscode\extensions\redhat.java-1.51.0-win32-x64\jre\21.0.9-win32-x86_64\bin\verify.dll
Event: 4.004 Loaded shared library C:\Users\user\AppData\Roaming\Code\User\globalStorage\redhat.java\1.51.0\config_win\org.eclipse.equinox.launcher\org.eclipse.equinox.launcher.win32.win32.x86_64_1.2.1400.v20250801-0854\eclipse_11916.dll
Event: 8.162 Loaded shared library C:\Users\user\AppData\Local\Temp\jna-3599307\jna12641514221847481328.dll
Event: 20.841 Loaded shared library C:\Users\user\.vscode\extensions\redhat.java-1.51.0-win32-x64\jre\21.0.9-win32-x86_64\bin\sunmscapi.dll
Event: 22.138 Loaded shared library C:\Users\user\.vscode\extensions\redhat.java-1.51.0-win32-x64\jre\21.0.9-win32-x86_64\bin\extnet.dll

Deoptimization events (20 events):
Event: 313308.433 Thread 0x0000015e7ba6eba0 Uncommon trap: trap_request=0xffffffde fr.pc=0x0000015e5cbb50b4 relative=0x0000000000005094
Event: 313308.434 Thread 0x0000015e7ba6eba0 Uncommon trap: reason=class_check action=maybe_recompile pc=0x0000015e5cbb50b4 method=org.eclipse.jdt.internal.compiler.lookup.Scope.findMethod0(Lorg/eclipse/jdt/internal/compiler/lookup/ReferenceBinding;[C[Lorg/eclipse/jdt/internal/compiler/lookup/TypeBi
Event: 313308.434 Thread 0x0000015e7ba6eba0 DEOPT PACKING pc=0x0000015e5cbb50b4 sp=0x00000050200fe5f0
Event: 313308.434 Thread 0x0000015e7ba6eba0 DEOPT UNPACKING pc=0x0000015e5c166da2 sp=0x00000050200fe5b0 mode 2
Event: 313308.447 Thread 0x0000015e7ba6eba0 Uncommon trap: trap_request=0xffffff66 fr.pc=0x0000015e5d04fb18 relative=0x0000000000002078
Event: 313308.447 Thread 0x0000015e7ba6eba0 Uncommon trap: reason=speculate_class_check action=maybe_recompile pc=0x0000015e5d04fb18 method=org.eclipse.jdt.internal.compiler.lookup.TypeBinding.isCompatibleWith(Lorg/eclipse/jdt/internal/compiler/lookup/TypeBinding;)Z @ 3 c2
Event: 313308.447 Thread 0x0000015e7ba6eba0 DEOPT PACKING pc=0x0000015e5d04fb18 sp=0x00000050200fdfd0
Event: 313308.447 Thread 0x0000015e7ba6eba0 DEOPT UNPACKING pc=0x0000015e5c166da2 sp=0x00000050200fdec8 mode 2
Event: 313308.447 Thread 0x0000015e7ba6eba0 Uncommon trap: trap_request=0xffffff66 fr.pc=0x0000015e5d04fb18 relative=0x0000000000002078
Event: 313308.447 Thread 0x0000015e7ba6eba0 Uncommon trap: reason=speculate_class_check action=maybe_recompile pc=0x0000015e5d04fb18 method=org.eclipse.jdt.internal.compiler.lookup.TypeBinding.isCompatibleWith(Lorg/eclipse/jdt/internal/compiler/lookup/TypeBinding;)Z @ 3 c2
Event: 313308.447 Thread 0x0000015e7ba6eba0 DEOPT PACKING pc=0x0000015e5d04fb18 sp=0x00000050200fe040
Event: 313308.448 Thread 0x0000015e7ba6eba0 DEOPT UNPACKING pc=0x0000015e5c166da2 sp=0x00000050200fdf38 mode 2
Event: 313308.636 Thread 0x0000015e7ba6eba0 DEOPT PACKING pc=0x0000015e57147c15 sp=0x00000050200fe0b0
Event: 313308.636 Thread 0x0000015e7ba6eba0 DEOPT UNPACKING pc=0x0000015e5c1678e2 sp=0x00000050200fda28 mode 0
Event: 313308.830 Thread 0x0000015e7ba6b720 Uncommon trap: trap_request=0xffffff45 fr.pc=0x0000015e5db8e468 relative=0x0000000000000048
Event: 313308.830 Thread 0x0000015e7ba6b720 Uncommon trap: reason=unstable_if action=reinterpret pc=0x0000015e5db8e468 method=org.eclipse.jdt.internal.corext.refactoring.code.flow.FlowInfo.mergeSets(Ljava/util/Set;Ljava/util/Set;)Ljava/util/Set; @ 1 c2
Event: 313308.830 Thread 0x0000015e7ba6b720 DEOPT PACKING pc=0x0000015e5db8e468 sp=0x000000501f8fe0b0
Event: 313308.830 Thread 0x0000015e7ba6b720 DEOPT UNPACKING pc=0x0000015e5c166da2 sp=0x000000501f8fe038 mode 2
Event: 313394.350 Thread 0x0000015e7ba6eba0 DEOPT PACKING pc=0x0000015e5787ea96 sp=0x00000050200fead0
Event: 313394.350 Thread 0x0000015e7ba6eba0 DEOPT UNPACKING pc=0x0000015e5c1678e2 sp=0x00000050200fdef0 mode 0

Classes loaded (20 events):
Event: 296711.980 Loading class jdk/internal/module/IllegalAccessLogger
Event: 296711.980 Loading class jdk/internal/module/IllegalAccessLogger done
Event: 308456.566 Loading class jdk/internal/module/IllegalAccessLogger
Event: 308456.567 Loading class jdk/internal/module/IllegalAccessLogger done
Event: 308474.335 Loading class jdk/internal/module/IllegalAccessLogger
Event: 308474.335 Loading class jdk/internal/module/IllegalAccessLogger done
Event: 308522.469 Loading class jdk/internal/module/IllegalAccessLogger
Event: 308522.469 Loading class jdk/internal/module/IllegalAccessLogger done
Event: 308634.848 Loading class jdk/internal/module/IllegalAccessLogger
Event: 308634.848 Loading class jdk/internal/module/IllegalAccessLogger done
Event: 308825.759 Loading class jdk/internal/module/IllegalAccessLogger
Event: 308825.759 Loading class jdk/internal/module/IllegalAccessLogger done
Event: 308831.902 Loading class jdk/internal/module/IllegalAccessLogger
Event: 308831.902 Loading class jdk/internal/module/IllegalAccessLogger done
Event: 310068.944 Loading class jdk/internal/module/IllegalAccessLogger
Event: 310068.944 Loading class jdk/internal/module/IllegalAccessLogger done
Event: 310083.548 Loading class jdk/internal/module/IllegalAccessLogger
Event: 310083.548 Loading class jdk/internal/module/IllegalAccessLogger done
Event: 311640.218 Loading class jdk/internal/access/JavaAWTAccess
Event: 311640.243 Loading class jdk/internal/access/JavaAWTAccess done

Classes unloaded (20 events):
Event: 308632.239 Thread 0x0000015e51a838d0 Unloading class 0x0000015e01006400 'jdk/internal/reflect/GeneratedSerializationConstructorAccessor104'
Event: 308632.239 Thread 0x0000015e51a838d0 Unloading class 0x0000015e01007000 'jdk/internal/reflect/GeneratedSerializationConstructorAccessor103'
Event: 308632.239 Thread 0x0000015e51a838d0 Unloading class 0x0000015e01008400 'jdk/internal/reflect/GeneratedSerializationConstructorAccessor102'
Event: 308632.240 Thread 0x0000015e51a838d0 Unloading class 0x0000015e0100c000 'jdk/internal/reflect/GeneratedSerializationConstructorAccessor101'
Event: 308632.240 Thread 0x0000015e51a838d0 Unloading class 0x0000015e0100d800 'java/lang/invoke/LambdaForm$MH+0x0000015e0100d800'
Event: 308632.240 Thread 0x0000015e51a838d0 Unloading class 0x0000015e01014800 'java/lang/invoke/LambdaForm$MH+0x0000015e01014800'
Event: 308632.240 Thread 0x0000015e51a838d0 Unloading class 0x0000015e01016400 'jdk/internal/reflect/GeneratedSerializationConstructorAccessor100'
Event: 308632.240 Thread 0x0000015e51a838d0 Unloading class 0x0000015e01017400 'jdk/internal/reflect/GeneratedSerializationConstructorAccessor99'
Event: 308632.240 Thread 0x0000015e51a838d0 Unloading class 0x0000015e01018800 'jdk/internal/reflect/GeneratedSerializationConstructorAccessor98'
Event: 308632.240 Thread 0x0000015e51a838d0 Unloading class 0x0000015e01019400 'jdk/internal/reflect/GeneratedSerializationConstructorAccessor97'
Event: 308632.240 Thread 0x0000015e51a838d0 Unloading class 0x0000015e0101d400 'jdk/internal/reflect/GeneratedSerializationConstructorAccessor96'
Event: 308632.240 Thread 0x0000015e51a838d0 Unloading class 0x0000015e0101dc00 'jdk/internal/reflect/GeneratedSerializationConstructorAccessor95'
Event: 308632.240 Thread 0x0000015e51a838d0 Unloading class 0x0000015e0101e400 'jdk/internal/reflect/GeneratedSerializationConstructorAccessor94'
Event: 308632.240 Thread 0x0000015e51a838d0 Unloading class 0x0000015e0101f800 'jdk/internal/reflect/GeneratedSerializationConstructorAccessor93'
Event: 308632.240 Thread 0x0000015e51a838d0 Unloading class 0x0000015e01080800 'jdk/internal/reflect/GeneratedSerializationConstructorAccessor92'
Event: 308632.240 Thread 0x0000015e51a838d0 Unloading class 0x0000015e01082400 'java/lang/invoke/LambdaForm$MH+0x0000015e01082400'
Event: 308632.241 Thread 0x0000015e51a838d0 Unloading class 0x0000015e013e9000 'java/lang/invoke/LambdaForm$MH+0x0000015e013e9000'
Event: 308632.241 Thread 0x0000015e51a838d0 Unloading class 0x0000015e014a8400 'jdk/internal/reflect/GeneratedSerializationConstructorAccessor91'
Event: 308632.241 Thread 0x0000015e51a838d0 Unloading class 0x0000015e014a9400 'jdk/internal/reflect/GeneratedSerializationConstructorAccessor90'
Event: 308632.241 Thread 0x0000015e51a838d0 Unloading class 0x0000015e014f8c00 'jdk/internal/reflect/GeneratedSerializationConstructorAccessor89'

Classes redefined (0 events):
No events

Internal exceptions (20 events):
Event: 308756.057 Thread 0x0000015e7ba6eba0 Exception <a 'sun/nio/fs/WindowsException'{0x00000000d558e408}> (0x00000000d558e408) 
thrown [s\src\hotspot\share\prims\jni.cpp, line 520]
Event: 308756.096 Thread 0x0000015e7ba6eba0 Exception <a 'java/lang/NoSuchMethodError'{0x00000000d5709cc8}: static Lorg/eclipse/m2e/core/internal/lifecyclemapping/model/PluginExecutionMetadata;.<clinit>()V> (0x00000000d5709cc8) 
thrown [s\src\hotspot\share\prims\jni.cpp, line 1111]
Event: 308756.098 Thread 0x0000015e7ba6eba0 Exception <a 'java/lang/NoSuchMethodError'{0x00000000d572c0e8}: static Lorg/eclipse/m2e/core/internal/lifecyclemapping/model/PluginExecutionFilter;.<clinit>()V> (0x00000000d572c0e8) 
thrown [s\src\hotspot\share\prims\jni.cpp, line 1111]
Event: 308756.099 Thread 0x0000015e7ba6eba0 Exception <a 'java/lang/NoSuchMethodError'{0x00000000d5745ff8}: static Lorg/eclipse/m2e/core/internal/project/registry/MavenProjectFacade$MavenProjectConfiguration;.<clinit>()V> (0x00000000d5745ff8) 
thrown [s\src\hotspot\share\prims\jni.cpp, line 1111]
Event: 308756.100 Thread 0x0000015e7ba6eba0 Exception <a 'java/lang/NoSuchMethodError'{0x00000000d5761ba8}: static [J.<clinit>()V> (0x00000000d5761ba8) 
thrown [s\src\hotspot\share\prims\jni.cpp, line 1111]
Event: 308825.551 Thread 0x0000015e6e135b70 Exception <a 'sun/nio/fs/WindowsException'{0x00000000d5580748}> (0x00000000d5580748) 
thrown [s\src\hotspot\share\prims\jni.cpp, line 520]
Event: 308825.871 Thread 0x0000015e7cff4a20 Implicit null exception at 0x0000015e5dcc6a69 to 0x0000015e5dcc85fc
Event: 308826.151 Thread 0x0000015e6e135b70 Exception <a 'sun/nio/fs/WindowsException'{0x00000000d5636e30}> (0x00000000d5636e30) 
thrown [s\src\hotspot\share\prims\jni.cpp, line 520]
Event: 308830.761 Thread 0x0000015e7cff8530 Implicit null exception at 0x0000015e5dd53ad3 to 0x0000015e5dd540f4
Event: 308830.762 Thread 0x0000015e7cff8530 Implicit null exception at 0x0000015e5cb45736 to 0x0000015e5cb46b84
Event: 308831.676 Thread 0x0000015e6e135b70 Exception <a 'sun/nio/fs/WindowsException'{0x00000000d571d2b0}> (0x00000000d571d2b0) 
thrown [s\src\hotspot\share\prims\jni.cpp, line 520]
Event: 308832.180 Thread 0x0000015e6e135b70 Exception <a 'sun/nio/fs/WindowsException'{0x00000000d56b7c78}> (0x00000000d56b7c78) 
thrown [s\src\hotspot\share\prims\jni.cpp, line 520]
Event: 309125.575 Thread 0x0000015e7cff7ea0 Exception <a 'sun/nio/fs/WindowsException'{0x00000000d5a4e398}> (0x00000000d5a4e398) 
thrown [s\src\hotspot\share\prims\jni.cpp, line 520]
Event: 309125.575 Thread 0x0000015e7cff7ea0 Exception <a 'sun/nio/fs/WindowsException'{0x00000000d5a4efa0}> (0x00000000d5a4efa0) 
thrown [s\src\hotspot\share\prims\jni.cpp, line 520]
Event: 310068.705 Thread 0x0000015e6e135b70 Exception <a 'sun/nio/fs/WindowsException'{0x00000000d55ec338}> (0x00000000d55ec338) 
thrown [s\src\hotspot\share\prims\jni.cpp, line 520]
Event: 310069.131 Thread 0x0000015e6e135b70 Exception <a 'sun/nio/fs/WindowsException'{0x00000000d572bb78}> (0x00000000d572bb78) 
thrown [s\src\hotspot\share\prims\jni.cpp, line 520]
Event: 310083.274 Thread 0x0000015e6e135b70 Exception <a 'sun/nio/fs/WindowsException'{0x00000000d5adf460}> (0x00000000d5adf460) 
thrown [s\src\hotspot\share\prims\jni.cpp, line 520]
Event: 310083.967 Thread 0x0000015e6e135b70 Exception <a 'sun/nio/fs/WindowsException'{0x00000000d5b0f300}> (0x00000000d5b0f300) 
thrown [s\src\hotspot\share\prims\jni.cpp, line 520]
Event: 310368.758 Thread 0x0000015e7ba6e510 Exception <a 'sun/nio/fs/WindowsException'{0x00000000d5ab64c0}> (0x00000000d5ab64c0) 
thrown [s\src\hotspot\share\prims\jni.cpp, line 520]
Event: 310368.759 Thread 0x0000015e7ba6e510 Exception <a 'sun/nio/fs/WindowsException'{0x00000000d5ab7168}> (0x00000000d5ab7168) 
thrown [s\src\hotspot\share\prims\jni.cpp, line 520]

ZGC Phase Switch (0 events):
No events

VM Operations (20 events):
Event: 409561.954 Executing VM operation: HandshakeAllThreads (HandshakeForDeflation)
Event: 409561.954 Executing VM operation: HandshakeAllThreads (HandshakeForDeflation) done
Event: 409561.954 Executing VM operation: RendezvousGCThreads
Event: 409561.954 Executing VM operation: RendezvousGCThreads done
Event: 410463.330 Executing VM operation: HandshakeAllThreads (HandshakeForDeflation)
Event: 410463.331 Executing VM operation: HandshakeAllThreads (HandshakeForDeflation) done
Event: 410463.331 Executing VM operation: RendezvousGCThreads
Event: 410463.331 Executing VM operation: RendezvousGCThreads done
Event: 411365.559 Executing VM operation: HandshakeAllThreads (HandshakeForDeflation)
Event: 411365.559 Executing VM operation: HandshakeAllThreads (HandshakeForDeflation) done
Event: 411365.559 Executing VM operation: RendezvousGCThreads
Event: 411365.559 Executing VM operation: RendezvousGCThreads done
Event: 414071.803 Executing VM operation: HandshakeAllThreads (HandshakeForDeflation)
Event: 414071.804 Executing VM operation: HandshakeAllThreads (HandshakeForDeflation) done
Event: 414071.804 Executing VM operation: RendezvousGCThreads
Event: 414071.804 Executing VM operation: RendezvousGCThreads done
Event: 415876.088 Executing VM operation: HandshakeAllThreads (HandshakeForDeflation)
Event: 415876.088 Executing VM operation: HandshakeAllThreads (HandshakeForDeflation) done
Event: 415876.089 Executing VM operation: RendezvousGCThreads
Event: 415876.089 Executing VM operation: RendezvousGCThreads done

Memory protections (0 events):
No events

Nmethod flushes (20 events):
Event: 308633.584 Thread 0x0000015e51a838d0 flushing  nmethod 0x0000015e56dd1310
Event: 308633.584 Thread 0x0000015e51a838d0 flushing  nmethod 0x0000015e56e21a10
Event: 308633.584 Thread 0x0000015e51a838d0 flushing  nmethod 0x0000015e56e52d10
Event: 308633.584 Thread 0x0000015e51a838d0 flushing  nmethod 0x0000015e56f1ca10
Event: 308633.584 Thread 0x0000015e51a838d0 flushing  nmethod 0x0000015e56f46b10
Event: 308633.584 Thread 0x0000015e51a838d0 flushing  nmethod 0x0000015e57125f10
Event: 308633.584 Thread 0x0000015e51a838d0 flushing  nmethod 0x0000015e57163590
Event: 308633.584 Thread 0x0000015e51a838d0 flushing  nmethod 0x0000015e57163b10
Event: 308633.584 Thread 0x0000015e51a838d0 flushing  nmethod 0x0000015e57167b90
Event: 308633.585 Thread 0x0000015e51a838d0 flushing  nmethod 0x0000015e57184490
Event: 308633.585 Thread 0x0000015e51a838d0 flushing  nmethod 0x0000015e57188790
Event: 308633.585 Thread 0x0000015e51a838d0 flushing  nmethod 0x0000015e5719d190
Event: 308633.585 Thread 0x0000015e51a838d0 flushing  nmethod 0x0000015e571a7990
Event: 308633.585 Thread 0x0000015e51a838d0 flushing  nmethod 0x0000015e571a9890
Event: 308633.585 Thread 0x0000015e51a838d0 flushing  nmethod 0x0000015e571e0290
Event: 308633.585 Thread 0x0000015e51a838d0 flushing  nmethod 0x0000015e57319810
Event: 308633.585 Thread 0x0000015e51a838d0 flushing  nmethod 0x0000015e57345d90
Event: 308633.585 Thread 0x0000015e51a838d0 flushing  nmethod 0x0000015e5750c910
Event: 308633.585 Thread 0x0000015e51a838d0 flushing  nmethod 0x0000015e5764b690
Event: 308633.585 Thread 0x0000015e51a838d0 flushing  nmethod 0x0000015e57672110

Events (20 events):
Event: 324064.858 Thread 0x0000015e6f43c020 Thread added: 0x0000015e7cff8530
Event: 324065.143 Thread 0x0000015e6f43c020 Thread added: 0x0000015e7cff4a20
Event: 324065.159 Thread 0x0000015e7cff8530 Thread added: 0x0000015e7cff7180
Event: 324065.222 Thread 0x0000015e7cff4a20 Thread added: 0x0000015e7cff7ea0
Event: 324065.230 Thread 0x0000015e7cff7180 Thread added: 0x0000015e7cff9250
Event: 324065.424 Thread 0x0000015e7cff9250 Thread added: 0x0000015e7cff98e0
Event: 324196.187 Thread 0x0000015e7cff98e0 Thread exited: 0x0000015e7cff98e0
Event: 324256.170 Thread 0x0000015e7cff8530 Thread exited: 0x0000015e7cff8530
Event: 324316.182 Thread 0x0000015e7cff4a20 Thread exited: 0x0000015e7cff4a20
Event: 324376.183 Thread 0x0000015e7cff9250 Thread exited: 0x0000015e7cff9250
Event: 324436.186 Thread 0x0000015e7cff7ea0 Thread exited: 0x0000015e7cff7ea0
Event: 324496.201 Thread 0x0000015e7cff7180 Thread exited: 0x0000015e7cff7180
Event: 330326.258 Thread 0x0000015e7ba6d160 Thread added: 0x0000015e7cff9250
Event: 330446.273 Thread 0x0000015e7ba6d160 Thread exited: 0x0000015e7ba6d160
Event: 333026.301 Thread 0x0000015e7cff9250 Thread added: 0x0000015e7cff7180
Event: 333026.308 Thread 0x0000015e7ba6eba0 Thread exited: 0x0000015e7ba6eba0
Event: 334826.368 Thread 0x0000015e7cff7180 Thread added: 0x0000015e7cff5dd0
Event: 334886.374 Thread 0x0000015e7cff9250 Thread exited: 0x0000015e7cff9250
Event: 358227.444 Thread 0x0000015e7cff5dd0 Thread added: 0x0000015e7cff7ea0
Event: 358287.459 Thread 0x0000015e7cff5dd0 Thread exited: 0x0000015e7cff5dd0


Dynamic libraries:
0x00007ff6a86f0000 - 0x00007ff6a86fe000 	c:\Users\user\.vscode\extensions\redhat.java-1.51.0-win32-x64\jre\21.0.9-win32-x86_64\bin\java.exe
0x00007fff2e910000 - 0x00007fff2eb28000 	C:\WINDOWS\SYSTEM32\ntdll.dll
0x00007fff2dfd0000 - 0x00007fff2e094000 	C:\WINDOWS\System32\KERNEL32.DLL
0x00007fff2bd30000 - 0x00007fff2c103000 	C:\WINDOWS\System32\KERNELBASE.dll
0x00007fff2bb90000 - 0x00007fff2bca1000 	C:\WINDOWS\System32\ucrtbase.dll
0x00007fff08f20000 - 0x00007fff08f38000 	c:\Users\user\.vscode\extensions\redhat.java-1.51.0-win32-x64\jre\21.0.9-win32-x86_64\bin\jli.dll
0x00007fff2da40000 - 0x00007fff2dbf2000 	C:\WINDOWS\System32\USER32.dll
0x00007fff2c4e0000 - 0x00007fff2c506000 	C:\WINDOWS\System32\win32u.dll
0x00007fff2cfc0000 - 0x00007fff2cfe9000 	C:\WINDOWS\System32\GDI32.dll
0x00007fff2c110000 - 0x00007fff2c22b000 	C:\WINDOWS\System32\gdi32full.dll
0x00007fff2c510000 - 0x00007fff2c5aa000 	C:\WINDOWS\System32\msvcp_win.dll
0x00007fff18890000 - 0x00007fff18b2c000 	C:\WINDOWS\WinSxS\amd64_microsoft.windows.common-controls_6595b64144ccf1df_6.0.22621.6060_none_2712eda17382d24b\COMCTL32.dll
0x00007fff2e0a0000 - 0x00007fff2e147000 	C:\WINDOWS\System32\msvcrt.dll
0x00007fff015b0000 - 0x00007fff015ce000 	c:\Users\user\.vscode\extensions\redhat.java-1.51.0-win32-x64\jre\21.0.9-win32-x86_64\bin\VCRUNTIME140.dll
0x00007fff2c630000 - 0x00007fff2c661000 	C:\WINDOWS\System32\IMM32.DLL
0x000000006d3d0000 - 0x000000006d3dc000 	C:\Program Files (x86)\360\Total Security\safemon\SafeWrapper.dll
0x00007fff2cce0000 - 0x00007fff2cd91000 	C:\WINDOWS\System32\ADVAPI32.dll
0x00007fff2e1b0000 - 0x00007fff2e258000 	C:\WINDOWS\System32\sechost.dll
0x00007fff2ba20000 - 0x00007fff2ba48000 	C:\WINDOWS\System32\bcrypt.dll
0x00007fff2de20000 - 0x00007fff2df38000 	C:\WINDOWS\System32\RPCRT4.dll
0x00007ffefe8b0000 - 0x00007ffefe95c000 	C:\Program Files (x86)\360\Total Security\safemon\libzdtp64.dll
0x00007fff2cff0000 - 0x00007fff2d88c000 	C:\WINDOWS\System32\SHELL32.dll
0x00007fff2c3a0000 - 0x00007fff2c4df000 	C:\WINDOWS\System32\wintypes.dll
0x00007fff2e400000 - 0x00007fff2e791000 	C:\WINDOWS\System32\combase.dll
0x00007fff2cdb0000 - 0x00007fff2ce19000 	C:\WINDOWS\System32\SHLWAPI.dll
0x00007fff2b460000 - 0x00007fff2b46a000 	C:\WINDOWS\SYSTEM32\VERSION.dll
0x00007fff015a0000 - 0x00007fff015ac000 	c:\Users\user\.vscode\extensions\redhat.java-1.51.0-win32-x64\jre\21.0.9-win32-x86_64\bin\vcruntime140_1.dll
0x00007ffeff080000 - 0x00007ffeff10d000 	c:\Users\user\.vscode\extensions\redhat.java-1.51.0-win32-x64\jre\21.0.9-win32-x86_64\bin\msvcp140.dll
0x00007ffec3060000 - 0x00007ffec3e00000 	c:\Users\user\.vscode\extensions\redhat.java-1.51.0-win32-x64\jre\21.0.9-win32-x86_64\bin\server\jvm.dll
0x00007fff2df50000 - 0x00007fff2dfc1000 	C:\WINDOWS\System32\WS2_32.dll
0x00007fff2b7f0000 - 0x00007fff2b83d000 	C:\WINDOWS\SYSTEM32\POWRPROF.dll
0x00007fff24890000 - 0x00007fff248c4000 	C:\WINDOWS\SYSTEM32\WINMM.dll
0x00007fff2b6d0000 - 0x00007fff2b6e3000 	C:\WINDOWS\SYSTEM32\UMPDC.dll
0x00007fff2a990000 - 0x00007fff2a9a8000 	C:\WINDOWS\SYSTEM32\kernel.appcore.dll
0x00007fff01590000 - 0x00007fff0159a000 	c:\Users\user\.vscode\extensions\redhat.java-1.51.0-win32-x64\jre\21.0.9-win32-x86_64\bin\jimage.dll
0x00007fff29210000 - 0x00007fff29443000 	C:\WINDOWS\SYSTEM32\DBGHELP.DLL
0x00007fff2e270000 - 0x00007fff2e348000 	C:\WINDOWS\System32\OLEAUT32.dll
0x00007fff291d0000 - 0x00007fff29202000 	C:\WINDOWS\SYSTEM32\dbgcore.DLL
0x00007fff2bb10000 - 0x00007fff2bb8b000 	C:\WINDOWS\System32\bcryptPrimitives.dll
0x00007fff01580000 - 0x00007fff0158f000 	c:\Users\user\.vscode\extensions\redhat.java-1.51.0-win32-x64\jre\21.0.9-win32-x86_64\bin\instrument.dll
0x00007ffefeff0000 - 0x00007ffeff010000 	c:\Users\user\.vscode\extensions\redhat.java-1.51.0-win32-x64\jre\21.0.9-win32-x86_64\bin\java.dll
0x00007fff298b0000 - 0x00007fff2a1ca000 	C:\WINDOWS\SYSTEM32\windows.storage.dll
0x00007fff2ce90000 - 0x00007fff2cf94000 	C:\WINDOWS\System32\SHCORE.dll
0x00007fff2b950000 - 0x00007fff2b975000 	C:\WINDOWS\SYSTEM32\profapi.dll
0x00007fff01560000 - 0x00007fff01578000 	c:\Users\user\.vscode\extensions\redhat.java-1.51.0-win32-x64\jre\21.0.9-win32-x86_64\bin\zip.dll
0x00007fff01550000 - 0x00007fff01560000 	C:\Users\user\.vscode\extensions\redhat.java-1.51.0-win32-x64\jre\21.0.9-win32-x86_64\bin\net.dll
0x00007fff28f80000 - 0x00007fff290ac000 	C:\WINDOWS\SYSTEM32\WINHTTP.dll
0x00007fff2ae70000 - 0x00007fff2aed9000 	C:\WINDOWS\system32\mswsock.dll
0x00007ffeff020000 - 0x00007ffeff036000 	C:\Users\user\.vscode\extensions\redhat.java-1.51.0-win32-x64\jre\21.0.9-win32-x86_64\bin\nio.dll
0x00007ffeff070000 - 0x00007ffeff080000 	c:\Users\user\.vscode\extensions\redhat.java-1.51.0-win32-x64\jre\21.0.9-win32-x86_64\bin\verify.dll
0x00007ffefb540000 - 0x00007ffefb584000 	C:\Users\user\AppData\Roaming\Code\User\globalStorage\redhat.java\1.51.0\config_win\org.eclipse.equinox.launcher\org.eclipse.equinox.launcher.win32.win32.x86_64_1.2.1400.v20250801-0854\eclipse_11916.dll
0x00007fff2d890000 - 0x00007fff2da31000 	C:\WINDOWS\System32\ole32.dll
0x00007fff2b0c0000 - 0x00007fff2b0db000 	C:\WINDOWS\SYSTEM32\CRYPTSP.dll
0x00007fff2a8f0000 - 0x00007fff2a927000 	C:\WINDOWS\system32\rsaenh.dll
0x00007fff2af60000 - 0x00007fff2af88000 	C:\WINDOWS\SYSTEM32\USERENV.dll
0x00007fff2b0e0000 - 0x00007fff2b0ec000 	C:\WINDOWS\SYSTEM32\CRYPTBASE.dll
0x00007fff2a420000 - 0x00007fff2a44d000 	C:\WINDOWS\SYSTEM32\IPHLPAPI.DLL
0x00007fff2df40000 - 0x00007fff2df49000 	C:\WINDOWS\System32\NSI.dll
0x00007ffec41f0000 - 0x00007ffec4239000 	C:\Users\user\AppData\Local\Temp\jna-3599307\jna12641514221847481328.dll
0x00007fff2e150000 - 0x00007fff2e158000 	C:\WINDOWS\System32\PSAPI.DLL
0x00007fff244c0000 - 0x00007fff244d9000 	C:\WINDOWS\SYSTEM32\dhcpcsvc6.DLL
0x00007fff244a0000 - 0x00007fff244bf000 	C:\WINDOWS\SYSTEM32\dhcpcsvc.DLL
0x00007fff26dc0000 - 0x00007fff26dce000 	C:\Users\user\.vscode\extensions\redhat.java-1.51.0-win32-x64\jre\21.0.9-win32-x86_64\bin\sunmscapi.dll
0x00007fff2c230000 - 0x00007fff2c398000 	C:\WINDOWS\System32\CRYPT32.dll
0x00007fff2b280000 - 0x00007fff2b2ae000 	C:\WINDOWS\SYSTEM32\ncrypt.dll
0x00007fff2b240000 - 0x00007fff2b277000 	C:\WINDOWS\SYSTEM32\NTASN1.dll
0x00007fff2a450000 - 0x00007fff2a548000 	C:\WINDOWS\SYSTEM32\DNSAPI.dll
0x00007fff238e0000 - 0x00007fff238ea000 	C:\Windows\System32\rasadhlp.dll
0x00007fff23490000 - 0x00007fff23514000 	C:\WINDOWS\System32\fwpuclnt.dll
0x00007fff26cf0000 - 0x00007fff26cf9000 	C:\Users\user\.vscode\extensions\redhat.java-1.51.0-win32-x64\jre\21.0.9-win32-x86_64\bin\extnet.dll

JVMTI agents:
c:\Users\user\.vscode\extensions\redhat.java-1.51.0-win32-x64\lombok\lombok-1.18.39-4050.jar path:c:\Users\user\.vscode\extensions\redhat.java-1.51.0-win32-x64\jre\21.0.9-win32-x86_64\bin\instrument.dll, loaded, initialized, instrumentlib options:none

dbghelp: loaded successfully - version: 4.0.5 - missing functions: none
symbol engine: initialized successfully - sym options: 0x614 - pdb path: .;c:\Users\user\.vscode\extensions\redhat.java-1.51.0-win32-x64\jre\21.0.9-win32-x86_64\bin;C:\WINDOWS\SYSTEM32;C:\WINDOWS\WinSxS\amd64_microsoft.windows.common-controls_6595b64144ccf1df_6.0.22621.6060_none_2712eda17382d24b;C:\Program Files (x86)\360\Total Security\safemon;c:\Users\user\.vscode\extensions\redhat.java-1.51.0-win32-x64\jre\21.0.9-win32-x86_64\bin\server;C:\Users\user\AppData\Roaming\Code\User\globalStorage\redhat.java\1.51.0\config_win\org.eclipse.equinox.launcher\org.eclipse.equinox.launcher.win32.win32.x86_64_1.2.1400.v20250801-0854;C:\Users\user\AppData\Local\Temp\jna-3599307

VM Arguments:
jvm_args: --add-modules=ALL-SYSTEM --add-opens=java.base/java.util=ALL-UNNAMED --add-opens=java.base/java.lang=ALL-UNNAMED --add-opens=java.base/sun.nio.fs=ALL-UNNAMED -Declipse.application=org.eclipse.jdt.ls.core.id1 -Dosgi.bundles.defaultStartLevel=4 -Declipse.product=org.eclipse.jdt.ls.core.product -Djava.import.generatesMetadataFilesAtProjectRoot=false -DDetectVMInstallationsJob.disabled=true -Dfile.encoding=utf8 -XX:+UseParallelGC -XX:GCTimeRatio=4 -XX:AdaptiveSizePolicyWeight=90 -Dsun.zip.disableMemoryMapping=true -Xmx2G -Xms100m -Xlog:disable -javaagent:c:\Users\user\.vscode\extensions\redhat.java-1.51.0-win32-x64\lombok\lombok-1.18.39-4050.jar -XX:+HeapDumpOnOutOfMemoryError -XX:HeapDumpPath=c:\Users\user\AppData\Roaming\Code\User\workspaceStorage\0674b5c6fcfe98aa21c3e4592ae7b086\redhat.java -Daether.dependencyCollector.impl=bf 
java_command: c:\Users\user\.vscode\extensions\redhat.java-1.51.0-win32-x64\server\plugins\org.eclipse.equinox.launcher_1.7.100.v20251111-0406.jar -configuration c:\Users\user\AppData\Roaming\Code\User\globalStorage\redhat.java\1.51.0\config_win -data c:\Users\user\AppData\Roaming\Code\User\workspaceStorage\0674b5c6fcfe98aa21c3e4592ae7b086\redhat.java\jdt_ws --pipe=\\.\pipe\lsp-47f1b61f65852f577bb6313266ff5832-sock
java_class_path (initial): c:\Users\user\.vscode\extensions\redhat.java-1.51.0-win32-x64\server\plugins\org.eclipse.equinox.launcher_1.7.100.v20251111-0406.jar
Launcher Type: SUN_STANDARD

[Global flags]
    uintx AdaptiveSizePolicyWeight                 = 90                                        {product} {command line}
     intx CICompilerCount                          = 4                                         {product} {ergonomic}
    uintx GCTimeRatio                              = 4                                         {product} {command line}
     bool HeapDumpOnOutOfMemoryError               = true                                   {manageable} {command line}
    ccstr HeapDumpPath                             = c:\Users\user\AppData\Roaming\Code\User\workspaceStorage\0674b5c6fcfe98aa21c3e4592ae7b086\redhat.java         {manageable} {command line}
   size_t InitialHeapSize                          = 104857600                                 {product} {command line}
   size_t MaxHeapSize                              = 2147483648                                {product} {command line}
   size_t MaxNewSize                               = 715653120                                 {product} {ergonomic}
   size_t MinHeapDeltaBytes                        = 524288                                    {product} {ergonomic}
   size_t MinHeapSize                              = 104857600                                 {product} {command line}
   size_t NewSize                                  = 34603008                                  {product} {ergonomic}
    uintx NonNMethodCodeHeapSize                   = 5839372                                {pd product} {ergonomic}
    uintx NonProfiledCodeHeapSize                  = 122909434                              {pd product} {ergonomic}
   size_t OldSize                                  = 70254592                                  {product} {ergonomic}
    uintx ProfiledCodeHeapSize                     = 122909434                              {pd product} {ergonomic}
    uintx ReservedCodeCacheSize                    = 251658240                              {pd product} {ergonomic}
     bool SegmentedCodeCache                       = true                                      {product} {ergonomic}
   size_t SoftMaxHeapSize                          = 2147483648                             {manageable} {ergonomic}
     bool UseCompressedOops                        = true                           {product lp64_product} {ergonomic}
     bool UseLargePagesIndividualAllocation        = false                                  {pd product} {ergonomic}
     bool UseParallelGC                            = true                                      {product} {command line}

Logging:
Log output configuration:
 #0: stdout all=off uptime,level,tags foldmultilines=false
 #1: stderr all=off uptime,level,tags foldmultilines=false

Release file:
JAVA_VERSION="21.0.9" 
MODULES="java.base java.compiler java.datatransfer java.xml java.prefs java.desktop java.instrument java.logging java.management java.security.sasl java.naming java.rmi java.management.rmi java.net.http java.scripting java.security.jgss java.transaction.xa java.sql java.sql.rowset java.xml.crypto java.se java.smartcardio jdk.accessibility jdk.internal.jvmstat jdk.attach jdk.charsets jdk.internal.opt jdk.zipfs jdk.compiler jdk.crypto.ec jdk.crypto.cryptoki jdk.crypto.mscapi jdk.dynalink jdk.internal.ed jdk.editpad jdk.hotspot.agent jdk.httpserver jdk.internal.le jdk.internal.vm.ci jdk.internal.vm.compiler jdk.internal.vm.compiler.management jdk.jartool jdk.javadoc jdk.jcmd jdk.management jdk.management.agent jdk.jconsole jdk.jdeps jdk.jdwp.agent jdk.jdi jdk.jfr jdk.jshell jdk.jsobject jdk.jstatd jdk.localedata jdk.management.jfr jdk.naming.dns jdk.naming.rmi jdk.net jdk.nio.mapmode jdk.random jdk.sctp jdk.security.auth jdk.security.jgss jdk.unsupported jdk.unsupported.desktop jdk.xml.dom" 

Environment Variables:
PATH=C:\Program Files\Eclipse Adoptium\jdk-17.0.17.10-hotspot\bin;C:\WINDOWS\system32;C:\WINDOWS;C:\WINDOWS\System32\Wbem;C:\WINDOWS\System32\WindowsPowerShell\v1.0\;C:\WINDOWS\System32\OpenSSH\;C:\Program Files\Git\cmd;C:\Program Files\nodejs\;C:\Program Files\MySQL\MySQL Shell 8.0\bin\;C:\Users\user\AppData\Local\Programs\Python\Launcher\;C:\Users\user\AppData\Local\Microsoft\WindowsApps;C:\Users\user\AppData\Local\Programs\Microsoft VS Code\bin;C:\Users\user\AppData\Roaming\npm;C:\Users\user\AppData\Local\Google\Cloud SDK\google-cloud-sdk\bin;C:\Users\user\AppData\Local\Microsoft\WinGet\Packages\Cloudflare.cloudflared_Microsoft.Winget.Source_8wekyb3d8bbwe;
USERNAME=user
OS=Windows_NT
PROCESSOR_IDENTIFIER=Intel64 Family 6 Model 126 Stepping 5, GenuineIntel
TMP=C:\Users\user\AppData\Local\Temp
TEMP=C:\Users\user\AppData\Local\Temp




Periodic native trim disabled

---------------  S Y S T E M  ---------------

OS:
 Windows 11 , 64 bit Build 22621 (10.0.22621.5415)
OS uptime: 4 days 19:44 hours

CPU: total 8 (initial active 8) (4 cores per cpu, 2 threads per core) family 6 model 126 stepping 5 microcode 0x86, cx8, cmov, fxsr, ht, mmx, 3dnowpref, sse, sse2, sse3, ssse3, sse4.1, sse4.2, popcnt, lzcnt, tsc, tscinvbit, avx, avx2, aes, erms, clmul, bmi1, bmi2, adx, avx512f, avx512dq, avx512cd, avx512bw, avx512vl, sha, fma, vzeroupper, avx512_vpopcntdq, avx512_vpclmulqdq, avx512_vaes, avx512_vnni, clflush, clflushopt, avx512_vbmi2, avx512_vbmi, rdtscp, rdpid, fsrm, gfni, avx512_bitalg, f16c, pku, avx512_ifma
Processor Information for the first 8 processors :
  Max Mhz: 1498, Current Mhz: 1298, Mhz Limit: 1288

Memory: 4k page, system-wide physical 7901M (598M free)
TotalPageFile size 32477M (AvailPageFile size 2M)
current process WorkingSet (physical memory assigned to process): 13M, peak: 1270M
current process commit charge ("private bytes"): 1021M, peak: 1794M

vm_info: OpenJDK 64-Bit Server VM (21.0.9+10-LTS) for windows-amd64 JRE (21.0.9+10-LTS), built on 2025-10-21T00:00:00Z by "admin" with unknown MS VC++:1942

END.
