#
# There is insufficient memory for the Java Runtime Environment to continue.
# Native memory allocation (malloc) failed to allocate 457216 bytes. Error detail: Chunk::new
# Possible reasons:
#   The system is out of physical RAM or swap space
#   This process is running with CompressedOops enabled, and the Java Heap may be blocking the growth of the native heap
# Possible solutions:
#   Reduce memory load on the system
#   Increase physical memory or swap space
#   Check if swap backing store is full
#   Decrease Java heap size (-Xmx/-Xms)
#   Decrease number of Java threads
#   Decrease Java thread stack sizes (-Xss)
#   Set larger code cache with -XX:ReservedCodeCacheSize=
#   JVM is running with Unscaled Compressed Oops mode in which the Java heap is
#     placed in the first 4GB address space. The Java Heap base address is the
#     maximum limit for the native heap growth. Please use -XX:HeapBaseMinAddress
#     to set the Java Heap base and to place the Java Heap above 4GB virtual address.
# This output file may be truncated or incomplete.
#
#  Out of Memory Error (arena.cpp:168), pid=193128, tid=21760
#
# JRE version: OpenJDK Runtime Environment Temurin-21.0.9+10 (21.0.9+10) (build 21.0.9+10-LTS)
# Java VM: OpenJDK 64-Bit Server VM Temurin-21.0.9+10 (21.0.9+10-LTS, mixed mode, sharing, tiered, compressed oops, compressed class ptrs, parallel gc, windows-amd64)
# No core dump will be written. Minidumps are not enabled by default on client versions of Windows
#

---------------  S U M M A R Y ------------

Command Line: --add-modules=ALL-SYSTEM --add-opens=java.base/java.util=ALL-UNNAMED --add-opens=java.base/java.lang=ALL-UNNAMED --add-opens=java.base/sun.nio.fs=ALL-UNNAMED -Declipse.application=org.eclipse.jdt.ls.core.id1 -Dosgi.bundles.defaultStartLevel=4 -Declipse.product=org.eclipse.jdt.ls.core.product -Djava.import.generatesMetadataFilesAtProjectRoot=false -DDetectVMInstallationsJob.disabled=true -Dfile.encoding=utf8 -XX:+UseParallelGC -XX:GCTimeRatio=4 -XX:AdaptiveSizePolicyWeight=90 -Dsun.zip.disableMemoryMapping=true -Xmx2G -Xms100m -Xlog:disable -javaagent:c:\Users\user\.vscode\extensions\redhat.java-1.51.0-win32-x64\lombok\lombok-1.18.39-4050.jar -XX:+HeapDumpOnOutOfMemoryError -XX:HeapDumpPath=c:\Users\user\AppData\Roaming\Code\User\workspaceStorage\0674b5c6fcfe98aa21c3e4592ae7b086\redhat.java -Daether.dependencyCollector.impl=bf c:\Users\user\.vscode\extensions\redhat.java-1.51.0-win32-x64\server\plugins\org.eclipse.equinox.launcher_1.7.100.v20251111-0406.jar -configuration c:\Users\user\AppData\Roaming\Code\User\globalStorage\redhat.java\1.51.0\config_win -data c:\Users\user\AppData\Roaming\Code\User\workspaceStorage\0674b5c6fcfe98aa21c3e4592ae7b086\redhat.java\jdt_ws --pipe=\\.\pipe\lsp-d2b1348aa2a7bdf3ea89d98d720e653a-sock

Host: Intel(R) Core(TM) i7-1065G7 CPU @ 1.30GHz, 8 cores, 7G,  Windows 11 , 64 bit Build 22621 (10.0.22621.5415)
Time: Wed Feb  4 09:29:15 2026 elapsed time: 17.462752 seconds (0d 0h 0m 17s)

---------------  T H R E A D  ---------------

Current thread (0x0000024f14bce0d0):  JavaThread "C2 CompilerThread2" daemon [_thread_in_native, id=21760, stack(0x0000009810b00000,0x0000009810c00000) (1024K)]


Current CompileTask:
C2:17463 13804       4       java.lang.invoke.DirectMethodHandle::make (275 bytes)

Stack: [0x0000009810b00000,0x0000009810c00000]
Native frames: (J=compiled Java code, j=interpreted, Vv=VM code, C=native code)
V  [jvm.dll+0x6d6e29]
V  [jvm.dll+0x8b4b76]
V  [jvm.dll+0x8b712e]
V  [jvm.dll+0x8b7813]
V  [jvm.dll+0x283d86]
V  [jvm.dll+0xc66ed]
V  [jvm.dll+0xc6c31]
V  [jvm.dll+0x2facee]
V  [jvm.dll+0x5fde44]
V  [jvm.dll+0x255557]
V  [jvm.dll+0x24dc5f]
V  [jvm.dll+0x24b482]
V  [jvm.dll+0x1cb13e]
V  [jvm.dll+0x25b29d]
V  [jvm.dll+0x25982a]
V  [jvm.dll+0x3f7ea6]
V  [jvm.dll+0x85e9ad]
V  [jvm.dll+0x6d565d]
C  [ucrtbase.dll+0x29333]
C  [KERNEL32.DLL+0x1259d]
C  [ntdll.dll+0x5af78]


---------------  P R O C E S S  ---------------

Threads class SMR info:
_java_thread_list=0x0000024f25e2fb10, length=67, elements={
0x0000024eb37918c0, 0x0000024eb5aebb00, 0x0000024eb5aec750, 0x0000024eb5aee580,
0x0000024f13003cd0, 0x0000024f13006ca0, 0x0000024f1300a800, 0x0000024f1300b670,
0x0000024f1300ef40, 0x0000024f131ea520, 0x0000024f132b6470, 0x0000024f1338a170,
0x0000024f136bbab0, 0x0000024f13d59820, 0x0000024f13f428d0, 0x0000024f13bcead0,
0x0000024f1408d8a0, 0x0000024f140fdb60, 0x0000024f14307330, 0x0000024f13382e40,
0x0000024f13fc4020, 0x0000024f13fc74a0, 0x0000024f13fc46b0, 0x0000024f14bce0d0,
0x0000024f13fc5a60, 0x0000024f13fc4d40, 0x0000024f13fc60f0, 0x0000024f13fc53d0,
0x0000024f13fc6780, 0x0000024f13fc6e10, 0x0000024f17786cd0, 0x0000024f177879f0,
0x0000024f17788da0, 0x0000024f17785290, 0x0000024f17784570, 0x0000024f17789430,
0x0000024f1778a150, 0x0000024f17788080, 0x0000024f17788710, 0x0000024f17789ac0,
0x0000024f17785920, 0x0000024f1778a7e0, 0x0000024f17783ee0, 0x0000024f17786640,
0x0000024f17783850, 0x0000024f17787360, 0x0000024f1778ae70, 0x0000024f17784c00,
0x0000024f17785fb0, 0x0000024f136336e0, 0x0000024f13633d70, 0x0000024f13631610,
0x0000024f136364d0, 0x0000024f13636b60, 0x0000024f13634400, 0x0000024f1362fbd0,
0x0000024f13635120, 0x0000024f136357b0, 0x0000024f13634a90, 0x0000024f13631ca0,
0x0000024f136371f0, 0x0000024f217df7b0, 0x0000024f217e04d0, 0x0000024f217e1f10,
0x0000024f217daf80, 0x0000024f217dfe40, 0x0000024f217dc330
}

Java Threads: ( => current thread )
  0x0000024eb37918c0 JavaThread "main"                              [_thread_blocked, id=163732, stack(0x000000980ea00000,0x000000980eb00000) (1024K)]
  0x0000024eb5aebb00 JavaThread "Reference Handler"          daemon [_thread_blocked, id=161600, stack(0x000000980ee00000,0x000000980ef00000) (1024K)]
  0x0000024eb5aec750 JavaThread "Finalizer"                  daemon [_thread_blocked, id=165624, stack(0x000000980ef00000,0x000000980f000000) (1024K)]
  0x0000024eb5aee580 JavaThread "Signal Dispatcher"          daemon [_thread_blocked, id=4196, stack(0x000000980f000000,0x000000980f100000) (1024K)]
  0x0000024f13003cd0 JavaThread "Attach Listener"            daemon [_thread_blocked, id=141872, stack(0x000000980f100000,0x000000980f200000) (1024K)]
  0x0000024f13006ca0 JavaThread "Service Thread"             daemon [_thread_blocked, id=157188, stack(0x000000980f200000,0x000000980f300000) (1024K)]
  0x0000024f1300a800 JavaThread "Monitor Deflation Thread"   daemon [_thread_blocked, id=174840, stack(0x000000980f300000,0x000000980f400000) (1024K)]
  0x0000024f1300b670 JavaThread "C2 CompilerThread0"         daemon [_thread_blocked, id=200460, stack(0x000000980f400000,0x000000980f500000) (1024K)]
  0x0000024f1300ef40 JavaThread "C1 CompilerThread0"         daemon [_thread_blocked, id=198348, stack(0x000000980f500000,0x000000980f600000) (1024K)]
  0x0000024f131ea520 JavaThread "C2 CompilerThread1"         daemon [_thread_in_native, id=190468, stack(0x000000980f600000,0x000000980f700000) (1024K)]
  0x0000024f132b6470 JavaThread "Common-Cleaner"             daemon [_thread_blocked, id=186008, stack(0x000000980f700000,0x000000980f800000) (1024K)]
  0x0000024f1338a170 JavaThread "Notification Thread"        daemon [_thread_blocked, id=177244, stack(0x000000980f800000,0x000000980f900000) (1024K)]
  0x0000024f136bbab0 JavaThread "Active Thread: Equinox Container: c50261ef-981a-4dcd-aaad-2bd37a28db3b"        [_thread_blocked, id=193880, stack(0x0000009810000000,0x0000009810100000) (1024K)]
  0x0000024f13d59820 JavaThread "Refresh Thread: Equinox Container: c50261ef-981a-4dcd-aaad-2bd37a28db3b" daemon [_thread_blocked, id=147780, stack(0x0000009810200000,0x0000009810300000) (1024K)]
  0x0000024f13f428d0 JavaThread "Framework Event Dispatcher: Equinox Container: c50261ef-981a-4dcd-aaad-2bd37a28db3b" daemon [_thread_blocked, id=147784, stack(0x0000009810300000,0x0000009810400000) (1024K)]
  0x0000024f13bcead0 JavaThread "Start Level: Equinox Container: c50261ef-981a-4dcd-aaad-2bd37a28db3b" daemon [_thread_blocked, id=168892, stack(0x0000009810400000,0x0000009810500000) (1024K)]
  0x0000024f1408d8a0 JavaThread "Bundle File Closer"         daemon [_thread_blocked, id=181436, stack(0x0000009810500000,0x0000009810600000) (1024K)]
  0x0000024f140fdb60 JavaThread "SCR Component Actor"        daemon [_thread_blocked, id=179784, stack(0x0000009810600000,0x0000009810700000) (1024K)]
  0x0000024f14307330 JavaThread "Worker-JM"                         [_thread_blocked, id=147332, stack(0x0000009810700000,0x0000009810800000) (1024K)]
  0x0000024f13382e40 JavaThread "JNA Cleaner"                daemon [_thread_blocked, id=153928, stack(0x000000980f900000,0x000000980fa00000) (1024K)]
  0x0000024f13fc4020 JavaThread "Worker-0"                          [_thread_blocked, id=203404, stack(0x0000009810800000,0x0000009810900000) (1024K)]
  0x0000024f13fc74a0 JavaThread "Worker-1"                          [_thread_blocked, id=157088, stack(0x0000009810900000,0x0000009810a00000) (1024K)]
  0x0000024f13fc46b0 JavaThread "Worker-2: Initialize workspace"        [_thread_blocked, id=114552, stack(0x0000009810a00000,0x0000009810b00000) (1024K)]
=>0x0000024f14bce0d0 JavaThread "C2 CompilerThread2"         daemon [_thread_in_native, id=21760, stack(0x0000009810b00000,0x0000009810c00000) (1024K)]
  0x0000024f13fc5a60 JavaThread "Java indexing"              daemon [_thread_blocked, id=186028, stack(0x0000009810c00000,0x0000009810d00000) (1024K)]
  0x0000024f13fc4d40 JavaThread "Worker-3"                          [_thread_blocked, id=133924, stack(0x0000009810d00000,0x0000009810e00000) (1024K)]
  0x0000024f13fc60f0 JavaThread "Worker-4"                          [_thread_blocked, id=172668, stack(0x0000009811000000,0x0000009811100000) (1024K)]
  0x0000024f13fc53d0 JavaThread "Thread-1"                   daemon [_thread_in_native, id=153636, stack(0x0000009811100000,0x0000009811200000) (1024K)]
  0x0000024f13fc6780 JavaThread "Thread-2"                   daemon [_thread_in_native, id=153108, stack(0x0000009811200000,0x0000009811300000) (1024K)]
  0x0000024f13fc6e10 JavaThread "Thread-3"                   daemon [_thread_in_native, id=176020, stack(0x0000009811300000,0x0000009811400000) (1024K)]
  0x0000024f17786cd0 JavaThread "Thread-4"                   daemon [_thread_in_native, id=153676, stack(0x0000009811400000,0x0000009811500000) (1024K)]
  0x0000024f177879f0 JavaThread "Thread-5"                   daemon [_thread_in_native, id=182332, stack(0x0000009811500000,0x0000009811600000) (1024K)]
  0x0000024f17788da0 JavaThread "Thread-6"                   daemon [_thread_in_native, id=148020, stack(0x0000009811600000,0x0000009811700000) (1024K)]
  0x0000024f17785290 JavaThread "Thread-7"                   daemon [_thread_in_native, id=182916, stack(0x0000009811700000,0x0000009811800000) (1024K)]
  0x0000024f17784570 JavaThread "Thread-8"                   daemon [_thread_in_native, id=155756, stack(0x0000009811800000,0x0000009811900000) (1024K)]
  0x0000024f17789430 JavaThread "Thread-9"                   daemon [_thread_in_native, id=69972, stack(0x0000009811900000,0x0000009811a00000) (1024K)]
  0x0000024f1778a150 JavaThread "pool-2-thread-1"                   [_thread_blocked, id=191444, stack(0x0000009811a00000,0x0000009811b00000) (1024K)]
  0x0000024f17788080 JavaThread "WorkspaceEventsHandler"            [_thread_blocked, id=168380, stack(0x0000009811b00000,0x0000009811c00000) (1024K)]
  0x0000024f17788710 JavaThread "pool-1-thread-1"                   [_thread_blocked, id=204096, stack(0x0000009811c00000,0x0000009811d00000) (1024K)]
  0x0000024f17789ac0 JavaThread "LocalFile Deleter"          daemon [_thread_blocked, id=186940, stack(0x0000009811d00000,0x0000009811e00000) (1024K)]
  0x0000024f17785920 JavaThread "LocalFile Deleter"          daemon [_thread_blocked, id=196804, stack(0x0000009811e00000,0x0000009811f00000) (1024K)]
  0x0000024f1778a7e0 JavaThread "LocalFile Deleter"          daemon [_thread_blocked, id=194584, stack(0x0000009811f00000,0x0000009812000000) (1024K)]
  0x0000024f17783ee0 JavaThread "LocalFile Deleter"          daemon [_thread_blocked, id=93584, stack(0x0000009812000000,0x0000009812100000) (1024K)]
  0x0000024f17786640 JavaThread "LocalFile Deleter"          daemon [_thread_blocked, id=149092, stack(0x0000009812100000,0x0000009812200000) (1024K)]
  0x0000024f17783850 JavaThread "LocalFile Deleter"          daemon [_thread_blocked, id=173204, stack(0x0000009812200000,0x0000009812300000) (1024K)]
  0x0000024f17787360 JavaThread "LocalFile Deleter"          daemon [_thread_blocked, id=194332, stack(0x0000009812300000,0x0000009812400000) (1024K)]
  0x0000024f1778ae70 JavaThread "LocalFile Deleter"          daemon [_thread_blocked, id=185748, stack(0x0000009812400000,0x0000009812500000) (1024K)]
  0x0000024f17784c00 JavaThread "Compiler Source File Reader" daemon [_thread_blocked, id=193604, stack(0x0000009812500000,0x0000009812600000) (1024K)]
  0x0000024f17785fb0 JavaThread "Compiler Source File Reader" daemon [_thread_blocked, id=200044, stack(0x0000009812600000,0x0000009812700000) (1024K)]
  0x0000024f136336e0 JavaThread "Compiler Source File Reader" daemon [_thread_blocked, id=189836, stack(0x0000009812700000,0x0000009812800000) (1024K)]
  0x0000024f13633d70 JavaThread "Compiler Source File Reader" daemon [_thread_blocked, id=198124, stack(0x0000009812800000,0x0000009812900000) (1024K)]
  0x0000024f13631610 JavaThread "Compiler Source File Reader" daemon [_thread_blocked, id=157832, stack(0x0000009812900000,0x0000009812a00000) (1024K)]
  0x0000024f136364d0 JavaThread "Compiler Source File Reader" daemon [_thread_blocked, id=188436, stack(0x0000009812a00000,0x0000009812b00000) (1024K)]
  0x0000024f13636b60 JavaThread "Compiler Processing Task"   daemon [_thread_blocked, id=153700, stack(0x0000009812b00000,0x0000009812c00000) (1024K)]
  0x0000024f13634400 JavaThread "Compiler Class File Writer" daemon [_thread_blocked, id=188396, stack(0x0000009812c00000,0x0000009812d00000) (1024K)]
  0x0000024f1362fbd0 JavaThread "ForkJoinPool.commonPool-worker-1" daemon [_thread_blocked, id=181688, stack(0x0000009812d00000,0x0000009812e00000) (1024K)]
  0x0000024f13635120 JavaThread "Compiler Class File Writer" daemon [_thread_blocked, id=197372, stack(0x0000009812e00000,0x0000009812f00000) (1024K)]
  0x0000024f136357b0 JavaThread "Compiler Class File Writer" daemon [_thread_blocked, id=190792, stack(0x0000009812f00000,0x0000009813000000) (1024K)]
  0x0000024f13634a90 JavaThread "Compiler Class File Writer" daemon [_thread_blocked, id=174616, stack(0x0000009813000000,0x0000009813100000) (1024K)]
  0x0000024f13631ca0 JavaThread "Compiler Class File Writer" daemon [_thread_blocked, id=162476, stack(0x0000009813100000,0x0000009813200000) (1024K)]
  0x0000024f136371f0 JavaThread "Compiler Class File Writer" daemon [_thread_blocked, id=190460, stack(0x0000009813200000,0x0000009813300000) (1024K)]
  0x0000024f217df7b0 JavaThread "ForkJoinPool.commonPool-worker-2" daemon [_thread_blocked, id=203060, stack(0x0000009813300000,0x0000009813400000) (1024K)]
  0x0000024f217e04d0 JavaThread "ForkJoinPool.commonPool-worker-3" daemon [_thread_blocked, id=180200, stack(0x0000009813400000,0x0000009813500000) (1024K)]
  0x0000024f217e1f10 JavaThread "ForkJoinPool.commonPool-worker-4" daemon [_thread_blocked, id=172728, stack(0x0000009813500000,0x0000009813600000) (1024K)]
  0x0000024f217daf80 JavaThread "ForkJoinPool.commonPool-worker-5" daemon [_thread_blocked, id=194488, stack(0x0000009813600000,0x0000009813700000) (1024K)]
  0x0000024f217dfe40 JavaThread "ForkJoinPool.commonPool-worker-7" daemon [_thread_blocked, id=134528, stack(0x0000009813700000,0x0000009813800000) (1024K)]
  0x0000024f217dc330 JavaThread "ForkJoinPool.commonPool-worker-6" daemon [_thread_blocked, id=136984, stack(0x0000009813800000,0x0000009813900000) (1024K)]
Total: 67

Other Threads:
  0x0000024eb5ad5f80 VMThread "VM Thread"                           [id=161764, stack(0x000000980ed00000,0x000000980ee00000) (1024K)]
  0x0000024eb5abee20 WatcherThread "VM Periodic Task Thread"        [id=197468, stack(0x000000980ec00000,0x000000980ed00000) (1024K)]
  0x0000024eb5a71510 WorkerThread "GC Thread#0"                     [id=168080, stack(0x000000980eb00000,0x000000980ec00000) (1024K)]
  0x0000024f13bedb30 WorkerThread "GC Thread#1"                     [id=190476, stack(0x000000980fa00000,0x000000980fb00000) (1024K)]
  0x0000024f136b4c30 WorkerThread "GC Thread#2"                     [id=183024, stack(0x000000980fb00000,0x000000980fc00000) (1024K)]
  0x0000024f13bb6cd0 WorkerThread "GC Thread#3"                     [id=203604, stack(0x000000980fc00000,0x000000980fd00000) (1024K)]
  0x0000024f13905c40 WorkerThread "GC Thread#4"                     [id=203228, stack(0x000000980fd00000,0x000000980fe00000) (1024K)]
  0x0000024f13395790 WorkerThread "GC Thread#5"                     [id=156444, stack(0x000000980fe00000,0x000000980ff00000) (1024K)]
  0x0000024f13395b30 WorkerThread "GC Thread#6"                     [id=203024, stack(0x000000980ff00000,0x0000009810000000) (1024K)]
  0x0000024f13d91d50 WorkerThread "GC Thread#7"                     [id=179268, stack(0x0000009810100000,0x0000009810200000) (1024K)]
Total: 10

Threads with active compile tasks:
C2 CompilerThread0  17569 13810       4       java.util.Properties::load0 (249 bytes)
C1 CompilerThread0  17569 13913       2       org.eclipse.jdt.internal.compiler.parser.Parser::dispatchDeclarationInto (447 bytes)
C2 CompilerThread1  17569 13801       4       java.lang.invoke.DirectMethodHandle::make (21 bytes)
C2 CompilerThread2  17570 13804       4       java.lang.invoke.DirectMethodHandle::make (275 bytes)
Total: 4

VM state: at safepoint (normal execution)

VM Mutex/Monitor currently owned by a thread:  ([mutex/lock_event])
[0x00007ffec3d1d570] Threads_lock - owner thread: 0x0000024eb5ad5f80
[0x00007ffec3d1d670] Heap_lock - owner thread: 0x0000024f1362fbd0

Heap address: 0x0000000080000000, size: 2048 MB, Compressed Oops mode: 32-bit

CDS archive(s) mapped at: [0x0000024ecd000000-0x0000024ecdba0000-0x0000024ecdba0000), size 12189696, SharedBaseAddress: 0x0000024ecd000000, ArchiveRelocationMode: 1.
Compressed class space mapped at: 0x0000024ece000000-0x0000024f0e000000, reserved size: 1073741824
Narrow klass base: 0x0000024ecd000000, Narrow klass shift: 0, Narrow klass range: 0x100000000

GC Precious Log:
 CardTable entry size: 512
 CPUs: 8 total, 8 available
 Memory: 7901M
 Large Page Support: Disabled
 NUMA Support: Disabled
 Compressed Oops: Enabled (32-bit)
 Alignments: Space 512K, Generation 512K, Heap 2M
 Heap Min Capacity: 100M
 Heap Initial Capacity: 100M
 Heap Max Capacity: 2G
 Pre-touch: Disabled
 Parallel Workers: 8

Heap:
 PSYoungGen      total 10752K, used 9917K [0x00000000d5580000, 0x00000000d6380000, 0x0000000100000000)
  eden space 8704K, 100% used [0x00000000d5580000,0x00000000d5e00000,0x00000000d5e00000)
  from space 2048K, 59% used [0x00000000d5f80000,0x00000000d60af680,0x00000000d6180000)
  to   space 1536K, 55% used [0x00000000d6200000,0x00000000d62d6920,0x00000000d6380000)
 ParOldGen       total 92160K, used 91967K [0x0000000080000000, 0x0000000085a00000, 0x00000000d5580000)
  object space 92160K, 99% used [0x0000000080000000,0x00000000859cfef0,0x0000000085a00000)
 Metaspace       used 68006K, committed 69632K, reserved 1114112K
  class space    used 7024K, committed 7744K, reserved 1048576K

Card table byte_map: [0x0000024eb53d0000,0x0000024eb57e0000] _byte_map_base: 0x0000024eb4fd0000

Marking Bits: (ParMarkBitMap*) 0x00007ffec3d22460
 Begin Bits: [0x0000024ec7ee0000, 0x0000024ec9ee0000)
 End Bits:   [0x0000024ec9ee0000, 0x0000024ecbee0000)

Polling page: 0x0000024eb5130000

Metaspace:

Usage:
  Non-class:     59.55 MB used.
      Class:      6.86 MB used.
       Both:     66.41 MB used.

Virtual space:
  Non-class space:       64.00 MB reserved,      60.44 MB ( 94%) committed,  1 nodes.
      Class space:        1.00 GB reserved,       7.56 MB ( <1%) committed,  1 nodes.
             Both:        1.06 GB reserved,      68.00 MB (  6%) committed. 

Chunk freelists:
   Non-Class:  3.53 MB
       Class:  8.42 MB
        Both:  11.95 MB

MaxMetaspaceSize: unlimited
CompressedClassSpaceSize: 1.00 GB
Initial GC threshold: 21.00 MB
Current GC threshold: 97.31 MB
CDS: on
 - commit_granule_bytes: 65536.
 - commit_granule_words: 8192.
 - virtual_space_node_default_size: 8388608.
 - enlarge_chunks_in_place: 1.
 - use_allocation_guard: 0.


Internal statistics:

num_allocs_failed_limit: 11.
num_arena_births: 1302.
num_arena_deaths: 14.
num_vsnodes_births: 2.
num_vsnodes_deaths: 0.
num_space_committed: 1088.
num_space_uncommitted: 0.
num_chunks_returned_to_freelist: 25.
num_chunks_taken_from_freelist: 4609.
num_chunk_merges: 17.
num_chunk_splits: 2808.
num_chunks_enlarged: 1526.
num_inconsistent_stats: 0.

CodeHeap 'non-profiled nmethods': size=120000Kb used=8342Kb max_used=8342Kb free=111657Kb
 bounds [0x0000024ec0700000, 0x0000024ec0f30000, 0x0000024ec7c30000]
CodeHeap 'profiled nmethods': size=120000Kb used=29770Kb max_used=29770Kb free=90229Kb
 bounds [0x0000024eb8c30000, 0x0000024eba950000, 0x0000024ec0160000]
CodeHeap 'non-nmethods': size=5760Kb used=1460Kb max_used=1578Kb free=4300Kb
 bounds [0x0000024ec0160000, 0x0000024ec03d0000, 0x0000024ec0700000]
CodeCache: size=245760Kb, used=39572Kb, max_used=39690Kb, free=206186Kb
 total_blobs=13781, nmethods=13017, adapters=668, full_count=0
Compilation: enabled, stopped_count=0, restarted_count=0

Compilation events (20 events):
Event: 17.449 Thread 0x0000024f1300ef40 nmethod 13875 0x0000024eba926090 code [0x0000024eba9262c0, 0x0000024eba926c68]
Event: 17.449 Thread 0x0000024f1300ef40 13876       3       org.eclipse.jdt.internal.core.JarPackageFragmentRoot::calculateHashCode (16 bytes)
Event: 17.449 Thread 0x0000024f1300ef40 nmethod 13876 0x0000024eba926f90 code [0x0000024eba927140, 0x0000024eba927368]
Event: 17.449 Thread 0x0000024f1300ef40 13872       3       org.eclipse.jdt.internal.compiler.util.JRTUtil::getClassfile (33 bytes)
Event: 17.450 Thread 0x0000024f1300ef40 nmethod 13872 0x0000024eba927490 code [0x0000024eba9276a0, 0x0000024eba927ce0]
Event: 17.450 Thread 0x0000024f1300ef40 13877       3       java.lang.Integer::parseInt (264 bytes)
Event: 17.453 Thread 0x0000024f1300ef40 nmethod 13877 0x0000024eba927f90 code [0x0000024eba9283e0, 0x0000024eba92a098]
Event: 17.453 Thread 0x0000024f1300ef40 13870       3       jdk.internal.jrtfs.JrtPath::toAbsolutePath (44 bytes)
Event: 17.454 Thread 0x0000024f1300ef40 nmethod 13870 0x0000024eba92ac90 code [0x0000024eba92af40, 0x0000024eba92bc60]
Event: 17.454 Thread 0x0000024f1300ef40 13878       3       org.eclipse.jdt.internal.core.AbstractClassFile::equals (49 bytes)
Event: 17.455 Thread 0x0000024f1300ef40 nmethod 13878 0x0000024eba92c190 code [0x0000024eba92c380, 0x0000024eba92c9d0]
Event: 17.456 Thread 0x0000024f1300ef40 13880       3       java.lang.Runtime$Version::isSimpleNumber (49 bytes)
Event: 17.457 Thread 0x0000024f1300ef40 nmethod 13880 0x0000024eba92cb10 code [0x0000024eba92cd40, 0x0000024eba92d510]
Event: 17.457 Thread 0x0000024f1300ef40 13879       3       java.lang.Runtime$Version::<init> (26 bytes)
Event: 17.457 Thread 0x0000024f1300ef40 nmethod 13879 0x0000024eba92d890 code [0x0000024eba92da40, 0x0000024eba92dbf8]
Event: 17.457 Thread 0x0000024f1300ef40 13882       3       org.eclipse.jdt.internal.compiler.classfmt.ModuleInfo$ModuleReferenceInfo::hashCode (8 bytes)
Event: 17.458 Thread 0x0000024f1300ef40 nmethod 13882 0x0000024eba92dc90 code [0x0000024eba92de40, 0x0000024eba92dfd8]
Event: 17.458 Thread 0x0000024f1300ef40 13883       3       org.eclipse.jdt.internal.compiler.util.ObjectVector::add (61 bytes)
Event: 17.458 Thread 0x0000024f1300ef40 nmethod 13883 0x0000024eba92e090 code [0x0000024eba92e260, 0x0000024eba92e698]
Event: 17.459 Thread 0x0000024f1300ef40 13884       3       org.eclipse.jdt.internal.core.PackageFragmentRoot::isComplianceJava9OrHigher (10 bytes)

GC Heap History (20 events):
Event: 16.106 GC heap before
{Heap before GC invocations=75 (full 3):
 PSYoungGen      total 15360K, used 14784K [0x00000000d5580000, 0x00000000d6580000, 0x0000000100000000)
  eden space 14336K, 100% used [0x00000000d5580000,0x00000000d6380000,0x00000000d6380000)
  from space 1024K, 43% used [0x00000000d6380000,0x00000000d63f0000,0x00000000d6480000)
  to   space 512K, 0% used [0x00000000d6500000,0x00000000d6500000,0x00000000d6580000)
 ParOldGen       total 80896K, used 80485K [0x0000000080000000, 0x0000000084f00000, 0x00000000d5580000)
  object space 80896K, 99% used [0x0000000080000000,0x0000000084e995d8,0x0000000084f00000)
 Metaspace       used 65844K, committed 67392K, reserved 1114112K
  class space    used 6841K, committed 7488K, reserved 1048576K
}
Event: 16.108 GC heap after
{Heap after GC invocations=75 (full 3):
 PSYoungGen      total 14848K, used 508K [0x00000000d5580000, 0x00000000d6580000, 0x0000000100000000)
  eden space 14336K, 0% used [0x00000000d5580000,0x00000000d5580000,0x00000000d6380000)
  from space 512K, 99% used [0x00000000d6500000,0x00000000d657f370,0x00000000d6580000)
  to   space 1024K, 0% used [0x00000000d6380000,0x00000000d6380000,0x00000000d6480000)
 ParOldGen       total 80896K, used 80669K [0x0000000080000000, 0x0000000084f00000, 0x00000000d5580000)
  object space 80896K, 99% used [0x0000000080000000,0x0000000084ec77f0,0x0000000084f00000)
 Metaspace       used 65844K, committed 67392K, reserved 1114112K
  class space    used 6841K, committed 7488K, reserved 1048576K
}
Event: 16.226 GC heap before
{Heap before GC invocations=76 (full 3):
 PSYoungGen      total 14848K, used 14844K [0x00000000d5580000, 0x00000000d6580000, 0x0000000100000000)
  eden space 14336K, 100% used [0x00000000d5580000,0x00000000d6380000,0x00000000d6380000)
  from space 512K, 99% used [0x00000000d6500000,0x00000000d657f370,0x00000000d6580000)
  to   space 1024K, 0% used [0x00000000d6380000,0x00000000d6380000,0x00000000d6480000)
 ParOldGen       total 80896K, used 80669K [0x0000000080000000, 0x0000000084f00000, 0x00000000d5580000)
  object space 80896K, 99% used [0x0000000080000000,0x0000000084ec77f0,0x0000000084f00000)
 Metaspace       used 65886K, committed 67392K, reserved 1114112K
  class space    used 6843K, committed 7488K, reserved 1048576K
}
Event: 16.229 GC heap after
{Heap after GC invocations=76 (full 3):
 PSYoungGen      total 15360K, used 576K [0x00000000d5580000, 0x00000000d6580000, 0x0000000100000000)
  eden space 14336K, 0% used [0x00000000d5580000,0x00000000d5580000,0x00000000d6380000)
  from space 1024K, 56% used [0x00000000d6380000,0x00000000d6410040,0x00000000d6480000)
  to   space 1024K, 0% used [0x00000000d6480000,0x00000000d6480000,0x00000000d6580000)
 ParOldGen       total 81408K, used 80898K [0x0000000080000000, 0x0000000084f80000, 0x00000000d5580000)
  object space 81408K, 99% used [0x0000000080000000,0x0000000084f00b60,0x0000000084f80000)
 Metaspace       used 65886K, committed 67392K, reserved 1114112K
  class space    used 6843K, committed 7488K, reserved 1048576K
}
Event: 16.356 GC heap before
{Heap before GC invocations=77 (full 3):
 PSYoungGen      total 15360K, used 14912K [0x00000000d5580000, 0x00000000d6580000, 0x0000000100000000)
  eden space 14336K, 100% used [0x00000000d5580000,0x00000000d6380000,0x00000000d6380000)
  from space 1024K, 56% used [0x00000000d6380000,0x00000000d6410040,0x00000000d6480000)
  to   space 1024K, 0% used [0x00000000d6480000,0x00000000d6480000,0x00000000d6580000)
 ParOldGen       total 81408K, used 80898K [0x0000000080000000, 0x0000000084f80000, 0x00000000d5580000)
  object space 81408K, 99% used [0x0000000080000000,0x0000000084f00b60,0x0000000084f80000)
 Metaspace       used 65915K, committed 67456K, reserved 1114112K
  class space    used 6843K, committed 7488K, reserved 1048576K
}
Event: 16.357 GC heap after
{Heap after GC invocations=77 (full 3):
 PSYoungGen      total 14848K, used 384K [0x00000000d5580000, 0x00000000d6500000, 0x0000000100000000)
  eden space 14336K, 0% used [0x00000000d5580000,0x00000000d5580000,0x00000000d6380000)
  from space 512K, 75% used [0x00000000d6480000,0x00000000d64e0000,0x00000000d6500000)
  to   space 512K, 0% used [0x00000000d6400000,0x00000000d6400000,0x00000000d6480000)
 ParOldGen       total 81408K, used 81162K [0x0000000080000000, 0x0000000084f80000, 0x00000000d5580000)
  object space 81408K, 99% used [0x0000000080000000,0x0000000084f42ba0,0x0000000084f80000)
 Metaspace       used 65915K, committed 67456K, reserved 1114112K
  class space    used 6843K, committed 7488K, reserved 1048576K
}
Event: 16.624 GC heap before
{Heap before GC invocations=78 (full 3):
 PSYoungGen      total 14848K, used 14720K [0x00000000d5580000, 0x00000000d6500000, 0x0000000100000000)
  eden space 14336K, 100% used [0x00000000d5580000,0x00000000d6380000,0x00000000d6380000)
  from space 512K, 75% used [0x00000000d6480000,0x00000000d64e0000,0x00000000d6500000)
  to   space 512K, 0% used [0x00000000d6400000,0x00000000d6400000,0x00000000d6480000)
 ParOldGen       total 81408K, used 81162K [0x0000000080000000, 0x0000000084f80000, 0x00000000d5580000)
  object space 81408K, 99% used [0x0000000080000000,0x0000000084f42ba0,0x0000000084f80000)
 Metaspace       used 65961K, committed 67456K, reserved 1114112K
  class space    used 6843K, committed 7488K, reserved 1048576K
}
Event: 16.626 GC heap after
{Heap after GC invocations=78 (full 3):
 PSYoungGen      total 14848K, used 352K [0x00000000d5580000, 0x00000000d6500000, 0x0000000100000000)
  eden space 14336K, 0% used [0x00000000d5580000,0x00000000d5580000,0x00000000d6380000)
  from space 512K, 68% used [0x00000000d6400000,0x00000000d6458000,0x00000000d6480000)
  to   space 512K, 0% used [0x00000000d6480000,0x00000000d6480000,0x00000000d6500000)
 ParOldGen       total 81408K, used 81370K [0x0000000080000000, 0x0000000084f80000, 0x00000000d5580000)
  object space 81408K, 99% used [0x0000000080000000,0x0000000084f76ba0,0x0000000084f80000)
 Metaspace       used 65961K, committed 67456K, reserved 1114112K
  class space    used 6843K, committed 7488K, reserved 1048576K
}
Event: 16.735 GC heap before
{Heap before GC invocations=79 (full 3):
 PSYoungGen      total 14848K, used 14688K [0x00000000d5580000, 0x00000000d6500000, 0x0000000100000000)
  eden space 14336K, 100% used [0x00000000d5580000,0x00000000d6380000,0x00000000d6380000)
  from space 512K, 68% used [0x00000000d6400000,0x00000000d6458000,0x00000000d6480000)
  to   space 512K, 0% used [0x00000000d6480000,0x00000000d6480000,0x00000000d6500000)
 ParOldGen       total 81408K, used 81370K [0x0000000080000000, 0x0000000084f80000, 0x00000000d5580000)
  object space 81408K, 99% used [0x0000000080000000,0x0000000084f76ba0,0x0000000084f80000)
 Metaspace       used 66008K, committed 67520K, reserved 1114112K
  class space    used 6843K, committed 7488K, reserved 1048576K
}
Event: 16.736 GC heap after
{Heap after GC invocations=79 (full 3):
 PSYoungGen      total 14848K, used 384K [0x00000000d5580000, 0x00000000d6500000, 0x0000000100000000)
  eden space 14336K, 0% used [0x00000000d5580000,0x00000000d5580000,0x00000000d6380000)
  from space 512K, 75% used [0x00000000d6480000,0x00000000d64e0010,0x00000000d6500000)
  to   space 512K, 0% used [0x00000000d6400000,0x00000000d6400000,0x00000000d6480000)
 ParOldGen       total 81920K, used 81554K [0x0000000080000000, 0x0000000085000000, 0x00000000d5580000)
  object space 81920K, 99% used [0x0000000080000000,0x0000000084fa4ba0,0x0000000085000000)
 Metaspace       used 66008K, committed 67520K, reserved 1114112K
  class space    used 6843K, committed 7488K, reserved 1048576K
}
Event: 16.835 GC heap before
{Heap before GC invocations=80 (full 3):
 PSYoungGen      total 14848K, used 14720K [0x00000000d5580000, 0x00000000d6500000, 0x0000000100000000)
  eden space 14336K, 100% used [0x00000000d5580000,0x00000000d6380000,0x00000000d6380000)
  from space 512K, 75% used [0x00000000d6480000,0x00000000d64e0010,0x00000000d6500000)
  to   space 512K, 0% used [0x00000000d6400000,0x00000000d6400000,0x00000000d6480000)
 ParOldGen       total 81920K, used 81554K [0x0000000080000000, 0x0000000085000000, 0x00000000d5580000)
  object space 81920K, 99% used [0x0000000080000000,0x0000000084fa4ba0,0x0000000085000000)
 Metaspace       used 66027K, committed 67584K, reserved 1114112K
  class space    used 6843K, committed 7488K, reserved 1048576K
}
Event: 16.836 GC heap after
{Heap after GC invocations=80 (full 3):
 PSYoungGen      total 14848K, used 384K [0x00000000d5580000, 0x00000000d6500000, 0x0000000100000000)
  eden space 14336K, 0% used [0x00000000d5580000,0x00000000d5580000,0x00000000d6380000)
  from space 512K, 75% used [0x00000000d6400000,0x00000000d6460000,0x00000000d6480000)
  to   space 512K, 0% used [0x00000000d6480000,0x00000000d6480000,0x00000000d6500000)
 ParOldGen       total 81920K, used 81761K [0x0000000080000000, 0x0000000085000000, 0x00000000d5580000)
  object space 81920K, 99% used [0x0000000080000000,0x0000000084fd8550,0x0000000085000000)
 Metaspace       used 66027K, committed 67584K, reserved 1114112K
  class space    used 6843K, committed 7488K, reserved 1048576K
}
Event: 16.997 GC heap before
{Heap before GC invocations=81 (full 3):
 PSYoungGen      total 14848K, used 14720K [0x00000000d5580000, 0x00000000d6500000, 0x0000000100000000)
  eden space 14336K, 100% used [0x00000000d5580000,0x00000000d6380000,0x00000000d6380000)
  from space 512K, 75% used [0x00000000d6400000,0x00000000d6460000,0x00000000d6480000)
  to   space 512K, 0% used [0x00000000d6480000,0x00000000d6480000,0x00000000d6500000)
 ParOldGen       total 81920K, used 81761K [0x0000000080000000, 0x0000000085000000, 0x00000000d5580000)
  object space 81920K, 99% used [0x0000000080000000,0x0000000084fd8550,0x0000000085000000)
 Metaspace       used 67057K, committed 68608K, reserved 1114112K
  class space    used 6938K, committed 7616K, reserved 1048576K
}
Event: 17.005 GC heap after
{Heap after GC invocations=81 (full 3):
 PSYoungGen      total 9216K, used 512K [0x00000000d5580000, 0x00000000d7080000, 0x0000000100000000)
  eden space 8704K, 0% used [0x00000000d5580000,0x00000000d5580000,0x00000000d5e00000)
  from space 512K, 100% used [0x00000000d6480000,0x00000000d6500000,0x00000000d6500000)
  to   space 6656K, 0% used [0x00000000d5e00000,0x00000000d5e00000,0x00000000d6480000)
 ParOldGen       total 87040K, used 86596K [0x0000000080000000, 0x0000000085500000, 0x00000000d5580000)
  object space 87040K, 99% used [0x0000000080000000,0x00000000854913e0,0x0000000085500000)
 Metaspace       used 67057K, committed 68608K, reserved 1114112K
  class space    used 6938K, committed 7616K, reserved 1048576K
}
Event: 17.125 GC heap before
{Heap before GC invocations=82 (full 3):
 PSYoungGen      total 9216K, used 9216K [0x00000000d5580000, 0x00000000d7080000, 0x0000000100000000)
  eden space 8704K, 100% used [0x00000000d5580000,0x00000000d5e00000,0x00000000d5e00000)
  from space 512K, 100% used [0x00000000d6480000,0x00000000d6500000,0x00000000d6500000)
  to   space 6656K, 0% used [0x00000000d5e00000,0x00000000d5e00000,0x00000000d6480000)
 ParOldGen       total 87040K, used 86596K [0x0000000080000000, 0x0000000085500000, 0x00000000d5580000)
  object space 87040K, 99% used [0x0000000080000000,0x00000000854913e0,0x0000000085500000)
 Metaspace       used 67253K, committed 68864K, reserved 1114112K
  class space    used 6967K, committed 7680K, reserved 1048576K
}
Event: 17.127 GC heap after
{Heap after GC invocations=82 (full 3):
 PSYoungGen      total 13312K, used 4320K [0x00000000d5580000, 0x00000000d6800000, 0x0000000100000000)
  eden space 8704K, 0% used [0x00000000d5580000,0x00000000d5580000,0x00000000d5e00000)
  from space 4608K, 93% used [0x00000000d5e00000,0x00000000d6238020,0x00000000d6280000)
  to   space 5120K, 0% used [0x00000000d6300000,0x00000000d6300000,0x00000000d6800000)
 ParOldGen       total 87552K, used 87136K [0x0000000080000000, 0x0000000085580000, 0x00000000d5580000)
  object space 87552K, 99% used [0x0000000080000000,0x00000000855183c8,0x0000000085580000)
 Metaspace       used 67253K, committed 68864K, reserved 1114112K
  class space    used 6967K, committed 7680K, reserved 1048576K
}
Event: 17.294 GC heap before
{Heap before GC invocations=83 (full 3):
 PSYoungGen      total 13312K, used 13018K [0x00000000d5580000, 0x00000000d6800000, 0x0000000100000000)
  eden space 8704K, 99% used [0x00000000d5580000,0x00000000d5dfe9d8,0x00000000d5e00000)
  from space 4608K, 93% used [0x00000000d5e00000,0x00000000d6238020,0x00000000d6280000)
  to   space 5120K, 0% used [0x00000000d6300000,0x00000000d6300000,0x00000000d6800000)
 ParOldGen       total 87552K, used 87136K [0x0000000080000000, 0x0000000085580000, 0x00000000d5580000)
  object space 87552K, 99% used [0x0000000080000000,0x00000000855183c8,0x0000000085580000)
 Metaspace       used 67611K, committed 69184K, reserved 1114112K
  class space    used 6992K, committed 7680K, reserved 1048576K
}
Event: 17.297 GC heap after
{Heap after GC invocations=83 (full 3):
 PSYoungGen      total 9216K, used 437K [0x00000000d5580000, 0x00000000d6380000, 0x0000000100000000)
  eden space 8704K, 0% used [0x00000000d5580000,0x00000000d5580000,0x00000000d5e00000)
  from space 512K, 85% used [0x00000000d6300000,0x00000000d636d560,0x00000000d6380000)
  to   space 2048K, 0% used [0x00000000d5f80000,0x00000000d5f80000,0x00000000d6180000)
 ParOldGen       total 91648K, used 91355K [0x0000000080000000, 0x0000000085980000, 0x00000000d5580000)
  object space 91648K, 99% used [0x0000000080000000,0x0000000085936de8,0x0000000085980000)
 Metaspace       used 67611K, committed 69184K, reserved 1114112K
  class space    used 6992K, committed 7680K, reserved 1048576K
}
Event: 17.444 GC heap before
{Heap before GC invocations=84 (full 3):
 PSYoungGen      total 9216K, used 9141K [0x00000000d5580000, 0x00000000d6380000, 0x0000000100000000)
  eden space 8704K, 100% used [0x00000000d5580000,0x00000000d5e00000,0x00000000d5e00000)
  from space 512K, 85% used [0x00000000d6300000,0x00000000d636d560,0x00000000d6380000)
  to   space 2048K, 0% used [0x00000000d5f80000,0x00000000d5f80000,0x00000000d6180000)
 ParOldGen       total 91648K, used 91355K [0x0000000080000000, 0x0000000085980000, 0x00000000d5580000)
  object space 91648K, 99% used [0x0000000080000000,0x0000000085936de8,0x0000000085980000)
 Metaspace       used 67962K, committed 69504K, reserved 1114112K
  class space    used 7015K, committed 7680K, reserved 1048576K
}
Event: 17.446 GC heap after
{Heap after GC invocations=84 (full 3):
 PSYoungGen      total 10752K, used 1213K [0x00000000d5580000, 0x00000000d6380000, 0x0000000100000000)
  eden space 8704K, 0% used [0x00000000d5580000,0x00000000d5580000,0x00000000d5e00000)
  from space 2048K, 59% used [0x00000000d5f80000,0x00000000d60af680,0x00000000d6180000)
  to   space 1536K, 0% used [0x00000000d6200000,0x00000000d6200000,0x00000000d6380000)
 ParOldGen       total 91648K, used 91443K [0x0000000080000000, 0x0000000085980000, 0x00000000d5580000)
  object space 91648K, 99% used [0x0000000080000000,0x000000008594cde8,0x0000000085980000)
 Metaspace       used 67962K, committed 69504K, reserved 1114112K
  class space    used 7015K, committed 7680K, reserved 1048576K
}

Dll operation events (10 events):
Event: 0.010 Loaded shared library c:\Users\user\.vscode\extensions\redhat.java-1.51.0-win32-x64\jre\21.0.9-win32-x86_64\bin\java.dll
Event: 0.031 Loaded shared library c:\Users\user\.vscode\extensions\redhat.java-1.51.0-win32-x64\jre\21.0.9-win32-x86_64\bin\zip.dll
Event: 0.090 Loaded shared library C:\Users\user\.vscode\extensions\redhat.java-1.51.0-win32-x64\jre\21.0.9-win32-x86_64\bin\instrument.dll
Event: 0.096 Loaded shared library C:\Users\user\.vscode\extensions\redhat.java-1.51.0-win32-x64\jre\21.0.9-win32-x86_64\bin\net.dll
Event: 0.098 Loaded shared library C:\Users\user\.vscode\extensions\redhat.java-1.51.0-win32-x64\jre\21.0.9-win32-x86_64\bin\nio.dll
Event: 0.101 Loaded shared library C:\Users\user\.vscode\extensions\redhat.java-1.51.0-win32-x64\jre\21.0.9-win32-x86_64\bin\zip.dll
Event: 0.116 Loaded shared library C:\Users\user\.vscode\extensions\redhat.java-1.51.0-win32-x64\jre\21.0.9-win32-x86_64\bin\jimage.dll
Event: 0.179 Loaded shared library c:\Users\user\.vscode\extensions\redhat.java-1.51.0-win32-x64\jre\21.0.9-win32-x86_64\bin\verify.dll
Event: 1.300 Loaded shared library C:\Users\user\AppData\Roaming\Code\User\globalStorage\redhat.java\1.51.0\config_win\org.eclipse.equinox.launcher\org.eclipse.equinox.launcher.win32.win32.x86_64_1.2.1400.v20250801-0854\eclipse_11916.dll
Event: 2.763 Loaded shared library C:\Users\user\AppData\Local\Temp\jna-3599307\jna4855237883819556720.dll

Deoptimization events (20 events):
Event: 17.303 Thread 0x0000024f217e1f10 Uncommon trap: trap_request=0xffffff45 fr.pc=0x0000024ec0c321f8 relative=0x0000000000000138
Event: 17.303 Thread 0x0000024f217e1f10 Uncommon trap: reason=unstable_if action=reinterpret pc=0x0000024ec0c321f8 method=org.eclipse.jdt.internal.compiler.parser.Scanner.addTokenToLookBack(Lorg/eclipse/jdt/internal/compiler/parser/TerminalToken;)V @ 8 c2
Event: 17.303 Thread 0x0000024f217e1f10 DEOPT PACKING pc=0x0000024ec0c321f8 sp=0x00000098135feb50
Event: 17.303 Thread 0x0000024f217e1f10 DEOPT UNPACKING pc=0x0000024ec01b6da2 sp=0x00000098135feaf0 mode 2
Event: 17.303 Thread 0x0000024f217e1f10 Uncommon trap: trap_request=0xffffff45 fr.pc=0x0000024ec0e268dc relative=0x00000000000000bc
Event: 17.303 Thread 0x0000024f217e1f10 Uncommon trap: reason=unstable_if action=reinterpret pc=0x0000024ec0e268dc method=java.util.regex.CharPredicates.lambda$ASCII_SPACE$20(I)Z @ 4 c2
Event: 17.303 Thread 0x0000024f217e1f10 DEOPT PACKING pc=0x0000024ec0e268dc sp=0x00000098135fea80
Event: 17.303 Thread 0x0000024f217e1f10 DEOPT UNPACKING pc=0x0000024ec01b6da2 sp=0x00000098135fe998 mode 2
Event: 17.318 Thread 0x0000024f13fc46b0 Uncommon trap: trap_request=0xffffff45 fr.pc=0x0000024ec07e7bbc relative=0x000000000000017c
Event: 17.318 Thread 0x0000024f13fc46b0 Uncommon trap: reason=unstable_if action=reinterpret pc=0x0000024ec07e7bbc method=java.util.zip.ZipFile$Source.isMetaName([BII)Z @ 57 c2
Event: 17.318 Thread 0x0000024f13fc46b0 DEOPT PACKING pc=0x0000024ec07e7bbc sp=0x0000009810afdb80
Event: 17.318 Thread 0x0000024f13fc46b0 DEOPT UNPACKING pc=0x0000024ec01b6da2 sp=0x0000009810afdb10 mode 2
Event: 17.323 Thread 0x0000024f13fc46b0 DEOPT PACKING pc=0x0000024eba31af39 sp=0x0000009810afdce0
Event: 17.323 Thread 0x0000024f13fc46b0 DEOPT UNPACKING pc=0x0000024ec01b78e2 sp=0x0000009810afd1e0 mode 0
Event: 17.393 Thread 0x0000024f217e04d0 DEOPT PACKING pc=0x0000024eb95c3148 sp=0x00000098134fd900
Event: 17.393 Thread 0x0000024f217e04d0 DEOPT UNPACKING pc=0x0000024ec01b78e2 sp=0x00000098134fcdb8 mode 0
Event: 17.441 Thread 0x0000024f217e04d0 Uncommon trap: trap_request=0xffffff6e fr.pc=0x0000024ec0f251d4 relative=0x0000000000000194
Event: 17.441 Thread 0x0000024f217e04d0 Uncommon trap: reason=loop_limit_check action=maybe_recompile pc=0x0000024ec0f251d4 method=org.eclipse.jdt.internal.core.util.HashtableOfArrayToObject.hashCode([Ljava/lang/Object;I)I @ 27 c2
Event: 17.441 Thread 0x0000024f217e04d0 DEOPT PACKING pc=0x0000024ec0f251d4 sp=0x00000098134fdcd0
Event: 17.442 Thread 0x0000024f217e04d0 DEOPT UNPACKING pc=0x0000024ec01b6da2 sp=0x00000098134fdc48 mode 2

Classes loaded (20 events):
Event: 15.296 Loading class java/util/Collections$SynchronizedRandomAccessList
Event: 15.296 Loading class java/util/Collections$SynchronizedList
Event: 15.296 Loading class java/util/Collections$SynchronizedList done
Event: 15.296 Loading class java/util/Collections$SynchronizedRandomAccessList done
Event: 15.302 Loading class java/util/concurrent/CompletableFuture$Signaller
Event: 15.302 Loading class java/util/concurrent/CompletableFuture$Signaller done
Event: 15.659 Loading class java/nio/charset/CharacterCodingException
Event: 15.659 Loading class java/nio/charset/CharacterCodingException done
Event: 15.659 Loading class java/io/SequenceInputStream
Event: 15.659 Loading class java/io/SequenceInputStream done
Event: 16.874 Loading class java/util/concurrent/CompletableFuture$UniApply
Event: 16.875 Loading class java/util/concurrent/CompletableFuture$UniApply done
Event: 16.875 Loading class java/util/concurrent/CompletableFuture$UniExceptionally
Event: 16.875 Loading class java/util/concurrent/CompletableFuture$UniExceptionally done
Event: 16.972 Loading class java/util/Hashtable$KeySet
Event: 16.972 Loading class java/util/Hashtable$KeySet done
Event: 17.192 Loading class java/lang/invoke/MethodHandleImpl$CountingWrapper$1
Event: 17.192 Loading class java/lang/invoke/MethodHandleImpl$CountingWrapper$1 done
Event: 17.322 Loading class java/lang/UnsupportedClassVersionError
Event: 17.322 Loading class java/lang/UnsupportedClassVersionError done

Classes unloaded (7 events):
Event: 3.276 Thread 0x0000024eb5ad5f80 Unloading class 0x0000024ece1acc00 'java/lang/invoke/LambdaForm$MH+0x0000024ece1acc00'
Event: 3.276 Thread 0x0000024eb5ad5f80 Unloading class 0x0000024ece1ac800 'java/lang/invoke/LambdaForm$MH+0x0000024ece1ac800'
Event: 3.276 Thread 0x0000024eb5ad5f80 Unloading class 0x0000024ece1ac400 'java/lang/invoke/LambdaForm$MH+0x0000024ece1ac400'
Event: 3.276 Thread 0x0000024eb5ad5f80 Unloading class 0x0000024ece1ac000 'java/lang/invoke/LambdaForm$MH+0x0000024ece1ac000'
Event: 3.276 Thread 0x0000024eb5ad5f80 Unloading class 0x0000024ece1abc00 'java/lang/invoke/LambdaForm$BMH+0x0000024ece1abc00'
Event: 3.276 Thread 0x0000024eb5ad5f80 Unloading class 0x0000024ece1ab800 'java/lang/invoke/LambdaForm$DMH+0x0000024ece1ab800'
Event: 3.276 Thread 0x0000024eb5ad5f80 Unloading class 0x0000024ece1aa800 'java/lang/invoke/LambdaForm$DMH+0x0000024ece1aa800'

Classes redefined (0 events):
No events

Internal exceptions (20 events):
Event: 16.872 Thread 0x0000024f17788710 Exception <a 'java/lang/IncompatibleClassChangeError'{0x00000000d5750418}: Found class java.lang.Object, but interface was expected> (0x00000000d5750418) 
thrown [s\src\hotspot\share\interpreter\linkResolver.cpp, line 840]
Event: 16.879 Thread 0x0000024f17788710 Exception <a 'java/lang/IncompatibleClassChangeError'{0x00000000d57a2298}: Found class java.lang.Object, but interface was expected> (0x00000000d57a2298) 
thrown [s\src\hotspot\share\interpreter\linkResolver.cpp, line 840]
Event: 16.888 Thread 0x0000024f17788710 Exception <a 'java/lang/IncompatibleClassChangeError'{0x00000000d5883888}: Found class java.lang.Object, but interface was expected> (0x00000000d5883888) 
thrown [s\src\hotspot\share\interpreter\linkResolver.cpp, line 840]
Event: 16.928 Thread 0x0000024f17788710 Exception <a 'java/lang/IncompatibleClassChangeError'{0x00000000d5bf1970}: Found class java.lang.Object, but interface was expected> (0x00000000d5bf1970) 
thrown [s\src\hotspot\share\interpreter\linkResolver.cpp, line 840]
Event: 16.992 Thread 0x0000024f13fc46b0 Exception <a 'sun/nio/fs/WindowsException'{0x00000000d62cc978}> (0x00000000d62cc978) 
thrown [s\src\hotspot\share\prims\jni.cpp, line 520]
Event: 16.992 Thread 0x0000024f13fc46b0 Exception <a 'sun/nio/fs/WindowsException'{0x00000000d62cd0a0}> (0x00000000d62cd0a0) 
thrown [s\src\hotspot\share\prims\jni.cpp, line 520]
Event: 16.993 Thread 0x0000024f13fc46b0 Exception <a 'sun/nio/fs/WindowsException'{0x00000000d62ce0c0}> (0x00000000d62ce0c0) 
thrown [s\src\hotspot\share\prims\jni.cpp, line 520]
Event: 16.993 Thread 0x0000024f13fc46b0 Exception <a 'sun/nio/fs/WindowsException'{0x00000000d630ef40}> (0x00000000d630ef40) 
thrown [s\src\hotspot\share\prims\jni.cpp, line 520]
Event: 17.006 Thread 0x0000024f13fc46b0 Exception <a 'java/io/FileNotFoundException'{0x00000000d55817a8}> (0x00000000d55817a8) 
thrown [s\src\hotspot\share\prims\jni.cpp, line 520]
Event: 17.006 Thread 0x0000024f13fc46b0 Exception <a 'java/io/FileNotFoundException'{0x00000000d5582788}> (0x00000000d5582788) 
thrown [s\src\hotspot\share\prims\jni.cpp, line 520]
Event: 17.017 Thread 0x0000024f13fc46b0 Exception <a 'sun/nio/fs/WindowsException'{0x00000000d56baef0}> (0x00000000d56baef0) 
thrown [s\src\hotspot\share\prims\jni.cpp, line 520]
Event: 17.018 Thread 0x0000024f13fc46b0 Exception <a 'sun/nio/fs/WindowsException'{0x00000000d56bb618}> (0x00000000d56bb618) 
thrown [s\src\hotspot\share\prims\jni.cpp, line 520]
Event: 17.043 Thread 0x0000024f17788710 Exception <a 'java/lang/IncompatibleClassChangeError'{0x00000000d594efc8}: Found class java.lang.Object, but interface was expected> (0x00000000d594efc8) 
thrown [s\src\hotspot\share\interpreter\linkResolver.cpp, line 840]
Event: 17.059 Thread 0x0000024f13fc46b0 Exception <a 'sun/nio/fs/WindowsException'{0x00000000d5a15950}> (0x00000000d5a15950) 
thrown [s\src\hotspot\share\prims\jni.cpp, line 520]
Event: 17.059 Thread 0x0000024f13fc46b0 Exception <a 'sun/nio/fs/WindowsException'{0x00000000d5a16078}> (0x00000000d5a16078) 
thrown [s\src\hotspot\share\prims\jni.cpp, line 520]
Event: 17.268 Thread 0x0000024f13fc60f0 Exception <a 'java/lang/NoSuchMethodError'{0x00000000d5bdbe20}: 'java.lang.Object java.lang.invoke.DirectMethodHandle$Holder.invokeSpecial(java.lang.Object, java.lang.Object, int, long)'> (0x00000000d5bdbe20) 
thrown [s\src\hotspot\share\interpreter\linkResolver.cpp, line 773]
Event: 17.303 Thread 0x0000024f217e1f10 Exception <a 'java/lang/ArrayIndexOutOfBoundsException'{0x00000000d55c7d50}> (0x00000000d55c7d50) 
thrown [s\src\hotspot\share\runtime\sharedRuntime.cpp, line 625]
Event: 17.358 Thread 0x0000024f217df7b0 Exception <a 'java/lang/NoSuchMethodError'{0x00000000d57d4e58}: 'int java.lang.invoke.Invokers$Holder.invokeExact_MT(java.lang.Object, java.lang.Object)'> (0x00000000d57d4e58) 
thrown [s\src\hotspot\share\interpreter\linkResolver.cpp, line 773]
Event: 17.441 Thread 0x0000024f217df7b0 Exception <a 'java/lang/IncompatibleClassChangeError'{0x00000000d5d0fe80}: Found class java.lang.Object, but interface was expected> (0x00000000d5d0fe80) 
thrown [s\src\hotspot\share\interpreter\linkResolver.cpp, line 840]
Event: 17.441 Thread 0x0000024f1362fbd0 Exception <a 'java/lang/IncompatibleClassChangeError'{0x00000000d5d11720}: Found class java.lang.Object, but interface was expected> (0x00000000d5d11720) 
thrown [s\src\hotspot\share\interpreter\linkResolver.cpp, line 840]

ZGC Phase Switch (0 events):
No events

VM Operations (20 events):
Event: 16.226 Executing VM operation: ParallelGCFailedAllocation (Allocation Failure)
Event: 16.229 Executing VM operation: ParallelGCFailedAllocation (Allocation Failure) done
Event: 16.356 Executing VM operation: ParallelGCFailedAllocation (Allocation Failure)
Event: 16.357 Executing VM operation: ParallelGCFailedAllocation (Allocation Failure) done
Event: 16.624 Executing VM operation: ParallelGCFailedAllocation (Allocation Failure)
Event: 16.626 Executing VM operation: ParallelGCFailedAllocation (Allocation Failure) done
Event: 16.735 Executing VM operation: ParallelGCFailedAllocation (Allocation Failure)
Event: 16.736 Executing VM operation: ParallelGCFailedAllocation (Allocation Failure) done
Event: 16.835 Executing VM operation: ParallelGCFailedAllocation (Allocation Failure)
Event: 16.836 Executing VM operation: ParallelGCFailedAllocation (Allocation Failure) done
Event: 16.996 Executing VM operation: ParallelGCFailedAllocation (Allocation Failure)
Event: 17.005 Executing VM operation: ParallelGCFailedAllocation (Allocation Failure) done
Event: 17.125 Executing VM operation: ParallelGCFailedAllocation (Allocation Failure)
Event: 17.127 Executing VM operation: ParallelGCFailedAllocation (Allocation Failure) done
Event: 17.292 Executing VM operation: ParallelGCFailedAllocation (Allocation Failure)
Event: 17.297 Executing VM operation: ParallelGCFailedAllocation (Allocation Failure) done
Event: 17.332 Executing VM operation: HandshakeAllThreads (Deoptimize)
Event: 17.333 Executing VM operation: HandshakeAllThreads (Deoptimize) done
Event: 17.444 Executing VM operation: ParallelGCFailedAllocation (Allocation Failure)
Event: 17.446 Executing VM operation: ParallelGCFailedAllocation (Allocation Failure) done

Memory protections (0 events):
No events

Nmethod flushes (20 events):
Event: 10.478 Thread 0x0000024eb5ad5f80 flushing osr nmethod 0x0000024eb9528d90
Event: 10.478 Thread 0x0000024eb5ad5f80 flushing osr nmethod 0x0000024eb952aa90
Event: 10.478 Thread 0x0000024eb5ad5f80 flushing osr nmethod 0x0000024eb957f390
Event: 10.478 Thread 0x0000024eb5ad5f80 flushing  nmethod 0x0000024eb9587490
Event: 10.478 Thread 0x0000024eb5ad5f80 flushing  nmethod 0x0000024eb9590a90
Event: 10.478 Thread 0x0000024eb5ad5f80 flushing  nmethod 0x0000024eb9597d90
Event: 10.478 Thread 0x0000024eb5ad5f80 flushing  nmethod 0x0000024eb959e290
Event: 10.478 Thread 0x0000024eb5ad5f80 flushing  nmethod 0x0000024eb95a5c10
Event: 10.478 Thread 0x0000024eb5ad5f80 flushing  nmethod 0x0000024eb95aca90
Event: 10.478 Thread 0x0000024eb5ad5f80 flushing  nmethod 0x0000024eb95b0390
Event: 10.478 Thread 0x0000024eb5ad5f80 flushing  nmethod 0x0000024eb95bb410
Event: 10.478 Thread 0x0000024eb5ad5f80 flushing  nmethod 0x0000024eb95bb790
Event: 10.478 Thread 0x0000024eb5ad5f80 flushing  nmethod 0x0000024eb95bd210
Event: 10.478 Thread 0x0000024eb5ad5f80 flushing  nmethod 0x0000024eb95e9b10
Event: 10.478 Thread 0x0000024eb5ad5f80 flushing  nmethod 0x0000024eb95ea210
Event: 10.478 Thread 0x0000024eb5ad5f80 flushing  nmethod 0x0000024eb95ea810
Event: 10.478 Thread 0x0000024eb5ad5f80 flushing  nmethod 0x0000024eb95eb690
Event: 10.478 Thread 0x0000024eb5ad5f80 flushing  nmethod 0x0000024eb95f5d90
Event: 10.478 Thread 0x0000024eb5ad5f80 flushing  nmethod 0x0000024eb95ff490
Event: 10.478 Thread 0x0000024eb5ad5f80 flushing  nmethod 0x0000024eb963e810

Events (20 events):
Event: 13.970 Thread 0x0000024f217e0b60 Thread exited: 0x0000024f217e0b60
Event: 13.970 Thread 0x0000024f217df7b0 Thread exited: 0x0000024f217df7b0
Event: 13.970 Thread 0x0000024f217dd6e0 Thread exited: 0x0000024f217dd6e0
Event: 13.971 Thread 0x0000024f217e11f0 Thread exited: 0x0000024f217e11f0
Event: 14.607 Thread 0x0000024f13fc74a0 Thread added: 0x0000024f217dd050
Event: 14.608 Thread 0x0000024f13fc74a0 Thread added: 0x0000024f217dfe40
Event: 14.609 Thread 0x0000024f13fc74a0 Thread added: 0x0000024f217daf80
Event: 14.610 Thread 0x0000024f13fc74a0 Thread added: 0x0000024f217e1f10
Event: 14.610 Thread 0x0000024f13fc74a0 Thread added: 0x0000024f217dbca0
Event: 14.717 Thread 0x0000024f217e1f10 Thread exited: 0x0000024f217e1f10
Event: 14.717 Thread 0x0000024f217dd050 Thread exited: 0x0000024f217dd050
Event: 14.717 Thread 0x0000024f217dbca0 Thread exited: 0x0000024f217dbca0
Event: 14.717 Thread 0x0000024f217dfe40 Thread exited: 0x0000024f217dfe40
Event: 14.717 Thread 0x0000024f217daf80 Thread exited: 0x0000024f217daf80
Event: 16.880 Thread 0x0000024f17788710 Thread added: 0x0000024f217df7b0
Event: 16.927 Thread 0x0000024f17788710 Thread added: 0x0000024f217e04d0
Event: 16.930 Thread 0x0000024f17788710 Thread added: 0x0000024f217e1f10
Event: 16.956 Thread 0x0000024f13fc60f0 Thread added: 0x0000024f217daf80
Event: 16.956 Thread 0x0000024f217daf80 Thread added: 0x0000024f217dfe40
Event: 16.956 Thread 0x0000024f13fc60f0 Thread added: 0x0000024f217dc330


Dynamic libraries:
0x00007ff6a86f0000 - 0x00007ff6a86fe000 	c:\Users\user\.vscode\extensions\redhat.java-1.51.0-win32-x64\jre\21.0.9-win32-x86_64\bin\java.exe
0x00007fff2e910000 - 0x00007fff2eb28000 	C:\WINDOWS\SYSTEM32\ntdll.dll
0x00007fff2dfd0000 - 0x00007fff2e094000 	C:\WINDOWS\System32\KERNEL32.DLL
0x00007fff2bd30000 - 0x00007fff2c103000 	C:\WINDOWS\System32\KERNELBASE.dll
0x00007fff2bb90000 - 0x00007fff2bca1000 	C:\WINDOWS\System32\ucrtbase.dll
0x00007fff08f20000 - 0x00007fff08f38000 	c:\Users\user\.vscode\extensions\redhat.java-1.51.0-win32-x64\jre\21.0.9-win32-x86_64\bin\jli.dll
0x00007fff015b0000 - 0x00007fff015ce000 	c:\Users\user\.vscode\extensions\redhat.java-1.51.0-win32-x64\jre\21.0.9-win32-x86_64\bin\VCRUNTIME140.dll
0x00007fff2da40000 - 0x00007fff2dbf2000 	C:\WINDOWS\System32\USER32.dll
0x00007fff2c4e0000 - 0x00007fff2c506000 	C:\WINDOWS\System32\win32u.dll
0x00007fff2cfc0000 - 0x00007fff2cfe9000 	C:\WINDOWS\System32\GDI32.dll
0x00007fff2c110000 - 0x00007fff2c22b000 	C:\WINDOWS\System32\gdi32full.dll
0x00007fff2c510000 - 0x00007fff2c5aa000 	C:\WINDOWS\System32\msvcp_win.dll
0x00007fff18890000 - 0x00007fff18b2c000 	C:\WINDOWS\WinSxS\amd64_microsoft.windows.common-controls_6595b64144ccf1df_6.0.22621.6060_none_2712eda17382d24b\COMCTL32.dll
0x00007fff2e0a0000 - 0x00007fff2e147000 	C:\WINDOWS\System32\msvcrt.dll
0x00007fff2c630000 - 0x00007fff2c661000 	C:\WINDOWS\System32\IMM32.DLL
0x000000006d3d0000 - 0x000000006d3dc000 	C:\Program Files (x86)\360\Total Security\safemon\SafeWrapper.dll
0x00007fff2cce0000 - 0x00007fff2cd91000 	C:\WINDOWS\System32\ADVAPI32.dll
0x00007fff2e1b0000 - 0x00007fff2e258000 	C:\WINDOWS\System32\sechost.dll
0x00007fff2ba20000 - 0x00007fff2ba48000 	C:\WINDOWS\System32\bcrypt.dll
0x00007fff2de20000 - 0x00007fff2df38000 	C:\WINDOWS\System32\RPCRT4.dll
0x00007ffefe8b0000 - 0x00007ffefe95c000 	C:\Program Files (x86)\360\Total Security\safemon\libzdtp64.dll
0x00007fff2cff0000 - 0x00007fff2d88c000 	C:\WINDOWS\System32\SHELL32.dll
0x00007fff2c3a0000 - 0x00007fff2c4df000 	C:\WINDOWS\System32\wintypes.dll
0x00007fff2e400000 - 0x00007fff2e791000 	C:\WINDOWS\System32\combase.dll
0x00007fff2cdb0000 - 0x00007fff2ce19000 	C:\WINDOWS\System32\SHLWAPI.dll
0x00007fff2b460000 - 0x00007fff2b46a000 	C:\WINDOWS\SYSTEM32\VERSION.dll
0x00007fff015a0000 - 0x00007fff015ac000 	c:\Users\user\.vscode\extensions\redhat.java-1.51.0-win32-x64\jre\21.0.9-win32-x86_64\bin\vcruntime140_1.dll
0x00007ffeff080000 - 0x00007ffeff10d000 	c:\Users\user\.vscode\extensions\redhat.java-1.51.0-win32-x64\jre\21.0.9-win32-x86_64\bin\msvcp140.dll
0x00007ffec3060000 - 0x00007ffec3e00000 	c:\Users\user\.vscode\extensions\redhat.java-1.51.0-win32-x64\jre\21.0.9-win32-x86_64\bin\server\jvm.dll
0x00007fff2df50000 - 0x00007fff2dfc1000 	C:\WINDOWS\System32\WS2_32.dll
0x00007fff2b7f0000 - 0x00007fff2b83d000 	C:\WINDOWS\SYSTEM32\POWRPROF.dll
0x00007fff24890000 - 0x00007fff248c4000 	C:\WINDOWS\SYSTEM32\WINMM.dll
0x00007fff2b6d0000 - 0x00007fff2b6e3000 	C:\WINDOWS\SYSTEM32\UMPDC.dll
0x00007fff2a990000 - 0x00007fff2a9a8000 	C:\WINDOWS\SYSTEM32\kernel.appcore.dll
0x00007fff01590000 - 0x00007fff0159a000 	c:\Users\user\.vscode\extensions\redhat.java-1.51.0-win32-x64\jre\21.0.9-win32-x86_64\bin\jimage.dll
0x00007fff29210000 - 0x00007fff29443000 	C:\WINDOWS\SYSTEM32\DBGHELP.DLL
0x00007fff2e270000 - 0x00007fff2e348000 	C:\WINDOWS\System32\OLEAUT32.dll
0x00007fff291d0000 - 0x00007fff29202000 	C:\WINDOWS\SYSTEM32\dbgcore.DLL
0x00007fff2bb10000 - 0x00007fff2bb8b000 	C:\WINDOWS\System32\bcryptPrimitives.dll
0x00007fff26cf0000 - 0x00007fff26cff000 	c:\Users\user\.vscode\extensions\redhat.java-1.51.0-win32-x64\jre\21.0.9-win32-x86_64\bin\instrument.dll
0x00007ffefeff0000 - 0x00007ffeff010000 	c:\Users\user\.vscode\extensions\redhat.java-1.51.0-win32-x64\jre\21.0.9-win32-x86_64\bin\java.dll
0x00007fff298b0000 - 0x00007fff2a1ca000 	C:\WINDOWS\SYSTEM32\windows.storage.dll
0x00007fff2ce90000 - 0x00007fff2cf94000 	C:\WINDOWS\System32\SHCORE.dll
0x00007fff2b950000 - 0x00007fff2b975000 	C:\WINDOWS\SYSTEM32\profapi.dll
0x00007fff01560000 - 0x00007fff01578000 	c:\Users\user\.vscode\extensions\redhat.java-1.51.0-win32-x64\jre\21.0.9-win32-x86_64\bin\zip.dll
0x00007fff01550000 - 0x00007fff01560000 	C:\Users\user\.vscode\extensions\redhat.java-1.51.0-win32-x64\jre\21.0.9-win32-x86_64\bin\net.dll
0x00007fff28f80000 - 0x00007fff290ac000 	C:\WINDOWS\SYSTEM32\WINHTTP.dll
0x00007fff2ae70000 - 0x00007fff2aed9000 	C:\WINDOWS\system32\mswsock.dll
0x00007ffeff020000 - 0x00007ffeff036000 	C:\Users\user\.vscode\extensions\redhat.java-1.51.0-win32-x64\jre\21.0.9-win32-x86_64\bin\nio.dll
0x00007fff14740000 - 0x00007fff14750000 	c:\Users\user\.vscode\extensions\redhat.java-1.51.0-win32-x64\jre\21.0.9-win32-x86_64\bin\verify.dll
0x00007fff04790000 - 0x00007fff047d4000 	C:\Users\user\AppData\Roaming\Code\User\globalStorage\redhat.java\1.51.0\config_win\org.eclipse.equinox.launcher\org.eclipse.equinox.launcher.win32.win32.x86_64_1.2.1400.v20250801-0854\eclipse_11916.dll
0x00007fff2d890000 - 0x00007fff2da31000 	C:\WINDOWS\System32\ole32.dll
0x00007fff2b0c0000 - 0x00007fff2b0db000 	C:\WINDOWS\SYSTEM32\CRYPTSP.dll
0x00007fff2a8f0000 - 0x00007fff2a927000 	C:\WINDOWS\system32\rsaenh.dll
0x00007fff2af60000 - 0x00007fff2af88000 	C:\WINDOWS\SYSTEM32\USERENV.dll
0x00007fff2b0e0000 - 0x00007fff2b0ec000 	C:\WINDOWS\SYSTEM32\CRYPTBASE.dll
0x00007fff2a420000 - 0x00007fff2a44d000 	C:\WINDOWS\SYSTEM32\IPHLPAPI.DLL
0x00007fff2df40000 - 0x00007fff2df49000 	C:\WINDOWS\System32\NSI.dll
0x00007fff031b0000 - 0x00007fff031f9000 	C:\Users\user\AppData\Local\Temp\jna-3599307\jna4855237883819556720.dll
0x00007fff2e150000 - 0x00007fff2e158000 	C:\WINDOWS\System32\PSAPI.DLL
0x00007fff244c0000 - 0x00007fff244d9000 	C:\WINDOWS\SYSTEM32\dhcpcsvc6.DLL
0x00007fff244a0000 - 0x00007fff244bf000 	C:\WINDOWS\SYSTEM32\dhcpcsvc.DLL

JVMTI agents:
c:\Users\user\.vscode\extensions\redhat.java-1.51.0-win32-x64\lombok\lombok-1.18.39-4050.jar path:c:\Users\user\.vscode\extensions\redhat.java-1.51.0-win32-x64\jre\21.0.9-win32-x86_64\bin\instrument.dll, loaded, initialized, instrumentlib options:none

dbghelp: loaded successfully - version: 4.0.5 - missing functions: none
symbol engine: initialized successfully - sym options: 0x614 - pdb path: .;c:\Users\user\.vscode\extensions\redhat.java-1.51.0-win32-x64\jre\21.0.9-win32-x86_64\bin;C:\WINDOWS\SYSTEM32;C:\WINDOWS\WinSxS\amd64_microsoft.windows.common-controls_6595b64144ccf1df_6.0.22621.6060_none_2712eda17382d24b;C:\Program Files (x86)\360\Total Security\safemon;c:\Users\user\.vscode\extensions\redhat.java-1.51.0-win32-x64\jre\21.0.9-win32-x86_64\bin\server;C:\Users\user\AppData\Roaming\Code\User\globalStorage\redhat.java\1.51.0\config_win\org.eclipse.equinox.launcher\org.eclipse.equinox.launcher.win32.win32.x86_64_1.2.1400.v20250801-0854;C:\Users\user\AppData\Local\Temp\jna-3599307

VM Arguments:
jvm_args: --add-modules=ALL-SYSTEM --add-opens=java.base/java.util=ALL-UNNAMED --add-opens=java.base/java.lang=ALL-UNNAMED --add-opens=java.base/sun.nio.fs=ALL-UNNAMED -Declipse.application=org.eclipse.jdt.ls.core.id1 -Dosgi.bundles.defaultStartLevel=4 -Declipse.product=org.eclipse.jdt.ls.core.product -Djava.import.generatesMetadataFilesAtProjectRoot=false -DDetectVMInstallationsJob.disabled=true -Dfile.encoding=utf8 -XX:+UseParallelGC -XX:GCTimeRatio=4 -XX:AdaptiveSizePolicyWeight=90 -Dsun.zip.disableMemoryMapping=true -Xmx2G -Xms100m -Xlog:disable -javaagent:c:\Users\user\.vscode\extensions\redhat.java-1.51.0-win32-x64\lombok\lombok-1.18.39-4050.jar -XX:+HeapDumpOnOutOfMemoryError -XX:HeapDumpPath=c:\Users\user\AppData\Roaming\Code\User\workspaceStorage\0674b5c6fcfe98aa21c3e4592ae7b086\redhat.java -Daether.dependencyCollector.impl=bf 
java_command: c:\Users\user\.vscode\extensions\redhat.java-1.51.0-win32-x64\server\plugins\org.eclipse.equinox.launcher_1.7.100.v20251111-0406.jar -configuration c:\Users\user\AppData\Roaming\Code\User\globalStorage\redhat.java\1.51.0\config_win -data c:\Users\user\AppData\Roaming\Code\User\workspaceStorage\0674b5c6fcfe98aa21c3e4592ae7b086\redhat.java\jdt_ws --pipe=\\.\pipe\lsp-d2b1348aa2a7bdf3ea89d98d720e653a-sock
java_class_path (initial): c:\Users\user\.vscode\extensions\redhat.java-1.51.0-win32-x64\server\plugins\org.eclipse.equinox.launcher_1.7.100.v20251111-0406.jar
Launcher Type: SUN_STANDARD

[Global flags]
    uintx AdaptiveSizePolicyWeight                 = 90                                        {product} {command line}
     intx CICompilerCount                          = 4                                         {product} {ergonomic}
    uintx GCTimeRatio                              = 4                                         {product} {command line}
     bool HeapDumpOnOutOfMemoryError               = true                                   {manageable} {command line}
    ccstr HeapDumpPath                             = c:\Users\user\AppData\Roaming\Code\User\workspaceStorage\0674b5c6fcfe98aa21c3e4592ae7b086\redhat.java         {manageable} {command line}
   size_t InitialHeapSize                          = 104857600                                 {product} {command line}
   size_t MaxHeapSize                              = 2147483648                                {product} {command line}
   size_t MaxNewSize                               = 715653120                                 {product} {ergonomic}
   size_t MinHeapDeltaBytes                        = 524288                                    {product} {ergonomic}
   size_t MinHeapSize                              = 104857600                                 {product} {command line}
   size_t NewSize                                  = 34603008                                  {product} {ergonomic}
    uintx NonNMethodCodeHeapSize                   = 5839372                                {pd product} {ergonomic}
    uintx NonProfiledCodeHeapSize                  = 122909434                              {pd product} {ergonomic}
   size_t OldSize                                  = 70254592                                  {product} {ergonomic}
    uintx ProfiledCodeHeapSize                     = 122909434                              {pd product} {ergonomic}
    uintx ReservedCodeCacheSize                    = 251658240                              {pd product} {ergonomic}
     bool SegmentedCodeCache                       = true                                      {product} {ergonomic}
   size_t SoftMaxHeapSize                          = 2147483648                             {manageable} {ergonomic}
     bool UseCompressedOops                        = true                           {product lp64_product} {ergonomic}
     bool UseLargePagesIndividualAllocation        = false                                  {pd product} {ergonomic}
     bool UseParallelGC                            = true                                      {product} {command line}

Logging:
Log output configuration:
 #0: stdout all=off uptime,level,tags foldmultilines=false
 #1: stderr all=off uptime,level,tags foldmultilines=false

Release file:
JAVA_VERSION="21.0.9" 
MODULES="java.base java.compiler java.datatransfer java.xml java.prefs java.desktop java.instrument java.logging java.management java.security.sasl java.naming java.rmi java.management.rmi java.net.http java.scripting java.security.jgss java.transaction.xa java.sql java.sql.rowset java.xml.crypto java.se java.smartcardio jdk.accessibility jdk.internal.jvmstat jdk.attach jdk.charsets jdk.internal.opt jdk.zipfs jdk.compiler jdk.crypto.ec jdk.crypto.cryptoki jdk.crypto.mscapi jdk.dynalink jdk.internal.ed jdk.editpad jdk.hotspot.agent jdk.httpserver jdk.internal.le jdk.internal.vm.ci jdk.internal.vm.compiler jdk.internal.vm.compiler.management jdk.jartool jdk.javadoc jdk.jcmd jdk.management jdk.management.agent jdk.jconsole jdk.jdeps jdk.jdwp.agent jdk.jdi jdk.jfr jdk.jshell jdk.jsobject jdk.jstatd jdk.localedata jdk.management.jfr jdk.naming.dns jdk.naming.rmi jdk.net jdk.nio.mapmode jdk.random jdk.sctp jdk.security.auth jdk.security.jgss jdk.unsupported jdk.unsupported.desktop jdk.xml.dom" 

Environment Variables:
PATH=C:\Program Files\Eclipse Adoptium\jdk-17.0.17.10-hotspot\bin;C:\WINDOWS\system32;C:\WINDOWS;C:\WINDOWS\System32\Wbem;C:\WINDOWS\System32\WindowsPowerShell\v1.0\;C:\WINDOWS\System32\OpenSSH\;C:\Program Files\Git\cmd;C:\Program Files\nodejs\;C:\Program Files\MySQL\MySQL Shell 8.0\bin\;C:\Users\user\AppData\Local\Programs\Python\Launcher\;C:\Users\user\AppData\Local\Microsoft\WindowsApps;C:\Users\user\AppData\Local\Programs\Microsoft VS Code\bin;C:\Users\user\AppData\Roaming\npm;C:\Users\user\AppData\Local\Google\Cloud SDK\google-cloud-sdk\bin;C:\Users\user\AppData\Local\Microsoft\WinGet\Packages\Cloudflare.cloudflared_Microsoft.Winget.Source_8wekyb3d8bbwe;
USERNAME=user
OS=Windows_NT
PROCESSOR_IDENTIFIER=Intel64 Family 6 Model 126 Stepping 5, GenuineIntel
TMP=C:\Users\user\AppData\Local\Temp
TEMP=C:\Users\user\AppData\Local\Temp




Periodic native trim disabled

---------------  S Y S T E M  ---------------

OS:
 Windows 11 , 64 bit Build 22621 (10.0.22621.5415)
OS uptime: 4 days 20:42 hours

CPU: total 8 (initial active 8) (4 cores per cpu, 2 threads per core) family 6 model 126 stepping 5 microcode 0x86, cx8, cmov, fxsr, ht, mmx, 3dnowpref, sse, sse2, sse3, ssse3, sse4.1, sse4.2, popcnt, lzcnt, tsc, tscinvbit, avx, avx2, aes, erms, clmul, bmi1, bmi2, adx, avx512f, avx512dq, avx512cd, avx512bw, avx512vl, sha, fma, vzeroupper, avx512_vpopcntdq, avx512_vpclmulqdq, avx512_vaes, avx512_vnni, clflush, clflushopt, avx512_vbmi2, avx512_vbmi, rdtscp, rdpid, fsrm, gfni, avx512_bitalg, f16c, pku, avx512_ifma
Processor Information for the first 8 processors :
  Max Mhz: 1498, Current Mhz: 1298, Mhz Limit: 1288

Memory: 4k page, system-wide physical 7901M (551M free)
TotalPageFile size 32477M (AvailPageFile size 67M)
current process WorkingSet (physical memory assigned to process): 369M, peak: 433M
current process commit charge ("private bytes"): 440M, peak: 1715M

vm_info: OpenJDK 64-Bit Server VM (21.0.9+10-LTS) for windows-amd64 JRE (21.0.9+10-LTS), built on 2025-10-21T00:00:00Z by "admin" with unknown MS VC++:1942

END.
