#
# There is insufficient memory for the Java Runtime Environment to continue.
# Native memory allocation (mmap) failed to map 17825792 bytes. Error detail: G1 virtual space
# Possible reasons:
#   The system is out of physical RAM or swap space
#   This process is running with CompressedOops enabled, and the Java Heap may be blocking the growth of the native heap
# Possible solutions:
#   Reduce memory load on the system
#   Increase physical memory or swap space
#   Check if swap backing store is full
#   Decrease Java heap size (-Xmx/-Xms)
#   Decrease number of Java threads
#   Decrease Java thread stack sizes (-Xss)
#   Set larger code cache with -XX:ReservedCodeCacheSize=
#   JVM is running with Unscaled Compressed Oops mode in which the Java heap is
#     placed in the first 4GB address space. The Java Heap base address is the
#     maximum limit for the native heap growth. Please use -XX:HeapBaseMinAddress
#     to set the Java Heap base and to place the Java Heap above 4GB virtual address.
# This output file may be truncated or incomplete.
#
#  Out of Memory Error (os_windows.cpp:3618), pid=115644, tid=102120
#
# JRE version: OpenJDK Runtime Environment Temurin-17.0.17+10 (17.0.17+10) (build 17.0.17+10)
# Java VM: OpenJDK 64-Bit Server VM Temurin-17.0.17+10 (17.0.17+10, mixed mode, emulated-client, sharing, tiered, compressed oops, compressed class ptrs, g1 gc, windows-amd64)
# No core dump will be written. Minidumps are not enabled by default on client versions of Windows
#

---------------  S U M M A R Y ------------

Command Line: -XX:TieredStopAtLevel=1 com.jdend.erp.ErpApplication

Host: Intel(R) Core(TM) i7-1065G7 CPU @ 1.30GHz, 8 cores, 7G,  Windows 11 , 64 bit Build 22621 (10.0.22621.5415)
Time: Wed Feb  4 19:30:31 2026  Windows 11 , 64 bit Build 22621 (10.0.22621.5415) elapsed time: 9.507072 seconds (0d 0h 0m 9s)

---------------  T H R E A D  ---------------

Current thread (0x00000246e3fc0750):  VMThread "VM Thread" [stack: 0x000000e0fe000000,0x000000e0fe100000] [id=102120]

Stack: [0x000000e0fe000000,0x000000e0fe100000]
Native frames: (J=compiled Java code, j=interpreted, Vv=VM code, C=native code)
V  [jvm.dll+0x683fb9]
V  [jvm.dll+0x83a1b5]
V  [jvm.dll+0x83bc2e]
V  [jvm.dll+0x83c2b3]
V  [jvm.dll+0x248eff]
V  [jvm.dll+0x680d79]
V  [jvm.dll+0x675b7a]
V  [jvm.dll+0x3091a7]
V  [jvm.dll+0x310776]
V  [jvm.dll+0x360bbe]
V  [jvm.dll+0x360dfd]
V  [jvm.dll+0x2e022c]
V  [jvm.dll+0x2de602]
V  [jvm.dll+0x2ddd9c]
V  [jvm.dll+0x320a3b]
V  [jvm.dll+0x840acd]
V  [jvm.dll+0x841803]
V  [jvm.dll+0x841d2f]
V  [jvm.dll+0x842115]
V  [jvm.dll+0x8421de]
V  [jvm.dll+0x7ea44c]
V  [jvm.dll+0x682e87]
C  [ucrtbase.dll+0x29333]
C  [KERNEL32.DLL+0x1259d]
C  [ntdll.dll+0x5af78]

VM_Operation (0x000000e0fdaf7d70): G1CollectForAllocation, mode: safepoint, requested by thread 0x00000246d2396cf0


---------------  P R O C E S S  ---------------

Threads class SMR info:
_java_thread_list=0x00000246eaad0cd0, length=17, elements={
0x00000246d2396cf0, 0x00000246e3fc4c20, 0x00000246e3fc76f0, 0x00000246e3fdedb0,
0x00000246e3fdf680, 0x00000246e3fe0040, 0x00000246e3fe31b0, 0x00000246e3fe3ff0,
0x00000246e3feb3a0, 0x00000246e45dc4d0, 0x00000246e463c420, 0x00000246e4648630,
0x00000246e9eb4860, 0x00000246e9e83910, 0x00000246ea7e3830, 0x00000246e9fb3090,
0x00000246ea2dfec0
}

Java Threads: ( => current thread )
  0x00000246d2396cf0 JavaThread "main" [_thread_blocked, id=85000, stack(0x000000e0fda00000,0x000000e0fdb00000)]
  0x00000246e3fc4c20 JavaThread "Reference Handler" daemon [_thread_blocked, id=132440, stack(0x000000e0fe100000,0x000000e0fe200000)]
  0x00000246e3fc76f0 JavaThread "Finalizer" daemon [_thread_blocked, id=106128, stack(0x000000e0fe200000,0x000000e0fe300000)]
  0x00000246e3fdedb0 JavaThread "Signal Dispatcher" daemon [_thread_blocked, id=9024, stack(0x000000e0fe300000,0x000000e0fe400000)]
  0x00000246e3fdf680 JavaThread "Attach Listener" daemon [_thread_blocked, id=119220, stack(0x000000e0fe400000,0x000000e0fe500000)]
  0x00000246e3fe0040 JavaThread "Service Thread" daemon [_thread_blocked, id=135680, stack(0x000000e0fe500000,0x000000e0fe600000)]
  0x00000246e3fe31b0 JavaThread "Monitor Deflation Thread" daemon [_thread_blocked, id=136756, stack(0x000000e0fe600000,0x000000e0fe700000)]
  0x00000246e3fe3ff0 JavaThread "C1 CompilerThread0" daemon [_thread_blocked, id=126324, stack(0x000000e0fe700000,0x000000e0fe800000)]
  0x00000246e3feb3a0 JavaThread "Sweeper thread" daemon [_thread_blocked, id=131128, stack(0x000000e0fe800000,0x000000e0fe900000)]
  0x00000246e45dc4d0 JavaThread "C1 CompilerThread1" daemon [_thread_blocked, id=133380, stack(0x000000e0fe900000,0x000000e0fea00000)]
  0x00000246e463c420 JavaThread "Notification Thread" daemon [_thread_blocked, id=134592, stack(0x000000e0feb00000,0x000000e0fec00000)]
  0x00000246e4648630 JavaThread "Common-Cleaner" daemon [_thread_blocked, id=135552, stack(0x000000e0fed00000,0x000000e0fee00000)]
  0x00000246e9eb4860 JavaThread "Catalina-utility-1" [_thread_blocked, id=107100, stack(0x000000e0ff800000,0x000000e0ff900000)]
  0x00000246e9e83910 JavaThread "Catalina-utility-2" [_thread_blocked, id=130156, stack(0x000000e0ff900000,0x000000e0ffa00000)]
  0x00000246ea7e3830 JavaThread "container-0" [_thread_blocked, id=98596, stack(0x000000e0ffa00000,0x000000e0ffb00000)]
  0x00000246e9fb3090 JavaThread "mysql-cj-abandoned-connection-cleanup" daemon [_thread_blocked, id=128796, stack(0x000000e0ffb00000,0x000000e0ffc00000)]
  0x00000246ea2dfec0 JavaThread "HikariPool-1 housekeeper" daemon [_thread_blocked, id=129768, stack(0x000000e0ffd00000,0x000000e0ffe00000)]

Other Threads:
=>0x00000246e3fc0750 VMThread "VM Thread" [stack: 0x000000e0fe000000,0x000000e0fe100000] [id=102120]
  0x00000246e463d930 WatcherThread [stack: 0x000000e0fec00000,0x000000e0fed00000] [id=136964]
  0x00000246d23f7690 GCTaskThread "GC Thread#0" [stack: 0x000000e0fdb00000,0x000000e0fdc00000] [id=193960]
  0x00000246e95d7310 GCTaskThread "GC Thread#1" [stack: 0x000000e0fef00000,0x000000e0ff000000] [id=120228]
  0x00000246e95e4920 GCTaskThread "GC Thread#2" [stack: 0x000000e0ff000000,0x000000e0ff100000] [id=68600]
  0x00000246e95e5bf0 GCTaskThread "GC Thread#3" [stack: 0x000000e0ff100000,0x000000e0ff200000] [id=133712]
  0x00000246e95e66c0 GCTaskThread "GC Thread#4" [stack: 0x000000e0ff200000,0x000000e0ff300000] [id=127652]
  0x00000246e9739490 GCTaskThread "GC Thread#5" [stack: 0x000000e0ff400000,0x000000e0ff500000] [id=56664]
  0x00000246e9887b50 GCTaskThread "GC Thread#6" [stack: 0x000000e0ff500000,0x000000e0ff600000] [id=100088]
  0x00000246e9888620 GCTaskThread "GC Thread#7" [stack: 0x000000e0ff600000,0x000000e0ff700000] [id=95356]
  0x00000246d2407ce0 ConcurrentGCThread "G1 Main Marker" [stack: 0x000000e0fdc00000,0x000000e0fdd00000] [id=122588]
  0x00000246d2408700 ConcurrentGCThread "G1 Conc#0" [stack: 0x000000e0fdd00000,0x000000e0fde00000] [id=92608]
  0x00000246e9da7970 ConcurrentGCThread "G1 Conc#1" [stack: 0x000000e0ff300000,0x000000e0ff400000] [id=131204]
  0x00000246d241d320 ConcurrentGCThread "G1 Refine#0" [stack: 0x000000e0fde00000,0x000000e0fdf00000] [id=97260]
  0x00000246e9da38b0 ConcurrentGCThread "G1 Refine#1" [stack: 0x000000e0ff700000,0x000000e0ff800000] [id=110952]
  0x00000246ea154090 ConcurrentGCThread "G1 Refine#2" [stack: 0x000000e0fea00000,0x000000e0feb00000] [id=98652]
  0x00000246e9fc9960 ConcurrentGCThread "G1 Refine#3" [stack: 0x000000e0fee00000,0x000000e0fef00000] [id=133756]
  0x00000246d241dd50 ConcurrentGCThread "G1 Service" [stack: 0x000000e0fdf00000,0x000000e0fe000000] [id=91824]

Threads with active compile tasks:

VM state: at safepoint (normal execution)

VM Mutex/Monitor currently owned by a thread:  ([mutex/lock_event])
[0x00000246d2391f50] Threads_lock - owner thread: 0x00000246e3fc0750
[0x00000246d2392fa0] Heap_lock - owner thread: 0x00000246d2396cf0

Heap address: 0x0000000084800000, size: 1976 MB, Compressed Oops mode: 32-bit

CDS archive(s) mapped at: [0x0000024680000000-0x0000024680bb0000-0x0000024680bb0000), size 12255232, SharedBaseAddress: 0x0000024680000000, ArchiveRelocationMode: 1.
Compressed class space mapped at: 0x0000024681000000-0x00000246c1000000, reserved size: 1073741824
Narrow klass base: 0x0000024680000000, Narrow klass shift: 0, Narrow klass range: 0x100000000

GC Precious Log:
 CPUs: 8 total, 8 available
 Memory: 7901M
 Large Page Support: Disabled
 NUMA Support: Disabled
 Compressed Oops: Enabled (32-bit)
 Heap Region Size: 1M
 Heap Min Capacity: 8M
 Heap Initial Capacity: 124M
 Heap Max Capacity: 1976M
 Pre-touch: Disabled
 Parallel Workers: 8
 Concurrent Workers: 2
 Concurrent Refinement Workers: 8
 Periodic GC: Disabled

Heap:
 garbage-first heap   total 84992K, used 50299K [0x0000000084800000, 0x0000000100000000)
  region size 1024K, 3 young (3072K), 3 survivors (3072K)
 Metaspace       used 60206K, committed 60736K, reserved 1114112K
  class space    used 8884K, committed 9152K, reserved 1048576K

Heap Regions: E=young(eden), S=young(survivor), O=old, HS=humongous(starts), HC=humongous(continues), CS=collection set, F=free, OA=open archive, CA=closed archive, TAMS=top-at-mark-start (previous, next)
|   0|0x0000000084800000, 0x0000000084900000, 0x0000000084900000|100%|HS|  |TAMS 0x0000000084900000, 0x0000000084800000| Complete 
|   1|0x0000000084900000, 0x0000000084a00000, 0x0000000084a00000|100%|HS|  |TAMS 0x0000000084a00000, 0x0000000084900000| Complete 
|   2|0x0000000084a00000, 0x0000000084b00000, 0x0000000084b00000|100%| O|  |TAMS 0x0000000084b00000, 0x0000000084a00000| Untracked 
|   3|0x0000000084b00000, 0x0000000084c00000, 0x0000000084c00000|100%| O|  |TAMS 0x0000000084c00000, 0x0000000084b00000| Untracked 
|   4|0x0000000084c00000, 0x0000000084d00000, 0x0000000084d00000|100%| O|  |TAMS 0x0000000084d00000, 0x0000000084c00000| Untracked 
|   5|0x0000000084d00000, 0x0000000084e00000, 0x0000000084e00000|100%| O|  |TAMS 0x0000000084e00000, 0x0000000084d00000| Untracked 
|   6|0x0000000084e00000, 0x0000000084f00000, 0x0000000084f00000|100%| O|  |TAMS 0x0000000084f00000, 0x0000000084e00000| Untracked 
|   7|0x0000000084f00000, 0x0000000085000000, 0x0000000085000000|100%| O|  |TAMS 0x0000000085000000, 0x0000000084f00000| Untracked 
|   8|0x0000000085000000, 0x0000000085100000, 0x0000000085100000|100%| O|  |TAMS 0x0000000085100000, 0x0000000085000000| Untracked 
|   9|0x0000000085100000, 0x0000000085200000, 0x0000000085200000|100%| O|  |TAMS 0x0000000085200000, 0x0000000085100000| Untracked 
|  10|0x0000000085200000, 0x0000000085300000, 0x0000000085300000|100%| O|  |TAMS 0x0000000085300000, 0x0000000085200000| Untracked 
|  11|0x0000000085300000, 0x0000000085400000, 0x0000000085400000|100%| O|  |TAMS 0x0000000085400000, 0x0000000085300000| Untracked 
|  12|0x0000000085400000, 0x0000000085500000, 0x0000000085500000|100%| O|  |TAMS 0x0000000085500000, 0x0000000085400000| Untracked 
|  13|0x0000000085500000, 0x0000000085600000, 0x0000000085600000|100%| O|  |TAMS 0x0000000085600000, 0x0000000085500000| Untracked 
|  14|0x0000000085600000, 0x0000000085700000, 0x0000000085700000|100%| O|  |TAMS 0x0000000085700000, 0x0000000085600000| Untracked 
|  15|0x0000000085700000, 0x0000000085800000, 0x0000000085800000|100%| O|  |TAMS 0x0000000085800000, 0x0000000085700000| Untracked 
|  16|0x0000000085800000, 0x0000000085900000, 0x0000000085900000|100%| O|  |TAMS 0x0000000085900000, 0x0000000085800000| Untracked 
|  17|0x0000000085900000, 0x0000000085a00000, 0x0000000085a00000|100%| O|  |TAMS 0x0000000085a00000, 0x0000000085900000| Untracked 
|  18|0x0000000085a00000, 0x0000000085b00000, 0x0000000085b00000|100%| O|  |TAMS 0x0000000085b00000, 0x0000000085a00000| Untracked 
|  19|0x0000000085b00000, 0x0000000085c00000, 0x0000000085c00000|100%| O|  |TAMS 0x0000000085c00000, 0x0000000085b00000| Untracked 
|  20|0x0000000085c00000, 0x0000000085d00000, 0x0000000085d00000|100%| O|  |TAMS 0x0000000085d00000, 0x0000000085c00000| Untracked 
|  21|0x0000000085d00000, 0x0000000085e00000, 0x0000000085e00000|100%| O|  |TAMS 0x0000000085e00000, 0x0000000085d00000| Untracked 
|  22|0x0000000085e00000, 0x0000000085f00000, 0x0000000085f00000|100%| O|  |TAMS 0x0000000085f00000, 0x0000000085e00000| Untracked 
|  23|0x0000000085f00000, 0x0000000086000000, 0x0000000086000000|100%| O|  |TAMS 0x0000000086000000, 0x0000000085f00000| Untracked 
|  24|0x0000000086000000, 0x0000000086100000, 0x0000000086100000|100%| O|  |TAMS 0x0000000086100000, 0x0000000086000000| Untracked 
|  25|0x0000000086100000, 0x0000000086200000, 0x0000000086200000|100%| O|  |TAMS 0x0000000086200000, 0x0000000086100000| Untracked 
|  26|0x0000000086200000, 0x0000000086300000, 0x0000000086300000|100%| O|  |TAMS 0x0000000086300000, 0x0000000086200000| Untracked 
|  27|0x0000000086300000, 0x0000000086400000, 0x0000000086400000|100%| O|  |TAMS 0x0000000086400000, 0x0000000086300000| Untracked 
|  28|0x0000000086400000, 0x0000000086500000, 0x0000000086500000|100%| O|  |TAMS 0x0000000086500000, 0x0000000086400000| Complete 
|  29|0x0000000086500000, 0x0000000086600000, 0x0000000086600000|100%| O|  |TAMS 0x0000000086500000, 0x0000000086500000| Untracked 
|  30|0x0000000086600000, 0x0000000086700000, 0x0000000086700000|100%| O|  |TAMS 0x0000000086600000, 0x0000000086600000| Untracked 
|  31|0x0000000086700000, 0x0000000086800000, 0x0000000086800000|100%| O|  |TAMS 0x0000000086700000, 0x0000000086700000| Untracked 
|  32|0x0000000086800000, 0x0000000086900000, 0x0000000086900000|100%| O|  |TAMS 0x0000000086900000, 0x0000000086800000| Untracked 
|  33|0x0000000086900000, 0x0000000086a00000, 0x0000000086a00000|100%| O|  |TAMS 0x0000000086a00000, 0x0000000086900000| Untracked 
|  34|0x0000000086a00000, 0x0000000086b00000, 0x0000000086b00000|100%| O|  |TAMS 0x0000000086b00000, 0x0000000086a00000| Complete 
|  35|0x0000000086b00000, 0x0000000086c00000, 0x0000000086c00000|100%| O|  |TAMS 0x0000000086c00000, 0x0000000086b00000| Complete 
|  36|0x0000000086c00000, 0x0000000086d00000, 0x0000000086d00000|100%| O|  |TAMS 0x0000000086d00000, 0x0000000086c00000| Complete 
|  37|0x0000000086d00000, 0x0000000086e00000, 0x0000000086e00000|100%| O|  |TAMS 0x0000000086e00000, 0x0000000086d00000| Complete 
|  38|0x0000000086e00000, 0x0000000086f00000, 0x0000000086f00000|100%| O|  |TAMS 0x0000000086f00000, 0x0000000086e00000| Complete 
|  39|0x0000000086f00000, 0x0000000087000000, 0x0000000087000000|100%| O|  |TAMS 0x0000000087000000, 0x0000000086f00000| Complete 
|  40|0x0000000087000000, 0x0000000087100000, 0x0000000087100000|100%| O|  |TAMS 0x0000000087100000, 0x0000000087000000| Complete 
|  41|0x0000000087100000, 0x0000000087200000, 0x0000000087200000|100%| O|  |TAMS 0x0000000087200000, 0x0000000087100000| Untracked 
|  42|0x0000000087200000, 0x0000000087300000, 0x0000000087300000|100%| O|  |TAMS 0x0000000087300000, 0x0000000087200000| Untracked 
|  43|0x0000000087300000, 0x0000000087400000, 0x0000000087400000|100%| O|  |TAMS 0x0000000087400000, 0x0000000087300000| Complete 
|  44|0x0000000087400000, 0x0000000087500000, 0x0000000087500000|100%| O|  |TAMS 0x00000000874c3600, 0x0000000087400000| Untracked 
|  45|0x0000000087500000, 0x0000000087600000, 0x0000000087600000|100%| O|  |TAMS 0x0000000087500000, 0x0000000087500000| Untracked 
|  46|0x0000000087600000, 0x000000008761ec00, 0x0000000087700000| 12%| O|  |TAMS 0x0000000087600000, 0x0000000087600000| Untracked 
|  47|0x0000000087700000, 0x0000000087700000, 0x0000000087800000|  0%| F|  |TAMS 0x0000000087700000, 0x0000000087700000| Untracked 
|  48|0x0000000087800000, 0x0000000087800000, 0x0000000087900000|  0%| F|  |TAMS 0x0000000087800000, 0x0000000087800000| Untracked 
|  49|0x0000000087900000, 0x0000000087900000, 0x0000000087a00000|  0%| F|  |TAMS 0x0000000087900000, 0x0000000087900000| Untracked 
|  50|0x0000000087a00000, 0x0000000087a00000, 0x0000000087b00000|  0%| F|  |TAMS 0x0000000087a00000, 0x0000000087a00000| Untracked 
|  51|0x0000000087b00000, 0x0000000087b00000, 0x0000000087c00000|  0%| F|  |TAMS 0x0000000087b00000, 0x0000000087b00000| Untracked 
|  52|0x0000000087c00000, 0x0000000087c00000, 0x0000000087d00000|  0%| F|  |TAMS 0x0000000087c00000, 0x0000000087c00000| Untracked 
|  53|0x0000000087d00000, 0x0000000087d00000, 0x0000000087e00000|  0%| F|  |TAMS 0x0000000087d00000, 0x0000000087d00000| Untracked 
|  54|0x0000000087e00000, 0x0000000087e00000, 0x0000000087f00000|  0%| F|  |TAMS 0x0000000087e00000, 0x0000000087e00000| Untracked 
|  55|0x0000000087f00000, 0x0000000087f00000, 0x0000000088000000|  0%| F|  |TAMS 0x0000000087f00000, 0x0000000087f00000| Untracked 
|  56|0x0000000088000000, 0x0000000088000000, 0x0000000088100000|  0%| F|  |TAMS 0x0000000088000000, 0x0000000088000000| Untracked 
|  57|0x0000000088100000, 0x0000000088100000, 0x0000000088200000|  0%| F|  |TAMS 0x0000000088100000, 0x0000000088100000| Untracked 
|  58|0x0000000088200000, 0x0000000088200000, 0x0000000088300000|  0%| F|  |TAMS 0x0000000088200000, 0x0000000088200000| Untracked 
|  59|0x0000000088300000, 0x0000000088300000, 0x0000000088400000|  0%| F|  |TAMS 0x0000000088300000, 0x0000000088300000| Untracked 
|  60|0x0000000088400000, 0x0000000088400000, 0x0000000088500000|  0%| F|  |TAMS 0x0000000088400000, 0x0000000088400000| Untracked 
|  61|0x0000000088500000, 0x0000000088500000, 0x0000000088600000|  0%| F|  |TAMS 0x0000000088500000, 0x0000000088500000| Untracked 
|  62|0x0000000088600000, 0x0000000088700000, 0x0000000088700000|100%| S|CS|TAMS 0x0000000088600000, 0x0000000088600000| Complete 
|  63|0x0000000088700000, 0x0000000088700000, 0x0000000088800000|  0%| F|  |TAMS 0x0000000088700000, 0x0000000088700000| Untracked 
|  64|0x0000000088800000, 0x0000000088800000, 0x0000000088900000|  0%| F|  |TAMS 0x0000000088800000, 0x0000000088800000| Untracked 
|  65|0x0000000088900000, 0x0000000088a00000, 0x0000000088a00000|100%| S|CS|TAMS 0x0000000088900000, 0x0000000088900000| Complete 
|  66|0x0000000088a00000, 0x0000000088a00000, 0x0000000088b00000|  0%| F|  |TAMS 0x0000000088a00000, 0x0000000088a00000| Untracked 
|  67|0x0000000088b00000, 0x0000000088c00000, 0x0000000088c00000|100%| S|CS|TAMS 0x0000000088b00000, 0x0000000088b00000| Complete 
|  68|0x0000000088c00000, 0x0000000088c00000, 0x0000000088d00000|  0%| F|  |TAMS 0x0000000088c00000, 0x0000000088c00000| Untracked 
|  69|0x0000000088d00000, 0x0000000088d00000, 0x0000000088e00000|  0%| F|  |TAMS 0x0000000088d00000, 0x0000000088d00000| Untracked 
|  70|0x0000000088e00000, 0x0000000088e00000, 0x0000000088f00000|  0%| F|  |TAMS 0x0000000088e00000, 0x0000000088e00000| Untracked 
|  71|0x0000000088f00000, 0x0000000088f00000, 0x0000000089000000|  0%| F|  |TAMS 0x0000000088f00000, 0x0000000088f00000| Untracked 
|  72|0x0000000089000000, 0x0000000089000000, 0x0000000089100000|  0%| F|  |TAMS 0x0000000089000000, 0x0000000089000000| Untracked 
|  73|0x0000000089100000, 0x0000000089100000, 0x0000000089200000|  0%| F|  |TAMS 0x0000000089100000, 0x0000000089100000| Untracked 
|  74|0x0000000089200000, 0x0000000089200000, 0x0000000089300000|  0%| F|  |TAMS 0x0000000089200000, 0x0000000089200000| Untracked 
|  75|0x0000000089300000, 0x0000000089300000, 0x0000000089400000|  0%| F|  |TAMS 0x0000000089300000, 0x0000000089300000| Untracked 
|  76|0x0000000089400000, 0x0000000089400000, 0x0000000089500000|  0%| F|  |TAMS 0x0000000089400000, 0x0000000089400000| Untracked 
|  77|0x0000000089500000, 0x0000000089500000, 0x0000000089600000|  0%| F|  |TAMS 0x0000000089500000, 0x0000000089500000| Untracked 
|  78|0x0000000089600000, 0x0000000089600000, 0x0000000089700000|  0%| F|  |TAMS 0x0000000089600000, 0x0000000089600000| Untracked 
|  79|0x0000000089700000, 0x0000000089700000, 0x0000000089800000|  0%| F|  |TAMS 0x0000000089700000, 0x0000000089700000| Untracked 
|  80|0x0000000089800000, 0x0000000089800000, 0x0000000089900000|  0%| F|  |TAMS 0x0000000089800000, 0x0000000089800000| Untracked 
|  81|0x0000000089900000, 0x0000000089900000, 0x0000000089a00000|  0%| F|  |TAMS 0x0000000089900000, 0x0000000089900000| Untracked 
| 123|0x000000008c300000, 0x000000008c300000, 0x000000008c400000|  0%| F|  |TAMS 0x000000008c300000, 0x000000008c300000| Untracked 

Card table byte_map: [0x00000246dd3d0000,0x00000246dd7b0000] _byte_map_base: 0x00000246dcfac000

Marking Bits (Prev, Next): (CMBitMap*) 0x00000246d23f7cf0, (CMBitMap*) 0x00000246d23f7cb0
 Prev Bits: [0x00000246dfa70000, 0x00000246e1950000)
 Next Bits: [0x00000246ddb90000, 0x00000246dfa70000)

Polling page: 0x00000246d02a0000

Metaspace:

Usage:
  Non-class:     50.12 MB used.
      Class:      8.68 MB used.
       Both:     58.80 MB used.

Virtual space:
  Non-class space:       64.00 MB reserved,      50.38 MB ( 79%) committed,  1 nodes.
      Class space:        1.00 GB reserved,       8.94 MB ( <1%) committed,  1 nodes.
             Both:        1.06 GB reserved,      59.31 MB (  5%) committed. 

Chunk freelists:
   Non-Class:  13.38 MB
       Class:  7.05 MB
        Both:  20.42 MB

MaxMetaspaceSize: unlimited
CompressedClassSpaceSize: 1.00 GB
Initial GC threshold: 21.00 MB
Current GC threshold: 98.75 MB
CDS: on
MetaspaceReclaimPolicy: balanced
 - commit_granule_bytes: 65536.
 - commit_granule_words: 8192.
 - virtual_space_node_default_size: 8388608.
 - enlarge_chunks_in_place: 1.
 - new_chunks_are_fully_committed: 0.
 - uncommit_free_chunks: 1.
 - use_allocation_guard: 0.
 - handle_deallocations: 1.


Internal statistics:

num_allocs_failed_limit: 9.
num_arena_births: 754.
num_arena_deaths: 0.
num_vsnodes_births: 2.
num_vsnodes_deaths: 0.
num_space_committed: 949.
num_space_uncommitted: 0.
num_chunks_returned_to_freelist: 9.
num_chunks_taken_from_freelist: 3003.
num_chunk_merges: 6.
num_chunk_splits: 2226.
num_chunks_enlarged: 1758.
num_inconsistent_stats: 0.

CodeCache: size=49152Kb used=6848Kb max_used=7975Kb free=42303Kb
 bounds [0x00000246d9ee0000, 0x00000246da6b0000, 0x00000246dcee0000]
 total_blobs=3923 nmethods=3275 adapters=574
 compilation: disabled (not enough contiguous free space left)
              stopped_count=1, restarted_count=0
 full_count=1

Compilation events (20 events):
Event: 1.907 Thread 0x00000246e45e3270 3200   !   1       org.springframework.boot.autoconfigure.condition.SpringBootCondition::matches (79 bytes)
Event: 1.907 Thread 0x00000246e3fe3ff0 3201       1       org.springframework.boot.autoconfigure.condition.SpringBootCondition::getClassOrMethodName (42 bytes)
Event: 1.907 Thread 0x00000246e45dc4d0 3202       1       org.springframework.boot.autoconfigure.condition.SpringBootCondition::recordEvaluation (25 bytes)
Event: 1.907 Thread 0x00000246e45dc4d0 nmethod 3202 0x00000246da678a90 code [0x00000246da678c40, 0x00000246da678df8]
Event: 1.908 Thread 0x00000246e45e3270 nmethod 3200 0x00000246da678f10 code [0x00000246da679160, 0x00000246da679758]
Event: 1.908 Thread 0x00000246e3fe3ff0 nmethod 3201 0x00000246da679c90 code [0x00000246da679ee0, 0x00000246da67a448]
Event: 1.909 Thread 0x00000246e45dc4d0 3203       1       java.util.Collections$SingletonList::hashCode (11 bytes)
Event: 1.909 Thread 0x00000246e45dc4d0 nmethod 3203 0x00000246da67a890 code [0x00000246da67aa40, 0x00000246da67ab48]
Event: 1.909 Thread 0x00000246e45dc4d0 3204       1       org.springframework.beans.factory.support.AbstractBeanFactory::getTempClassLoader (5 bytes)
Event: 1.909 Thread 0x00000246e45dc4d0 nmethod 3204 0x00000246da67ac10 code [0x00000246da67ada0, 0x00000246da67ae78]
Event: 1.910 Thread 0x00000246e45dc4d0 3205       1       java.util.AbstractMap::hashCode (45 bytes)
Event: 1.910 Thread 0x00000246e45dc4d0 nmethod 3205 0x00000246da67af10 code [0x00000246da67b100, 0x00000246da67b308]
Event: 1.910 Thread 0x00000246e45dc4d0 3206   !   1       org.springframework.beans.factory.support.DefaultListableBeanFactory::doGetBeanNamesForType (505 bytes)
Event: 1.913 Thread 0x00000246e45e3270 3208       1       org.springframework.beans.factory.support.AbstractBeanDefinition::<init> (113 bytes)
Event: 1.913 Thread 0x00000246e94e2a50 3207       1       org.springframework.beans.factory.support.AbstractBeanDefinition::<init> (7 bytes)
Event: 1.913 Thread 0x00000246e94e2a50 nmethod 3207 0x00000246da67b490 code [0x00000246da67b640, 0x00000246da67b728]
Event: 1.914 Thread 0x00000246e45dc4d0 nmethod 3206 0x00000246da67b790 code [0x00000246da67bc20, 0x00000246da67daa8]
Event: 1.914 Thread 0x00000246e45e3270 nmethod 3208 0x00000246da67f210 code [0x00000246da67f3e0, 0x00000246da67fbd8]
Event: 1.919 Thread 0x00000246e45e3270 3209   !   1       org.springframework.beans.factory.support.DefaultListableBeanFactory::updateManualSingletonNames (93 bytes)
Event: 1.921 Thread 0x00000246e45e3270 


GC Heap History (20 events):
Event: 4.723 GC heap after
{Heap after GC invocations=13 (full 0):
 garbage-first heap   total 70656K, used 25601K [0x0000000084800000, 0x0000000100000000)
  region size 1024K, 3 young (3072K), 3 survivors (3072K)
 Metaspace       used 53292K, committed 53824K, reserved 1114112K
  class space    used 7596K, committed 7872K, reserved 1048576K
}
Event: 5.268 GC heap before
{Heap before GC invocations=13 (full 0):
 garbage-first heap   total 70656K, used 55297K [0x0000000084800000, 0x0000000100000000)
  region size 1024K, 32 young (32768K), 3 survivors (3072K)
 Metaspace       used 57039K, committed 57536K, reserved 1114112K
  class space    used 8302K, committed 8512K, reserved 1048576K
}
Event: 5.272 GC heap after
{Heap after GC invocations=14 (full 0):
 garbage-first heap   total 70656K, used 27800K [0x0000000084800000, 0x0000000100000000)
  region size 1024K, 4 young (4096K), 4 survivors (4096K)
 Metaspace       used 57039K, committed 57536K, reserved 1114112K
  class space    used 8302K, committed 8512K, reserved 1048576K
}
Event: 5.807 GC heap before
{Heap before GC invocations=14 (full 0):
 garbage-first heap   total 70656K, used 55448K [0x0000000084800000, 0x0000000100000000)
  region size 1024K, 31 young (31744K), 4 survivors (4096K)
 Metaspace       used 58776K, committed 59264K, reserved 1114112K
  class space    used 8682K, committed 8896K, reserved 1048576K
}
Event: 5.812 GC heap after
{Heap after GC invocations=15 (full 0):
 garbage-first heap   total 70656K, used 29599K [0x0000000084800000, 0x0000000100000000)
  region size 1024K, 3 young (3072K), 3 survivors (3072K)
 Metaspace       used 58776K, committed 59264K, reserved 1114112K
  class space    used 8682K, committed 8896K, reserved 1048576K
}
Event: 6.370 GC heap before
{Heap before GC invocations=15 (full 0):
 garbage-first heap   total 70656K, used 55199K [0x0000000084800000, 0x0000000100000000)
  region size 1024K, 28 young (28672K), 3 survivors (3072K)
 Metaspace       used 58783K, committed 59264K, reserved 1114112K
  class space    used 8682K, committed 8896K, reserved 1048576K
}
Event: 6.373 GC heap after
{Heap after GC invocations=16 (full 0):
 garbage-first heap   total 70656K, used 29211K [0x0000000084800000, 0x0000000100000000)
  region size 1024K, 1 young (1024K), 1 survivors (1024K)
 Metaspace       used 58783K, committed 59264K, reserved 1114112K
  class space    used 8682K, committed 8896K, reserved 1048576K
}
Event: 6.481 GC heap before
{Heap before GC invocations=16 (full 0):
 garbage-first heap   total 70656K, used 35355K [0x0000000084800000, 0x0000000100000000)
  region size 1024K, 9 young (9216K), 1 survivors (1024K)
 Metaspace       used 59936K, committed 60416K, reserved 1114112K
  class space    used 8822K, committed 9024K, reserved 1048576K
}
Event: 6.483 GC heap after
{Heap after GC invocations=17 (full 0):
 garbage-first heap   total 70656K, used 29306K [0x0000000084800000, 0x0000000100000000)
  region size 1024K, 1 young (1024K), 1 survivors (1024K)
 Metaspace       used 59936K, committed 60416K, reserved 1114112K
  class space    used 8822K, committed 9024K, reserved 1048576K
}
Event: 7.077 GC heap before
{Heap before GC invocations=18 (full 0):
 garbage-first heap   total 70656K, used 56954K [0x0000000084800000, 0x0000000100000000)
  region size 1024K, 28 young (28672K), 1 survivors (1024K)
 Metaspace       used 60204K, committed 60736K, reserved 1114112K
  class space    used 8884K, committed 9152K, reserved 1048576K
}
Event: 7.083 GC heap after
{Heap after GC invocations=19 (full 0):
 garbage-first heap   total 84992K, used 37302K [0x0000000084800000, 0x0000000100000000)
  region size 1024K, 4 young (4096K), 4 survivors (4096K)
 Metaspace       used 60204K, committed 60736K, reserved 1114112K
  class space    used 8884K, committed 9152K, reserved 1048576K
}
Event: 7.689 GC heap before
{Heap before GC invocations=19 (full 0):
 garbage-first heap   total 84992K, used 62902K [0x0000000084800000, 0x0000000100000000)
  region size 1024K, 29 young (29696K), 4 survivors (4096K)
 Metaspace       used 60204K, committed 60736K, reserved 1114112K
  class space    used 8884K, committed 9152K, reserved 1048576K
}
Event: 7.696 GC heap after
{Heap after GC invocations=20 (full 0):
 garbage-first heap   total 84992K, used 44373K [0x0000000084800000, 0x0000000100000000)
  region size 1024K, 4 young (4096K), 4 survivors (4096K)
 Metaspace       used 60204K, committed 60736K, reserved 1114112K
  class space    used 8884K, committed 9152K, reserved 1048576K
}
Event: 8.116 GC heap before
{Heap before GC invocations=20 (full 0):
 garbage-first heap   total 84992K, used 62805K [0x0000000084800000, 0x0000000100000000)
  region size 1024K, 22 young (22528K), 4 survivors (4096K)
 Metaspace       used 60204K, committed 60736K, reserved 1114112K
  class space    used 8884K, committed 9152K, reserved 1048576K
}
Event: 8.121 GC heap after
{Heap after GC invocations=21 (full 0):
 garbage-first heap   total 84992K, used 47968K [0x0000000084800000, 0x0000000100000000)
  region size 1024K, 3 young (3072K), 3 survivors (3072K)
 Metaspace       used 60204K, committed 60736K, reserved 1114112K
  class space    used 8884K, committed 9152K, reserved 1048576K
}
Event: 8.573 GC heap before
{Heap before GC invocations=22 (full 0):
 garbage-first heap   total 84992K, used 65376K [0x0000000084800000, 0x0000000100000000)
  region size 1024K, 20 young (20480K), 3 survivors (3072K)
 Metaspace       used 60204K, committed 60736K, reserved 1114112K
  class space    used 8884K, committed 9152K, reserved 1048576K
}
Event: 8.576 GC heap after
{Heap after GC invocations=23 (full 0):
 garbage-first heap   total 84992K, used 48533K [0x0000000084800000, 0x0000000100000000)
  region size 1024K, 3 young (3072K), 3 survivors (3072K)
 Metaspace       used 60204K, committed 60736K, reserved 1114112K
  class space    used 8884K, committed 9152K, reserved 1048576K
}
Event: 9.032 GC heap before
{Heap before GC invocations=23 (full 0):
 garbage-first heap   total 84992K, used 64917K [0x0000000084800000, 0x0000000100000000)
  region size 1024K, 19 young (19456K), 3 survivors (3072K)
 Metaspace       used 60205K, committed 60736K, reserved 1114112K
  class space    used 8884K, committed 9152K, reserved 1048576K
}
Event: 9.035 GC heap after
{Heap after GC invocations=24 (full 0):
 garbage-first heap   total 84992K, used 49705K [0x0000000084800000, 0x0000000100000000)
  region size 1024K, 3 young (3072K), 3 survivors (3072K)
 Metaspace       used 60205K, committed 60736K, reserved 1114112K
  class space    used 8884K, committed 9152K, reserved 1048576K
}
Event: 9.498 GC heap before
{Heap before GC invocations=25 (full 0):
 garbage-first heap   total 84992K, used 61993K [0x0000000084800000, 0x0000000100000000)
  region size 1024K, 18 young (18432K), 3 survivors (3072K)
 Metaspace       used 60206K, committed 60736K, reserved 1114112K
  class space    used 8884K, committed 9152K, reserved 1048576K
}

Dll operation events (11 events):
Event: 0.010 Loaded shared library C:\Program Files\Eclipse Adoptium\jdk-17.0.17.10-hotspot\bin\java.dll
Event: 0.028 Loaded shared library C:\Program Files\Eclipse Adoptium\jdk-17.0.17.10-hotspot\bin\jsvml.dll
Event: 0.088 Loaded shared library C:\Program Files\Eclipse Adoptium\jdk-17.0.17.10-hotspot\bin\net.dll
Event: 0.090 Loaded shared library C:\Program Files\Eclipse Adoptium\jdk-17.0.17.10-hotspot\bin\nio.dll
Event: 0.094 Loaded shared library C:\Program Files\Eclipse Adoptium\jdk-17.0.17.10-hotspot\bin\zip.dll
Event: 0.182 Loaded shared library C:\Program Files\Eclipse Adoptium\jdk-17.0.17.10-hotspot\bin\jimage.dll
Event: 1.168 Loaded shared library C:\Program Files\Eclipse Adoptium\jdk-17.0.17.10-hotspot\bin\sunmscapi.dll
Event: 2.475 Loaded shared library C:\Program Files\Eclipse Adoptium\jdk-17.0.17.10-hotspot\bin\management.dll
Event: 2.479 Loaded shared library C:\Program Files\Eclipse Adoptium\jdk-17.0.17.10-hotspot\bin\management_ext.dll
Event: 2.920 Loaded shared library C:\Program Files\Eclipse Adoptium\jdk-17.0.17.10-hotspot\bin\verify.dll
Event: 3.181 Loaded shared library C:\Program Files\Eclipse Adoptium\jdk-17.0.17.10-hotspot\bin\extnet.dll

Deoptimization events (6 events):
Event: 2.136 Thread 0x00000246d2396cf0 DEOPT PACKING pc=0x00000246da60870c sp=0x000000e0fdafc040
Event: 2.136 Thread 0x00000246d2396cf0 DEOPT UNPACKING pc=0x00000246d9f3ace3 sp=0x000000e0fdafb4f8 mode 0
Event: 2.584 Thread 0x00000246d2396cf0 DEOPT PACKING pc=0x00000246da45f381 sp=0x000000e0fdafe8d0
Event: 2.584 Thread 0x00000246d2396cf0 DEOPT UNPACKING pc=0x00000246d9f3ace3 sp=0x000000e0fdafdd60 mode 3
Event: 2.584 Thread 0x00000246e9e83910 DEOPT PACKING pc=0x00000246da456897 sp=0x000000e0ff9fefc0
Event: 2.584 Thread 0x00000246e9e83910 DEOPT UNPACKING pc=0x00000246d9f3ace3 sp=0x000000e0ff9fe418 mode 3

Classes loaded (20 events):
Event: 4.839 Loading class java/util/regex/Pattern$SliceU
Event: 4.839 Loading class java/util/regex/Pattern$SliceU done
Event: 4.839 Loading class java/util/regex/Pattern$Bound
Event: 4.839 Loading class java/util/regex/Pattern$Bound done
Event: 4.839 Loading class java/util/regex/Pattern$SliceI
Event: 4.839 Loading class java/util/regex/Pattern$SliceI done
Event: 4.840 Loading class java/util/regex/Pattern$LookBehindEndNode
Event: 4.840 Loading class java/util/regex/Pattern$LookBehindEndNode done
Event: 4.840 Loading class java/util/regex/Pattern$NotBehind
Event: 4.840 Loading class java/util/regex/Pattern$NotBehind done
Event: 4.840 Loading class java/util/regex/Pattern$Behind
Event: 4.840 Loading class java/util/regex/Pattern$Behind done
Event: 4.881 Loading class jdk/internal/loader/BootLoader$PackageHelper
Event: 4.881 Loading class jdk/internal/loader/BootLoader$PackageHelper done
Event: 4.896 Loading class java/util/EmptyStackException
Event: 4.896 Loading class java/util/EmptyStackException done
Event: 5.010 Loading class java/io/InvalidClassException
Event: 5.010 Loading class java/io/InvalidClassException done
Event: 5.018 Loading class java/util/ArrayList$ListItr
Event: 5.018 Loading class java/util/ArrayList$ListItr done

Classes unloaded (0 events):
No events

Classes redefined (0 events):
No events

Internal exceptions (20 events):
Event: 4.516 Thread 0x00000246d2396cf0 Exception <a 'java/lang/NoSuchMethodError'{0x0000000087c811b0}: 'java.lang.Object java.lang.invoke.DirectMethodHandle$Holder.newInvokeSpecial(java.lang.Object, java.lang.Object, java.lang.Object, java.lang.Object, java.lang.Object, java.lang.Object, java.lang.Object, int)'> (0x0000000087c811b0) 
thrown [s\src\hotspot\share\interpreter\linkResolver.cpp, line 759]
Event: 4.516 Thread 0x00000246d2396cf0 Exception <a 'java/lang/NoSuchMethodError'{0x0000000087c861a8}: 'java.lang.Object java.lang.invoke.DirectMethodHandle$Holder.invokeSpecial(java.lang.Object, java.lang.Object, java.lang.Object, java.lang.Object, java.lang.Object, java.lang.Object, java.lang.Object, java.lang.Object, int)'> (0x0000000087c861a8) 
thrown [s\src\hotspot\share\interpreter\linkResolver.cpp, line 759]
Event: 4.517 Thread 0x00000246d2396cf0 Exception <a 'java/lang/NoSuchMethodError'{0x0000000087c8ac70}: 'java.lang.Object java.lang.invoke.Invokers$Holder.linkToTargetMethod(java.lang.Object, java.lang.Object, java.lang.Object, java.lang.Object, java.lang.Object, java.lang.Object, int, java.lang.Object)'> (0x0000000087c8ac70) 
thrown [s\src\hotspot\share\interpreter\linkResolver.cpp, line 759]
Event: 4.535 Thread 0x00000246d2396cf0 Exception <a 'java/lang/NoSuchMethodError'{0x0000000087bb26b0}: 'java.lang.Object java.lang.invoke.DirectMethodHandle$Holder.newInvokeSpecial(java.lang.Object, java.lang.Object, int, java.lang.Object, int, java.lang.Object, java.lang.Object)'> (0x0000000087bb26b0) 
thrown [s\src\hotspot\share\interpreter\linkResolver.cpp, line 759]
Event: 4.539 Thread 0x00000246d2396cf0 Exception <a 'java/lang/NoSuchMethodError'{0x0000000087bf58a8}: 'void java.lang.invoke.DirectMethodHandle$Holder.invokeInterface(java.lang.Object, java.lang.Object)'> (0x0000000087bf58a8) 
thrown [s\src\hotspot\share\interpreter\linkResolver.cpp, line 759]
Event: 4.645 Thread 0x00000246d2396cf0 Exception <a 'java/lang/IncompatibleClassChangeError'{0x00000000874e3ad0}: Found class java.lang.Object, but interface was expected> (0x00000000874e3ad0) 
thrown [s\src\hotspot\share\interpreter\linkResolver.cpp, line 826]
Event: 4.672 Thread 0x00000246d2396cf0 Exception <a 'java/lang/IncompatibleClassChangeError'{0x00000000872b5300}: Found class java.lang.Object, but interface was expected> (0x00000000872b5300) 
thrown [s\src\hotspot\share\interpreter\linkResolver.cpp, line 826]
Event: 4.767 Thread 0x00000246d2396cf0 Exception <a 'java/lang/IncompatibleClassChangeError'{0x00000000889cc908}: Found class java.lang.Object, but interface was expected> (0x00000000889cc908) 
thrown [s\src\hotspot\share\interpreter\linkResolver.cpp, line 826]
Event: 4.808 Thread 0x00000246d2396cf0 Exception <a 'java/lang/reflect/InvocationTargetException'{0x000000008865c240}> (0x000000008865c240) 
thrown [s\src\hotspot\share\runtime\reflection.cpp, line 1128]
Event: 4.815 Thread 0x00000246d2396cf0 Exception <a 'java/lang/NoSuchMethodError'{0x00000000886ca5a8}: 'int java.lang.invoke.DirectMethodHandle$Holder.invokeStatic(java.lang.Object, java.lang.Object, int)'> (0x00000000886ca5a8) 
thrown [s\src\hotspot\share\interpreter\linkResolver.cpp, line 759]
Event: 4.819 Thread 0x00000246d2396cf0 Exception <a 'java/lang/IncompatibleClassChangeError'{0x00000000885135d8}: Found class java.lang.Object, but interface was expected> (0x00000000885135d8) 
thrown [s\src\hotspot\share\interpreter\linkResolver.cpp, line 826]
Event: 4.819 Thread 0x00000246d2396cf0 Exception <a 'java/lang/IncompatibleClassChangeError'{0x0000000088519ba8}: Found class java.lang.Object, but interface was expected> (0x0000000088519ba8) 
thrown [s\src\hotspot\share\interpreter\linkResolver.cpp, line 826]
Event: 4.851 Thread 0x00000246d2396cf0 Exception <a 'java/lang/NoSuchMethodError'{0x0000000088307390}: 'java.lang.Object java.lang.invoke.DirectMethodHandle$Holder.invokeStatic(java.lang.Object, int, java.lang.Object)'> (0x0000000088307390) 
thrown [s\src\hotspot\share\interpreter\linkResolver.cpp, line 759]
Event: 4.880 Thread 0x00000246d2396cf0 Exception <a 'java/lang/reflect/InvocationTargetException'{0x00000000881356b8}> (0x00000000881356b8) 
thrown [s\src\hotspot\share\runtime\reflection.cpp, line 1128]
Event: 4.883 Thread 0x00000246d2396cf0 Exception <a 'java/lang/reflect/InvocationTargetException'{0x0000000088163658}> (0x0000000088163658) 
thrown [s\src\hotspot\share\runtime\reflection.cpp, line 1128]
Event: 6.519 Thread 0x00000246d2396cf0 Exception <a 'java/lang/reflect/InvocationTargetException'{0x0000000088bde590}> (0x0000000088bde590) 
thrown [s\src\hotspot\share\runtime\reflection.cpp, line 1128]
Event: 6.551 Thread 0x00000246d2396cf0 Exception <a 'java/lang/reflect/InvocationTargetException'{0x000000008884ad10}> (0x000000008884ad10) 
thrown [s\src\hotspot\share\runtime\reflection.cpp, line 1128]
Event: 6.555 Thread 0x00000246d2396cf0 Exception <a 'java/lang/reflect/InvocationTargetException'{0x000000008886bc80}> (0x000000008886bc80) 
thrown [s\src\hotspot\share\runtime\reflection.cpp, line 1128]
Event: 6.556 Thread 0x00000246d2396cf0 Exception <a 'java/lang/reflect/InvocationTargetException'{0x0000000088875af8}> (0x0000000088875af8) 
thrown [s\src\hotspot\share\runtime\reflection.cpp, line 1128]
Event: 6.559 Thread 0x00000246d2396cf0 Exception <a 'java/lang/reflect/InvocationTargetException'{0x000000008889b7f8}> (0x000000008889b7f8) 
thrown [s\src\hotspot\share\runtime\reflection.cpp, line 1128]

VM Operations (20 events):
Event: 6.515 Executing VM operation: G1PauseCleanup done
Event: 7.077 Executing VM operation: G1CollectForAllocation
Event: 7.083 Executing VM operation: G1CollectForAllocation done
Event: 7.689 Executing VM operation: G1CollectForAllocation
Event: 7.696 Executing VM operation: G1CollectForAllocation done
Event: 8.116 Executing VM operation: G1CollectForAllocation
Event: 8.121 Executing VM operation: G1CollectForAllocation done
Event: 8.154 Executing VM operation: G1PauseRemark
Event: 8.156 Executing VM operation: G1PauseRemark done
Event: 8.171 Executing VM operation: G1PauseCleanup
Event: 8.172 Executing VM operation: G1PauseCleanup done
Event: 8.573 Executing VM operation: G1CollectForAllocation
Event: 8.576 Executing VM operation: G1CollectForAllocation done
Event: 9.032 Executing VM operation: G1CollectForAllocation
Event: 9.035 Executing VM operation: G1CollectForAllocation done
Event: 9.057 Executing VM operation: G1PauseRemark
Event: 9.059 Executing VM operation: G1PauseRemark done
Event: 9.069 Executing VM operation: G1PauseCleanup
Event: 9.069 Executing VM operation: G1PauseCleanup done
Event: 9.498 Executing VM operation: G1CollectForAllocation

Memory protections (0 events):
No events

Nmethod flushes (0 events):
No events

Events (20 events):
Event: 0.044 Thread 0x00000246d2396cf0 Thread added: 0x00000246e3fe3ff0
Event: 0.044 Thread 0x00000246d2396cf0 Thread added: 0x00000246e3feb3a0
Event: 0.079 Thread 0x00000246e3fe3ff0 Thread added: 0x00000246e45dc4d0
Event: 0.079 Thread 0x00000246e3fe3ff0 Thread added: 0x00000246e45e3270
Event: 0.082 Thread 0x00000246d2396cf0 Thread added: 0x00000246e463c420
Event: 0.084 Thread 0x00000246d2396cf0 Thread added: 0x00000246e4648630
Event: 0.478 Thread 0x00000246e45dc4d0 Thread added: 0x00000246e94e2a50
Event: 0.845 Thread 0x00000246d2396cf0 Thread added: 0x00000246e96b0850
Event: 1.189 Thread 0x00000246e96b0850 Thread exited: 0x00000246e96b0850
Event: 1.255 Thread 0x00000246d2396cf0 Thread added: 0x00000246e9a58d60
Event: 1.273 Thread 0x00000246e9a58d60 Thread exited: 0x00000246e9a58d60
Event: 2.583 Thread 0x00000246d2396cf0 Thread added: 0x00000246e9eb4860
Event: 2.584 Thread 0x00000246e9eb4860 Thread added: 0x00000246e9e83910
Event: 2.586 Thread 0x00000246d2396cf0 Thread added: 0x00000246ea7e3830
Event: 2.604 Thread 0x00000246d2396cf0 Thread added: 0x00000246e9fb3090
Event: 3.273 Thread 0x00000246d2396cf0 Thread added: 0x00000246ea2dfec0
Event: 3.380 Thread 0x00000246ea2dfec0 Thread added: 0x00000246ea2e03d0
Event: 6.920 Thread 0x00000246e94e2a50 Thread exited: 0x00000246e94e2a50
Event: 6.936 Thread 0x00000246e45e3270 Thread exited: 0x00000246e45e3270
Event: 8.831 Thread 0x00000246ea2e03d0 Thread exited: 0x00000246ea2e03d0


Dynamic libraries:
0x00007ff7a5840000 - 0x00007ff7a584e000 	C:\Program Files\Eclipse Adoptium\jdk-17.0.17.10-hotspot\bin\java.exe
0x00007fff2e910000 - 0x00007fff2eb28000 	C:\WINDOWS\SYSTEM32\ntdll.dll
0x00007fff2dfd0000 - 0x00007fff2e094000 	C:\WINDOWS\System32\KERNEL32.DLL
0x00007fff2bd30000 - 0x00007fff2c103000 	C:\WINDOWS\System32\KERNELBASE.dll
0x00007fff2bb90000 - 0x00007fff2bca1000 	C:\WINDOWS\System32\ucrtbase.dll
0x00007fff0eac0000 - 0x00007fff0eade000 	C:\Program Files\Eclipse Adoptium\jdk-17.0.17.10-hotspot\bin\VCRUNTIME140.dll
0x00007fff048e0000 - 0x00007fff048f8000 	C:\Program Files\Eclipse Adoptium\jdk-17.0.17.10-hotspot\bin\jli.dll
0x00007fff2da40000 - 0x00007fff2dbf2000 	C:\WINDOWS\System32\USER32.dll
0x00007fff2c4e0000 - 0x00007fff2c506000 	C:\WINDOWS\System32\win32u.dll
0x00007fff2cfc0000 - 0x00007fff2cfe9000 	C:\WINDOWS\System32\GDI32.dll
0x00007fff2c110000 - 0x00007fff2c22b000 	C:\WINDOWS\System32\gdi32full.dll
0x00007fff2c510000 - 0x00007fff2c5aa000 	C:\WINDOWS\System32\msvcp_win.dll
0x00007fff18890000 - 0x00007fff18b2c000 	C:\WINDOWS\WinSxS\amd64_microsoft.windows.common-controls_6595b64144ccf1df_6.0.22621.6060_none_2712eda17382d24b\COMCTL32.dll
0x00007fff2e0a0000 - 0x00007fff2e147000 	C:\WINDOWS\System32\msvcrt.dll
0x00007fff2c630000 - 0x00007fff2c661000 	C:\WINDOWS\System32\IMM32.DLL
0x000000006d3d0000 - 0x000000006d3dc000 	C:\Program Files (x86)\360\Total Security\safemon\SafeWrapper.dll
0x00007fff2cce0000 - 0x00007fff2cd91000 	C:\WINDOWS\System32\ADVAPI32.dll
0x00007fff2e1b0000 - 0x00007fff2e258000 	C:\WINDOWS\System32\sechost.dll
0x00007fff2ba20000 - 0x00007fff2ba48000 	C:\WINDOWS\System32\bcrypt.dll
0x00007fff2de20000 - 0x00007fff2df38000 	C:\WINDOWS\System32\RPCRT4.dll
0x00007ffefe8b0000 - 0x00007ffefe95c000 	C:\Program Files (x86)\360\Total Security\safemon\libzdtp64.dll
0x00007fff2cff0000 - 0x00007fff2d88c000 	C:\WINDOWS\System32\SHELL32.dll
0x00007fff2c3a0000 - 0x00007fff2c4df000 	C:\WINDOWS\System32\wintypes.dll
0x00007fff2e400000 - 0x00007fff2e791000 	C:\WINDOWS\System32\combase.dll
0x00007fff2cdb0000 - 0x00007fff2ce19000 	C:\WINDOWS\System32\SHLWAPI.dll
0x00007fff2b460000 - 0x00007fff2b46a000 	C:\WINDOWS\SYSTEM32\VERSION.dll
0x00007fff26dc0000 - 0x00007fff26dcc000 	C:\Program Files\Eclipse Adoptium\jdk-17.0.17.10-hotspot\bin\vcruntime140_1.dll
0x00007ffedb790000 - 0x00007ffedb81d000 	C:\Program Files\Eclipse Adoptium\jdk-17.0.17.10-hotspot\bin\msvcp140.dll
0x00007ffe6c2d0000 - 0x00007ffe6cf3b000 	C:\Program Files\Eclipse Adoptium\jdk-17.0.17.10-hotspot\bin\server\jvm.dll
0x00007fff2df50000 - 0x00007fff2dfc1000 	C:\WINDOWS\System32\WS2_32.dll
0x00007fff24890000 - 0x00007fff248c4000 	C:\WINDOWS\SYSTEM32\WINMM.dll
0x00007fff2b7f0000 - 0x00007fff2b83d000 	C:\WINDOWS\SYSTEM32\POWRPROF.dll
0x00007fff2b6d0000 - 0x00007fff2b6e3000 	C:\WINDOWS\SYSTEM32\UMPDC.dll
0x00007fff2a990000 - 0x00007fff2a9a8000 	C:\WINDOWS\SYSTEM32\kernel.appcore.dll
0x00007fff26cf0000 - 0x00007fff26cfa000 	C:\Program Files\Eclipse Adoptium\jdk-17.0.17.10-hotspot\bin\jimage.dll
0x00007fff29210000 - 0x00007fff29443000 	C:\WINDOWS\SYSTEM32\DBGHELP.DLL
0x00007fff2e270000 - 0x00007fff2e348000 	C:\WINDOWS\System32\OLEAUT32.dll
0x00007fff291d0000 - 0x00007fff29202000 	C:\WINDOWS\SYSTEM32\dbgcore.DLL
0x00007fff2bb10000 - 0x00007fff2bb8b000 	C:\WINDOWS\System32\bcryptPrimitives.dll
0x00007fff03520000 - 0x00007fff03545000 	C:\Program Files\Eclipse Adoptium\jdk-17.0.17.10-hotspot\bin\java.dll
0x00007ffedb6b0000 - 0x00007ffedb787000 	C:\Program Files\Eclipse Adoptium\jdk-17.0.17.10-hotspot\bin\jsvml.dll
0x00007fff298b0000 - 0x00007fff2a1ca000 	C:\WINDOWS\SYSTEM32\windows.storage.dll
0x00007fff2ce90000 - 0x00007fff2cf94000 	C:\WINDOWS\System32\SHCORE.dll
0x00007fff2b950000 - 0x00007fff2b975000 	C:\WINDOWS\SYSTEM32\profapi.dll
0x00007fff048c0000 - 0x00007fff048da000 	C:\Program Files\Eclipse Adoptium\jdk-17.0.17.10-hotspot\bin\net.dll
0x00007fff28f80000 - 0x00007fff290ac000 	C:\WINDOWS\SYSTEM32\WINHTTP.dll
0x00007fff2ae70000 - 0x00007fff2aed9000 	C:\WINDOWS\system32\mswsock.dll
0x00007fff02f10000 - 0x00007fff02f26000 	C:\Program Files\Eclipse Adoptium\jdk-17.0.17.10-hotspot\bin\nio.dll
0x00007fff02ef0000 - 0x00007fff02f08000 	C:\Program Files\Eclipse Adoptium\jdk-17.0.17.10-hotspot\bin\zip.dll
0x00007fff17550000 - 0x00007fff1755e000 	C:\Program Files\Eclipse Adoptium\jdk-17.0.17.10-hotspot\bin\sunmscapi.dll
0x00007fff2c230000 - 0x00007fff2c398000 	C:\WINDOWS\System32\CRYPT32.dll
0x00007fff2b280000 - 0x00007fff2b2ae000 	C:\WINDOWS\SYSTEM32\ncrypt.dll
0x00007fff2b240000 - 0x00007fff2b277000 	C:\WINDOWS\SYSTEM32\NTASN1.dll
0x00007fff2b0c0000 - 0x00007fff2b0db000 	C:\WINDOWS\SYSTEM32\CRYPTSP.dll
0x00007fff2a8f0000 - 0x00007fff2a927000 	C:\WINDOWS\system32\rsaenh.dll
0x00007fff2af60000 - 0x00007fff2af88000 	C:\WINDOWS\SYSTEM32\USERENV.dll
0x00007fff2b0e0000 - 0x00007fff2b0ec000 	C:\WINDOWS\SYSTEM32\CRYPTBASE.dll
0x00007fff2a420000 - 0x00007fff2a44d000 	C:\WINDOWS\SYSTEM32\IPHLPAPI.DLL
0x00007fff2df40000 - 0x00007fff2df49000 	C:\WINDOWS\System32\NSI.dll
0x00007fff244c0000 - 0x00007fff244d9000 	C:\WINDOWS\SYSTEM32\dhcpcsvc6.DLL
0x00007fff244a0000 - 0x00007fff244bf000 	C:\WINDOWS\SYSTEM32\dhcpcsvc.DLL
0x00007fff2a450000 - 0x00007fff2a548000 	C:\WINDOWS\SYSTEM32\DNSAPI.dll
0x00007fff0ae50000 - 0x00007fff0ae5a000 	C:\Program Files\Eclipse Adoptium\jdk-17.0.17.10-hotspot\bin\management.dll
0x00007fff0acc0000 - 0x00007fff0accc000 	C:\Program Files\Eclipse Adoptium\jdk-17.0.17.10-hotspot\bin\management_ext.dll
0x00007fff2e150000 - 0x00007fff2e158000 	C:\WINDOWS\System32\PSAPI.DLL
0x00007fff175c0000 - 0x00007fff175d0000 	C:\Program Files\Eclipse Adoptium\jdk-17.0.17.10-hotspot\bin\verify.dll
0x00007fff238e0000 - 0x00007fff238ea000 	C:\Windows\System32\rasadhlp.dll
0x00007fff23490000 - 0x00007fff23514000 	C:\WINDOWS\System32\fwpuclnt.dll
0x00007fff0ed10000 - 0x00007fff0ed19000 	C:\Program Files\Eclipse Adoptium\jdk-17.0.17.10-hotspot\bin\extnet.dll

dbghelp: loaded successfully - version: 4.0.5 - missing functions: none
symbol engine: initialized successfully - sym options: 0x614 - pdb path: .;C:\Program Files\Eclipse Adoptium\jdk-17.0.17.10-hotspot\bin;C:\WINDOWS\SYSTEM32;C:\WINDOWS\WinSxS\amd64_microsoft.windows.common-controls_6595b64144ccf1df_6.0.22621.6060_none_2712eda17382d24b;C:\Program Files (x86)\360\Total Security\safemon;C:\Program Files\Eclipse Adoptium\jdk-17.0.17.10-hotspot\bin\server

VM Arguments:
jvm_args: -XX:TieredStopAtLevel=1 
java_command: com.jdend.erp.ErpApplication
java_class_path (initial): C:\Users\user\Documents\workspace\erp\target\classes;C:\Users\user\.m2\repository\org\springframework\boot\spring-boot\3.4.1\spring-boot-3.4.1.jar;C:\Users\user\.m2\repository\org\springframework\boot\spring-boot-autoconfigure\3.4.1\spring-boot-autoconfigure-3.4.1.jar;C:\Users\user\.m2\repository\ch\qos\logback\logback-classic\1.5.12\logback-classic-1.5.12.jar;C:\Users\user\.m2\repository\ch\qos\logback\logback-core\1.5.12\logback-core-1.5.12.jar;C:\Users\user\.m2\repository\org\apache\logging\log4j\log4j-to-slf4j\2.24.3\log4j-to-slf4j-2.24.3.jar;C:\Users\user\.m2\repository\org\apache\logging\log4j\log4j-api\2.24.3\log4j-api-2.24.3.jar;C:\Users\user\.m2\repository\org\slf4j\jul-to-slf4j\2.0.16\jul-to-slf4j-2.0.16.jar;C:\Users\user\.m2\repository\jakarta\annotation\jakarta.annotation-api\2.1.1\jakarta.annotation-api-2.1.1.jar;C:\Users\user\.m2\repository\org\yaml\snakeyaml\2.3\snakeyaml-2.3.jar;C:\Users\user\.m2\repository\com\fasterxml\jackson\core\jackson-databind\2.18.2\jackson-databind-2.18.2.jar;C:\Users\user\.m2\repository\com\fasterxml\jackson\core\jackson-annotations\2.18.2\jackson-annotations-2.18.2.jar;C:\Users\user\.m2\repository\com\fasterxml\jackson\core\jackson-core\2.18.2\jackson-core-2.18.2.jar;C:\Users\user\.m2\repository\com\fasterxml\jackson\datatype\jackson-datatype-jdk8\2.18.2\jackson-datatype-jdk8-2.18.2.jar;C:\Users\user\.m2\repository\com\fasterxml\jackson\datatype\jackson-datatype-jsr310\2.18.2\jackson-datatype-jsr310-2.18.2.jar;C:\Users\user\.m2\repository\com\fasterxml\jackson\module\jackson-module-parameter-names\2.18.2\jackson-module-parameter-names-2.18.2.jar;C:\Users\user\.m2\repository\org\apache\tomcat\embed\tomcat-embed-core\10.1.34\tomcat-embed-core-10.1.34.jar;C:\Users\user\.m2\repository\org\apache\tomcat\embed\tomcat-embed-el\10.1.34\tomcat-embed-el-10.1.34.jar;C:\Users\user\.m2\repository\org\apache\tomcat\embed\tomcat-embed-websocket\10.1.34\tomcat-embed-websocket-10.1.34.jar;C:\Users\user\.m2\repo
Launcher Type: SUN_STANDARD

[Global flags]
     intx CICompilerCount                          = 4                                         {product} {ergonomic}
     uint ConcGCThreads                            = 2                                         {product} {ergonomic}
     uint G1ConcRefinementThreads                  = 8                                         {product} {ergonomic}
   size_t G1HeapRegionSize                         = 1048576                                   {product} {ergonomic}
    uintx GCDrainStackTargetSize                   = 64                                        {product} {ergonomic}
   size_t InitialHeapSize                          = 130023424                                 {product} {ergonomic}
   size_t MarkStackSize                            = 4194304                                   {product} {ergonomic}
   size_t MaxHeapSize                              = 2071986176                                {product} {ergonomic}
   size_t MaxNewSize                               = 1242562560                                {product} {ergonomic}
   size_t MinHeapDeltaBytes                        = 1048576                                   {product} {ergonomic}
   size_t MinHeapSize                              = 8388608                                   {product} {ergonomic}
    uintx NonProfiledCodeHeapSize                  = 0                                      {pd product} {ergonomic}
     bool ProfileInterpreter                       = false                                  {pd product} {command line}
    uintx ProfiledCodeHeapSize                     = 0                                      {pd product} {ergonomic}
   size_t SoftMaxHeapSize                          = 2071986176                             {manageable} {ergonomic}
     intx TieredStopAtLevel                        = 1                                         {product} {command line}
     bool UseCompressedClassPointers               = true                           {product lp64_product} {ergonomic}
     bool UseCompressedOops                        = true                           {product lp64_product} {ergonomic}
     bool UseG1GC                                  = true                                      {product} {ergonomic}
     bool UseLargePagesIndividualAllocation        = false                                  {pd product} {ergonomic}

Logging:
Log output configuration:
 #0: stdout all=warning uptime,level,tags
 #1: stderr all=off uptime,level,tags

Environment Variables:
PATH=C:\Program Files\Eclipse Adoptium\jdk-17.0.17.10-hotspot\bin;C:\WINDOWS\system32;C:\WINDOWS;C:\WINDOWS\System32\Wbem;C:\WINDOWS\System32\WindowsPowerShell\v1.0\;C:\WINDOWS\System32\OpenSSH\;C:\Program Files\Git\cmd;C:\Program Files\nodejs\;C:\Program Files\MySQL\MySQL Shell 8.0\bin\;C:\Users\user\AppData\Local\Programs\Python\Launcher\;C:\Users\user\AppData\Local\Microsoft\WindowsApps;C:\Users\user\AppData\Local\Programs\Microsoft VS Code\bin;C:\Users\user\AppData\Roaming\npm;C:\Users\user\AppData\Local\Google\Cloud SDK\google-cloud-sdk\bin;C:\Users\user\AppData\Local\Microsoft\WinGet\Packages\Cloudflare.cloudflared_Microsoft.Winget.Source_8wekyb3d8bbwe;c:\Users\user\.vscode\extensions\vscjava.vscode-java-debug-0.58.5\bundled\scripts\noConfigScripts
USERNAME=user
LANG=en_US.UTF-8
OS=Windows_NT
PROCESSOR_IDENTIFIER=Intel64 Family 6 Model 126 Stepping 5, GenuineIntel
TMP=C:\Users\user\AppData\Local\Temp
TEMP=C:\Users\user\AppData\Local\Temp



Periodic native trim disabled


---------------  S Y S T E M  ---------------

OS:
 Windows 11 , 64 bit Build 22621 (10.0.22621.5415)
OS uptime: 5 days 6:43 hours

CPU: total 8 (initial active 8) (4 cores per cpu, 2 threads per core) family 6 model 126 stepping 5 microcode 0x86, cx8, cmov, fxsr, ht, mmx, 3dnowpref, sse, sse2, sse3, ssse3, sse4.1, sse4.2, popcnt, lzcnt, tsc, tscinvbit, avx, avx2, aes, erms, clmul, bmi1, bmi2, adx, avx512f, avx512dq, avx512cd, avx512bw, avx512vl, sha, fma, vzeroupper, avx512_vpopcntdq, avx512_vpclmulqdq, avx512_vaes, avx512_vnni, clflush, clflushopt, avx512_vbmi2, avx512_vbmi
Processor Information for all 8 processors :
  Max Mhz: 1498, Current Mhz: 1298, Mhz Limit: 1288

Memory: 4k page, system-wide physical 7901M (475M free)
TotalPageFile size 32477M (AvailPageFile size 18M)
current process WorkingSet (physical memory assigned to process): 217M, peak: 217M
current process commit charge ("private bytes"): 256M, peak: 273M

vm_info: OpenJDK 64-Bit Server VM (17.0.17+10) for windows-amd64 JRE (17.0.17+10), built on Oct 21 2025 23:25:32 by "admin" with unknown MS VC++:1942

END.
